2021-03-04T16:01:34.079Z - info: Website generation started at 12:01:30 AM
2021-03-04T16:01:44.608Z - info: Building assets...
2021-03-04T16:01:50.933Z - info: Assets built
2021-03-04T16:01:50.933Z - info: Generating pages...
2021-03-04T16:02:11.961Z - debug:  
2021-03-04T16:02:11.961Z - debug:  
2021-03-04T16:02:11.961Z - debug:  
2021-03-04T16:02:11.962Z - debug:  
2021-03-04T16:02:11.962Z - debug:  
2021-03-04T16:02:13.834Z - debug:  
2021-03-04T16:02:57.956Z - warn: You might have an invalid intra-link! Ignore this warning if it was intended.
'/website/book/about/usage.html' found in file 'C:\repos\nus-cs2103-AY2021S1\cs2103-website\book\index.md'
2021-03-04T16:02:57.960Z - warn: You might have an invalid intra-link! Ignore this warning if it was intended.
'/website/book/softwareEngineering/print.html' found in file 'C:\repos\nus-cs2103-AY2021S1\cs2103-website\book\index.md'
2021-03-04T16:02:57.961Z - warn: You might have an invalid intra-link! Ignore this warning if it was intended.
'/website/book/oop/print.html' found in file 'C:\repos\nus-cs2103-AY2021S1\cs2103-website\book\index.md'
2021-03-04T16:02:57.963Z - warn: You might have an invalid intra-link! Ignore this warning if it was intended.
'/website/book/requirements/print.html' found in file 'C:\repos\nus-cs2103-AY2021S1\cs2103-website\book\index.md'
2021-03-04T16:02:57.964Z - warn: You might have an invalid intra-link! Ignore this warning if it was intended.
'/website/book/gatheringRequirements/print.html' found in file 'C:\repos\nus-cs2103-AY2021S1\cs2103-website\book\index.md'
2021-03-04T16:02:57.965Z - warn: You might have an invalid intra-link! Ignore this warning if it was intended.
'/website/book/specifyingRequirements/print.html' found in file 'C:\repos\nus-cs2103-AY2021S1\cs2103-website\book\index.md'
2021-03-04T16:02:57.967Z - warn: You might have an invalid intra-link! Ignore this warning if it was intended.
'/website/book/design/print.html' found in file 'C:\repos\nus-cs2103-AY2021S1\cs2103-website\book\index.md'
2021-03-04T16:02:57.968Z - warn: You might have an invalid intra-link! Ignore this warning if it was intended.
'/website/book/designFundamentals/print.html' found in file 'C:\repos\nus-cs2103-AY2021S1\cs2103-website\book\index.md'
2021-03-04T16:02:57.968Z - warn: You might have an invalid intra-link! Ignore this warning if it was intended.
'/website/book/modeling/print.html' found in file 'C:\repos\nus-cs2103-AY2021S1\cs2103-website\book\index.md'
2021-03-04T16:02:57.969Z - warn: You might have an invalid intra-link! Ignore this warning if it was intended.
'/website/book/architecture/print.html' found in file 'C:\repos\nus-cs2103-AY2021S1\cs2103-website\book\index.md'
2021-03-04T16:02:57.970Z - warn: You might have an invalid intra-link! Ignore this warning if it was intended.
'/website/book/designPatterns/print.html' found in file 'C:\repos\nus-cs2103-AY2021S1\cs2103-website\book\index.md'
2021-03-04T16:02:57.971Z - warn: You might have an invalid intra-link! Ignore this warning if it was intended.
'/website/book/designApproaches/print.html' found in file 'C:\repos\nus-cs2103-AY2021S1\cs2103-website\book\index.md'
2021-03-04T16:02:57.972Z - warn: You might have an invalid intra-link! Ignore this warning if it was intended.
'/website/book/ides/print.html' found in file 'C:\repos\nus-cs2103-AY2021S1\cs2103-website\book\index.md'
2021-03-04T16:02:57.973Z - warn: You might have an invalid intra-link! Ignore this warning if it was intended.
'/website/book/codeQuality/print.html' found in file 'C:\repos\nus-cs2103-AY2021S1\cs2103-website\book\index.md'
2021-03-04T16:02:57.974Z - warn: You might have an invalid intra-link! Ignore this warning if it was intended.
'/website/book/refactoring/print.html' found in file 'C:\repos\nus-cs2103-AY2021S1\cs2103-website\book\index.md'
2021-03-04T16:02:57.975Z - warn: You might have an invalid intra-link! Ignore this warning if it was intended.
'/website/book/documentation/print.html' found in file 'C:\repos\nus-cs2103-AY2021S1\cs2103-website\book\index.md'
2021-03-04T16:02:57.976Z - warn: You might have an invalid intra-link! Ignore this warning if it was intended.
'/website/book/errorHandling/print.html' found in file 'C:\repos\nus-cs2103-AY2021S1\cs2103-website\book\index.md'
2021-03-04T16:02:57.977Z - warn: You might have an invalid intra-link! Ignore this warning if it was intended.
'/website/book/integration/print.html' found in file 'C:\repos\nus-cs2103-AY2021S1\cs2103-website\book\index.md'
2021-03-04T16:02:57.978Z - warn: You might have an invalid intra-link! Ignore this warning if it was intended.
'/website/book/reuse/print.html' found in file 'C:\repos\nus-cs2103-AY2021S1\cs2103-website\book\index.md'
2021-03-04T16:02:57.979Z - warn: You might have an invalid intra-link! Ignore this warning if it was intended.
'/website/book/qualityAssurance/print.html' found in file 'C:\repos\nus-cs2103-AY2021S1\cs2103-website\book\index.md'
2021-03-04T16:02:57.980Z - warn: You might have an invalid intra-link! Ignore this warning if it was intended.
'/website/book/testing/print.html' found in file 'C:\repos\nus-cs2103-AY2021S1\cs2103-website\book\index.md'
2021-03-04T16:02:57.981Z - warn: You might have an invalid intra-link! Ignore this warning if it was intended.
'/website/book/testCaseDesign/print.html' found in file 'C:\repos\nus-cs2103-AY2021S1\cs2103-website\book\index.md'
2021-03-04T16:02:57.983Z - warn: You might have an invalid intra-link! Ignore this warning if it was intended.
'/website/book/revisionControl/print.html' found in file 'C:\repos\nus-cs2103-AY2021S1\cs2103-website\book\index.md'
2021-03-04T16:02:57.989Z - warn: You might have an invalid intra-link! Ignore this warning if it was intended.
'/website/book/projectPlanning/print.html' found in file 'C:\repos\nus-cs2103-AY2021S1\cs2103-website\book\index.md'
2021-03-04T16:02:57.992Z - warn: You might have an invalid intra-link! Ignore this warning if it was intended.
'/website/book/teamwork/print.html' found in file 'C:\repos\nus-cs2103-AY2021S1\cs2103-website\book\index.md'
2021-03-04T16:02:57.993Z - warn: You might have an invalid intra-link! Ignore this warning if it was intended.
'/website/book/processModels/print.html' found in file 'C:\repos\nus-cs2103-AY2021S1\cs2103-website\book\index.md'
2021-03-04T16:02:57.995Z - warn: You might have an invalid intra-link! Ignore this warning if it was intended.
'/website/book/uml/print.html' found in file 'C:\repos\nus-cs2103-AY2021S1\cs2103-website\book\index.md'
2021-03-04T16:02:57.996Z - warn: You might have an invalid intra-link! Ignore this warning if it was intended.
'/website/book/intellij/print.html' found in file 'C:\repos\nus-cs2103-AY2021S1\cs2103-website\book\index.md'
2021-03-04T16:02:57.997Z - warn: You might have an invalid intra-link! Ignore this warning if it was intended.
'/website/book/gitAndGithub/print.html' found in file 'C:\repos\nus-cs2103-AY2021S1\cs2103-website\book\index.md'
2021-03-04T16:02:57.999Z - warn: You might have an invalid intra-link! Ignore this warning if it was intended.
'/website/book/principles/print.html' found in file 'C:\repos\nus-cs2103-AY2021S1\cs2103-website\book\index.md'
2021-03-04T16:02:58.001Z - warn: You might have an invalid intra-link! Ignore this warning if it was intended.
'/website/book/cppToJava/print.html' found in file 'C:\repos\nus-cs2103-AY2021S1\cs2103-website\book\index.md'
2021-03-04T16:02:58.002Z - warn: You might have an invalid intra-link! Ignore this warning if it was intended.
'/website/book/common/definitions.html' found in file 'C:\repos\nus-cs2103-AY2021S1\cs2103-website\book\index.md'
2021-03-04T16:02:58.003Z - warn: You might have an invalid intra-link! Ignore this warning if it was intended.
'/website/book/common/references.html' found in file 'C:\repos\nus-cs2103-AY2021S1\cs2103-website\book\index.md'
2021-03-04T16:02:58.003Z - warn: You might have an invalid intra-link! Ignore this warning if it was intended.
'/website/book/common/outcomes.html' found in file 'C:\repos\nus-cs2103-AY2021S1\cs2103-website\book\index.md'
2021-03-04T16:02:58.005Z - warn: You might have an invalid intra-link! Ignore this warning if it was intended.
'/website/book/common/print.html' found in file 'C:\repos\nus-cs2103-AY2021S1\cs2103-website\book\index.md'
2021-03-04T16:05:50.326Z - debug:  
2021-03-04T16:06:14.948Z - debug:  
2021-03-04T16:06:14.948Z - debug:  
2021-03-04T16:06:22.334Z - info: Pages built
2021-03-04T16:06:22.882Z - info: Site data built
2021-03-04T16:06:22.882Z - info: Website generation complete! Total build time: 292.363s
2021-03-04T16:06:22.882Z - info: Build success!
2021-03-04T16:06:30.031Z - info: Deployed at https://nus-tic4002-ay2021s2.github.io/website!
2021-03-04T16:08:49.827Z - info: Website generation (lazy) started at 12:08:41 AM
2021-03-04T16:09:00.970Z - info: Building assets...
2021-03-04T16:09:08.425Z - info: Assets built
2021-03-04T16:09:08.426Z - info: Generating landing page...
2021-03-04T16:09:09.442Z - warn: You might have an invalid intra-link! Ignore this warning if it was intended.
'/2021/admin/ip-overview.html' found in file 'C:\repos\nus-cs2103-AY2021S1\cs2103-website\_markbind\headers\header.md'
2021-03-04T16:09:09.445Z - warn: You might have an invalid intra-link! Ignore this warning if it was intended.
'/2021/admin/ip-showcase.html' found in file 'C:\repos\nus-cs2103-AY2021S1\cs2103-website\_markbind\headers\header.md'
2021-03-04T16:09:09.447Z - warn: You might have an invalid intra-link! Ignore this warning if it was intended.
'/2021/admin/tp-expectations.html' found in file 'C:\repos\nus-cs2103-AY2021S1\cs2103-website\_markbind\headers\header.md'
2021-03-04T16:09:09.450Z - warn: You might have an invalid intra-link! Ignore this warning if it was intended.
'/2021/admin/teamList.html' found in file 'C:\repos\nus-cs2103-AY2021S1\cs2103-website\_markbind\headers\header.md'
2021-03-04T16:09:09.455Z - warn: You might have an invalid intra-link! Ignore this warning if it was intended.
'/2021/admin/tutorials.html' found in file 'C:\repos\nus-cs2103-AY2021S1\cs2103-website\_markbind\headers\header.md'
2021-03-04T16:09:09.783Z - info: Landing page built, other pages will be built as you navigate to them!
2021-03-04T16:09:10.405Z - info: Site data built
2021-03-04T16:09:10.405Z - info: Website generation (lazy) complete! Total build time: 28.664s
2021-03-04T16:09:11.568Z - info: Serving "C:\repos\nus-cs2103-AY2021S1\cs2103-website\_site" at http://127.0.0.1:8080
2021-03-04T16:09:11.568Z - info: Press CTRL+C to stop ...
2021-03-04T16:09:22.494Z - info: Building C:\repos\nus-cs2103-AY2021S1\cs2103-website\schedule\week8\index as some of its dependencies were changed since the last visit
2021-03-04T16:09:22.938Z - warn: You might have an invalid intra-link! Ignore this warning if it was intended.
'/2021/admin/ip-overview.html' found in file 'C:\repos\nus-cs2103-AY2021S1\cs2103-website\_markbind\headers\header.md'
2021-03-04T16:09:22.940Z - warn: You might have an invalid intra-link! Ignore this warning if it was intended.
'/2021/admin/ip-showcase.html' found in file 'C:\repos\nus-cs2103-AY2021S1\cs2103-website\_markbind\headers\header.md'
2021-03-04T16:09:22.941Z - warn: You might have an invalid intra-link! Ignore this warning if it was intended.
'/2021/admin/tp-expectations.html' found in file 'C:\repos\nus-cs2103-AY2021S1\cs2103-website\_markbind\headers\header.md'
2021-03-04T16:09:22.943Z - warn: You might have an invalid intra-link! Ignore this warning if it was intended.
'/2021/admin/teamList.html' found in file 'C:\repos\nus-cs2103-AY2021S1\cs2103-website\_markbind\headers\header.md'
2021-03-04T16:09:22.946Z - warn: You might have an invalid intra-link! Ignore this warning if it was intended.
'/2021/admin/tutorials.html' found in file 'C:\repos\nus-cs2103-AY2021S1\cs2103-website\_markbind\headers\header.md'
2021-03-04T16:09:23.494Z - info: Site data built
2021-03-04T16:09:23.494Z - info: Lazy website regeneration complete! Total build time: 1s
2021-03-04T16:09:26.386Z - info: Building C:\repos\nus-cs2103-AY2021S1\cs2103-website\schedule\week9\index as some of its dependencies were changed since the last visit
2021-03-04T16:09:26.635Z - warn: You might have an invalid intra-link! Ignore this warning if it was intended.
'/2021/admin/ip-overview.html' found in file 'C:\repos\nus-cs2103-AY2021S1\cs2103-website\_markbind\headers\header.md'
2021-03-04T16:09:26.636Z - warn: You might have an invalid intra-link! Ignore this warning if it was intended.
'/2021/admin/ip-showcase.html' found in file 'C:\repos\nus-cs2103-AY2021S1\cs2103-website\_markbind\headers\header.md'
2021-03-04T16:09:26.637Z - warn: You might have an invalid intra-link! Ignore this warning if it was intended.
'/2021/admin/tp-expectations.html' found in file 'C:\repos\nus-cs2103-AY2021S1\cs2103-website\_markbind\headers\header.md'
2021-03-04T16:09:26.640Z - warn: You might have an invalid intra-link! Ignore this warning if it was intended.
'/2021/admin/teamList.html' found in file 'C:\repos\nus-cs2103-AY2021S1\cs2103-website\_markbind\headers\header.md'
2021-03-04T16:09:26.642Z - warn: You might have an invalid intra-link! Ignore this warning if it was intended.
'/2021/admin/tutorials.html' found in file 'C:\repos\nus-cs2103-AY2021S1\cs2103-website\_markbind\headers\header.md'
2021-03-04T16:09:26.712Z - info: Site data built
2021-03-04T16:09:26.713Z - info: Lazy website regeneration complete! Total build time: 0.326s
2021-03-04T16:09:34.879Z - info: Building C:\repos\nus-cs2103-AY2021S1\cs2103-website\schedule\week9\topics-py as some of its dependencies were changed since the last visit
2021-03-04T16:09:35.047Z - warn: You might have an invalid intra-link! Ignore this warning if it was intended.
'/2021/admin/ip-overview.html' found in file 'C:\repos\nus-cs2103-AY2021S1\cs2103-website\_markbind\headers\header.md'
2021-03-04T16:09:35.049Z - warn: You might have an invalid intra-link! Ignore this warning if it was intended.
'/2021/admin/ip-showcase.html' found in file 'C:\repos\nus-cs2103-AY2021S1\cs2103-website\_markbind\headers\header.md'
2021-03-04T16:09:35.050Z - warn: You might have an invalid intra-link! Ignore this warning if it was intended.
'/2021/admin/tp-expectations.html' found in file 'C:\repos\nus-cs2103-AY2021S1\cs2103-website\_markbind\headers\header.md'
2021-03-04T16:09:35.052Z - warn: You might have an invalid intra-link! Ignore this warning if it was intended.
'/2021/admin/teamList.html' found in file 'C:\repos\nus-cs2103-AY2021S1\cs2103-website\_markbind\headers\header.md'
2021-03-04T16:09:35.057Z - warn: You might have an invalid intra-link! Ignore this warning if it was intended.
'/2021/admin/tutorials.html' found in file 'C:\repos\nus-cs2103-AY2021S1\cs2103-website\_markbind\headers\header.md'
2021-03-04T16:09:35.229Z - info: Site data built
2021-03-04T16:09:35.229Z - info: Lazy website regeneration complete! Total build time: 0.351s
2021-03-04T16:10:18.655Z - info: [12:10:18 AM] Reload for file change: C:\repos\nus-cs2103-AY2021S1\cs2103-website\programming\organizing\text.md
2021-03-04T16:10:19.659Z - info: Rebuilding 1 pages
2021-03-04T16:10:20.099Z - warn: You might have an invalid intra-link! Ignore this warning if it was intended.
'/2021/admin/ip-overview.html' found in file 'C:\repos\nus-cs2103-AY2021S1\cs2103-website\_markbind\headers\header.md'
2021-03-04T16:10:20.101Z - warn: You might have an invalid intra-link! Ignore this warning if it was intended.
'/2021/admin/ip-showcase.html' found in file 'C:\repos\nus-cs2103-AY2021S1\cs2103-website\_markbind\headers\header.md'
2021-03-04T16:10:20.102Z - warn: You might have an invalid intra-link! Ignore this warning if it was intended.
'/2021/admin/tp-expectations.html' found in file 'C:\repos\nus-cs2103-AY2021S1\cs2103-website\_markbind\headers\header.md'
2021-03-04T16:10:20.104Z - warn: You might have an invalid intra-link! Ignore this warning if it was intended.
'/2021/admin/teamList.html' found in file 'C:\repos\nus-cs2103-AY2021S1\cs2103-website\_markbind\headers\header.md'
2021-03-04T16:10:20.106Z - warn: You might have an invalid intra-link! Ignore this warning if it was intended.
'/2021/admin/tutorials.html' found in file 'C:\repos\nus-cs2103-AY2021S1\cs2103-website\_markbind\headers\header.md'
2021-03-04T16:10:20.372Z - info: Site data built
2021-03-04T16:10:20.373Z - info: Pages rebuilt
2021-03-04T16:10:20.373Z - info: Website regeneration complete! Total build time: 0.715s
2021-03-04T16:11:24.216Z - info: Building C:\repos\nus-cs2103-AY2021S1\cs2103-website\schedule\week9\topics as some of its dependencies were changed since the last visit
2021-03-04T16:11:25.378Z - warn: You might have an invalid intra-link! Ignore this warning if it was intended.
'/2021/admin/ip-overview.html' found in file 'C:\repos\nus-cs2103-AY2021S1\cs2103-website\_markbind\headers\header.md'
2021-03-04T16:11:25.382Z - warn: You might have an invalid intra-link! Ignore this warning if it was intended.
'/2021/admin/ip-showcase.html' found in file 'C:\repos\nus-cs2103-AY2021S1\cs2103-website\_markbind\headers\header.md'
2021-03-04T16:11:25.383Z - warn: You might have an invalid intra-link! Ignore this warning if it was intended.
'/2021/admin/tp-expectations.html' found in file 'C:\repos\nus-cs2103-AY2021S1\cs2103-website\_markbind\headers\header.md'
2021-03-04T16:11:25.386Z - warn: You might have an invalid intra-link! Ignore this warning if it was intended.
'/2021/admin/teamList.html' found in file 'C:\repos\nus-cs2103-AY2021S1\cs2103-website\_markbind\headers\header.md'
2021-03-04T16:11:25.390Z - warn: You might have an invalid intra-link! Ignore this warning if it was intended.
'/2021/admin/tutorials.html' found in file 'C:\repos\nus-cs2103-AY2021S1\cs2103-website\_markbind\headers\header.md'
2021-03-04T16:11:27.608Z - info: Site data built
2021-03-04T16:11:27.608Z - info: Lazy website regeneration complete! Total build time: 3.395s
2021-03-04T16:11:27.652Z - debug:  
2021-03-04T16:11:27.653Z - debug:  
2021-03-04T16:20:22.452Z - info: Building C:\repos\nus-cs2103-AY2021S1\cs2103-website\schedule\timeline as some of its dependencies were changed since the last visit
2021-03-04T16:20:24.501Z - warn: You might have an invalid intra-link! Ignore this warning if it was intended.
'/2021/admin/ip-overview.html' found in file 'C:\repos\nus-cs2103-AY2021S1\cs2103-website\_markbind\headers\header.md'
2021-03-04T16:20:24.503Z - warn: You might have an invalid intra-link! Ignore this warning if it was intended.
'/2021/admin/ip-showcase.html' found in file 'C:\repos\nus-cs2103-AY2021S1\cs2103-website\_markbind\headers\header.md'
2021-03-04T16:20:24.504Z - warn: You might have an invalid intra-link! Ignore this warning if it was intended.
'/2021/admin/tp-expectations.html' found in file 'C:\repos\nus-cs2103-AY2021S1\cs2103-website\_markbind\headers\header.md'
2021-03-04T16:20:24.505Z - warn: You might have an invalid intra-link! Ignore this warning if it was intended.
'/2021/admin/teamList.html' found in file 'C:\repos\nus-cs2103-AY2021S1\cs2103-website\_markbind\headers\header.md'
2021-03-04T16:20:24.508Z - warn: You might have an invalid intra-link! Ignore this warning if it was intended.
'/2021/admin/tutorials.html' found in file 'C:\repos\nus-cs2103-AY2021S1\cs2103-website\_markbind\headers\header.md'
2021-03-04T16:20:24.519Z - warn: You might have an invalid intra-link! Ignore this warning if it was intended.
'/2021/schedule/week1/project.html' found in file 'C:\repos\nus-cs2103-AY2021S1\cs2103-website\schedule\timeline.md'
2021-03-04T16:20:24.519Z - warn: You might have an invalid intra-link! Ignore this warning if it was intended.
'/2021/schedule/week1/tutorial.html' found in file 'C:\repos\nus-cs2103-AY2021S1\cs2103-website\schedule\timeline.md'
2021-03-04T16:20:24.525Z - warn: You might have an invalid intra-link! Ignore this warning if it was intended.
'/2021/schedule/week2/project.html' found in file 'C:\repos\nus-cs2103-AY2021S1\cs2103-website\schedule\timeline.md'
2021-03-04T16:20:24.526Z - warn: You might have an invalid intra-link! Ignore this warning if it was intended.
'/2021/schedule/week2/tutorial.html' found in file 'C:\repos\nus-cs2103-AY2021S1\cs2103-website\schedule\timeline.md'
2021-03-04T16:20:24.530Z - warn: You might have an invalid intra-link! Ignore this warning if it was intended.
'/2021/schedule/week3/project.html' found in file 'C:\repos\nus-cs2103-AY2021S1\cs2103-website\schedule\timeline.md'
2021-03-04T16:20:24.531Z - warn: You might have an invalid intra-link! Ignore this warning if it was intended.
'/2021/schedule/week3/tutorial.html' found in file 'C:\repos\nus-cs2103-AY2021S1\cs2103-website\schedule\timeline.md'
2021-03-04T16:20:24.538Z - warn: You might have an invalid intra-link! Ignore this warning if it was intended.
'/2021/schedule/week4/project.html' found in file 'C:\repos\nus-cs2103-AY2021S1\cs2103-website\schedule\timeline.md'
2021-03-04T16:20:24.539Z - warn: You might have an invalid intra-link! Ignore this warning if it was intended.
'/2021/schedule/week4/tutorial.html' found in file 'C:\repos\nus-cs2103-AY2021S1\cs2103-website\schedule\timeline.md'
2021-03-04T16:20:24.549Z - warn: You might have an invalid intra-link! Ignore this warning if it was intended.
'/2021/schedule/week5/project.html' found in file 'C:\repos\nus-cs2103-AY2021S1\cs2103-website\schedule\timeline.md'
2021-03-04T16:20:24.550Z - warn: You might have an invalid intra-link! Ignore this warning if it was intended.
'/2021/schedule/week5/tutorial.html' found in file 'C:\repos\nus-cs2103-AY2021S1\cs2103-website\schedule\timeline.md'
2021-03-04T16:20:24.555Z - warn: You might have an invalid intra-link! Ignore this warning if it was intended.
'/2021/schedule/week6/project.html' found in file 'C:\repos\nus-cs2103-AY2021S1\cs2103-website\schedule\timeline.md'
2021-03-04T16:20:24.556Z - warn: You might have an invalid intra-link! Ignore this warning if it was intended.
'/2021/schedule/week6/tutorial.html' found in file 'C:\repos\nus-cs2103-AY2021S1\cs2103-website\schedule\timeline.md'
2021-03-04T16:20:24.562Z - warn: You might have an invalid intra-link! Ignore this warning if it was intended.
'/2021/schedule/week7/project.html' found in file 'C:\repos\nus-cs2103-AY2021S1\cs2103-website\schedule\timeline.md'
2021-03-04T16:20:24.562Z - warn: You might have an invalid intra-link! Ignore this warning if it was intended.
'/2021/schedule/week7/tutorial.html' found in file 'C:\repos\nus-cs2103-AY2021S1\cs2103-website\schedule\timeline.md'
2021-03-04T16:20:24.572Z - warn: You might have an invalid intra-link! Ignore this warning if it was intended.
'/2021/schedule/week8/project.html' found in file 'C:\repos\nus-cs2103-AY2021S1\cs2103-website\schedule\timeline.md'
2021-03-04T16:20:24.573Z - warn: You might have an invalid intra-link! Ignore this warning if it was intended.
'/2021/schedule/week8/tutorial.html' found in file 'C:\repos\nus-cs2103-AY2021S1\cs2103-website\schedule\timeline.md'
2021-03-04T16:20:24.584Z - warn: You might have an invalid intra-link! Ignore this warning if it was intended.
'/2021/schedule/week9/project.html' found in file 'C:\repos\nus-cs2103-AY2021S1\cs2103-website\schedule\timeline.md'
2021-03-04T16:20:24.584Z - warn: You might have an invalid intra-link! Ignore this warning if it was intended.
'/2021/schedule/week9/tutorial.html' found in file 'C:\repos\nus-cs2103-AY2021S1\cs2103-website\schedule\timeline.md'
2021-03-04T16:20:24.591Z - warn: You might have an invalid intra-link! Ignore this warning if it was intended.
'/2021/schedule/week10/project.html' found in file 'C:\repos\nus-cs2103-AY2021S1\cs2103-website\schedule\timeline.md'
2021-03-04T16:20:24.591Z - warn: You might have an invalid intra-link! Ignore this warning if it was intended.
'/2021/schedule/week10/tutorial.html' found in file 'C:\repos\nus-cs2103-AY2021S1\cs2103-website\schedule\timeline.md'
2021-03-04T16:20:24.597Z - warn: You might have an invalid intra-link! Ignore this warning if it was intended.
'/2021/schedule/week11/project.html' found in file 'C:\repos\nus-cs2103-AY2021S1\cs2103-website\schedule\timeline.md'
2021-03-04T16:20:24.598Z - warn: You might have an invalid intra-link! Ignore this warning if it was intended.
'/2021/schedule/week11/tutorial.html' found in file 'C:\repos\nus-cs2103-AY2021S1\cs2103-website\schedule\timeline.md'
2021-03-04T16:20:24.602Z - warn: You might have an invalid intra-link! Ignore this warning if it was intended.
'/2021/schedule/week12/project.html' found in file 'C:\repos\nus-cs2103-AY2021S1\cs2103-website\schedule\timeline.md'
2021-03-04T16:20:24.603Z - warn: You might have an invalid intra-link! Ignore this warning if it was intended.
'/2021/schedule/week12/tutorial.html' found in file 'C:\repos\nus-cs2103-AY2021S1\cs2103-website\schedule\timeline.md'
2021-03-04T16:20:24.609Z - warn: You might have an invalid intra-link! Ignore this warning if it was intended.
'/2021/schedule/week13/project.html' found in file 'C:\repos\nus-cs2103-AY2021S1\cs2103-website\schedule\timeline.md'
2021-03-04T16:20:24.609Z - warn: You might have an invalid intra-link! Ignore this warning if it was intended.
'/2021/schedule/week13/tutorial.html' found in file 'C:\repos\nus-cs2103-AY2021S1\cs2103-website\schedule\timeline.md'
2021-03-04T16:20:25.112Z - info: Site data built
2021-03-04T16:20:25.112Z - info: Lazy website regeneration complete! Total build time: 2.672s
2021-03-04T16:23:35.040Z - info: Building C:\repos\nus-cs2103-AY2021S1\cs2103-website\schedule\week8\topics as some of its dependencies were changed since the last visit
2021-03-04T16:23:36.446Z - warn: You might have an invalid intra-link! Ignore this warning if it was intended.
'/2021/admin/ip-overview.html' found in file 'C:\repos\nus-cs2103-AY2021S1\cs2103-website\_markbind\headers\header.md'
2021-03-04T16:23:36.448Z - warn: You might have an invalid intra-link! Ignore this warning if it was intended.
'/2021/admin/ip-showcase.html' found in file 'C:\repos\nus-cs2103-AY2021S1\cs2103-website\_markbind\headers\header.md'
2021-03-04T16:23:36.449Z - warn: You might have an invalid intra-link! Ignore this warning if it was intended.
'/2021/admin/tp-expectations.html' found in file 'C:\repos\nus-cs2103-AY2021S1\cs2103-website\_markbind\headers\header.md'
2021-03-04T16:23:36.450Z - warn: You might have an invalid intra-link! Ignore this warning if it was intended.
'/2021/admin/teamList.html' found in file 'C:\repos\nus-cs2103-AY2021S1\cs2103-website\_markbind\headers\header.md'
2021-03-04T16:23:36.453Z - warn: You might have an invalid intra-link! Ignore this warning if it was intended.
'/2021/admin/tutorials.html' found in file 'C:\repos\nus-cs2103-AY2021S1\cs2103-website\_markbind\headers\header.md'
2021-03-04T16:23:37.083Z - info: Site data built
2021-03-04T16:23:37.083Z - info: Lazy website regeneration complete! Total build time: 2.043s
2021-03-04T16:23:59.640Z - info: Building C:\repos\nus-cs2103-AY2021S1\cs2103-website\schedule\week8\topics-py as some of its dependencies were changed since the last visit
2021-03-04T16:23:59.792Z - warn: You might have an invalid intra-link! Ignore this warning if it was intended.
'/2021/admin/ip-overview.html' found in file 'C:\repos\nus-cs2103-AY2021S1\cs2103-website\_markbind\headers\header.md'
2021-03-04T16:23:59.793Z - warn: You might have an invalid intra-link! Ignore this warning if it was intended.
'/2021/admin/ip-showcase.html' found in file 'C:\repos\nus-cs2103-AY2021S1\cs2103-website\_markbind\headers\header.md'
2021-03-04T16:23:59.794Z - warn: You might have an invalid intra-link! Ignore this warning if it was intended.
'/2021/admin/tp-expectations.html' found in file 'C:\repos\nus-cs2103-AY2021S1\cs2103-website\_markbind\headers\header.md'
2021-03-04T16:23:59.796Z - warn: You might have an invalid intra-link! Ignore this warning if it was intended.
'/2021/admin/teamList.html' found in file 'C:\repos\nus-cs2103-AY2021S1\cs2103-website\_markbind\headers\header.md'
2021-03-04T16:23:59.798Z - warn: You might have an invalid intra-link! Ignore this warning if it was intended.
'/2021/admin/tutorials.html' found in file 'C:\repos\nus-cs2103-AY2021S1\cs2103-website\_markbind\headers\header.md'
2021-03-04T16:24:00.083Z - info: Site data built
2021-03-04T16:24:00.084Z - info: Lazy website regeneration complete! Total build time: 0.444s
2021-03-04T16:36:17.998Z - info: [12:36:17 AM] Reload for file change: C:\repos\nus-cs2103-AY2021S1\cs2103-website\schedule\programming-topics.mbdf
2021-03-04T16:36:19.031Z - info: Rebuilding 1 pages
2021-03-04T16:36:19.467Z - warn: You might have an invalid intra-link! Ignore this warning if it was intended.
'/2021/admin/ip-overview.html' found in file 'C:\repos\nus-cs2103-AY2021S1\cs2103-website\_markbind\headers\header.md'
2021-03-04T16:36:19.468Z - warn: You might have an invalid intra-link! Ignore this warning if it was intended.
'/2021/admin/ip-showcase.html' found in file 'C:\repos\nus-cs2103-AY2021S1\cs2103-website\_markbind\headers\header.md'
2021-03-04T16:36:19.469Z - warn: You might have an invalid intra-link! Ignore this warning if it was intended.
'/2021/admin/tp-expectations.html' found in file 'C:\repos\nus-cs2103-AY2021S1\cs2103-website\_markbind\headers\header.md'
2021-03-04T16:36:19.471Z - warn: You might have an invalid intra-link! Ignore this warning if it was intended.
'/2021/admin/teamList.html' found in file 'C:\repos\nus-cs2103-AY2021S1\cs2103-website\_markbind\headers\header.md'
2021-03-04T16:36:19.473Z - warn: You might have an invalid intra-link! Ignore this warning if it was intended.
'/2021/admin/tutorials.html' found in file 'C:\repos\nus-cs2103-AY2021S1\cs2103-website\_markbind\headers\header.md'
2021-03-04T16:36:19.727Z - info: Site data built
2021-03-04T16:36:19.727Z - info: Pages rebuilt
2021-03-04T16:36:19.727Z - info: Website regeneration complete! Total build time: 0.708s
2021-03-04T16:37:28.153Z - info: [12:37:28 AM] Reload for file change: C:\repos\nus-cs2103-AY2021S1\cs2103-website\schedule\programming-topics.mbdf
2021-03-04T16:37:29.158Z - info: Rebuilding 1 pages
2021-03-04T16:37:29.511Z - warn: You might have an invalid intra-link! Ignore this warning if it was intended.
'/2021/admin/ip-overview.html' found in file 'C:\repos\nus-cs2103-AY2021S1\cs2103-website\_markbind\headers\header.md'
2021-03-04T16:37:29.512Z - warn: You might have an invalid intra-link! Ignore this warning if it was intended.
'/2021/admin/ip-showcase.html' found in file 'C:\repos\nus-cs2103-AY2021S1\cs2103-website\_markbind\headers\header.md'
2021-03-04T16:37:29.513Z - warn: You might have an invalid intra-link! Ignore this warning if it was intended.
'/2021/admin/tp-expectations.html' found in file 'C:\repos\nus-cs2103-AY2021S1\cs2103-website\_markbind\headers\header.md'
2021-03-04T16:37:29.515Z - warn: You might have an invalid intra-link! Ignore this warning if it was intended.
'/2021/admin/teamList.html' found in file 'C:\repos\nus-cs2103-AY2021S1\cs2103-website\_markbind\headers\header.md'
2021-03-04T16:37:29.517Z - warn: You might have an invalid intra-link! Ignore this warning if it was intended.
'/2021/admin/tutorials.html' found in file 'C:\repos\nus-cs2103-AY2021S1\cs2103-website\_markbind\headers\header.md'
2021-03-04T16:37:29.680Z - info: Site data built
2021-03-04T16:37:29.680Z - info: Pages rebuilt
2021-03-04T16:37:29.681Z - info: Website regeneration complete! Total build time: 0.526s
2021-03-04T16:38:36.420Z - info: [12:38:36 AM] Reload for file change: C:\repos\nus-cs2103-AY2021S1\cs2103-website\schedule\programming-topics.mbdf
2021-03-04T16:38:37.426Z - info: Rebuilding 1 pages
2021-03-04T16:38:37.735Z - warn: You might have an invalid intra-link! Ignore this warning if it was intended.
'/2021/admin/ip-overview.html' found in file 'C:\repos\nus-cs2103-AY2021S1\cs2103-website\_markbind\headers\header.md'
2021-03-04T16:38:37.736Z - warn: You might have an invalid intra-link! Ignore this warning if it was intended.
'/2021/admin/ip-showcase.html' found in file 'C:\repos\nus-cs2103-AY2021S1\cs2103-website\_markbind\headers\header.md'
2021-03-04T16:38:37.737Z - warn: You might have an invalid intra-link! Ignore this warning if it was intended.
'/2021/admin/tp-expectations.html' found in file 'C:\repos\nus-cs2103-AY2021S1\cs2103-website\_markbind\headers\header.md'
2021-03-04T16:38:37.739Z - warn: You might have an invalid intra-link! Ignore this warning if it was intended.
'/2021/admin/teamList.html' found in file 'C:\repos\nus-cs2103-AY2021S1\cs2103-website\_markbind\headers\header.md'
2021-03-04T16:38:37.741Z - warn: You might have an invalid intra-link! Ignore this warning if it was intended.
'/2021/admin/tutorials.html' found in file 'C:\repos\nus-cs2103-AY2021S1\cs2103-website\_markbind\headers\header.md'
2021-03-04T16:38:37.907Z - info: Site data built
2021-03-04T16:38:37.907Z - info: Pages rebuilt
2021-03-04T16:38:37.907Z - info: Website regeneration complete! Total build time: 0.484s
2021-03-04T16:39:10.546Z - info: [12:39:10 AM] Reload for file change: C:\repos\nus-cs2103-AY2021S1\cs2103-website\schedule\programming-topics.mbdf
2021-03-04T16:39:11.553Z - info: Rebuilding 1 pages
2021-03-04T16:39:11.935Z - warn: You might have an invalid intra-link! Ignore this warning if it was intended.
'/2021/admin/ip-overview.html' found in file 'C:\repos\nus-cs2103-AY2021S1\cs2103-website\_markbind\headers\header.md'
2021-03-04T16:39:11.936Z - warn: You might have an invalid intra-link! Ignore this warning if it was intended.
'/2021/admin/ip-showcase.html' found in file 'C:\repos\nus-cs2103-AY2021S1\cs2103-website\_markbind\headers\header.md'
2021-03-04T16:39:11.938Z - warn: You might have an invalid intra-link! Ignore this warning if it was intended.
'/2021/admin/tp-expectations.html' found in file 'C:\repos\nus-cs2103-AY2021S1\cs2103-website\_markbind\headers\header.md'
2021-03-04T16:39:11.939Z - warn: You might have an invalid intra-link! Ignore this warning if it was intended.
'/2021/admin/teamList.html' found in file 'C:\repos\nus-cs2103-AY2021S1\cs2103-website\_markbind\headers\header.md'
2021-03-04T16:39:11.941Z - warn: You might have an invalid intra-link! Ignore this warning if it was intended.
'/2021/admin/tutorials.html' found in file 'C:\repos\nus-cs2103-AY2021S1\cs2103-website\_markbind\headers\header.md'
2021-03-04T16:39:12.157Z - info: Site data built
2021-03-04T16:39:12.158Z - info: Pages rebuilt
2021-03-04T16:39:12.158Z - info: Website regeneration complete! Total build time: 0.609s
2021-03-04T16:39:21.713Z - info: [12:39:21 AM] Reload for file change: C:\repos\nus-cs2103-AY2021S1\cs2103-website\schedule\programming-topics.mbdf
2021-03-04T16:39:22.717Z - info: Rebuilding 1 pages
2021-03-04T16:39:23.035Z - warn: You might have an invalid intra-link! Ignore this warning if it was intended.
'/2021/admin/ip-overview.html' found in file 'C:\repos\nus-cs2103-AY2021S1\cs2103-website\_markbind\headers\header.md'
2021-03-04T16:39:23.036Z - warn: You might have an invalid intra-link! Ignore this warning if it was intended.
'/2021/admin/ip-showcase.html' found in file 'C:\repos\nus-cs2103-AY2021S1\cs2103-website\_markbind\headers\header.md'
2021-03-04T16:39:23.037Z - warn: You might have an invalid intra-link! Ignore this warning if it was intended.
'/2021/admin/tp-expectations.html' found in file 'C:\repos\nus-cs2103-AY2021S1\cs2103-website\_markbind\headers\header.md'
2021-03-04T16:39:23.039Z - warn: You might have an invalid intra-link! Ignore this warning if it was intended.
'/2021/admin/teamList.html' found in file 'C:\repos\nus-cs2103-AY2021S1\cs2103-website\_markbind\headers\header.md'
2021-03-04T16:39:23.041Z - warn: You might have an invalid intra-link! Ignore this warning if it was intended.
'/2021/admin/tutorials.html' found in file 'C:\repos\nus-cs2103-AY2021S1\cs2103-website\_markbind\headers\header.md'
2021-03-04T16:39:23.203Z - info: Site data built
2021-03-04T16:39:23.204Z - info: Pages rebuilt
2021-03-04T16:39:23.204Z - info: Website regeneration complete! Total build time: 0.49s
2021-03-04T16:42:51.186Z - info: Website generation started at 12:42:46 AM
2021-03-04T16:43:01.025Z - info: Building assets...
