2021-04-10T17:14:40.125Z - info: Website generation (lazy) started at 1:14:26 AM
2021-04-10T17:14:52.345Z - info: Building assets...
2021-04-10T17:14:58.723Z - info: Assets built
2021-04-10T17:14:58.724Z - info: Generating landing page...
2021-04-10T17:14:59.976Z - info: Landing page built, other pages will be built as you navigate to them!
2021-04-10T17:15:00.689Z - info: Site data built
2021-04-10T17:15:00.690Z - info: Website generation (lazy) complete! Total build time: 34.338s
2021-04-10T17:15:01.959Z - info: Serving "C:\repos\nus-cs2103-AY2021S1\cs2103-website\_site" at http://127.0.0.1:8080
2021-04-10T17:15:01.959Z - info: Press CTRL+C to stop ...
2021-04-10T17:18:11.906Z - info: Building C:\repos\nus-cs2103-AY2021S1\cs2103-website\schedule\week12\index as some of its dependencies were changed since the last visit
2021-04-10T17:18:12.846Z - info: Site data built
2021-04-10T17:18:12.847Z - info: Lazy website regeneration complete! Total build time: 0.943s
2021-04-10T17:18:16.231Z - info: Building C:\repos\nus-cs2103-AY2021S1\cs2103-website\schedule\week12\project as some of its dependencies were changed since the last visit
2021-04-10T17:18:19.338Z - info: Site data built
2021-04-10T17:18:19.339Z - info: Lazy website regeneration complete! Total build time: 3.109s
2021-04-10T17:18:33.717Z - info: Website generation started at 1:18:30 AM
2021-04-10T17:18:44.970Z - info: Building assets...
2021-04-10T17:18:51.794Z - info: Assets built
2021-04-10T17:18:51.795Z - info: Generating pages...
2021-04-10T17:19:06.018Z - debug:  
2021-04-10T17:19:06.019Z - debug:  
2021-04-10T17:19:06.019Z - debug:  
2021-04-10T17:19:06.019Z - debug:  
2021-04-10T17:19:06.020Z - debug:  
2021-04-10T17:19:07.863Z - debug:  
2021-04-10T17:19:47.812Z - warn: You might have an invalid intra-link! Ignore this warning if it was intended.
'/website/book/about/usage.html' found in file 'C:\repos\nus-cs2103-AY2021S1\cs2103-website\book\index.md'
2021-04-10T17:19:47.819Z - warn: You might have an invalid intra-link! Ignore this warning if it was intended.
'/website/book/softwareEngineering/print.html' found in file 'C:\repos\nus-cs2103-AY2021S1\cs2103-website\book\index.md'
2021-04-10T17:19:47.821Z - warn: You might have an invalid intra-link! Ignore this warning if it was intended.
'/website/book/oop/print.html' found in file 'C:\repos\nus-cs2103-AY2021S1\cs2103-website\book\index.md'
2021-04-10T17:19:47.824Z - warn: You might have an invalid intra-link! Ignore this warning if it was intended.
'/website/book/requirements/print.html' found in file 'C:\repos\nus-cs2103-AY2021S1\cs2103-website\book\index.md'
2021-04-10T17:19:47.826Z - warn: You might have an invalid intra-link! Ignore this warning if it was intended.
'/website/book/gatheringRequirements/print.html' found in file 'C:\repos\nus-cs2103-AY2021S1\cs2103-website\book\index.md'
2021-04-10T17:19:47.828Z - warn: You might have an invalid intra-link! Ignore this warning if it was intended.
'/website/book/specifyingRequirements/print.html' found in file 'C:\repos\nus-cs2103-AY2021S1\cs2103-website\book\index.md'
2021-04-10T17:19:47.830Z - warn: You might have an invalid intra-link! Ignore this warning if it was intended.
'/website/book/design/print.html' found in file 'C:\repos\nus-cs2103-AY2021S1\cs2103-website\book\index.md'
2021-04-10T17:19:47.832Z - warn: You might have an invalid intra-link! Ignore this warning if it was intended.
'/website/book/designFundamentals/print.html' found in file 'C:\repos\nus-cs2103-AY2021S1\cs2103-website\book\index.md'
2021-04-10T17:19:47.834Z - warn: You might have an invalid intra-link! Ignore this warning if it was intended.
'/website/book/modeling/print.html' found in file 'C:\repos\nus-cs2103-AY2021S1\cs2103-website\book\index.md'
2021-04-10T17:19:47.836Z - warn: You might have an invalid intra-link! Ignore this warning if it was intended.
'/website/book/architecture/print.html' found in file 'C:\repos\nus-cs2103-AY2021S1\cs2103-website\book\index.md'
2021-04-10T17:19:47.838Z - warn: You might have an invalid intra-link! Ignore this warning if it was intended.
'/website/book/designPatterns/print.html' found in file 'C:\repos\nus-cs2103-AY2021S1\cs2103-website\book\index.md'
2021-04-10T17:19:47.840Z - warn: You might have an invalid intra-link! Ignore this warning if it was intended.
'/website/book/designApproaches/print.html' found in file 'C:\repos\nus-cs2103-AY2021S1\cs2103-website\book\index.md'
2021-04-10T17:19:47.843Z - warn: You might have an invalid intra-link! Ignore this warning if it was intended.
'/website/book/ides/print.html' found in file 'C:\repos\nus-cs2103-AY2021S1\cs2103-website\book\index.md'
2021-04-10T17:19:47.845Z - warn: You might have an invalid intra-link! Ignore this warning if it was intended.
'/website/book/codeQuality/print.html' found in file 'C:\repos\nus-cs2103-AY2021S1\cs2103-website\book\index.md'
2021-04-10T17:19:47.848Z - warn: You might have an invalid intra-link! Ignore this warning if it was intended.
'/website/book/refactoring/print.html' found in file 'C:\repos\nus-cs2103-AY2021S1\cs2103-website\book\index.md'
2021-04-10T17:19:47.850Z - warn: You might have an invalid intra-link! Ignore this warning if it was intended.
'/website/book/documentation/print.html' found in file 'C:\repos\nus-cs2103-AY2021S1\cs2103-website\book\index.md'
2021-04-10T17:19:47.852Z - warn: You might have an invalid intra-link! Ignore this warning if it was intended.
'/website/book/errorHandling/print.html' found in file 'C:\repos\nus-cs2103-AY2021S1\cs2103-website\book\index.md'
2021-04-10T17:19:47.854Z - warn: You might have an invalid intra-link! Ignore this warning if it was intended.
'/website/book/integration/print.html' found in file 'C:\repos\nus-cs2103-AY2021S1\cs2103-website\book\index.md'
2021-04-10T17:19:47.856Z - warn: You might have an invalid intra-link! Ignore this warning if it was intended.
'/website/book/reuse/print.html' found in file 'C:\repos\nus-cs2103-AY2021S1\cs2103-website\book\index.md'
2021-04-10T17:19:47.859Z - warn: You might have an invalid intra-link! Ignore this warning if it was intended.
'/website/book/qualityAssurance/print.html' found in file 'C:\repos\nus-cs2103-AY2021S1\cs2103-website\book\index.md'
2021-04-10T17:19:47.862Z - warn: You might have an invalid intra-link! Ignore this warning if it was intended.
'/website/book/testing/print.html' found in file 'C:\repos\nus-cs2103-AY2021S1\cs2103-website\book\index.md'
2021-04-10T17:19:47.864Z - warn: You might have an invalid intra-link! Ignore this warning if it was intended.
'/website/book/testCaseDesign/print.html' found in file 'C:\repos\nus-cs2103-AY2021S1\cs2103-website\book\index.md'
2021-04-10T17:19:47.868Z - warn: You might have an invalid intra-link! Ignore this warning if it was intended.
'/website/book/revisionControl/print.html' found in file 'C:\repos\nus-cs2103-AY2021S1\cs2103-website\book\index.md'
2021-04-10T17:19:47.870Z - warn: You might have an invalid intra-link! Ignore this warning if it was intended.
'/website/book/projectPlanning/print.html' found in file 'C:\repos\nus-cs2103-AY2021S1\cs2103-website\book\index.md'
2021-04-10T17:19:47.872Z - warn: You might have an invalid intra-link! Ignore this warning if it was intended.
'/website/book/teamwork/print.html' found in file 'C:\repos\nus-cs2103-AY2021S1\cs2103-website\book\index.md'
2021-04-10T17:19:47.874Z - warn: You might have an invalid intra-link! Ignore this warning if it was intended.
'/website/book/processModels/print.html' found in file 'C:\repos\nus-cs2103-AY2021S1\cs2103-website\book\index.md'
2021-04-10T17:19:47.877Z - warn: You might have an invalid intra-link! Ignore this warning if it was intended.
'/website/book/uml/print.html' found in file 'C:\repos\nus-cs2103-AY2021S1\cs2103-website\book\index.md'
2021-04-10T17:19:47.879Z - warn: You might have an invalid intra-link! Ignore this warning if it was intended.
'/website/book/intellij/print.html' found in file 'C:\repos\nus-cs2103-AY2021S1\cs2103-website\book\index.md'
2021-04-10T17:19:47.882Z - warn: You might have an invalid intra-link! Ignore this warning if it was intended.
'/website/book/gitAndGithub/print.html' found in file 'C:\repos\nus-cs2103-AY2021S1\cs2103-website\book\index.md'
2021-04-10T17:19:47.885Z - warn: You might have an invalid intra-link! Ignore this warning if it was intended.
'/website/book/principles/print.html' found in file 'C:\repos\nus-cs2103-AY2021S1\cs2103-website\book\index.md'
2021-04-10T17:19:47.888Z - warn: You might have an invalid intra-link! Ignore this warning if it was intended.
'/website/book/cppToJava/print.html' found in file 'C:\repos\nus-cs2103-AY2021S1\cs2103-website\book\index.md'
2021-04-10T17:19:47.890Z - warn: You might have an invalid intra-link! Ignore this warning if it was intended.
'/website/book/common/definitions.html' found in file 'C:\repos\nus-cs2103-AY2021S1\cs2103-website\book\index.md'
2021-04-10T17:19:47.891Z - warn: You might have an invalid intra-link! Ignore this warning if it was intended.
'/website/book/common/references.html' found in file 'C:\repos\nus-cs2103-AY2021S1\cs2103-website\book\index.md'
2021-04-10T17:19:47.893Z - warn: You might have an invalid intra-link! Ignore this warning if it was intended.
'/website/book/common/outcomes.html' found in file 'C:\repos\nus-cs2103-AY2021S1\cs2103-website\book\index.md'
2021-04-10T17:19:47.894Z - warn: You might have an invalid intra-link! Ignore this warning if it was intended.
'/website/book/common/print.html' found in file 'C:\repos\nus-cs2103-AY2021S1\cs2103-website\book\index.md'
2021-04-10T17:21:56.315Z - debug:  
2021-04-10T17:22:15.637Z - debug:  
2021-04-10T17:22:15.638Z - debug:  
2021-04-10T17:22:27.680Z - info: Pages built
2021-04-10T17:22:29.197Z - info: Site data built
2021-04-10T17:22:29.198Z - info: Website generation complete! Total build time: 238.715s
2021-04-10T17:22:29.199Z - info: Build success!
2021-04-10T17:22:36.079Z - info: Deployed at https://nus-cs2103-ay2021s2.github.io/website!
2021-04-11T11:46:52.577Z - info: Website generation (lazy) started at 7:46:27 PM
2021-04-11T11:47:04.958Z - info: Building assets...
2021-04-11T11:47:13.696Z - info: Assets built
2021-04-11T11:47:13.697Z - info: Generating landing page...
2021-04-11T11:47:14.372Z - warn: You might have an invalid intra-link! Ignore this warning if it was intended.
'/2021/admin/ip-overview.html' found in file 'C:\repos\nus-cs2103-AY2021S1\cs2103-website\_markbind\headers\header.md'
2021-04-11T11:47:14.374Z - warn: You might have an invalid intra-link! Ignore this warning if it was intended.
'/2021/admin/ip-showcase.html' found in file 'C:\repos\nus-cs2103-AY2021S1\cs2103-website\_markbind\headers\header.md'
2021-04-11T11:47:14.375Z - warn: You might have an invalid intra-link! Ignore this warning if it was intended.
'/2021/admin/tp-expectations.html' found in file 'C:\repos\nus-cs2103-AY2021S1\cs2103-website\_markbind\headers\header.md'
2021-04-11T11:47:14.377Z - warn: You might have an invalid intra-link! Ignore this warning if it was intended.
'/2021/admin/teamList.html' found in file 'C:\repos\nus-cs2103-AY2021S1\cs2103-website\_markbind\headers\header.md'
2021-04-11T11:47:14.380Z - warn: You might have an invalid intra-link! Ignore this warning if it was intended.
'/2021/admin/tutorials.html' found in file 'C:\repos\nus-cs2103-AY2021S1\cs2103-website\_markbind\headers\header.md'
2021-04-11T11:47:14.535Z - info: Landing page built, other pages will be built as you navigate to them!
2021-04-11T11:47:15.083Z - info: Site data built
2021-04-11T11:47:15.083Z - info: Website generation (lazy) complete! Total build time: 47.766s
2021-04-11T11:47:16.655Z - info: Serving "C:\repos\nus-cs2103-AY2021S1\cs2103-website\_site" at http://127.0.0.1:8080
2021-04-11T11:47:16.656Z - info: Press CTRL+C to stop ...
2021-04-11T11:56:17.316Z - info: Building C:\repos\nus-cs2103-AY2021S1\cs2103-website\admin\index as some of its dependencies were changed since the last visit
2021-04-11T11:56:18.569Z - warn: You might have an invalid intra-link! Ignore this warning if it was intended.
'/2021/admin/ip-overview.html' found in file 'C:\repos\nus-cs2103-AY2021S1\cs2103-website\_markbind\headers\header.md'
2021-04-11T11:56:18.571Z - warn: You might have an invalid intra-link! Ignore this warning if it was intended.
'/2021/admin/ip-showcase.html' found in file 'C:\repos\nus-cs2103-AY2021S1\cs2103-website\_markbind\headers\header.md'
2021-04-11T11:56:18.572Z - warn: You might have an invalid intra-link! Ignore this warning if it was intended.
'/2021/admin/tp-expectations.html' found in file 'C:\repos\nus-cs2103-AY2021S1\cs2103-website\_markbind\headers\header.md'
2021-04-11T11:56:18.574Z - warn: You might have an invalid intra-link! Ignore this warning if it was intended.
'/2021/admin/teamList.html' found in file 'C:\repos\nus-cs2103-AY2021S1\cs2103-website\_markbind\headers\header.md'
2021-04-11T11:56:18.576Z - warn: You might have an invalid intra-link! Ignore this warning if it was intended.
'/2021/admin/tutorials.html' found in file 'C:\repos\nus-cs2103-AY2021S1\cs2103-website\_markbind\headers\header.md'
2021-04-11T11:56:18.672Z - warn: You might have an invalid intra-link! Ignore this warning if it was intended.
'/2021/admin/url_ms_teams_class' found in file 'C:\repos\nus-cs2103-AY2021S1\cs2103-website\admin\index-te3201.mbdf'
2021-04-11T11:56:19.626Z - info: Site data built
2021-04-11T11:56:19.626Z - info: Lazy website regeneration complete! Total build time: 2.32s
2021-04-11T11:59:14.306Z - info: [7:59:14 PM] Reload for file change: C:\repos\nus-cs2103-AY2021S1\cs2103-website\admin\index-te3201.mbdf
2021-04-11T11:59:15.313Z - info: Rebuilding 1 pages
2021-04-11T11:59:16.149Z - warn: You might have an invalid intra-link! Ignore this warning if it was intended.
'/2021/admin/ip-overview.html' found in file 'C:\repos\nus-cs2103-AY2021S1\cs2103-website\_markbind\headers\header.md'
2021-04-11T11:59:16.150Z - warn: You might have an invalid intra-link! Ignore this warning if it was intended.
'/2021/admin/ip-showcase.html' found in file 'C:\repos\nus-cs2103-AY2021S1\cs2103-website\_markbind\headers\header.md'
2021-04-11T11:59:16.152Z - warn: You might have an invalid intra-link! Ignore this warning if it was intended.
'/2021/admin/tp-expectations.html' found in file 'C:\repos\nus-cs2103-AY2021S1\cs2103-website\_markbind\headers\header.md'
2021-04-11T11:59:16.155Z - warn: You might have an invalid intra-link! Ignore this warning if it was intended.
'/2021/admin/teamList.html' found in file 'C:\repos\nus-cs2103-AY2021S1\cs2103-website\_markbind\headers\header.md'
2021-04-11T11:59:16.158Z - warn: You might have an invalid intra-link! Ignore this warning if it was intended.
'/2021/admin/tutorials.html' found in file 'C:\repos\nus-cs2103-AY2021S1\cs2103-website\_markbind\headers\header.md'
2021-04-11T11:59:16.228Z - warn: You might have an invalid intra-link! Ignore this warning if it was intended.
'/2021/admin/url_ms_teams_class' found in file 'C:\repos\nus-cs2103-AY2021S1\cs2103-website\admin\index-te3201.mbdf'
2021-04-11T11:59:16.772Z - info: Site data built
2021-04-11T11:59:16.772Z - info: Pages rebuilt
2021-04-11T11:59:16.772Z - info: Website regeneration complete! Total build time: 1.461s
2021-04-11T12:00:29.742Z - info: [8:00:29 PM] Reload for file change: C:\repos\nus-cs2103-AY2021S1\cs2103-website\admin\index-te3201.mbdf
2021-04-11T12:00:30.751Z - info: Rebuilding 1 pages
2021-04-11T12:00:31.772Z - warn: You might have an invalid intra-link! Ignore this warning if it was intended.
'/2021/admin/ip-overview.html' found in file 'C:\repos\nus-cs2103-AY2021S1\cs2103-website\_markbind\headers\header.md'
2021-04-11T12:00:31.777Z - warn: You might have an invalid intra-link! Ignore this warning if it was intended.
'/2021/admin/ip-showcase.html' found in file 'C:\repos\nus-cs2103-AY2021S1\cs2103-website\_markbind\headers\header.md'
2021-04-11T12:00:31.779Z - warn: You might have an invalid intra-link! Ignore this warning if it was intended.
'/2021/admin/tp-expectations.html' found in file 'C:\repos\nus-cs2103-AY2021S1\cs2103-website\_markbind\headers\header.md'
2021-04-11T12:00:31.782Z - warn: You might have an invalid intra-link! Ignore this warning if it was intended.
'/2021/admin/teamList.html' found in file 'C:\repos\nus-cs2103-AY2021S1\cs2103-website\_markbind\headers\header.md'
2021-04-11T12:00:31.786Z - warn: You might have an invalid intra-link! Ignore this warning if it was intended.
'/2021/admin/tutorials.html' found in file 'C:\repos\nus-cs2103-AY2021S1\cs2103-website\_markbind\headers\header.md'
2021-04-11T12:00:31.904Z - warn: You might have an invalid intra-link! Ignore this warning if it was intended.
'/2021/admin/url_ms_teams_class' found in file 'C:\repos\nus-cs2103-AY2021S1\cs2103-website\admin\index-te3201.mbdf'
2021-04-11T12:00:32.700Z - info: Site data built
2021-04-11T12:00:32.705Z - info: Pages rebuilt
2021-04-11T12:00:32.705Z - info: Website regeneration complete! Total build time: 1.959s
2021-04-11T12:01:13.430Z - info: [8:01:13 PM] Reload for file change: C:\repos\nus-cs2103-AY2021S1\cs2103-website\admin\index-te3201.mbdf
2021-04-11T12:01:14.443Z - info: Rebuilding 1 pages
2021-04-11T12:01:15.406Z - warn: You might have an invalid intra-link! Ignore this warning if it was intended.
'/2021/admin/ip-overview.html' found in file 'C:\repos\nus-cs2103-AY2021S1\cs2103-website\_markbind\headers\header.md'
2021-04-11T12:01:15.408Z - warn: You might have an invalid intra-link! Ignore this warning if it was intended.
'/2021/admin/ip-showcase.html' found in file 'C:\repos\nus-cs2103-AY2021S1\cs2103-website\_markbind\headers\header.md'
2021-04-11T12:01:15.409Z - warn: You might have an invalid intra-link! Ignore this warning if it was intended.
'/2021/admin/tp-expectations.html' found in file 'C:\repos\nus-cs2103-AY2021S1\cs2103-website\_markbind\headers\header.md'
2021-04-11T12:01:15.411Z - warn: You might have an invalid intra-link! Ignore this warning if it was intended.
'/2021/admin/teamList.html' found in file 'C:\repos\nus-cs2103-AY2021S1\cs2103-website\_markbind\headers\header.md'
2021-04-11T12:01:15.414Z - warn: You might have an invalid intra-link! Ignore this warning if it was intended.
'/2021/admin/tutorials.html' found in file 'C:\repos\nus-cs2103-AY2021S1\cs2103-website\_markbind\headers\header.md'
2021-04-11T12:01:15.489Z - warn: You might have an invalid intra-link! Ignore this warning if it was intended.
'/2021/admin/url_ms_teams_class' found in file 'C:\repos\nus-cs2103-AY2021S1\cs2103-website\admin\index-te3201.mbdf'
2021-04-11T12:01:16.295Z - info: Site data built
2021-04-11T12:01:16.303Z - info: Pages rebuilt
2021-04-11T12:01:16.303Z - info: Website regeneration complete! Total build time: 1.864s
2021-04-11T12:01:30.636Z - info: [8:01:30 PM] Reload for file change: C:\repos\nus-cs2103-AY2021S1\cs2103-website\admin\index-te3201.mbdf
2021-04-11T12:01:31.648Z - info: Rebuilding 1 pages
2021-04-11T12:01:32.773Z - warn: You might have an invalid intra-link! Ignore this warning if it was intended.
'/2021/admin/ip-overview.html' found in file 'C:\repos\nus-cs2103-AY2021S1\cs2103-website\_markbind\headers\header.md'
2021-04-11T12:01:32.775Z - warn: You might have an invalid intra-link! Ignore this warning if it was intended.
'/2021/admin/ip-showcase.html' found in file 'C:\repos\nus-cs2103-AY2021S1\cs2103-website\_markbind\headers\header.md'
2021-04-11T12:01:32.776Z - warn: You might have an invalid intra-link! Ignore this warning if it was intended.
'/2021/admin/tp-expectations.html' found in file 'C:\repos\nus-cs2103-AY2021S1\cs2103-website\_markbind\headers\header.md'
2021-04-11T12:01:32.777Z - warn: You might have an invalid intra-link! Ignore this warning if it was intended.
'/2021/admin/teamList.html' found in file 'C:\repos\nus-cs2103-AY2021S1\cs2103-website\_markbind\headers\header.md'
2021-04-11T12:01:32.779Z - warn: You might have an invalid intra-link! Ignore this warning if it was intended.
'/2021/admin/tutorials.html' found in file 'C:\repos\nus-cs2103-AY2021S1\cs2103-website\_markbind\headers\header.md'
2021-04-11T12:01:32.840Z - warn: You might have an invalid intra-link! Ignore this warning if it was intended.
'/2021/admin/url_ms_teams_class' found in file 'C:\repos\nus-cs2103-AY2021S1\cs2103-website\admin\index-te3201.mbdf'
2021-04-11T12:01:33.458Z - info: Site data built
2021-04-11T12:01:33.458Z - info: Pages rebuilt
2021-04-11T12:01:33.458Z - info: Website regeneration complete! Total build time: 1.813s
2021-04-11T12:01:46.838Z - info: [8:01:46 PM] Reload for file change: C:\repos\nus-cs2103-AY2021S1\cs2103-website\admin\index-te3201.mbdf
2021-04-11T12:01:47.846Z - info: Rebuilding 1 pages
2021-04-11T12:01:48.559Z - warn: You might have an invalid intra-link! Ignore this warning if it was intended.
'/2021/admin/ip-overview.html' found in file 'C:\repos\nus-cs2103-AY2021S1\cs2103-website\_markbind\headers\header.md'
2021-04-11T12:01:48.562Z - warn: You might have an invalid intra-link! Ignore this warning if it was intended.
'/2021/admin/ip-showcase.html' found in file 'C:\repos\nus-cs2103-AY2021S1\cs2103-website\_markbind\headers\header.md'
2021-04-11T12:01:48.567Z - warn: You might have an invalid intra-link! Ignore this warning if it was intended.
'/2021/admin/tp-expectations.html' found in file 'C:\repos\nus-cs2103-AY2021S1\cs2103-website\_markbind\headers\header.md'
2021-04-11T12:01:48.569Z - warn: You might have an invalid intra-link! Ignore this warning if it was intended.
'/2021/admin/teamList.html' found in file 'C:\repos\nus-cs2103-AY2021S1\cs2103-website\_markbind\headers\header.md'
2021-04-11T12:01:48.579Z - warn: You might have an invalid intra-link! Ignore this warning if it was intended.
'/2021/admin/tutorials.html' found in file 'C:\repos\nus-cs2103-AY2021S1\cs2103-website\_markbind\headers\header.md'
2021-04-11T12:01:48.665Z - warn: You might have an invalid intra-link! Ignore this warning if it was intended.
'/2021/admin/url_ms_teams_class' found in file 'C:\repos\nus-cs2103-AY2021S1\cs2103-website\admin\index-te3201.mbdf'
2021-04-11T12:01:49.218Z - info: Site data built
2021-04-11T12:01:49.221Z - info: Pages rebuilt
2021-04-11T12:01:49.221Z - info: Website regeneration complete! Total build time: 1.376s
2021-04-11T12:02:35.745Z - info: [8:02:35 PM] Reload for file change: C:\repos\nus-cs2103-AY2021S1\cs2103-website\admin\index-te3201.mbdf
2021-04-11T12:02:36.752Z - info: Rebuilding 1 pages
2021-04-11T12:02:37.613Z - warn: You might have an invalid intra-link! Ignore this warning if it was intended.
'/2021/admin/ip-overview.html' found in file 'C:\repos\nus-cs2103-AY2021S1\cs2103-website\_markbind\headers\header.md'
2021-04-11T12:02:37.614Z - warn: You might have an invalid intra-link! Ignore this warning if it was intended.
'/2021/admin/ip-showcase.html' found in file 'C:\repos\nus-cs2103-AY2021S1\cs2103-website\_markbind\headers\header.md'
2021-04-11T12:02:37.615Z - warn: You might have an invalid intra-link! Ignore this warning if it was intended.
'/2021/admin/tp-expectations.html' found in file 'C:\repos\nus-cs2103-AY2021S1\cs2103-website\_markbind\headers\header.md'
2021-04-11T12:02:37.618Z - warn: You might have an invalid intra-link! Ignore this warning if it was intended.
'/2021/admin/teamList.html' found in file 'C:\repos\nus-cs2103-AY2021S1\cs2103-website\_markbind\headers\header.md'
2021-04-11T12:02:37.620Z - warn: You might have an invalid intra-link! Ignore this warning if it was intended.
'/2021/admin/tutorials.html' found in file 'C:\repos\nus-cs2103-AY2021S1\cs2103-website\_markbind\headers\header.md'
2021-04-11T12:02:37.694Z - warn: You might have an invalid intra-link! Ignore this warning if it was intended.
'/2021/admin/url_ms_teams_class' found in file 'C:\repos\nus-cs2103-AY2021S1\cs2103-website\admin\index-te3201.mbdf'
2021-04-11T12:02:38.350Z - info: Site data built
2021-04-11T12:02:38.351Z - info: Pages rebuilt
2021-04-11T12:02:38.351Z - info: Website regeneration complete! Total build time: 1.601s
2021-04-11T12:02:42.100Z - info: [8:02:42 PM] Reload for file change: C:\repos\nus-cs2103-AY2021S1\cs2103-website\admin\index-te3201.mbdf
2021-04-11T12:02:43.107Z - info: Rebuilding 1 pages
2021-04-11T12:02:43.738Z - warn: You might have an invalid intra-link! Ignore this warning if it was intended.
'/2021/admin/ip-overview.html' found in file 'C:\repos\nus-cs2103-AY2021S1\cs2103-website\_markbind\headers\header.md'
2021-04-11T12:02:43.745Z - warn: You might have an invalid intra-link! Ignore this warning if it was intended.
'/2021/admin/ip-showcase.html' found in file 'C:\repos\nus-cs2103-AY2021S1\cs2103-website\_markbind\headers\header.md'
2021-04-11T12:02:43.746Z - warn: You might have an invalid intra-link! Ignore this warning if it was intended.
'/2021/admin/tp-expectations.html' found in file 'C:\repos\nus-cs2103-AY2021S1\cs2103-website\_markbind\headers\header.md'
2021-04-11T12:02:43.747Z - warn: You might have an invalid intra-link! Ignore this warning if it was intended.
'/2021/admin/teamList.html' found in file 'C:\repos\nus-cs2103-AY2021S1\cs2103-website\_markbind\headers\header.md'
2021-04-11T12:02:43.749Z - warn: You might have an invalid intra-link! Ignore this warning if it was intended.
'/2021/admin/tutorials.html' found in file 'C:\repos\nus-cs2103-AY2021S1\cs2103-website\_markbind\headers\header.md'
2021-04-11T12:02:43.813Z - warn: You might have an invalid intra-link! Ignore this warning if it was intended.
'/2021/admin/url_ms_teams_class' found in file 'C:\repos\nus-cs2103-AY2021S1\cs2103-website\admin\index-te3201.mbdf'
2021-04-11T12:02:44.350Z - info: Site data built
2021-04-11T12:02:44.350Z - info: Pages rebuilt
2021-04-11T12:02:44.351Z - info: Website regeneration complete! Total build time: 1.247s
2021-04-11T12:04:25.955Z - info: Website generation started at 8:04:22 PM
2021-04-11T12:04:37.921Z - info: Building assets...
