2021-03-06T08:07:34.151Z - info: Website generation (lazy) started at 4:07:28 PM
2021-03-06T08:07:44.348Z - info: Building assets...
2021-03-06T08:07:51.814Z - info: Assets built
2021-03-06T08:07:51.815Z - info: Generating landing page...
2021-03-06T08:07:52.785Z - warn: You might have an invalid intra-link! Ignore this warning if it was intended.
'/2021/admin/ip-overview.html' found in file 'C:\repos\nus-cs2103-AY2021S1\cs2103-website\_markbind\headers\header.md'
2021-03-06T08:07:52.788Z - warn: You might have an invalid intra-link! Ignore this warning if it was intended.
'/2021/admin/ip-showcase.html' found in file 'C:\repos\nus-cs2103-AY2021S1\cs2103-website\_markbind\headers\header.md'
2021-03-06T08:07:52.790Z - warn: You might have an invalid intra-link! Ignore this warning if it was intended.
'/2021/admin/tp-expectations.html' found in file 'C:\repos\nus-cs2103-AY2021S1\cs2103-website\_markbind\headers\header.md'
2021-03-06T08:07:52.794Z - warn: You might have an invalid intra-link! Ignore this warning if it was intended.
'/2021/admin/teamList.html' found in file 'C:\repos\nus-cs2103-AY2021S1\cs2103-website\_markbind\headers\header.md'
2021-03-06T08:07:52.800Z - warn: You might have an invalid intra-link! Ignore this warning if it was intended.
'/2021/admin/tutorials.html' found in file 'C:\repos\nus-cs2103-AY2021S1\cs2103-website\_markbind\headers\header.md'
2021-03-06T08:07:53.073Z - info: Landing page built, other pages will be built as you navigate to them!
2021-03-06T08:07:53.821Z - info: Site data built
2021-03-06T08:07:53.822Z - info: Website generation (lazy) complete! Total build time: 25.813s
2021-03-06T08:07:54.810Z - info: Serving "C:\repos\nus-cs2103-AY2021S1\cs2103-website\_site" at http://127.0.0.1:8080
2021-03-06T08:07:54.810Z - info: Press CTRL+C to stop ...
2021-03-06T08:08:12.155Z - info: Building C:\repos\nus-cs2103-AY2021S1\cs2103-website\schedule\week8\index as some of its dependencies were changed since the last visit
2021-03-06T08:08:12.434Z - warn: You might have an invalid intra-link! Ignore this warning if it was intended.
'/2021/admin/ip-overview.html' found in file 'C:\repos\nus-cs2103-AY2021S1\cs2103-website\_markbind\headers\header.md'
2021-03-06T08:08:12.435Z - warn: You might have an invalid intra-link! Ignore this warning if it was intended.
'/2021/admin/ip-showcase.html' found in file 'C:\repos\nus-cs2103-AY2021S1\cs2103-website\_markbind\headers\header.md'
2021-03-06T08:08:12.437Z - warn: You might have an invalid intra-link! Ignore this warning if it was intended.
'/2021/admin/tp-expectations.html' found in file 'C:\repos\nus-cs2103-AY2021S1\cs2103-website\_markbind\headers\header.md'
2021-03-06T08:08:12.439Z - warn: You might have an invalid intra-link! Ignore this warning if it was intended.
'/2021/admin/teamList.html' found in file 'C:\repos\nus-cs2103-AY2021S1\cs2103-website\_markbind\headers\header.md'
2021-03-06T08:08:12.441Z - warn: You might have an invalid intra-link! Ignore this warning if it was intended.
'/2021/admin/tutorials.html' found in file 'C:\repos\nus-cs2103-AY2021S1\cs2103-website\_markbind\headers\header.md'
2021-03-06T08:08:12.589Z - info: Site data built
2021-03-06T08:08:12.589Z - info: Lazy website regeneration complete! Total build time: 0.435s
2021-03-06T08:08:16.473Z - info: Building C:\repos\nus-cs2103-AY2021S1\cs2103-website\schedule\week9\index as some of its dependencies were changed since the last visit
2021-03-06T08:08:16.713Z - warn: You might have an invalid intra-link! Ignore this warning if it was intended.
'/2021/admin/ip-overview.html' found in file 'C:\repos\nus-cs2103-AY2021S1\cs2103-website\_markbind\headers\header.md'
2021-03-06T08:08:16.715Z - warn: You might have an invalid intra-link! Ignore this warning if it was intended.
'/2021/admin/ip-showcase.html' found in file 'C:\repos\nus-cs2103-AY2021S1\cs2103-website\_markbind\headers\header.md'
2021-03-06T08:08:16.716Z - warn: You might have an invalid intra-link! Ignore this warning if it was intended.
'/2021/admin/tp-expectations.html' found in file 'C:\repos\nus-cs2103-AY2021S1\cs2103-website\_markbind\headers\header.md'
2021-03-06T08:08:16.718Z - warn: You might have an invalid intra-link! Ignore this warning if it was intended.
'/2021/admin/teamList.html' found in file 'C:\repos\nus-cs2103-AY2021S1\cs2103-website\_markbind\headers\header.md'
2021-03-06T08:08:16.720Z - warn: You might have an invalid intra-link! Ignore this warning if it was intended.
'/2021/admin/tutorials.html' found in file 'C:\repos\nus-cs2103-AY2021S1\cs2103-website\_markbind\headers\header.md'
2021-03-06T08:08:16.831Z - info: Site data built
2021-03-06T08:08:16.831Z - info: Lazy website regeneration complete! Total build time: 0.359s
2021-03-06T08:08:19.652Z - info: Building C:\repos\nus-cs2103-AY2021S1\cs2103-website\schedule\week9\topics-py as some of its dependencies were changed since the last visit
2021-03-06T08:08:19.846Z - warn: You might have an invalid intra-link! Ignore this warning if it was intended.
'/2021/admin/ip-overview.html' found in file 'C:\repos\nus-cs2103-AY2021S1\cs2103-website\_markbind\headers\header.md'
2021-03-06T08:08:19.848Z - warn: You might have an invalid intra-link! Ignore this warning if it was intended.
'/2021/admin/ip-showcase.html' found in file 'C:\repos\nus-cs2103-AY2021S1\cs2103-website\_markbind\headers\header.md'
2021-03-06T08:08:19.849Z - warn: You might have an invalid intra-link! Ignore this warning if it was intended.
'/2021/admin/tp-expectations.html' found in file 'C:\repos\nus-cs2103-AY2021S1\cs2103-website\_markbind\headers\header.md'
2021-03-06T08:08:19.851Z - warn: You might have an invalid intra-link! Ignore this warning if it was intended.
'/2021/admin/teamList.html' found in file 'C:\repos\nus-cs2103-AY2021S1\cs2103-website\_markbind\headers\header.md'
2021-03-06T08:08:19.857Z - warn: You might have an invalid intra-link! Ignore this warning if it was intended.
'/2021/admin/tutorials.html' found in file 'C:\repos\nus-cs2103-AY2021S1\cs2103-website\_markbind\headers\header.md'
2021-03-06T08:08:20.033Z - info: Site data built
2021-03-06T08:08:20.033Z - info: Lazy website regeneration complete! Total build time: 0.382s
2021-03-06T08:08:43.615Z - info: [4:08:43 PM] Reload for file change: C:\repos\nus-cs2103-AY2021S1\cs2103-website\schedule\programming-topics.mbdf
2021-03-06T08:08:44.622Z - info: Rebuilding 1 pages
2021-03-06T08:08:45.106Z - warn: You might have an invalid intra-link! Ignore this warning if it was intended.
'/2021/admin/ip-overview.html' found in file 'C:\repos\nus-cs2103-AY2021S1\cs2103-website\_markbind\headers\header.md'
2021-03-06T08:08:45.107Z - warn: You might have an invalid intra-link! Ignore this warning if it was intended.
'/2021/admin/ip-showcase.html' found in file 'C:\repos\nus-cs2103-AY2021S1\cs2103-website\_markbind\headers\header.md'
2021-03-06T08:08:45.109Z - warn: You might have an invalid intra-link! Ignore this warning if it was intended.
'/2021/admin/tp-expectations.html' found in file 'C:\repos\nus-cs2103-AY2021S1\cs2103-website\_markbind\headers\header.md'
2021-03-06T08:08:45.111Z - warn: You might have an invalid intra-link! Ignore this warning if it was intended.
'/2021/admin/teamList.html' found in file 'C:\repos\nus-cs2103-AY2021S1\cs2103-website\_markbind\headers\header.md'
2021-03-06T08:08:45.114Z - warn: You might have an invalid intra-link! Ignore this warning if it was intended.
'/2021/admin/tutorials.html' found in file 'C:\repos\nus-cs2103-AY2021S1\cs2103-website\_markbind\headers\header.md'
2021-03-06T08:08:45.345Z - info: Site data built
2021-03-06T08:08:45.345Z - info: Pages rebuilt
2021-03-06T08:08:45.345Z - info: Website regeneration complete! Total build time: 0.727s
2021-03-06T08:33:24.248Z - info: Building C:\repos\nus-cs2103-AY2021S1\cs2103-website\schedule\week9\topics as some of its dependencies were changed since the last visit
2021-03-06T08:33:25.438Z - warn: You might have an invalid intra-link! Ignore this warning if it was intended.
'/2021/admin/ip-overview.html' found in file 'C:\repos\nus-cs2103-AY2021S1\cs2103-website\_markbind\headers\header.md'
2021-03-06T08:33:25.440Z - warn: You might have an invalid intra-link! Ignore this warning if it was intended.
'/2021/admin/ip-showcase.html' found in file 'C:\repos\nus-cs2103-AY2021S1\cs2103-website\_markbind\headers\header.md'
2021-03-06T08:33:25.442Z - warn: You might have an invalid intra-link! Ignore this warning if it was intended.
'/2021/admin/tp-expectations.html' found in file 'C:\repos\nus-cs2103-AY2021S1\cs2103-website\_markbind\headers\header.md'
2021-03-06T08:33:25.444Z - warn: You might have an invalid intra-link! Ignore this warning if it was intended.
'/2021/admin/teamList.html' found in file 'C:\repos\nus-cs2103-AY2021S1\cs2103-website\_markbind\headers\header.md'
2021-03-06T08:33:25.447Z - warn: You might have an invalid intra-link! Ignore this warning if it was intended.
'/2021/admin/tutorials.html' found in file 'C:\repos\nus-cs2103-AY2021S1\cs2103-website\_markbind\headers\header.md'
2021-03-06T08:33:27.982Z - info: Site data built
2021-03-06T08:33:27.983Z - info: Lazy website regeneration complete! Total build time: 3.756s
2021-03-06T08:33:28.194Z - debug:  
2021-03-06T08:33:28.194Z - debug:  
2021-03-06T09:30:09.883Z - info: [5:30:09 PM] Reload for file change: C:\repos\nus-cs2103-AY2021S1\cs2103-website\admin\tp-expectations.md
2021-03-06T09:30:09.927Z - info: [5:30:09 PM] Reload for file change: C:\repos\nus-cs2103-AY2021S1\cs2103-website\admin\tp-expectations.md
2021-03-06T09:30:10.933Z - info: Assets built
2021-03-06T09:32:32.460Z - info: [5:32:32 PM] Reload for file change: C:\repos\nus-cs2103-AY2021S1\cs2103-website\admin\tp-expectations.md
2021-03-06T09:32:33.468Z - info: Assets built
2021-03-06T09:32:52.367Z - info: Website generation (lazy) started at 5:32:49 PM
2021-03-06T09:33:05.182Z - info: Building assets...
2021-03-06T09:33:14.240Z - info: Assets built
2021-03-06T09:33:14.241Z - info: Generating landing page...
2021-03-06T09:33:15.623Z - info: Landing page built, other pages will be built as you navigate to them!
2021-03-06T09:33:16.223Z - info: Site data built
2021-03-06T09:33:16.223Z - info: Website generation (lazy) complete! Total build time: 27.181s
2021-03-06T09:33:17.514Z - info: Serving "C:\repos\nus-cs2103-AY2021S1\cs2103-website\_site" at http://127.0.0.1:8080
2021-03-06T09:33:17.514Z - info: Press CTRL+C to stop ...
2021-03-06T09:34:49.443Z - info: Building C:\repos\nus-cs2103-AY2021S1\cs2103-website\admin\index as some of its dependencies were changed since the last visit
2021-03-06T09:34:50.374Z - info: Site data built
2021-03-06T09:34:50.375Z - info: Lazy website regeneration complete! Total build time: 0.932s
2021-03-06T09:35:02.693Z - info: Building C:\repos\nus-cs2103-AY2021S1\cs2103-website\admin\tp-expectations as some of its dependencies were changed since the last visit
2021-03-06T09:35:03.399Z - info: Site data built
2021-03-06T09:35:03.400Z - info: Lazy website regeneration complete! Total build time: 0.707s
2021-03-06T09:39:03.738Z - info: Website generation started at 5:39:00 PM
2021-03-06T09:39:14.562Z - info: Building assets...
2021-03-06T09:39:20.930Z - info: Assets built
2021-03-06T09:39:20.931Z - info: Generating pages...
2021-03-06T09:39:34.601Z - debug:  
2021-03-06T09:39:34.602Z - debug:  
2021-03-06T09:39:34.602Z - debug:  
2021-03-06T09:39:34.602Z - debug:  
2021-03-06T09:39:34.602Z - debug:  
2021-03-06T09:39:34.626Z - debug:  
2021-03-06T09:40:16.923Z - warn: You might have an invalid intra-link! Ignore this warning if it was intended.
'/website/book/about/usage.html' found in file 'C:\repos\nus-cs2103-AY2021S1\cs2103-website\book\index.md'
2021-03-06T09:40:16.926Z - warn: You might have an invalid intra-link! Ignore this warning if it was intended.
'/website/book/softwareEngineering/print.html' found in file 'C:\repos\nus-cs2103-AY2021S1\cs2103-website\book\index.md'
2021-03-06T09:40:16.927Z - warn: You might have an invalid intra-link! Ignore this warning if it was intended.
'/website/book/oop/print.html' found in file 'C:\repos\nus-cs2103-AY2021S1\cs2103-website\book\index.md'
2021-03-06T09:40:16.928Z - warn: You might have an invalid intra-link! Ignore this warning if it was intended.
'/website/book/requirements/print.html' found in file 'C:\repos\nus-cs2103-AY2021S1\cs2103-website\book\index.md'
2021-03-06T09:40:16.929Z - warn: You might have an invalid intra-link! Ignore this warning if it was intended.
'/website/book/gatheringRequirements/print.html' found in file 'C:\repos\nus-cs2103-AY2021S1\cs2103-website\book\index.md'
2021-03-06T09:40:16.930Z - warn: You might have an invalid intra-link! Ignore this warning if it was intended.
'/website/book/specifyingRequirements/print.html' found in file 'C:\repos\nus-cs2103-AY2021S1\cs2103-website\book\index.md'
2021-03-06T09:40:16.931Z - warn: You might have an invalid intra-link! Ignore this warning if it was intended.
'/website/book/design/print.html' found in file 'C:\repos\nus-cs2103-AY2021S1\cs2103-website\book\index.md'
2021-03-06T09:40:16.931Z - warn: You might have an invalid intra-link! Ignore this warning if it was intended.
'/website/book/designFundamentals/print.html' found in file 'C:\repos\nus-cs2103-AY2021S1\cs2103-website\book\index.md'
2021-03-06T09:40:16.932Z - warn: You might have an invalid intra-link! Ignore this warning if it was intended.
'/website/book/modeling/print.html' found in file 'C:\repos\nus-cs2103-AY2021S1\cs2103-website\book\index.md'
2021-03-06T09:40:16.933Z - warn: You might have an invalid intra-link! Ignore this warning if it was intended.
'/website/book/architecture/print.html' found in file 'C:\repos\nus-cs2103-AY2021S1\cs2103-website\book\index.md'
2021-03-06T09:40:16.933Z - warn: You might have an invalid intra-link! Ignore this warning if it was intended.
'/website/book/designPatterns/print.html' found in file 'C:\repos\nus-cs2103-AY2021S1\cs2103-website\book\index.md'
2021-03-06T09:40:16.934Z - warn: You might have an invalid intra-link! Ignore this warning if it was intended.
'/website/book/designApproaches/print.html' found in file 'C:\repos\nus-cs2103-AY2021S1\cs2103-website\book\index.md'
2021-03-06T09:40:16.935Z - warn: You might have an invalid intra-link! Ignore this warning if it was intended.
'/website/book/ides/print.html' found in file 'C:\repos\nus-cs2103-AY2021S1\cs2103-website\book\index.md'
2021-03-06T09:40:16.936Z - warn: You might have an invalid intra-link! Ignore this warning if it was intended.
'/website/book/codeQuality/print.html' found in file 'C:\repos\nus-cs2103-AY2021S1\cs2103-website\book\index.md'
2021-03-06T09:40:16.936Z - warn: You might have an invalid intra-link! Ignore this warning if it was intended.
'/website/book/refactoring/print.html' found in file 'C:\repos\nus-cs2103-AY2021S1\cs2103-website\book\index.md'
2021-03-06T09:40:16.937Z - warn: You might have an invalid intra-link! Ignore this warning if it was intended.
'/website/book/documentation/print.html' found in file 'C:\repos\nus-cs2103-AY2021S1\cs2103-website\book\index.md'
2021-03-06T09:40:16.938Z - warn: You might have an invalid intra-link! Ignore this warning if it was intended.
'/website/book/errorHandling/print.html' found in file 'C:\repos\nus-cs2103-AY2021S1\cs2103-website\book\index.md'
2021-03-06T09:40:16.938Z - warn: You might have an invalid intra-link! Ignore this warning if it was intended.
'/website/book/integration/print.html' found in file 'C:\repos\nus-cs2103-AY2021S1\cs2103-website\book\index.md'
2021-03-06T09:40:16.939Z - warn: You might have an invalid intra-link! Ignore this warning if it was intended.
'/website/book/reuse/print.html' found in file 'C:\repos\nus-cs2103-AY2021S1\cs2103-website\book\index.md'
2021-03-06T09:40:16.941Z - warn: You might have an invalid intra-link! Ignore this warning if it was intended.
'/website/book/qualityAssurance/print.html' found in file 'C:\repos\nus-cs2103-AY2021S1\cs2103-website\book\index.md'
2021-03-06T09:40:16.941Z - warn: You might have an invalid intra-link! Ignore this warning if it was intended.
'/website/book/testing/print.html' found in file 'C:\repos\nus-cs2103-AY2021S1\cs2103-website\book\index.md'
2021-03-06T09:40:16.942Z - warn: You might have an invalid intra-link! Ignore this warning if it was intended.
'/website/book/testCaseDesign/print.html' found in file 'C:\repos\nus-cs2103-AY2021S1\cs2103-website\book\index.md'
2021-03-06T09:40:16.944Z - warn: You might have an invalid intra-link! Ignore this warning if it was intended.
'/website/book/revisionControl/print.html' found in file 'C:\repos\nus-cs2103-AY2021S1\cs2103-website\book\index.md'
2021-03-06T09:40:16.944Z - warn: You might have an invalid intra-link! Ignore this warning if it was intended.
'/website/book/projectPlanning/print.html' found in file 'C:\repos\nus-cs2103-AY2021S1\cs2103-website\book\index.md'
2021-03-06T09:40:16.945Z - warn: You might have an invalid intra-link! Ignore this warning if it was intended.
'/website/book/teamwork/print.html' found in file 'C:\repos\nus-cs2103-AY2021S1\cs2103-website\book\index.md'
2021-03-06T09:40:16.946Z - warn: You might have an invalid intra-link! Ignore this warning if it was intended.
'/website/book/processModels/print.html' found in file 'C:\repos\nus-cs2103-AY2021S1\cs2103-website\book\index.md'
2021-03-06T09:40:16.947Z - warn: You might have an invalid intra-link! Ignore this warning if it was intended.
'/website/book/uml/print.html' found in file 'C:\repos\nus-cs2103-AY2021S1\cs2103-website\book\index.md'
2021-03-06T09:40:16.947Z - warn: You might have an invalid intra-link! Ignore this warning if it was intended.
'/website/book/intellij/print.html' found in file 'C:\repos\nus-cs2103-AY2021S1\cs2103-website\book\index.md'
2021-03-06T09:40:16.948Z - warn: You might have an invalid intra-link! Ignore this warning if it was intended.
'/website/book/gitAndGithub/print.html' found in file 'C:\repos\nus-cs2103-AY2021S1\cs2103-website\book\index.md'
2021-03-06T09:40:16.949Z - warn: You might have an invalid intra-link! Ignore this warning if it was intended.
'/website/book/principles/print.html' found in file 'C:\repos\nus-cs2103-AY2021S1\cs2103-website\book\index.md'
2021-03-06T09:40:16.950Z - warn: You might have an invalid intra-link! Ignore this warning if it was intended.
'/website/book/cppToJava/print.html' found in file 'C:\repos\nus-cs2103-AY2021S1\cs2103-website\book\index.md'
2021-03-06T09:40:16.950Z - warn: You might have an invalid intra-link! Ignore this warning if it was intended.
'/website/book/common/definitions.html' found in file 'C:\repos\nus-cs2103-AY2021S1\cs2103-website\book\index.md'
2021-03-06T09:40:16.951Z - warn: You might have an invalid intra-link! Ignore this warning if it was intended.
'/website/book/common/references.html' found in file 'C:\repos\nus-cs2103-AY2021S1\cs2103-website\book\index.md'
2021-03-06T09:40:16.951Z - warn: You might have an invalid intra-link! Ignore this warning if it was intended.
'/website/book/common/outcomes.html' found in file 'C:\repos\nus-cs2103-AY2021S1\cs2103-website\book\index.md'
2021-03-06T09:40:16.951Z - warn: You might have an invalid intra-link! Ignore this warning if it was intended.
'/website/book/common/print.html' found in file 'C:\repos\nus-cs2103-AY2021S1\cs2103-website\book\index.md'
2021-03-06T09:42:22.146Z - debug:  
2021-03-06T09:42:37.388Z - debug:  
2021-03-06T09:42:37.389Z - debug:  
2021-03-06T09:42:49.291Z - info: Pages built
2021-03-06T09:42:49.893Z - info: Site data built
2021-03-06T09:42:49.894Z - info: Website generation complete! Total build time: 229.76s
2021-03-06T09:42:49.894Z - info: Build success!
2021-03-06T09:42:55.265Z - info: Deployed at https://nus-cs2103-ay2021s2.github.io/website!
2021-03-06T09:50:27.784Z - info: Website generation started at 5:50:20 PM
2021-03-06T09:50:41.876Z - info: Building assets...
