2021-02-26T09:22:37.357Z - info: Website generation (lazy) started at 5:22:28 PM
2021-02-26T09:22:48.543Z - info: Building assets...
2021-02-26T09:22:56.979Z - info: Assets built
2021-02-26T09:22:56.980Z - info: Generating landing page...
2021-02-26T09:22:57.717Z - warn: You might have an invalid intra-link! Ignore this warning if it was intended.
'/2021/admin/ip-overview.html' found in file 'C:\repos\nus-cs2103-AY2021S1\cs2103-website\_markbind\headers\header.md'
2021-02-26T09:22:57.718Z - warn: You might have an invalid intra-link! Ignore this warning if it was intended.
'/2021/admin/ip-showcase.html' found in file 'C:\repos\nus-cs2103-AY2021S1\cs2103-website\_markbind\headers\header.md'
2021-02-26T09:22:57.720Z - warn: You might have an invalid intra-link! Ignore this warning if it was intended.
'/2021/admin/tp-expectations.html' found in file 'C:\repos\nus-cs2103-AY2021S1\cs2103-website\_markbind\headers\header.md'
2021-02-26T09:22:57.722Z - warn: You might have an invalid intra-link! Ignore this warning if it was intended.
'/2021/admin/teamList.html' found in file 'C:\repos\nus-cs2103-AY2021S1\cs2103-website\_markbind\headers\header.md'
2021-02-26T09:22:57.725Z - warn: You might have an invalid intra-link! Ignore this warning if it was intended.
'/2021/admin/tutorials.html' found in file 'C:\repos\nus-cs2103-AY2021S1\cs2103-website\_markbind\headers\header.md'
2021-02-26T09:22:57.900Z - info: Landing page built, other pages will be built as you navigate to them!
2021-02-26T09:22:58.426Z - info: Site data built
2021-02-26T09:22:58.427Z - info: Website generation (lazy) complete! Total build time: 30.269s
2021-02-26T09:22:59.310Z - info: Serving "C:\repos\nus-cs2103-AY2021S1\cs2103-website\_site" at http://127.0.0.1:8080
2021-02-26T09:22:59.310Z - info: Press CTRL+C to stop ...
2021-02-26T09:23:13.309Z - info: Building C:\repos\nus-cs2103-AY2021S1\cs2103-website\schedule\week6\admin as some of its dependencies were changed since the last visit
2021-02-26T09:23:13.452Z - warn: You might have an invalid intra-link! Ignore this warning if it was intended.
'/2021/admin/ip-overview.html' found in file 'C:\repos\nus-cs2103-AY2021S1\cs2103-website\_markbind\headers\header.md'
2021-02-26T09:23:13.454Z - warn: You might have an invalid intra-link! Ignore this warning if it was intended.
'/2021/admin/ip-showcase.html' found in file 'C:\repos\nus-cs2103-AY2021S1\cs2103-website\_markbind\headers\header.md'
2021-02-26T09:23:13.455Z - warn: You might have an invalid intra-link! Ignore this warning if it was intended.
'/2021/admin/tp-expectations.html' found in file 'C:\repos\nus-cs2103-AY2021S1\cs2103-website\_markbind\headers\header.md'
2021-02-26T09:23:13.458Z - warn: You might have an invalid intra-link! Ignore this warning if it was intended.
'/2021/admin/teamList.html' found in file 'C:\repos\nus-cs2103-AY2021S1\cs2103-website\_markbind\headers\header.md'
2021-02-26T09:23:13.460Z - warn: You might have an invalid intra-link! Ignore this warning if it was intended.
'/2021/admin/tutorials.html' found in file 'C:\repos\nus-cs2103-AY2021S1\cs2103-website\_markbind\headers\header.md'
2021-02-26T09:23:13.580Z - info: Site data built
2021-02-26T09:23:13.581Z - info: Lazy website regeneration complete! Total build time: 0.272s
2021-02-26T09:23:17.116Z - info: Building C:\repos\nus-cs2103-AY2021S1\cs2103-website\schedule\week8\admin as some of its dependencies were changed since the last visit
2021-02-26T09:23:17.269Z - warn: You might have an invalid intra-link! Ignore this warning if it was intended.
'/2021/admin/ip-overview.html' found in file 'C:\repos\nus-cs2103-AY2021S1\cs2103-website\_markbind\headers\header.md'
2021-02-26T09:23:17.275Z - warn: You might have an invalid intra-link! Ignore this warning if it was intended.
'/2021/admin/ip-showcase.html' found in file 'C:\repos\nus-cs2103-AY2021S1\cs2103-website\_markbind\headers\header.md'
2021-02-26T09:23:17.278Z - warn: You might have an invalid intra-link! Ignore this warning if it was intended.
'/2021/admin/tp-expectations.html' found in file 'C:\repos\nus-cs2103-AY2021S1\cs2103-website\_markbind\headers\header.md'
2021-02-26T09:23:17.282Z - warn: You might have an invalid intra-link! Ignore this warning if it was intended.
'/2021/admin/teamList.html' found in file 'C:\repos\nus-cs2103-AY2021S1\cs2103-website\_markbind\headers\header.md'
2021-02-26T09:23:17.288Z - warn: You might have an invalid intra-link! Ignore this warning if it was intended.
'/2021/admin/tutorials.html' found in file 'C:\repos\nus-cs2103-AY2021S1\cs2103-website\_markbind\headers\header.md'
2021-02-26T09:23:17.406Z - info: Site data built
2021-02-26T09:23:17.407Z - info: Lazy website regeneration complete! Total build time: 0.292s
2021-02-26T09:26:59.510Z - info: [5:26:59 PM] Reload for file change: C:\repos\nus-cs2103-AY2021S1\cs2103-website\programming\monty\monty.mbdf
2021-02-26T09:27:00.546Z - info: Rebuilding 1 pages
2021-02-26T09:27:01.035Z - warn: You might have an invalid intra-link! Ignore this warning if it was intended.
'/2021/admin/ip-overview.html' found in file 'C:\repos\nus-cs2103-AY2021S1\cs2103-website\_markbind\headers\header.md'
2021-02-26T09:27:01.036Z - warn: You might have an invalid intra-link! Ignore this warning if it was intended.
'/2021/admin/ip-showcase.html' found in file 'C:\repos\nus-cs2103-AY2021S1\cs2103-website\_markbind\headers\header.md'
2021-02-26T09:27:01.038Z - warn: You might have an invalid intra-link! Ignore this warning if it was intended.
'/2021/admin/tp-expectations.html' found in file 'C:\repos\nus-cs2103-AY2021S1\cs2103-website\_markbind\headers\header.md'
2021-02-26T09:27:01.041Z - warn: You might have an invalid intra-link! Ignore this warning if it was intended.
'/2021/admin/teamList.html' found in file 'C:\repos\nus-cs2103-AY2021S1\cs2103-website\_markbind\headers\header.md'
2021-02-26T09:27:01.044Z - warn: You might have an invalid intra-link! Ignore this warning if it was intended.
'/2021/admin/tutorials.html' found in file 'C:\repos\nus-cs2103-AY2021S1\cs2103-website\_markbind\headers\header.md'
2021-02-26T09:27:01.294Z - info: Site data built
2021-02-26T09:27:01.294Z - info: Pages rebuilt
2021-02-26T09:27:01.294Z - info: Website regeneration complete! Total build time: 0.754s
2021-02-26T09:27:21.645Z - info: [5:27:21 PM] Reload for file change: C:\repos\nus-cs2103-AY2021S1\cs2103-website\programming\monty\monty.mbdf
2021-02-26T09:27:22.649Z - info: Rebuilding 1 pages
2021-02-26T09:27:22.931Z - warn: You might have an invalid intra-link! Ignore this warning if it was intended.
'/2021/admin/ip-overview.html' found in file 'C:\repos\nus-cs2103-AY2021S1\cs2103-website\_markbind\headers\header.md'
2021-02-26T09:27:22.934Z - warn: You might have an invalid intra-link! Ignore this warning if it was intended.
'/2021/admin/ip-showcase.html' found in file 'C:\repos\nus-cs2103-AY2021S1\cs2103-website\_markbind\headers\header.md'
2021-02-26T09:27:22.936Z - warn: You might have an invalid intra-link! Ignore this warning if it was intended.
'/2021/admin/tp-expectations.html' found in file 'C:\repos\nus-cs2103-AY2021S1\cs2103-website\_markbind\headers\header.md'
2021-02-26T09:27:22.937Z - warn: You might have an invalid intra-link! Ignore this warning if it was intended.
'/2021/admin/teamList.html' found in file 'C:\repos\nus-cs2103-AY2021S1\cs2103-website\_markbind\headers\header.md'
2021-02-26T09:27:22.940Z - warn: You might have an invalid intra-link! Ignore this warning if it was intended.
'/2021/admin/tutorials.html' found in file 'C:\repos\nus-cs2103-AY2021S1\cs2103-website\_markbind\headers\header.md'
2021-02-26T09:27:23.063Z - info: Site data built
2021-02-26T09:27:23.063Z - info: Pages rebuilt
2021-02-26T09:27:23.063Z - info: Website regeneration complete! Total build time: 0.415s
2021-02-26T09:27:54.216Z - info: [5:27:54 PM] Reload for file change: C:\repos\nus-cs2103-AY2021S1\cs2103-website\programming\monty\monty.mbdf
2021-02-26T09:27:55.228Z - info: Rebuilding 1 pages
2021-02-26T09:27:55.548Z - warn: You might have an invalid intra-link! Ignore this warning if it was intended.
'/2021/admin/ip-overview.html' found in file 'C:\repos\nus-cs2103-AY2021S1\cs2103-website\_markbind\headers\header.md'
2021-02-26T09:27:55.549Z - warn: You might have an invalid intra-link! Ignore this warning if it was intended.
'/2021/admin/ip-showcase.html' found in file 'C:\repos\nus-cs2103-AY2021S1\cs2103-website\_markbind\headers\header.md'
2021-02-26T09:27:55.551Z - warn: You might have an invalid intra-link! Ignore this warning if it was intended.
'/2021/admin/tp-expectations.html' found in file 'C:\repos\nus-cs2103-AY2021S1\cs2103-website\_markbind\headers\header.md'
2021-02-26T09:27:55.553Z - warn: You might have an invalid intra-link! Ignore this warning if it was intended.
'/2021/admin/teamList.html' found in file 'C:\repos\nus-cs2103-AY2021S1\cs2103-website\_markbind\headers\header.md'
2021-02-26T09:27:55.556Z - warn: You might have an invalid intra-link! Ignore this warning if it was intended.
'/2021/admin/tutorials.html' found in file 'C:\repos\nus-cs2103-AY2021S1\cs2103-website\_markbind\headers\header.md'
2021-02-26T09:27:55.662Z - info: Site data built
2021-02-26T09:27:55.663Z - info: Pages rebuilt
2021-02-26T09:27:55.663Z - info: Website regeneration complete! Total build time: 0.444s
2021-02-26T09:29:12.040Z - info: [5:29:12 PM] Reload for file change: C:\repos\nus-cs2103-AY2021S1\cs2103-website\programming\monty\monty.mbdf
2021-02-26T09:29:13.051Z - info: Rebuilding 1 pages
2021-02-26T09:29:13.309Z - warn: You might have an invalid intra-link! Ignore this warning if it was intended.
'/2021/admin/ip-overview.html' found in file 'C:\repos\nus-cs2103-AY2021S1\cs2103-website\_markbind\headers\header.md'
2021-02-26T09:29:13.310Z - warn: You might have an invalid intra-link! Ignore this warning if it was intended.
'/2021/admin/ip-showcase.html' found in file 'C:\repos\nus-cs2103-AY2021S1\cs2103-website\_markbind\headers\header.md'
2021-02-26T09:29:13.312Z - warn: You might have an invalid intra-link! Ignore this warning if it was intended.
'/2021/admin/tp-expectations.html' found in file 'C:\repos\nus-cs2103-AY2021S1\cs2103-website\_markbind\headers\header.md'
2021-02-26T09:29:13.314Z - warn: You might have an invalid intra-link! Ignore this warning if it was intended.
'/2021/admin/teamList.html' found in file 'C:\repos\nus-cs2103-AY2021S1\cs2103-website\_markbind\headers\header.md'
2021-02-26T09:29:13.316Z - warn: You might have an invalid intra-link! Ignore this warning if it was intended.
'/2021/admin/tutorials.html' found in file 'C:\repos\nus-cs2103-AY2021S1\cs2103-website\_markbind\headers\header.md'
2021-02-26T09:29:13.425Z - info: Site data built
2021-02-26T09:29:13.425Z - info: Pages rebuilt
2021-02-26T09:29:13.425Z - info: Website regeneration complete! Total build time: 0.377s
2021-02-26T09:30:15.577Z - info: [5:30:15 PM] Reload for file change: C:\repos\nus-cs2103-AY2021S1\cs2103-website\programming\monty\monty.mbdf
2021-02-26T09:30:16.587Z - info: Rebuilding 1 pages
2021-02-26T09:30:16.878Z - warn: You might have an invalid intra-link! Ignore this warning if it was intended.
'/2021/admin/ip-overview.html' found in file 'C:\repos\nus-cs2103-AY2021S1\cs2103-website\_markbind\headers\header.md'
2021-02-26T09:30:16.880Z - warn: You might have an invalid intra-link! Ignore this warning if it was intended.
'/2021/admin/ip-showcase.html' found in file 'C:\repos\nus-cs2103-AY2021S1\cs2103-website\_markbind\headers\header.md'
2021-02-26T09:30:16.881Z - warn: You might have an invalid intra-link! Ignore this warning if it was intended.
'/2021/admin/tp-expectations.html' found in file 'C:\repos\nus-cs2103-AY2021S1\cs2103-website\_markbind\headers\header.md'
2021-02-26T09:30:16.883Z - warn: You might have an invalid intra-link! Ignore this warning if it was intended.
'/2021/admin/teamList.html' found in file 'C:\repos\nus-cs2103-AY2021S1\cs2103-website\_markbind\headers\header.md'
2021-02-26T09:30:16.885Z - warn: You might have an invalid intra-link! Ignore this warning if it was intended.
'/2021/admin/tutorials.html' found in file 'C:\repos\nus-cs2103-AY2021S1\cs2103-website\_markbind\headers\header.md'
2021-02-26T09:30:16.994Z - info: Site data built
2021-02-26T09:30:16.995Z - info: Pages rebuilt
2021-02-26T09:30:16.995Z - info: Website regeneration complete! Total build time: 0.411s
2021-02-26T09:30:57.988Z - info: [5:30:57 PM] Reload for file change: C:\repos\nus-cs2103-AY2021S1\cs2103-website\programming\monty\monty.mbdf
2021-02-26T09:30:58.997Z - info: Rebuilding 1 pages
2021-02-26T09:30:59.223Z - warn: You might have an invalid intra-link! Ignore this warning if it was intended.
'/2021/admin/ip-overview.html' found in file 'C:\repos\nus-cs2103-AY2021S1\cs2103-website\_markbind\headers\header.md'
2021-02-26T09:30:59.224Z - warn: You might have an invalid intra-link! Ignore this warning if it was intended.
'/2021/admin/ip-showcase.html' found in file 'C:\repos\nus-cs2103-AY2021S1\cs2103-website\_markbind\headers\header.md'
2021-02-26T09:30:59.226Z - warn: You might have an invalid intra-link! Ignore this warning if it was intended.
'/2021/admin/tp-expectations.html' found in file 'C:\repos\nus-cs2103-AY2021S1\cs2103-website\_markbind\headers\header.md'
2021-02-26T09:30:59.227Z - warn: You might have an invalid intra-link! Ignore this warning if it was intended.
'/2021/admin/teamList.html' found in file 'C:\repos\nus-cs2103-AY2021S1\cs2103-website\_markbind\headers\header.md'
2021-02-26T09:30:59.229Z - warn: You might have an invalid intra-link! Ignore this warning if it was intended.
'/2021/admin/tutorials.html' found in file 'C:\repos\nus-cs2103-AY2021S1\cs2103-website\_markbind\headers\header.md'
2021-02-26T09:30:59.320Z - info: Site data built
2021-02-26T09:30:59.320Z - info: Pages rebuilt
2021-02-26T09:30:59.320Z - info: Website regeneration complete! Total build time: 0.327s
2021-02-26T09:34:08.273Z - info: [5:34:08 PM] Reload for file change: C:\repos\nus-cs2103-AY2021S1\cs2103-website\programming\monty\monty.mbdf
2021-02-26T09:34:09.281Z - info: Rebuilding 1 pages
2021-02-26T09:34:09.627Z - warn: You might have an invalid intra-link! Ignore this warning if it was intended.
'/2021/admin/ip-overview.html' found in file 'C:\repos\nus-cs2103-AY2021S1\cs2103-website\_markbind\headers\header.md'
2021-02-26T09:34:09.632Z - warn: You might have an invalid intra-link! Ignore this warning if it was intended.
'/2021/admin/ip-showcase.html' found in file 'C:\repos\nus-cs2103-AY2021S1\cs2103-website\_markbind\headers\header.md'
2021-02-26T09:34:09.636Z - warn: You might have an invalid intra-link! Ignore this warning if it was intended.
'/2021/admin/tp-expectations.html' found in file 'C:\repos\nus-cs2103-AY2021S1\cs2103-website\_markbind\headers\header.md'
2021-02-26T09:34:09.641Z - warn: You might have an invalid intra-link! Ignore this warning if it was intended.
'/2021/admin/teamList.html' found in file 'C:\repos\nus-cs2103-AY2021S1\cs2103-website\_markbind\headers\header.md'
2021-02-26T09:34:09.650Z - warn: You might have an invalid intra-link! Ignore this warning if it was intended.
'/2021/admin/tutorials.html' found in file 'C:\repos\nus-cs2103-AY2021S1\cs2103-website\_markbind\headers\header.md'
2021-02-26T09:34:09.810Z - info: Site data built
2021-02-26T09:34:09.811Z - info: Pages rebuilt
2021-02-26T09:34:09.811Z - info: Website regeneration complete! Total build time: 0.533s
2021-02-26T09:34:21.711Z - info: [5:34:21 PM] Reload for file change: C:\repos\nus-cs2103-AY2021S1\cs2103-website\programming\monty\monty.mbdf
2021-02-26T09:34:22.733Z - info: Rebuilding 1 pages
2021-02-26T09:34:23.007Z - warn: You might have an invalid intra-link! Ignore this warning if it was intended.
'/2021/admin/ip-overview.html' found in file 'C:\repos\nus-cs2103-AY2021S1\cs2103-website\_markbind\headers\header.md'
2021-02-26T09:34:23.009Z - warn: You might have an invalid intra-link! Ignore this warning if it was intended.
'/2021/admin/ip-showcase.html' found in file 'C:\repos\nus-cs2103-AY2021S1\cs2103-website\_markbind\headers\header.md'
2021-02-26T09:34:23.012Z - warn: You might have an invalid intra-link! Ignore this warning if it was intended.
'/2021/admin/tp-expectations.html' found in file 'C:\repos\nus-cs2103-AY2021S1\cs2103-website\_markbind\headers\header.md'
2021-02-26T09:34:23.015Z - warn: You might have an invalid intra-link! Ignore this warning if it was intended.
'/2021/admin/teamList.html' found in file 'C:\repos\nus-cs2103-AY2021S1\cs2103-website\_markbind\headers\header.md'
2021-02-26T09:34:23.018Z - warn: You might have an invalid intra-link! Ignore this warning if it was intended.
'/2021/admin/tutorials.html' found in file 'C:\repos\nus-cs2103-AY2021S1\cs2103-website\_markbind\headers\header.md'
2021-02-26T09:34:23.149Z - info: Site data built
2021-02-26T09:34:23.149Z - info: Pages rebuilt
2021-02-26T09:34:23.150Z - info: Website regeneration complete! Total build time: 0.418s
2021-02-26T09:38:03.881Z - info: [5:38:03 PM] Reload for file change: C:\repos\nus-cs2103-AY2021S1\cs2103-website\programming\monty\monty.mbdf
2021-02-26T09:38:04.885Z - info: Rebuilding 1 pages
2021-02-26T09:38:05.060Z - warn: You might have an invalid intra-link! Ignore this warning if it was intended.
'/2021/admin/ip-overview.html' found in file 'C:\repos\nus-cs2103-AY2021S1\cs2103-website\_markbind\headers\header.md'
2021-02-26T09:38:05.061Z - warn: You might have an invalid intra-link! Ignore this warning if it was intended.
'/2021/admin/ip-showcase.html' found in file 'C:\repos\nus-cs2103-AY2021S1\cs2103-website\_markbind\headers\header.md'
2021-02-26T09:38:05.063Z - warn: You might have an invalid intra-link! Ignore this warning if it was intended.
'/2021/admin/tp-expectations.html' found in file 'C:\repos\nus-cs2103-AY2021S1\cs2103-website\_markbind\headers\header.md'
2021-02-26T09:38:05.064Z - warn: You might have an invalid intra-link! Ignore this warning if it was intended.
'/2021/admin/teamList.html' found in file 'C:\repos\nus-cs2103-AY2021S1\cs2103-website\_markbind\headers\header.md'
2021-02-26T09:38:05.066Z - warn: You might have an invalid intra-link! Ignore this warning if it was intended.
'/2021/admin/tutorials.html' found in file 'C:\repos\nus-cs2103-AY2021S1\cs2103-website\_markbind\headers\header.md'
2021-02-26T09:38:05.169Z - info: Site data built
2021-02-26T09:38:05.170Z - info: Pages rebuilt
2021-02-26T09:38:05.170Z - info: Website regeneration complete! Total build time: 0.286s
2021-02-26T09:40:21.243Z - info: [5:40:21 PM] Reload for file change: C:\repos\nus-cs2103-AY2021S1\cs2103-website\programming\monty\monty.mbdf
2021-02-26T09:40:22.254Z - info: Rebuilding 1 pages
2021-02-26T09:40:22.506Z - warn: You might have an invalid intra-link! Ignore this warning if it was intended.
'/2021/admin/ip-overview.html' found in file 'C:\repos\nus-cs2103-AY2021S1\cs2103-website\_markbind\headers\header.md'
2021-02-26T09:40:22.508Z - warn: You might have an invalid intra-link! Ignore this warning if it was intended.
'/2021/admin/ip-showcase.html' found in file 'C:\repos\nus-cs2103-AY2021S1\cs2103-website\_markbind\headers\header.md'
2021-02-26T09:40:22.510Z - warn: You might have an invalid intra-link! Ignore this warning if it was intended.
'/2021/admin/tp-expectations.html' found in file 'C:\repos\nus-cs2103-AY2021S1\cs2103-website\_markbind\headers\header.md'
2021-02-26T09:40:22.511Z - warn: You might have an invalid intra-link! Ignore this warning if it was intended.
'/2021/admin/teamList.html' found in file 'C:\repos\nus-cs2103-AY2021S1\cs2103-website\_markbind\headers\header.md'
2021-02-26T09:40:22.514Z - warn: You might have an invalid intra-link! Ignore this warning if it was intended.
'/2021/admin/tutorials.html' found in file 'C:\repos\nus-cs2103-AY2021S1\cs2103-website\_markbind\headers\header.md'
2021-02-26T09:40:22.668Z - info: Site data built
2021-02-26T09:40:22.668Z - info: Pages rebuilt
2021-02-26T09:40:22.669Z - info: Website regeneration complete! Total build time: 0.417s
2021-02-26T09:41:49.916Z - info: [5:41:49 PM] Reload for file change: C:\repos\nus-cs2103-AY2021S1\cs2103-website\programming\monty\monty.mbdf
2021-02-26T09:41:50.921Z - info: Rebuilding 1 pages
2021-02-26T09:41:51.259Z - warn: You might have an invalid intra-link! Ignore this warning if it was intended.
'/2021/admin/ip-overview.html' found in file 'C:\repos\nus-cs2103-AY2021S1\cs2103-website\_markbind\headers\header.md'
2021-02-26T09:41:51.261Z - warn: You might have an invalid intra-link! Ignore this warning if it was intended.
'/2021/admin/ip-showcase.html' found in file 'C:\repos\nus-cs2103-AY2021S1\cs2103-website\_markbind\headers\header.md'
2021-02-26T09:41:51.262Z - warn: You might have an invalid intra-link! Ignore this warning if it was intended.
'/2021/admin/tp-expectations.html' found in file 'C:\repos\nus-cs2103-AY2021S1\cs2103-website\_markbind\headers\header.md'
2021-02-26T09:41:51.263Z - warn: You might have an invalid intra-link! Ignore this warning if it was intended.
'/2021/admin/teamList.html' found in file 'C:\repos\nus-cs2103-AY2021S1\cs2103-website\_markbind\headers\header.md'
2021-02-26T09:41:51.266Z - warn: You might have an invalid intra-link! Ignore this warning if it was intended.
'/2021/admin/tutorials.html' found in file 'C:\repos\nus-cs2103-AY2021S1\cs2103-website\_markbind\headers\header.md'
2021-02-26T09:41:51.364Z - info: Site data built
2021-02-26T09:41:51.365Z - info: Pages rebuilt
2021-02-26T09:41:51.365Z - info: Website regeneration complete! Total build time: 0.447s
2021-02-26T09:42:44.130Z - info: [5:42:44 PM] Reload for file change: C:\repos\nus-cs2103-AY2021S1\cs2103-website\programming\monty\monty.mbdf
2021-02-26T09:42:45.136Z - info: Rebuilding 1 pages
2021-02-26T09:42:45.378Z - warn: You might have an invalid intra-link! Ignore this warning if it was intended.
'/2021/admin/ip-overview.html' found in file 'C:\repos\nus-cs2103-AY2021S1\cs2103-website\_markbind\headers\header.md'
2021-02-26T09:42:45.379Z - warn: You might have an invalid intra-link! Ignore this warning if it was intended.
'/2021/admin/ip-showcase.html' found in file 'C:\repos\nus-cs2103-AY2021S1\cs2103-website\_markbind\headers\header.md'
2021-02-26T09:42:45.381Z - warn: You might have an invalid intra-link! Ignore this warning if it was intended.
'/2021/admin/tp-expectations.html' found in file 'C:\repos\nus-cs2103-AY2021S1\cs2103-website\_markbind\headers\header.md'
2021-02-26T09:42:45.382Z - warn: You might have an invalid intra-link! Ignore this warning if it was intended.
'/2021/admin/teamList.html' found in file 'C:\repos\nus-cs2103-AY2021S1\cs2103-website\_markbind\headers\header.md'
2021-02-26T09:42:45.385Z - warn: You might have an invalid intra-link! Ignore this warning if it was intended.
'/2021/admin/tutorials.html' found in file 'C:\repos\nus-cs2103-AY2021S1\cs2103-website\_markbind\headers\header.md'
2021-02-26T09:42:45.491Z - info: Site data built
2021-02-26T09:42:45.492Z - info: Pages rebuilt
2021-02-26T09:42:45.492Z - info: Website regeneration complete! Total build time: 0.358s
2021-02-26T09:44:53.415Z - info: [5:44:53 PM] Reload for file change: C:\repos\nus-cs2103-AY2021S1\cs2103-website\programming\monty\monty.mbdf
2021-02-26T09:44:54.421Z - info: Rebuilding 1 pages
2021-02-26T09:44:54.654Z - warn: You might have an invalid intra-link! Ignore this warning if it was intended.
'/2021/admin/ip-overview.html' found in file 'C:\repos\nus-cs2103-AY2021S1\cs2103-website\_markbind\headers\header.md'
2021-02-26T09:44:54.655Z - warn: You might have an invalid intra-link! Ignore this warning if it was intended.
'/2021/admin/ip-showcase.html' found in file 'C:\repos\nus-cs2103-AY2021S1\cs2103-website\_markbind\headers\header.md'
2021-02-26T09:44:54.657Z - warn: You might have an invalid intra-link! Ignore this warning if it was intended.
'/2021/admin/tp-expectations.html' found in file 'C:\repos\nus-cs2103-AY2021S1\cs2103-website\_markbind\headers\header.md'
2021-02-26T09:44:54.659Z - warn: You might have an invalid intra-link! Ignore this warning if it was intended.
'/2021/admin/teamList.html' found in file 'C:\repos\nus-cs2103-AY2021S1\cs2103-website\_markbind\headers\header.md'
2021-02-26T09:44:54.662Z - warn: You might have an invalid intra-link! Ignore this warning if it was intended.
'/2021/admin/tutorials.html' found in file 'C:\repos\nus-cs2103-AY2021S1\cs2103-website\_markbind\headers\header.md'
2021-02-26T09:44:54.798Z - info: Site data built
2021-02-26T09:44:54.799Z - info: Pages rebuilt
2021-02-26T09:44:54.799Z - info: Website regeneration complete! Total build time: 0.381s
2021-02-26T09:46:22.775Z - info: [5:46:22 PM] Reload for file change: C:\repos\nus-cs2103-AY2021S1\cs2103-website\programming\monty\monty.mbdf
2021-02-26T09:46:23.776Z - info: Rebuilding 1 pages
2021-02-26T09:46:24.007Z - warn: You might have an invalid intra-link! Ignore this warning if it was intended.
'/2021/admin/ip-overview.html' found in file 'C:\repos\nus-cs2103-AY2021S1\cs2103-website\_markbind\headers\header.md'
2021-02-26T09:46:24.009Z - warn: You might have an invalid intra-link! Ignore this warning if it was intended.
'/2021/admin/ip-showcase.html' found in file 'C:\repos\nus-cs2103-AY2021S1\cs2103-website\_markbind\headers\header.md'
2021-02-26T09:46:24.011Z - warn: You might have an invalid intra-link! Ignore this warning if it was intended.
'/2021/admin/tp-expectations.html' found in file 'C:\repos\nus-cs2103-AY2021S1\cs2103-website\_markbind\headers\header.md'
2021-02-26T09:46:24.013Z - warn: You might have an invalid intra-link! Ignore this warning if it was intended.
'/2021/admin/teamList.html' found in file 'C:\repos\nus-cs2103-AY2021S1\cs2103-website\_markbind\headers\header.md'
2021-02-26T09:46:24.016Z - warn: You might have an invalid intra-link! Ignore this warning if it was intended.
'/2021/admin/tutorials.html' found in file 'C:\repos\nus-cs2103-AY2021S1\cs2103-website\_markbind\headers\header.md'
2021-02-26T09:46:24.131Z - info: Site data built
2021-02-26T09:46:24.131Z - info: Pages rebuilt
2021-02-26T09:46:24.132Z - info: Website regeneration complete! Total build time: 0.357s
2021-02-26T09:56:50.981Z - info: Building C:\repos\nus-cs2103-AY2021S1\cs2103-website\schedule\week8\topics as some of its dependencies were changed since the last visit
2021-02-26T09:56:52.116Z - warn: You might have an invalid intra-link! Ignore this warning if it was intended.
'/2021/admin/ip-overview.html' found in file 'C:\repos\nus-cs2103-AY2021S1\cs2103-website\_markbind\headers\header.md'
2021-02-26T09:56:52.119Z - warn: You might have an invalid intra-link! Ignore this warning if it was intended.
'/2021/admin/ip-showcase.html' found in file 'C:\repos\nus-cs2103-AY2021S1\cs2103-website\_markbind\headers\header.md'
2021-02-26T09:56:52.121Z - warn: You might have an invalid intra-link! Ignore this warning if it was intended.
'/2021/admin/tp-expectations.html' found in file 'C:\repos\nus-cs2103-AY2021S1\cs2103-website\_markbind\headers\header.md'
2021-02-26T09:56:52.124Z - warn: You might have an invalid intra-link! Ignore this warning if it was intended.
'/2021/admin/teamList.html' found in file 'C:\repos\nus-cs2103-AY2021S1\cs2103-website\_markbind\headers\header.md'
2021-02-26T09:56:52.128Z - warn: You might have an invalid intra-link! Ignore this warning if it was intended.
'/2021/admin/tutorials.html' found in file 'C:\repos\nus-cs2103-AY2021S1\cs2103-website\_markbind\headers\header.md'
2021-02-26T09:56:52.630Z - info: Site data built
2021-02-26T09:56:52.631Z - info: Lazy website regeneration complete! Total build time: 1.658s
2021-02-26T09:58:30.787Z - info: Building C:\repos\nus-cs2103-AY2021S1\cs2103-website\schedule\week8\index as some of its dependencies were changed since the last visit
2021-02-26T09:58:31.168Z - warn: You might have an invalid intra-link! Ignore this warning if it was intended.
'/2021/admin/ip-overview.html' found in file 'C:\repos\nus-cs2103-AY2021S1\cs2103-website\_markbind\headers\header.md'
2021-02-26T09:58:31.170Z - warn: You might have an invalid intra-link! Ignore this warning if it was intended.
'/2021/admin/ip-showcase.html' found in file 'C:\repos\nus-cs2103-AY2021S1\cs2103-website\_markbind\headers\header.md'
2021-02-26T09:58:31.171Z - warn: You might have an invalid intra-link! Ignore this warning if it was intended.
'/2021/admin/tp-expectations.html' found in file 'C:\repos\nus-cs2103-AY2021S1\cs2103-website\_markbind\headers\header.md'
2021-02-26T09:58:31.173Z - warn: You might have an invalid intra-link! Ignore this warning if it was intended.
'/2021/admin/teamList.html' found in file 'C:\repos\nus-cs2103-AY2021S1\cs2103-website\_markbind\headers\header.md'
2021-02-26T09:58:31.176Z - warn: You might have an invalid intra-link! Ignore this warning if it was intended.
'/2021/admin/tutorials.html' found in file 'C:\repos\nus-cs2103-AY2021S1\cs2103-website\_markbind\headers\header.md'
2021-02-26T09:58:31.332Z - info: Site data built
2021-02-26T09:58:31.333Z - info: Lazy website regeneration complete! Total build time: 0.547s
2021-02-26T10:00:07.717Z - info: Building C:\repos\nus-cs2103-AY2021S1\cs2103-website\schedule\week9\index as some of its dependencies were changed since the last visit
2021-02-26T10:00:08.174Z - warn: You might have an invalid intra-link! Ignore this warning if it was intended.
'/2021/admin/ip-overview.html' found in file 'C:\repos\nus-cs2103-AY2021S1\cs2103-website\_markbind\headers\header.md'
2021-02-26T10:00:08.176Z - warn: You might have an invalid intra-link! Ignore this warning if it was intended.
'/2021/admin/ip-showcase.html' found in file 'C:\repos\nus-cs2103-AY2021S1\cs2103-website\_markbind\headers\header.md'
2021-02-26T10:00:08.178Z - warn: You might have an invalid intra-link! Ignore this warning if it was intended.
'/2021/admin/tp-expectations.html' found in file 'C:\repos\nus-cs2103-AY2021S1\cs2103-website\_markbind\headers\header.md'
2021-02-26T10:00:08.181Z - warn: You might have an invalid intra-link! Ignore this warning if it was intended.
'/2021/admin/teamList.html' found in file 'C:\repos\nus-cs2103-AY2021S1\cs2103-website\_markbind\headers\header.md'
2021-02-26T10:00:08.191Z - warn: You might have an invalid intra-link! Ignore this warning if it was intended.
'/2021/admin/tutorials.html' found in file 'C:\repos\nus-cs2103-AY2021S1\cs2103-website\_markbind\headers\header.md'
2021-02-26T10:00:08.473Z - info: Site data built
2021-02-26T10:00:08.474Z - info: Lazy website regeneration complete! Total build time: 0.758s
2021-02-26T10:00:20.278Z - info: Building C:\repos\nus-cs2103-AY2021S1\cs2103-website\schedule\week9\topics-py as some of its dependencies were changed since the last visit
2021-02-26T10:00:20.589Z - warn: You might have an invalid intra-link! Ignore this warning if it was intended.
'/2021/admin/ip-overview.html' found in file 'C:\repos\nus-cs2103-AY2021S1\cs2103-website\_markbind\headers\header.md'
2021-02-26T10:00:20.592Z - warn: You might have an invalid intra-link! Ignore this warning if it was intended.
'/2021/admin/ip-showcase.html' found in file 'C:\repos\nus-cs2103-AY2021S1\cs2103-website\_markbind\headers\header.md'
2021-02-26T10:00:20.595Z - warn: You might have an invalid intra-link! Ignore this warning if it was intended.
'/2021/admin/tp-expectations.html' found in file 'C:\repos\nus-cs2103-AY2021S1\cs2103-website\_markbind\headers\header.md'
2021-02-26T10:00:20.605Z - warn: You might have an invalid intra-link! Ignore this warning if it was intended.
'/2021/admin/teamList.html' found in file 'C:\repos\nus-cs2103-AY2021S1\cs2103-website\_markbind\headers\header.md'
2021-02-26T10:00:20.611Z - warn: You might have an invalid intra-link! Ignore this warning if it was intended.
'/2021/admin/tutorials.html' found in file 'C:\repos\nus-cs2103-AY2021S1\cs2103-website\_markbind\headers\header.md'
2021-02-26T10:00:21.000Z - info: Site data built
2021-02-26T10:00:21.000Z - info: Lazy website regeneration complete! Total build time: 0.722s
2021-02-26T10:00:52.549Z - info: Building C:\repos\nus-cs2103-AY2021S1\cs2103-website\schedule\week9\topics as some of its dependencies were changed since the last visit
2021-02-26T10:00:54.214Z - warn: You might have an invalid intra-link! Ignore this warning if it was intended.
'/2021/admin/ip-overview.html' found in file 'C:\repos\nus-cs2103-AY2021S1\cs2103-website\_markbind\headers\header.md'
2021-02-26T10:00:54.215Z - warn: You might have an invalid intra-link! Ignore this warning if it was intended.
'/2021/admin/ip-showcase.html' found in file 'C:\repos\nus-cs2103-AY2021S1\cs2103-website\_markbind\headers\header.md'
2021-02-26T10:00:54.217Z - warn: You might have an invalid intra-link! Ignore this warning if it was intended.
'/2021/admin/tp-expectations.html' found in file 'C:\repos\nus-cs2103-AY2021S1\cs2103-website\_markbind\headers\header.md'
2021-02-26T10:00:54.219Z - warn: You might have an invalid intra-link! Ignore this warning if it was intended.
'/2021/admin/teamList.html' found in file 'C:\repos\nus-cs2103-AY2021S1\cs2103-website\_markbind\headers\header.md'
2021-02-26T10:00:54.227Z - warn: You might have an invalid intra-link! Ignore this warning if it was intended.
'/2021/admin/tutorials.html' found in file 'C:\repos\nus-cs2103-AY2021S1\cs2103-website\_markbind\headers\header.md'
2021-02-26T10:00:56.931Z - info: Site data built
2021-02-26T10:00:56.931Z - info: Lazy website regeneration complete! Total build time: 4.383s
2021-02-26T10:00:57.940Z - debug:  
2021-02-26T10:00:57.940Z - debug:  
2021-02-26T10:04:53.517Z - info: [6:04:53 PM] Reload for file change: C:\repos\nus-cs2103-AY2021S1\cs2103-website\_module-TE3201\weeklyTextbookTopics.mbdf
2021-02-26T10:04:54.521Z - info: Rebuilding 1 pages
2021-02-26T10:04:56.170Z - warn: You might have an invalid intra-link! Ignore this warning if it was intended.
'/2021/admin/ip-overview.html' found in file 'C:\repos\nus-cs2103-AY2021S1\cs2103-website\_markbind\headers\header.md'
2021-02-26T10:04:56.173Z - warn: You might have an invalid intra-link! Ignore this warning if it was intended.
'/2021/admin/ip-showcase.html' found in file 'C:\repos\nus-cs2103-AY2021S1\cs2103-website\_markbind\headers\header.md'
2021-02-26T10:04:56.174Z - warn: You might have an invalid intra-link! Ignore this warning if it was intended.
'/2021/admin/tp-expectations.html' found in file 'C:\repos\nus-cs2103-AY2021S1\cs2103-website\_markbind\headers\header.md'
2021-02-26T10:04:56.176Z - warn: You might have an invalid intra-link! Ignore this warning if it was intended.
'/2021/admin/teamList.html' found in file 'C:\repos\nus-cs2103-AY2021S1\cs2103-website\_markbind\headers\header.md'
2021-02-26T10:04:56.186Z - warn: You might have an invalid intra-link! Ignore this warning if it was intended.
'/2021/admin/tutorials.html' found in file 'C:\repos\nus-cs2103-AY2021S1\cs2103-website\_markbind\headers\header.md'
2021-02-26T10:04:58.704Z - debug:  
2021-02-26T10:04:58.705Z - debug:  
2021-02-26T10:04:58.721Z - info: Site data built
2021-02-26T10:04:58.728Z - info: Pages rebuilt
2021-02-26T10:04:58.729Z - info: Website regeneration complete! Total build time: 4.209s
2021-02-26T10:05:04.710Z - info: Building C:\repos\nus-cs2103-AY2021S1\cs2103-website\schedule\week9\index as some of its dependencies were changed since the last visit
2021-02-26T10:05:04.914Z - warn: You might have an invalid intra-link! Ignore this warning if it was intended.
'/2021/admin/ip-overview.html' found in file 'C:\repos\nus-cs2103-AY2021S1\cs2103-website\_markbind\headers\header.md'
2021-02-26T10:05:04.916Z - warn: You might have an invalid intra-link! Ignore this warning if it was intended.
'/2021/admin/ip-showcase.html' found in file 'C:\repos\nus-cs2103-AY2021S1\cs2103-website\_markbind\headers\header.md'
2021-02-26T10:05:04.917Z - warn: You might have an invalid intra-link! Ignore this warning if it was intended.
'/2021/admin/tp-expectations.html' found in file 'C:\repos\nus-cs2103-AY2021S1\cs2103-website\_markbind\headers\header.md'
2021-02-26T10:05:04.918Z - warn: You might have an invalid intra-link! Ignore this warning if it was intended.
'/2021/admin/teamList.html' found in file 'C:\repos\nus-cs2103-AY2021S1\cs2103-website\_markbind\headers\header.md'
2021-02-26T10:05:04.921Z - warn: You might have an invalid intra-link! Ignore this warning if it was intended.
'/2021/admin/tutorials.html' found in file 'C:\repos\nus-cs2103-AY2021S1\cs2103-website\_markbind\headers\header.md'
2021-02-26T10:05:04.995Z - info: Site data built
2021-02-26T10:05:04.995Z - info: Lazy website regeneration complete! Total build time: 0.285s
2021-02-26T10:05:08.162Z - info: Building C:\repos\nus-cs2103-AY2021S1\cs2103-website\schedule\week8\index as some of its dependencies were changed since the last visit
2021-02-26T10:05:08.393Z - warn: You might have an invalid intra-link! Ignore this warning if it was intended.
'/2021/admin/ip-overview.html' found in file 'C:\repos\nus-cs2103-AY2021S1\cs2103-website\_markbind\headers\header.md'
2021-02-26T10:05:08.394Z - warn: You might have an invalid intra-link! Ignore this warning if it was intended.
'/2021/admin/ip-showcase.html' found in file 'C:\repos\nus-cs2103-AY2021S1\cs2103-website\_markbind\headers\header.md'
2021-02-26T10:05:08.395Z - warn: You might have an invalid intra-link! Ignore this warning if it was intended.
'/2021/admin/tp-expectations.html' found in file 'C:\repos\nus-cs2103-AY2021S1\cs2103-website\_markbind\headers\header.md'
2021-02-26T10:05:08.397Z - warn: You might have an invalid intra-link! Ignore this warning if it was intended.
'/2021/admin/teamList.html' found in file 'C:\repos\nus-cs2103-AY2021S1\cs2103-website\_markbind\headers\header.md'
2021-02-26T10:05:08.399Z - warn: You might have an invalid intra-link! Ignore this warning if it was intended.
'/2021/admin/tutorials.html' found in file 'C:\repos\nus-cs2103-AY2021S1\cs2103-website\_markbind\headers\header.md'
2021-02-26T10:05:08.466Z - info: Site data built
2021-02-26T10:05:08.466Z - info: Lazy website regeneration complete! Total build time: 0.305s
2021-02-26T10:05:20.753Z - info: Building C:\repos\nus-cs2103-AY2021S1\cs2103-website\schedule\week8\topics as some of its dependencies were changed since the last visit
2021-02-26T10:05:22.231Z - warn: You might have an invalid intra-link! Ignore this warning if it was intended.
'/2021/admin/ip-overview.html' found in file 'C:\repos\nus-cs2103-AY2021S1\cs2103-website\_markbind\headers\header.md'
2021-02-26T10:05:22.234Z - warn: You might have an invalid intra-link! Ignore this warning if it was intended.
'/2021/admin/ip-showcase.html' found in file 'C:\repos\nus-cs2103-AY2021S1\cs2103-website\_markbind\headers\header.md'
2021-02-26T10:05:22.236Z - warn: You might have an invalid intra-link! Ignore this warning if it was intended.
'/2021/admin/tp-expectations.html' found in file 'C:\repos\nus-cs2103-AY2021S1\cs2103-website\_markbind\headers\header.md'
2021-02-26T10:05:22.238Z - warn: You might have an invalid intra-link! Ignore this warning if it was intended.
'/2021/admin/teamList.html' found in file 'C:\repos\nus-cs2103-AY2021S1\cs2103-website\_markbind\headers\header.md'
2021-02-26T10:05:22.240Z - warn: You might have an invalid intra-link! Ignore this warning if it was intended.
'/2021/admin/tutorials.html' found in file 'C:\repos\nus-cs2103-AY2021S1\cs2103-website\_markbind\headers\header.md'
2021-02-26T10:05:22.786Z - info: Site data built
2021-02-26T10:05:22.786Z - info: Lazy website regeneration complete! Total build time: 2.034s
2021-02-26T10:07:17.457Z - info: [6:07:17 PM] Reload for file change: C:\repos\nus-cs2103-AY2021S1\cs2103-website\schedule\week8\commentary-te3201.mbdf
2021-02-26T10:07:17.462Z - info: [6:07:17 PM] Reload for file change: C:\repos\nus-cs2103-AY2021S1\cs2103-website\schedule\week9\commentary-te3201.mbdf
2021-02-26T10:07:18.473Z - info: Rebuilding 1 pages
2021-02-26T10:07:19.760Z - warn: You might have an invalid intra-link! Ignore this warning if it was intended.
'/2021/admin/ip-overview.html' found in file 'C:\repos\nus-cs2103-AY2021S1\cs2103-website\_markbind\headers\header.md'
2021-02-26T10:07:19.762Z - warn: You might have an invalid intra-link! Ignore this warning if it was intended.
'/2021/admin/ip-showcase.html' found in file 'C:\repos\nus-cs2103-AY2021S1\cs2103-website\_markbind\headers\header.md'
2021-02-26T10:07:19.763Z - warn: You might have an invalid intra-link! Ignore this warning if it was intended.
'/2021/admin/tp-expectations.html' found in file 'C:\repos\nus-cs2103-AY2021S1\cs2103-website\_markbind\headers\header.md'
2021-02-26T10:07:19.764Z - warn: You might have an invalid intra-link! Ignore this warning if it was intended.
'/2021/admin/teamList.html' found in file 'C:\repos\nus-cs2103-AY2021S1\cs2103-website\_markbind\headers\header.md'
2021-02-26T10:07:19.767Z - warn: You might have an invalid intra-link! Ignore this warning if it was intended.
'/2021/admin/tutorials.html' found in file 'C:\repos\nus-cs2103-AY2021S1\cs2103-website\_markbind\headers\header.md'
2021-02-26T10:07:20.347Z - info: Site data built
2021-02-26T10:07:20.347Z - info: Pages rebuilt
2021-02-26T10:07:20.347Z - info: Website regeneration complete! Total build time: 1.877s
2021-02-26T10:08:11.544Z - info: [6:08:11 PM] Reload for file change: C:\repos\nus-cs2103-AY2021S1\cs2103-website\schedule\week8\commentary-te3201.mbdf
2021-02-26T10:08:11.550Z - info: [6:08:11 PM] Reload for file change: C:\repos\nus-cs2103-AY2021S1\cs2103-website\_module-TE3201\weeklyTextbookTopics.mbdf
2021-02-26T10:08:12.566Z - info: Rebuilding 1 pages
2021-02-26T10:08:13.813Z - warn: You might have an invalid intra-link! Ignore this warning if it was intended.
'/2021/admin/ip-overview.html' found in file 'C:\repos\nus-cs2103-AY2021S1\cs2103-website\_markbind\headers\header.md'
2021-02-26T10:08:13.815Z - warn: You might have an invalid intra-link! Ignore this warning if it was intended.
'/2021/admin/ip-showcase.html' found in file 'C:\repos\nus-cs2103-AY2021S1\cs2103-website\_markbind\headers\header.md'
2021-02-26T10:08:13.816Z - warn: You might have an invalid intra-link! Ignore this warning if it was intended.
'/2021/admin/tp-expectations.html' found in file 'C:\repos\nus-cs2103-AY2021S1\cs2103-website\_markbind\headers\header.md'
2021-02-26T10:08:13.817Z - warn: You might have an invalid intra-link! Ignore this warning if it was intended.
'/2021/admin/teamList.html' found in file 'C:\repos\nus-cs2103-AY2021S1\cs2103-website\_markbind\headers\header.md'
2021-02-26T10:08:13.819Z - warn: You might have an invalid intra-link! Ignore this warning if it was intended.
'/2021/admin/tutorials.html' found in file 'C:\repos\nus-cs2103-AY2021S1\cs2103-website\_markbind\headers\header.md'
2021-02-26T10:08:14.347Z - info: Site data built
2021-02-26T10:08:14.347Z - info: Pages rebuilt
2021-02-26T10:08:14.348Z - info: Website regeneration complete! Total build time: 1.786s
2021-02-26T10:08:50.318Z - info: [6:08:50 PM] Reload for file change: C:\repos\nus-cs2103-AY2021S1\cs2103-website\_markbind\variables.md
2021-02-26T10:08:51.602Z - warn: Rebuilding all pages as variables file was changed, or the --force-reload flag was set
2021-02-26T10:08:51.610Z - info: Rebuilding 1 pages
2021-02-26T10:08:53.028Z - warn: You might have an invalid intra-link! Ignore this warning if it was intended.
'/2021/admin/ip-overview.html' found in file 'C:\repos\nus-cs2103-AY2021S1\cs2103-website\_markbind\headers\header.md'
2021-02-26T10:08:53.032Z - warn: You might have an invalid intra-link! Ignore this warning if it was intended.
'/2021/admin/ip-showcase.html' found in file 'C:\repos\nus-cs2103-AY2021S1\cs2103-website\_markbind\headers\header.md'
2021-02-26T10:08:53.034Z - warn: You might have an invalid intra-link! Ignore this warning if it was intended.
'/2021/admin/tp-expectations.html' found in file 'C:\repos\nus-cs2103-AY2021S1\cs2103-website\_markbind\headers\header.md'
2021-02-26T10:08:53.037Z - warn: You might have an invalid intra-link! Ignore this warning if it was intended.
'/2021/admin/teamList.html' found in file 'C:\repos\nus-cs2103-AY2021S1\cs2103-website\_markbind\headers\header.md'
2021-02-26T10:08:53.042Z - warn: You might have an invalid intra-link! Ignore this warning if it was intended.
'/2021/admin/tutorials.html' found in file 'C:\repos\nus-cs2103-AY2021S1\cs2103-website\_markbind\headers\header.md'
2021-02-26T10:08:54.039Z - info: Site data built
2021-02-26T10:08:54.039Z - info: Pages rebuilt
2021-02-26T10:08:54.040Z - info: Website regeneration complete! Total build time: 2.708s
2021-02-26T10:09:25.515Z - info: [6:09:25 PM] Reload for file change: C:\repos\nus-cs2103-AY2021S1\cs2103-website\schedule\week8\commentary-te3201.mbdf
2021-02-26T10:09:25.518Z - info: [6:09:25 PM] Reload for file change: C:\repos\nus-cs2103-AY2021S1\cs2103-website\_module-TE3201\weeklyTextbookTopics.mbdf
2021-02-26T10:09:26.527Z - info: Rebuilding 1 pages
2021-02-26T10:09:27.892Z - warn: You might have an invalid intra-link! Ignore this warning if it was intended.
'/2021/admin/ip-overview.html' found in file 'C:\repos\nus-cs2103-AY2021S1\cs2103-website\_markbind\headers\header.md'
2021-02-26T10:09:27.893Z - warn: You might have an invalid intra-link! Ignore this warning if it was intended.
'/2021/admin/ip-showcase.html' found in file 'C:\repos\nus-cs2103-AY2021S1\cs2103-website\_markbind\headers\header.md'
2021-02-26T10:09:27.894Z - warn: You might have an invalid intra-link! Ignore this warning if it was intended.
'/2021/admin/tp-expectations.html' found in file 'C:\repos\nus-cs2103-AY2021S1\cs2103-website\_markbind\headers\header.md'
2021-02-26T10:09:27.896Z - warn: You might have an invalid intra-link! Ignore this warning if it was intended.
'/2021/admin/teamList.html' found in file 'C:\repos\nus-cs2103-AY2021S1\cs2103-website\_markbind\headers\header.md'
2021-02-26T10:09:27.900Z - warn: You might have an invalid intra-link! Ignore this warning if it was intended.
'/2021/admin/tutorials.html' found in file 'C:\repos\nus-cs2103-AY2021S1\cs2103-website\_markbind\headers\header.md'
2021-02-26T10:09:28.425Z - info: Site data built
2021-02-26T10:09:28.425Z - info: Pages rebuilt
2021-02-26T10:09:28.426Z - info: Website regeneration complete! Total build time: 1.903s
2021-02-26T10:14:41.323Z - info: [6:14:41 PM] Reload for file change: C:\repos\nus-cs2103-AY2021S1\cs2103-website\_module-TE3201\weeklyTextbookTopics.mbdf
2021-02-26T10:14:42.334Z - info: Rebuilding 1 pages
2021-02-26T10:14:43.684Z - warn: You might have an invalid intra-link! Ignore this warning if it was intended.
'/2021/admin/ip-overview.html' found in file 'C:\repos\nus-cs2103-AY2021S1\cs2103-website\_markbind\headers\header.md'
2021-02-26T10:14:43.685Z - warn: You might have an invalid intra-link! Ignore this warning if it was intended.
'/2021/admin/ip-showcase.html' found in file 'C:\repos\nus-cs2103-AY2021S1\cs2103-website\_markbind\headers\header.md'
2021-02-26T10:14:43.686Z - warn: You might have an invalid intra-link! Ignore this warning if it was intended.
'/2021/admin/tp-expectations.html' found in file 'C:\repos\nus-cs2103-AY2021S1\cs2103-website\_markbind\headers\header.md'
2021-02-26T10:14:43.687Z - warn: You might have an invalid intra-link! Ignore this warning if it was intended.
'/2021/admin/teamList.html' found in file 'C:\repos\nus-cs2103-AY2021S1\cs2103-website\_markbind\headers\header.md'
2021-02-26T10:14:43.690Z - warn: You might have an invalid intra-link! Ignore this warning if it was intended.
'/2021/admin/tutorials.html' found in file 'C:\repos\nus-cs2103-AY2021S1\cs2103-website\_markbind\headers\header.md'
2021-02-26T10:14:44.206Z - info: Site data built
2021-02-26T10:14:44.207Z - info: Pages rebuilt
2021-02-26T10:14:44.207Z - info: Website regeneration complete! Total build time: 1.877s
2021-02-26T10:19:20.422Z - info: Building C:\repos\nus-cs2103-AY2021S1\cs2103-website\schedule\week7\topics as some of its dependencies were changed since the last visit
2021-02-26T10:19:22.725Z - warn: You might have an invalid intra-link! Ignore this warning if it was intended.
'/2021/admin/ip-overview.html' found in file 'C:\repos\nus-cs2103-AY2021S1\cs2103-website\_markbind\headers\header.md'
2021-02-26T10:19:22.727Z - warn: You might have an invalid intra-link! Ignore this warning if it was intended.
'/2021/admin/ip-showcase.html' found in file 'C:\repos\nus-cs2103-AY2021S1\cs2103-website\_markbind\headers\header.md'
2021-02-26T10:19:22.728Z - warn: You might have an invalid intra-link! Ignore this warning if it was intended.
'/2021/admin/tp-expectations.html' found in file 'C:\repos\nus-cs2103-AY2021S1\cs2103-website\_markbind\headers\header.md'
2021-02-26T10:19:22.730Z - warn: You might have an invalid intra-link! Ignore this warning if it was intended.
'/2021/admin/teamList.html' found in file 'C:\repos\nus-cs2103-AY2021S1\cs2103-website\_markbind\headers\header.md'
2021-02-26T10:19:22.733Z - warn: You might have an invalid intra-link! Ignore this warning if it was intended.
'/2021/admin/tutorials.html' found in file 'C:\repos\nus-cs2103-AY2021S1\cs2103-website\_markbind\headers\header.md'
2021-02-26T10:19:24.519Z - info: Site data built
2021-02-26T10:19:24.519Z - info: Lazy website regeneration complete! Total build time: 4.098s
2021-02-26T10:39:15.120Z - info: [6:39:15 PM] Reload for file change: C:\repos\nus-cs2103-AY2021S1\cs2103-website\_module-TE3201\weeklyTextbookTopics.mbdf
2021-02-26T10:39:15.155Z - info: [6:39:15 PM] Reload for file change: C:\repos\nus-cs2103-AY2021S1\cs2103-website\_module-TE3201\weeklyTextbookTopics.mbdf
2021-02-26T10:39:16.180Z - info: Rebuilding 1 pages
2021-02-26T10:39:18.093Z - warn: You might have an invalid intra-link! Ignore this warning if it was intended.
'/2021/admin/ip-overview.html' found in file 'C:\repos\nus-cs2103-AY2021S1\cs2103-website\_markbind\headers\header.md'
2021-02-26T10:39:18.094Z - warn: You might have an invalid intra-link! Ignore this warning if it was intended.
'/2021/admin/ip-showcase.html' found in file 'C:\repos\nus-cs2103-AY2021S1\cs2103-website\_markbind\headers\header.md'
2021-02-26T10:39:18.095Z - warn: You might have an invalid intra-link! Ignore this warning if it was intended.
'/2021/admin/tp-expectations.html' found in file 'C:\repos\nus-cs2103-AY2021S1\cs2103-website\_markbind\headers\header.md'
2021-02-26T10:39:18.097Z - warn: You might have an invalid intra-link! Ignore this warning if it was intended.
'/2021/admin/teamList.html' found in file 'C:\repos\nus-cs2103-AY2021S1\cs2103-website\_markbind\headers\header.md'
2021-02-26T10:39:18.099Z - warn: You might have an invalid intra-link! Ignore this warning if it was intended.
'/2021/admin/tutorials.html' found in file 'C:\repos\nus-cs2103-AY2021S1\cs2103-website\_markbind\headers\header.md'
2021-02-26T10:39:19.142Z - info: Site data built
2021-02-26T10:39:19.146Z - info: Pages rebuilt
2021-02-26T10:39:19.147Z - info: Website regeneration complete! Total build time: 2.984s
2021-02-26T10:39:20.551Z - info: Building C:\repos\nus-cs2103-AY2021S1\cs2103-website\schedule\week8\topics as some of its dependencies were changed since the last visit
2021-02-26T10:39:21.962Z - warn: You might have an invalid intra-link! Ignore this warning if it was intended.
'/2021/admin/ip-overview.html' found in file 'C:\repos\nus-cs2103-AY2021S1\cs2103-website\_markbind\headers\header.md'
2021-02-26T10:39:21.966Z - warn: You might have an invalid intra-link! Ignore this warning if it was intended.
'/2021/admin/ip-showcase.html' found in file 'C:\repos\nus-cs2103-AY2021S1\cs2103-website\_markbind\headers\header.md'
2021-02-26T10:39:21.967Z - warn: You might have an invalid intra-link! Ignore this warning if it was intended.
'/2021/admin/tp-expectations.html' found in file 'C:\repos\nus-cs2103-AY2021S1\cs2103-website\_markbind\headers\header.md'
2021-02-26T10:39:21.969Z - warn: You might have an invalid intra-link! Ignore this warning if it was intended.
'/2021/admin/teamList.html' found in file 'C:\repos\nus-cs2103-AY2021S1\cs2103-website\_markbind\headers\header.md'
2021-02-26T10:39:21.972Z - warn: You might have an invalid intra-link! Ignore this warning if it was intended.
'/2021/admin/tutorials.html' found in file 'C:\repos\nus-cs2103-AY2021S1\cs2103-website\_markbind\headers\header.md'
2021-02-26T10:39:23.082Z - info: Site data built
2021-02-26T10:39:23.082Z - info: Lazy website regeneration complete! Total build time: 2.531s
2021-02-26T10:47:49.862Z - info: [6:47:49 PM] Reload for file change: C:\repos\nus-cs2103-AY2021S1\cs2103-website\_module-TE3201\weeklyTextbookTopics.mbdf
2021-02-26T10:47:50.879Z - info: Rebuilding 1 pages
2021-02-26T10:47:52.864Z - warn: You might have an invalid intra-link! Ignore this warning if it was intended.
'/2021/admin/ip-overview.html' found in file 'C:\repos\nus-cs2103-AY2021S1\cs2103-website\_markbind\headers\header.md'
2021-02-26T10:47:52.866Z - warn: You might have an invalid intra-link! Ignore this warning if it was intended.
'/2021/admin/ip-showcase.html' found in file 'C:\repos\nus-cs2103-AY2021S1\cs2103-website\_markbind\headers\header.md'
2021-02-26T10:47:52.867Z - warn: You might have an invalid intra-link! Ignore this warning if it was intended.
'/2021/admin/tp-expectations.html' found in file 'C:\repos\nus-cs2103-AY2021S1\cs2103-website\_markbind\headers\header.md'
2021-02-26T10:47:52.868Z - warn: You might have an invalid intra-link! Ignore this warning if it was intended.
'/2021/admin/teamList.html' found in file 'C:\repos\nus-cs2103-AY2021S1\cs2103-website\_markbind\headers\header.md'
2021-02-26T10:47:52.870Z - warn: You might have an invalid intra-link! Ignore this warning if it was intended.
'/2021/admin/tutorials.html' found in file 'C:\repos\nus-cs2103-AY2021S1\cs2103-website\_markbind\headers\header.md'
2021-02-26T10:47:53.673Z - info: Site data built
2021-02-26T10:47:53.674Z - info: Pages rebuilt
2021-02-26T10:47:53.674Z - info: Website regeneration complete! Total build time: 2.799s
2021-02-26T10:47:54.874Z - info: Building C:\repos\nus-cs2103-AY2021S1\cs2103-website\schedule\week8\topics as some of its dependencies were changed since the last visit
2021-02-26T10:47:57.537Z - warn: You might have an invalid intra-link! Ignore this warning if it was intended.
'/2021/admin/ip-overview.html' found in file 'C:\repos\nus-cs2103-AY2021S1\cs2103-website\_markbind\headers\header.md'
2021-02-26T10:47:57.541Z - warn: You might have an invalid intra-link! Ignore this warning if it was intended.
'/2021/admin/ip-showcase.html' found in file 'C:\repos\nus-cs2103-AY2021S1\cs2103-website\_markbind\headers\header.md'
2021-02-26T10:47:57.542Z - warn: You might have an invalid intra-link! Ignore this warning if it was intended.
'/2021/admin/tp-expectations.html' found in file 'C:\repos\nus-cs2103-AY2021S1\cs2103-website\_markbind\headers\header.md'
2021-02-26T10:47:57.558Z - warn: You might have an invalid intra-link! Ignore this warning if it was intended.
'/2021/admin/teamList.html' found in file 'C:\repos\nus-cs2103-AY2021S1\cs2103-website\_markbind\headers\header.md'
2021-02-26T10:47:57.562Z - warn: You might have an invalid intra-link! Ignore this warning if it was intended.
'/2021/admin/tutorials.html' found in file 'C:\repos\nus-cs2103-AY2021S1\cs2103-website\_markbind\headers\header.md'
2021-02-26T10:47:58.451Z - info: Site data built
2021-02-26T10:47:58.459Z - info: Lazy website regeneration complete! Total build time: 3.585s
2021-02-26T10:55:30.597Z - info: [6:55:30 PM] Reload for file change: C:\repos\nus-cs2103-AY2021S1\cs2103-website\_module-TE3201\weeklyTextbookTopics.mbdf
2021-02-26T10:55:31.616Z - info: Rebuilding 1 pages
2021-02-26T10:55:33.367Z - warn: You might have an invalid intra-link! Ignore this warning if it was intended.
'/2021/admin/ip-overview.html' found in file 'C:\repos\nus-cs2103-AY2021S1\cs2103-website\_markbind\headers\header.md'
2021-02-26T10:55:33.369Z - warn: You might have an invalid intra-link! Ignore this warning if it was intended.
'/2021/admin/ip-showcase.html' found in file 'C:\repos\nus-cs2103-AY2021S1\cs2103-website\_markbind\headers\header.md'
2021-02-26T10:55:33.370Z - warn: You might have an invalid intra-link! Ignore this warning if it was intended.
'/2021/admin/tp-expectations.html' found in file 'C:\repos\nus-cs2103-AY2021S1\cs2103-website\_markbind\headers\header.md'
2021-02-26T10:55:33.371Z - warn: You might have an invalid intra-link! Ignore this warning if it was intended.
'/2021/admin/teamList.html' found in file 'C:\repos\nus-cs2103-AY2021S1\cs2103-website\_markbind\headers\header.md'
2021-02-26T10:55:33.373Z - warn: You might have an invalid intra-link! Ignore this warning if it was intended.
'/2021/admin/tutorials.html' found in file 'C:\repos\nus-cs2103-AY2021S1\cs2103-website\_markbind\headers\header.md'
2021-02-26T10:55:34.349Z - info: Site data built
2021-02-26T10:55:34.351Z - info: Pages rebuilt
2021-02-26T10:55:34.351Z - info: Website regeneration complete! Total build time: 2.739s
2021-02-26T10:55:35.964Z - info: Building C:\repos\nus-cs2103-AY2021S1\cs2103-website\schedule\week8\topics as some of its dependencies were changed since the last visit
2021-02-26T10:55:37.790Z - warn: You might have an invalid intra-link! Ignore this warning if it was intended.
'/2021/admin/ip-overview.html' found in file 'C:\repos\nus-cs2103-AY2021S1\cs2103-website\_markbind\headers\header.md'
2021-02-26T10:55:37.793Z - warn: You might have an invalid intra-link! Ignore this warning if it was intended.
'/2021/admin/ip-showcase.html' found in file 'C:\repos\nus-cs2103-AY2021S1\cs2103-website\_markbind\headers\header.md'
2021-02-26T10:55:37.795Z - warn: You might have an invalid intra-link! Ignore this warning if it was intended.
'/2021/admin/tp-expectations.html' found in file 'C:\repos\nus-cs2103-AY2021S1\cs2103-website\_markbind\headers\header.md'
2021-02-26T10:55:37.797Z - warn: You might have an invalid intra-link! Ignore this warning if it was intended.
'/2021/admin/teamList.html' found in file 'C:\repos\nus-cs2103-AY2021S1\cs2103-website\_markbind\headers\header.md'
2021-02-26T10:55:37.800Z - warn: You might have an invalid intra-link! Ignore this warning if it was intended.
'/2021/admin/tutorials.html' found in file 'C:\repos\nus-cs2103-AY2021S1\cs2103-website\_markbind\headers\header.md'
2021-02-26T10:55:38.917Z - info: Site data built
2021-02-26T10:55:38.917Z - info: Lazy website regeneration complete! Total build time: 2.953s
2021-02-26T11:20:30.630Z - info: Building C:\repos\nus-cs2103-AY2021S1\cs2103-website\schedule\week7\admin as some of its dependencies were changed since the last visit
2021-02-26T11:20:30.817Z - warn: You might have an invalid intra-link! Ignore this warning if it was intended.
'/2021/admin/ip-overview.html' found in file 'C:\repos\nus-cs2103-AY2021S1\cs2103-website\_markbind\headers\header.md'
2021-02-26T11:20:30.818Z - warn: You might have an invalid intra-link! Ignore this warning if it was intended.
'/2021/admin/ip-showcase.html' found in file 'C:\repos\nus-cs2103-AY2021S1\cs2103-website\_markbind\headers\header.md'
2021-02-26T11:20:30.820Z - warn: You might have an invalid intra-link! Ignore this warning if it was intended.
'/2021/admin/tp-expectations.html' found in file 'C:\repos\nus-cs2103-AY2021S1\cs2103-website\_markbind\headers\header.md'
2021-02-26T11:20:30.822Z - warn: You might have an invalid intra-link! Ignore this warning if it was intended.
'/2021/admin/teamList.html' found in file 'C:\repos\nus-cs2103-AY2021S1\cs2103-website\_markbind\headers\header.md'
2021-02-26T11:20:30.826Z - warn: You might have an invalid intra-link! Ignore this warning if it was intended.
'/2021/admin/tutorials.html' found in file 'C:\repos\nus-cs2103-AY2021S1\cs2103-website\_markbind\headers\header.md'
2021-02-26T11:20:31.069Z - info: Site data built
2021-02-26T11:20:31.070Z - info: Lazy website regeneration complete! Total build time: 0.441s
2021-02-26T11:20:58.100Z - info: Website generation started at 7:20:54 PM
2021-02-26T11:21:08.370Z - info: Building assets...
