2021-01-01T16:22:16.735Z - info: Website generation (lazy) started at 12:22:08 AM
2021-01-01T16:22:28.759Z - info: Building assets...
2021-01-01T16:22:35.358Z - info: Assets built
2021-01-01T16:22:35.359Z - info: Generating landing page...
2021-01-01T16:22:36.529Z - warn: You might have an invalid intra-link! Ignore this warning if it was intended.
'/2021/admin/ip-overview.html' found in file 'C:\repos\nus-cs2103-AY2021S1\cs2103-website\_markbind\headers\header.md'
2021-01-01T16:22:36.532Z - warn: You might have an invalid intra-link! Ignore this warning if it was intended.
'/2021/admin/tp-expectations.html' found in file 'C:\repos\nus-cs2103-AY2021S1\cs2103-website\_markbind\headers\header.md'
2021-01-01T16:22:36.534Z - warn: You might have an invalid intra-link! Ignore this warning if it was intended.
'/2021/admin/teamList.html' found in file 'C:\repos\nus-cs2103-AY2021S1\cs2103-website\_markbind\headers\header.md'
2021-01-01T16:22:36.537Z - warn: You might have an invalid intra-link! Ignore this warning if it was intended.
'/2021/admin/tutorials.html' found in file 'C:\repos\nus-cs2103-AY2021S1\cs2103-website\_markbind\headers\header.md'
2021-01-01T16:22:37.322Z - info: Landing page built, other pages will be built as you navigate to them!
2021-01-01T16:22:37.901Z - info: Site data built
2021-01-01T16:22:37.901Z - info: Website generation (lazy) complete! Total build time: 28.978s
2021-01-01T16:22:38.878Z - info: Serving "C:\repos\nus-cs2103-AY2021S1\cs2103-website\_site" at http://127.0.0.1:8080
2021-01-01T16:22:38.879Z - info: Press CTRL+C to stop ...
2021-01-01T16:31:53.769Z - info: [12:31:53 AM] Reload for file change: C:\repos\nus-cs2103-AY2021S1\cs2103-website\_markbind\variables.md
2021-01-01T16:31:54.790Z - info: Assets built
2021-01-01T16:32:25.539Z - info: Website generation (lazy) started at 12:32:21 AM
2021-01-01T16:32:36.390Z - info: Building assets...
2021-01-01T16:32:43.720Z - info: Assets built
2021-01-01T16:32:43.721Z - info: Generating landing page...
2021-01-01T16:32:44.946Z - warn: You might have an invalid intra-link! Ignore this warning if it was intended.
'/2021/admin/ip-overview.html' found in file 'C:\repos\nus-cs2103-AY2021S1\cs2103-website\_markbind\headers\header.md'
2021-01-01T16:32:44.951Z - warn: You might have an invalid intra-link! Ignore this warning if it was intended.
'/2021/admin/tp-expectations.html' found in file 'C:\repos\nus-cs2103-AY2021S1\cs2103-website\_markbind\headers\header.md'
2021-01-01T16:32:44.954Z - warn: You might have an invalid intra-link! Ignore this warning if it was intended.
'/2021/admin/teamList.html' found in file 'C:\repos\nus-cs2103-AY2021S1\cs2103-website\_markbind\headers\header.md'
2021-01-01T16:32:44.960Z - warn: You might have an invalid intra-link! Ignore this warning if it was intended.
'/2021/admin/tutorials.html' found in file 'C:\repos\nus-cs2103-AY2021S1\cs2103-website\_markbind\headers\header.md'
2021-01-01T16:32:45.677Z - info: Landing page built, other pages will be built as you navigate to them!
2021-01-01T16:32:46.212Z - info: Site data built
2021-01-01T16:32:46.212Z - info: Website generation (lazy) complete! Total build time: 24.374s
2021-01-01T16:32:47.642Z - info: Serving "C:\repos\nus-cs2103-AY2021S1\cs2103-website\_site" at http://127.0.0.1:8080
2021-01-01T16:32:47.643Z - info: Press CTRL+C to stop ...
2021-01-01T16:35:09.598Z - info: [12:35:09 AM] Reload for file change: C:\repos\nus-cs2103-AY2021S1\cs2103-website\admin\usingThisWebsite.md
2021-01-01T16:35:10.605Z - info: Rebuilding 1 pages
2021-01-01T16:35:11.488Z - warn: You might have an invalid intra-link! Ignore this warning if it was intended.
'/2021/admin/ip-overview.html' found in file 'C:\repos\nus-cs2103-AY2021S1\cs2103-website\_markbind\headers\header.md'
2021-01-01T16:35:11.490Z - warn: You might have an invalid intra-link! Ignore this warning if it was intended.
'/2021/admin/tp-expectations.html' found in file 'C:\repos\nus-cs2103-AY2021S1\cs2103-website\_markbind\headers\header.md'
2021-01-01T16:35:11.492Z - warn: You might have an invalid intra-link! Ignore this warning if it was intended.
'/2021/admin/teamList.html' found in file 'C:\repos\nus-cs2103-AY2021S1\cs2103-website\_markbind\headers\header.md'
2021-01-01T16:35:11.494Z - warn: You might have an invalid intra-link! Ignore this warning if it was intended.
'/2021/admin/tutorials.html' found in file 'C:\repos\nus-cs2103-AY2021S1\cs2103-website\_markbind\headers\header.md'
2021-01-01T16:35:12.118Z - info: Site data built
2021-01-01T16:35:12.119Z - info: Pages rebuilt
2021-01-01T16:35:12.119Z - info: Website regeneration complete! Total build time: 1.516s
2021-01-01T16:37:09.796Z - info: [12:37:09 AM] Reload for file change: C:\repos\nus-cs2103-AY2021S1\cs2103-website\admin\index-te3201.mbdf
2021-01-01T16:37:10.814Z - info: Rebuilding 1 pages
2021-01-01T16:37:12.007Z - warn: You might have an invalid intra-link! Ignore this warning if it was intended.
'/2021/admin/ip-overview.html' found in file 'C:\repos\nus-cs2103-AY2021S1\cs2103-website\_markbind\headers\header.md'
2021-01-01T16:37:12.009Z - warn: You might have an invalid intra-link! Ignore this warning if it was intended.
'/2021/admin/tp-expectations.html' found in file 'C:\repos\nus-cs2103-AY2021S1\cs2103-website\_markbind\headers\header.md'
2021-01-01T16:37:12.012Z - warn: You might have an invalid intra-link! Ignore this warning if it was intended.
'/2021/admin/teamList.html' found in file 'C:\repos\nus-cs2103-AY2021S1\cs2103-website\_markbind\headers\header.md'
2021-01-01T16:37:12.015Z - warn: You might have an invalid intra-link! Ignore this warning if it was intended.
'/2021/admin/tutorials.html' found in file 'C:\repos\nus-cs2103-AY2021S1\cs2103-website\_markbind\headers\header.md'
2021-01-01T16:37:12.659Z - info: Site data built
2021-01-01T16:37:12.660Z - info: Pages rebuilt
2021-01-01T16:37:12.660Z - info: Website regeneration complete! Total build time: 1.85s
2021-01-01T16:38:15.425Z - info: Building C:\repos\nus-cs2103-AY2021S1\cs2103-website\se-book-adapted\index as some of its dependencies were changed since the last visit
2021-01-01T16:38:15.700Z - warn: You might have an invalid intra-link! Ignore this warning if it was intended.
'/2021/admin/ip-overview.html' found in file 'C:\repos\nus-cs2103-AY2021S1\cs2103-website\_markbind\headers\header.md'
2021-01-01T16:38:15.705Z - warn: You might have an invalid intra-link! Ignore this warning if it was intended.
'/2021/admin/tp-expectations.html' found in file 'C:\repos\nus-cs2103-AY2021S1\cs2103-website\_markbind\headers\header.md'
2021-01-01T16:38:15.707Z - warn: You might have an invalid intra-link! Ignore this warning if it was intended.
'/2021/admin/teamList.html' found in file 'C:\repos\nus-cs2103-AY2021S1\cs2103-website\_markbind\headers\header.md'
2021-01-01T16:38:15.712Z - warn: You might have an invalid intra-link! Ignore this warning if it was intended.
'/2021/admin/tutorials.html' found in file 'C:\repos\nus-cs2103-AY2021S1\cs2103-website\_markbind\headers\header.md'
2021-01-01T16:38:15.904Z - info: Site data built
2021-01-01T16:38:15.904Z - info: Lazy website regeneration complete! Total build time: 0.481s
2021-01-01T16:38:30.631Z - info: Building C:\repos\nus-cs2103-AY2021S1\cs2103-website\programming\index as some of its dependencies were changed since the last visit
2021-01-01T16:38:30.766Z - warn: You might have an invalid intra-link! Ignore this warning if it was intended.
'/2021/admin/ip-overview.html' found in file 'C:\repos\nus-cs2103-AY2021S1\cs2103-website\_markbind\headers\header.md'
2021-01-01T16:38:30.769Z - warn: You might have an invalid intra-link! Ignore this warning if it was intended.
'/2021/admin/tp-expectations.html' found in file 'C:\repos\nus-cs2103-AY2021S1\cs2103-website\_markbind\headers\header.md'
2021-01-01T16:38:30.771Z - warn: You might have an invalid intra-link! Ignore this warning if it was intended.
'/2021/admin/teamList.html' found in file 'C:\repos\nus-cs2103-AY2021S1\cs2103-website\_markbind\headers\header.md'
2021-01-01T16:38:30.774Z - warn: You might have an invalid intra-link! Ignore this warning if it was intended.
'/2021/admin/tutorials.html' found in file 'C:\repos\nus-cs2103-AY2021S1\cs2103-website\_markbind\headers\header.md'
2021-01-01T16:38:30.848Z - info: Site data built
2021-01-01T16:38:30.849Z - info: Lazy website regeneration complete! Total build time: 0.219s
2021-01-01T16:38:36.640Z - info: Building C:\repos\nus-cs2103-AY2021S1\cs2103-website\programming\chapters\expressions-types-variables as some of its dependencies were changed since the last visit
2021-01-01T16:38:36.848Z - warn: You might have an invalid intra-link! Ignore this warning if it was intended.
'/2021/admin/ip-overview.html' found in file 'C:\repos\nus-cs2103-AY2021S1\cs2103-website\_markbind\headers\header.md'
2021-01-01T16:38:36.851Z - warn: You might have an invalid intra-link! Ignore this warning if it was intended.
'/2021/admin/tp-expectations.html' found in file 'C:\repos\nus-cs2103-AY2021S1\cs2103-website\_markbind\headers\header.md'
2021-01-01T16:38:36.853Z - warn: You might have an invalid intra-link! Ignore this warning if it was intended.
'/2021/admin/teamList.html' found in file 'C:\repos\nus-cs2103-AY2021S1\cs2103-website\_markbind\headers\header.md'
2021-01-01T16:38:36.856Z - warn: You might have an invalid intra-link! Ignore this warning if it was intended.
'/2021/admin/tutorials.html' found in file 'C:\repos\nus-cs2103-AY2021S1\cs2103-website\_markbind\headers\header.md'
2021-01-01T16:38:37.095Z - info: Site data built
2021-01-01T16:38:37.095Z - info: Lazy website regeneration complete! Total build time: 0.456s
2021-01-01T16:39:39.797Z - info: [12:39:39 AM] Reload for file change: C:\repos\nus-cs2103-AY2021S1\cs2103-website\admin\index-te3201.mbdf
2021-01-01T16:39:40.807Z - info: Rebuilding 1 pages
2021-01-01T16:39:41.570Z - warn: You might have an invalid intra-link! Ignore this warning if it was intended.
'/2021/admin/ip-overview.html' found in file 'C:\repos\nus-cs2103-AY2021S1\cs2103-website\_markbind\headers\header.md'
2021-01-01T16:39:41.572Z - warn: You might have an invalid intra-link! Ignore this warning if it was intended.
'/2021/admin/tp-expectations.html' found in file 'C:\repos\nus-cs2103-AY2021S1\cs2103-website\_markbind\headers\header.md'
2021-01-01T16:39:41.573Z - warn: You might have an invalid intra-link! Ignore this warning if it was intended.
'/2021/admin/teamList.html' found in file 'C:\repos\nus-cs2103-AY2021S1\cs2103-website\_markbind\headers\header.md'
2021-01-01T16:39:41.575Z - warn: You might have an invalid intra-link! Ignore this warning if it was intended.
'/2021/admin/tutorials.html' found in file 'C:\repos\nus-cs2103-AY2021S1\cs2103-website\_markbind\headers\header.md'
2021-01-01T16:39:42.075Z - info: Site data built
2021-01-01T16:39:42.076Z - info: Pages rebuilt
2021-01-01T16:39:42.076Z - info: Website regeneration complete! Total build time: 1.271s
2021-01-01T16:41:11.478Z - info: Building C:\repos\nus-cs2103-AY2021S1\cs2103-website\programming\chapters\monty as some of its dependencies were changed since the last visit
2021-01-01T16:41:11.942Z - warn: You might have an invalid intra-link! Ignore this warning if it was intended.
'/2021/admin/ip-overview.html' found in file 'C:\repos\nus-cs2103-AY2021S1\cs2103-website\_markbind\headers\header.md'
2021-01-01T16:41:11.945Z - warn: You might have an invalid intra-link! Ignore this warning if it was intended.
'/2021/admin/tp-expectations.html' found in file 'C:\repos\nus-cs2103-AY2021S1\cs2103-website\_markbind\headers\header.md'
2021-01-01T16:41:11.948Z - warn: You might have an invalid intra-link! Ignore this warning if it was intended.
'/2021/admin/teamList.html' found in file 'C:\repos\nus-cs2103-AY2021S1\cs2103-website\_markbind\headers\header.md'
2021-01-01T16:41:11.951Z - warn: You might have an invalid intra-link! Ignore this warning if it was intended.
'/2021/admin/tutorials.html' found in file 'C:\repos\nus-cs2103-AY2021S1\cs2103-website\_markbind\headers\header.md'
2021-01-01T16:41:12.507Z - info: Site data built
2021-01-01T16:41:12.507Z - info: Lazy website regeneration complete! Total build time: 1.031s
2021-01-01T16:46:25.276Z - info: [12:46:25 AM] Reload for file change: C:\repos\nus-cs2103-AY2021S1\cs2103-website\admin\index-te3201.mbdf
2021-01-01T16:46:26.298Z - info: No pages needed to be rebuilt
2021-01-01T16:46:55.981Z - info: [12:46:55 AM] Reload for file change: C:\repos\nus-cs2103-AY2021S1\cs2103-website\admin\index-te3201.mbdf
2021-01-01T16:46:56.984Z - info: No pages needed to be rebuilt
2021-01-01T16:46:59.230Z - info: Building C:\repos\nus-cs2103-AY2021S1\cs2103-website\index as some of its dependencies were changed since the last visit
2021-01-01T16:47:00.142Z - warn: You might have an invalid intra-link! Ignore this warning if it was intended.
'/2021/admin/ip-overview.html' found in file 'C:\repos\nus-cs2103-AY2021S1\cs2103-website\_markbind\headers\header.md'
2021-01-01T16:47:00.144Z - warn: You might have an invalid intra-link! Ignore this warning if it was intended.
'/2021/admin/tp-expectations.html' found in file 'C:\repos\nus-cs2103-AY2021S1\cs2103-website\_markbind\headers\header.md'
2021-01-01T16:47:00.145Z - warn: You might have an invalid intra-link! Ignore this warning if it was intended.
'/2021/admin/teamList.html' found in file 'C:\repos\nus-cs2103-AY2021S1\cs2103-website\_markbind\headers\header.md'
2021-01-01T16:47:00.150Z - warn: You might have an invalid intra-link! Ignore this warning if it was intended.
'/2021/admin/tutorials.html' found in file 'C:\repos\nus-cs2103-AY2021S1\cs2103-website\_markbind\headers\header.md'
2021-01-01T16:47:00.808Z - info: Site data built
2021-01-01T16:47:00.808Z - info: Lazy website regeneration complete! Total build time: 1.579s
2021-01-01T16:51:44.584Z - info: [12:51:44 AM] Reload for file change: C:\repos\nus-cs2103-AY2021S1\cs2103-website\admin\index-te3201.mbdf
2021-01-01T16:51:45.616Z - info: No pages needed to be rebuilt
2021-01-01T16:51:52.937Z - info: Building C:\repos\nus-cs2103-AY2021S1\cs2103-website\index as some of its dependencies were changed since the last visit
2021-01-01T16:51:53.994Z - warn: You might have an invalid intra-link! Ignore this warning if it was intended.
'/2021/admin/ip-overview.html' found in file 'C:\repos\nus-cs2103-AY2021S1\cs2103-website\_markbind\headers\header.md'
2021-01-01T16:51:53.995Z - warn: You might have an invalid intra-link! Ignore this warning if it was intended.
'/2021/admin/tp-expectations.html' found in file 'C:\repos\nus-cs2103-AY2021S1\cs2103-website\_markbind\headers\header.md'
2021-01-01T16:51:53.997Z - warn: You might have an invalid intra-link! Ignore this warning if it was intended.
'/2021/admin/teamList.html' found in file 'C:\repos\nus-cs2103-AY2021S1\cs2103-website\_markbind\headers\header.md'
2021-01-01T16:51:53.998Z - warn: You might have an invalid intra-link! Ignore this warning if it was intended.
'/2021/admin/tutorials.html' found in file 'C:\repos\nus-cs2103-AY2021S1\cs2103-website\_markbind\headers\header.md'
2021-01-01T16:51:54.678Z - info: Site data built
2021-01-01T16:51:54.679Z - info: Lazy website regeneration complete! Total build time: 1.743s
2021-01-01T16:54:46.997Z - info: [12:54:46 AM] Reload for file change: C:\repos\nus-cs2103-AY2021S1\cs2103-website\admin\index-te3201.mbdf
2021-01-01T16:54:48.004Z - info: No pages needed to be rebuilt
2021-01-01T16:54:54.977Z - info: Building C:\repos\nus-cs2103-AY2021S1\cs2103-website\index as some of its dependencies were changed since the last visit
2021-01-01T16:54:55.969Z - warn: You might have an invalid intra-link! Ignore this warning if it was intended.
'/2021/admin/ip-overview.html' found in file 'C:\repos\nus-cs2103-AY2021S1\cs2103-website\_markbind\headers\header.md'
2021-01-01T16:54:55.971Z - warn: You might have an invalid intra-link! Ignore this warning if it was intended.
'/2021/admin/tp-expectations.html' found in file 'C:\repos\nus-cs2103-AY2021S1\cs2103-website\_markbind\headers\header.md'
2021-01-01T16:54:55.973Z - warn: You might have an invalid intra-link! Ignore this warning if it was intended.
'/2021/admin/teamList.html' found in file 'C:\repos\nus-cs2103-AY2021S1\cs2103-website\_markbind\headers\header.md'
2021-01-01T16:54:55.974Z - warn: You might have an invalid intra-link! Ignore this warning if it was intended.
'/2021/admin/tutorials.html' found in file 'C:\repos\nus-cs2103-AY2021S1\cs2103-website\_markbind\headers\header.md'
2021-01-01T16:54:56.599Z - info: Site data built
2021-01-01T16:54:56.599Z - info: Lazy website regeneration complete! Total build time: 1.622s
2021-01-01T16:56:05.657Z - info: [12:56:05 AM] Reload for file change: C:\repos\nus-cs2103-AY2021S1\cs2103-website\admin\index-te3201.mbdf
2021-01-01T16:56:06.672Z - info: No pages needed to be rebuilt
2021-01-01T16:57:21.972Z - info: [12:57:21 AM] Reload for file change: C:\repos\nus-cs2103-AY2021S1\cs2103-website\_markbind\boilerplates\montyFragment.md
2021-01-01T16:57:22.985Z - info: No pages needed to be rebuilt
2021-01-01T16:57:30.911Z - info: Building C:\repos\nus-cs2103-AY2021S1\cs2103-website\index as some of its dependencies were changed since the last visit
2021-01-01T16:57:32.022Z - warn: You might have an invalid intra-link! Ignore this warning if it was intended.
'/2021/admin/ip-overview.html' found in file 'C:\repos\nus-cs2103-AY2021S1\cs2103-website\_markbind\headers\header.md'
2021-01-01T16:57:32.024Z - warn: You might have an invalid intra-link! Ignore this warning if it was intended.
'/2021/admin/tp-expectations.html' found in file 'C:\repos\nus-cs2103-AY2021S1\cs2103-website\_markbind\headers\header.md'
2021-01-01T16:57:32.025Z - warn: You might have an invalid intra-link! Ignore this warning if it was intended.
'/2021/admin/teamList.html' found in file 'C:\repos\nus-cs2103-AY2021S1\cs2103-website\_markbind\headers\header.md'
2021-01-01T16:57:32.028Z - warn: You might have an invalid intra-link! Ignore this warning if it was intended.
'/2021/admin/tutorials.html' found in file 'C:\repos\nus-cs2103-AY2021S1\cs2103-website\_markbind\headers\header.md'
2021-01-01T16:57:32.697Z - info: Site data built
2021-01-01T16:57:32.698Z - info: Lazy website regeneration complete! Total build time: 1.787s
2021-01-01T16:59:20.394Z - info: [12:59:20 AM] Reload for file change: C:\repos\nus-cs2103-AY2021S1\cs2103-website\programming\monty\monty.mbdf
2021-01-01T16:59:21.406Z - info: No pages needed to be rebuilt
2021-01-01T16:59:29.528Z - info: Building C:\repos\nus-cs2103-AY2021S1\cs2103-website\index as some of its dependencies were changed since the last visit
2021-01-01T16:59:30.462Z - warn: You might have an invalid intra-link! Ignore this warning if it was intended.
'/2021/admin/ip-overview.html' found in file 'C:\repos\nus-cs2103-AY2021S1\cs2103-website\_markbind\headers\header.md'
2021-01-01T16:59:30.464Z - warn: You might have an invalid intra-link! Ignore this warning if it was intended.
'/2021/admin/tp-expectations.html' found in file 'C:\repos\nus-cs2103-AY2021S1\cs2103-website\_markbind\headers\header.md'
2021-01-01T16:59:30.465Z - warn: You might have an invalid intra-link! Ignore this warning if it was intended.
'/2021/admin/teamList.html' found in file 'C:\repos\nus-cs2103-AY2021S1\cs2103-website\_markbind\headers\header.md'
2021-01-01T16:59:30.467Z - warn: You might have an invalid intra-link! Ignore this warning if it was intended.
'/2021/admin/tutorials.html' found in file 'C:\repos\nus-cs2103-AY2021S1\cs2103-website\_markbind\headers\header.md'
2021-01-01T16:59:31.113Z - info: Site data built
2021-01-01T16:59:31.113Z - info: Lazy website regeneration complete! Total build time: 1.586s
2021-01-01T16:59:32.128Z - info: Building C:\repos\nus-cs2103-AY2021S1\cs2103-website\programming\chapters\monty as some of its dependencies were changed since the last visit
2021-01-01T16:59:32.316Z - warn: You might have an invalid intra-link! Ignore this warning if it was intended.
'/2021/admin/ip-overview.html' found in file 'C:\repos\nus-cs2103-AY2021S1\cs2103-website\_markbind\headers\header.md'
2021-01-01T16:59:32.318Z - warn: You might have an invalid intra-link! Ignore this warning if it was intended.
'/2021/admin/tp-expectations.html' found in file 'C:\repos\nus-cs2103-AY2021S1\cs2103-website\_markbind\headers\header.md'
2021-01-01T16:59:32.319Z - warn: You might have an invalid intra-link! Ignore this warning if it was intended.
'/2021/admin/teamList.html' found in file 'C:\repos\nus-cs2103-AY2021S1\cs2103-website\_markbind\headers\header.md'
2021-01-01T16:59:32.321Z - warn: You might have an invalid intra-link! Ignore this warning if it was intended.
'/2021/admin/tutorials.html' found in file 'C:\repos\nus-cs2103-AY2021S1\cs2103-website\_markbind\headers\header.md'
2021-01-01T16:59:32.675Z - info: Site data built
2021-01-01T16:59:32.676Z - info: Lazy website regeneration complete! Total build time: 0.548s
2021-01-01T17:02:27.043Z - info: [1:02:27 AM] Reload for file change: C:\repos\nus-cs2103-AY2021S1\cs2103-website\programming\monty\monty.mbdf
2021-01-01T17:02:28.054Z - info: Rebuilding 1 pages
2021-01-01T17:02:28.575Z - warn: You might have an invalid intra-link! Ignore this warning if it was intended.
'/2021/admin/ip-overview.html' found in file 'C:\repos\nus-cs2103-AY2021S1\cs2103-website\_markbind\headers\header.md'
2021-01-01T17:02:28.578Z - warn: You might have an invalid intra-link! Ignore this warning if it was intended.
'/2021/admin/tp-expectations.html' found in file 'C:\repos\nus-cs2103-AY2021S1\cs2103-website\_markbind\headers\header.md'
2021-01-01T17:02:28.580Z - warn: You might have an invalid intra-link! Ignore this warning if it was intended.
'/2021/admin/teamList.html' found in file 'C:\repos\nus-cs2103-AY2021S1\cs2103-website\_markbind\headers\header.md'
2021-01-01T17:02:28.582Z - warn: You might have an invalid intra-link! Ignore this warning if it was intended.
'/2021/admin/tutorials.html' found in file 'C:\repos\nus-cs2103-AY2021S1\cs2103-website\_markbind\headers\header.md'
2021-01-01T17:02:29.066Z - info: Site data built
2021-01-01T17:02:29.068Z - info: Pages rebuilt
2021-01-01T17:02:29.069Z - info: Website regeneration complete! Total build time: 1.015s
2021-01-01T17:02:30.089Z - info: Building C:\repos\nus-cs2103-AY2021S1\cs2103-website\index as some of its dependencies were changed since the last visit
2021-01-01T17:02:30.632Z - warn: You might have an invalid intra-link! Ignore this warning if it was intended.
'/2021/admin/ip-overview.html' found in file 'C:\repos\nus-cs2103-AY2021S1\cs2103-website\_markbind\headers\header.md'
2021-01-01T17:02:30.633Z - warn: You might have an invalid intra-link! Ignore this warning if it was intended.
'/2021/admin/tp-expectations.html' found in file 'C:\repos\nus-cs2103-AY2021S1\cs2103-website\_markbind\headers\header.md'
2021-01-01T17:02:30.634Z - warn: You might have an invalid intra-link! Ignore this warning if it was intended.
'/2021/admin/teamList.html' found in file 'C:\repos\nus-cs2103-AY2021S1\cs2103-website\_markbind\headers\header.md'
2021-01-01T17:02:30.636Z - warn: You might have an invalid intra-link! Ignore this warning if it was intended.
'/2021/admin/tutorials.html' found in file 'C:\repos\nus-cs2103-AY2021S1\cs2103-website\_markbind\headers\header.md'
2021-01-01T17:02:31.174Z - info: Site data built
2021-01-01T17:02:31.175Z - info: Lazy website regeneration complete! Total build time: 1.086s
2021-01-01T17:03:11.464Z - info: [1:03:11 AM] Reload for file change: C:\repos\nus-cs2103-AY2021S1\cs2103-website\programming\monty\monty.mbdf
2021-01-01T17:03:12.473Z - info: Rebuilding 1 pages
2021-01-01T17:03:13.066Z - warn: You might have an invalid intra-link! Ignore this warning if it was intended.
'/2021/admin/ip-overview.html' found in file 'C:\repos\nus-cs2103-AY2021S1\cs2103-website\_markbind\headers\header.md'
2021-01-01T17:03:13.068Z - warn: You might have an invalid intra-link! Ignore this warning if it was intended.
'/2021/admin/tp-expectations.html' found in file 'C:\repos\nus-cs2103-AY2021S1\cs2103-website\_markbind\headers\header.md'
2021-01-01T17:03:13.070Z - warn: You might have an invalid intra-link! Ignore this warning if it was intended.
'/2021/admin/teamList.html' found in file 'C:\repos\nus-cs2103-AY2021S1\cs2103-website\_markbind\headers\header.md'
2021-01-01T17:03:13.072Z - warn: You might have an invalid intra-link! Ignore this warning if it was intended.
'/2021/admin/tutorials.html' found in file 'C:\repos\nus-cs2103-AY2021S1\cs2103-website\_markbind\headers\header.md'
2021-01-01T17:03:13.602Z - info: Site data built
2021-01-01T17:03:13.604Z - info: Pages rebuilt
2021-01-01T17:03:13.604Z - info: Website regeneration complete! Total build time: 1.132s
2021-01-01T17:03:14.575Z - info: Building C:\repos\nus-cs2103-AY2021S1\cs2103-website\index as some of its dependencies were changed since the last visit
2021-01-01T17:03:15.341Z - warn: You might have an invalid intra-link! Ignore this warning if it was intended.
'/2021/admin/ip-overview.html' found in file 'C:\repos\nus-cs2103-AY2021S1\cs2103-website\_markbind\headers\header.md'
2021-01-01T17:03:15.345Z - warn: You might have an invalid intra-link! Ignore this warning if it was intended.
'/2021/admin/tp-expectations.html' found in file 'C:\repos\nus-cs2103-AY2021S1\cs2103-website\_markbind\headers\header.md'
2021-01-01T17:03:15.347Z - warn: You might have an invalid intra-link! Ignore this warning if it was intended.
'/2021/admin/teamList.html' found in file 'C:\repos\nus-cs2103-AY2021S1\cs2103-website\_markbind\headers\header.md'
2021-01-01T17:03:15.351Z - warn: You might have an invalid intra-link! Ignore this warning if it was intended.
'/2021/admin/tutorials.html' found in file 'C:\repos\nus-cs2103-AY2021S1\cs2103-website\_markbind\headers\header.md'
2021-01-01T17:03:16.221Z - info: Site data built
2021-01-01T17:03:16.221Z - info: Lazy website regeneration complete! Total build time: 1.646s
2021-01-01T17:06:23.213Z - info: [1:06:23 AM] Reload for file change: C:\repos\nus-cs2103-AY2021S1\cs2103-website\programming\monty\monty.mbdf
2021-01-01T17:06:24.239Z - info: No pages needed to be rebuilt
2021-01-01T17:06:37.588Z - info: Building C:\repos\nus-cs2103-AY2021S1\cs2103-website\programming\chapters\monty as some of its dependencies were changed since the last visit
2021-01-01T17:06:38.257Z - warn: You might have an invalid intra-link! Ignore this warning if it was intended.
'/2021/admin/ip-overview.html' found in file 'C:\repos\nus-cs2103-AY2021S1\cs2103-website\_markbind\headers\header.md'
2021-01-01T17:06:38.261Z - warn: You might have an invalid intra-link! Ignore this warning if it was intended.
'/2021/admin/tp-expectations.html' found in file 'C:\repos\nus-cs2103-AY2021S1\cs2103-website\_markbind\headers\header.md'
2021-01-01T17:06:38.265Z - warn: You might have an invalid intra-link! Ignore this warning if it was intended.
'/2021/admin/teamList.html' found in file 'C:\repos\nus-cs2103-AY2021S1\cs2103-website\_markbind\headers\header.md'
2021-01-01T17:06:38.268Z - warn: You might have an invalid intra-link! Ignore this warning if it was intended.
'/2021/admin/tutorials.html' found in file 'C:\repos\nus-cs2103-AY2021S1\cs2103-website\_markbind\headers\header.md'
2021-01-01T17:06:38.805Z - info: Site data built
2021-01-01T17:06:38.806Z - info: Lazy website regeneration complete! Total build time: 1.219s
2021-01-01T17:06:39.847Z - info: Building C:\repos\nus-cs2103-AY2021S1\cs2103-website\index as some of its dependencies were changed since the last visit
2021-01-01T17:06:40.342Z - warn: You might have an invalid intra-link! Ignore this warning if it was intended.
'/2021/admin/ip-overview.html' found in file 'C:\repos\nus-cs2103-AY2021S1\cs2103-website\_markbind\headers\header.md'
2021-01-01T17:06:40.343Z - warn: You might have an invalid intra-link! Ignore this warning if it was intended.
'/2021/admin/tp-expectations.html' found in file 'C:\repos\nus-cs2103-AY2021S1\cs2103-website\_markbind\headers\header.md'
2021-01-01T17:06:40.345Z - warn: You might have an invalid intra-link! Ignore this warning if it was intended.
'/2021/admin/teamList.html' found in file 'C:\repos\nus-cs2103-AY2021S1\cs2103-website\_markbind\headers\header.md'
2021-01-01T17:06:40.348Z - warn: You might have an invalid intra-link! Ignore this warning if it was intended.
'/2021/admin/tutorials.html' found in file 'C:\repos\nus-cs2103-AY2021S1\cs2103-website\_markbind\headers\header.md'
2021-01-01T17:06:41.026Z - info: Site data built
2021-01-01T17:06:41.026Z - info: Lazy website regeneration complete! Total build time: 1.18s
2021-01-01T17:07:25.408Z - info: [1:07:25 AM] Reload for file change: C:\repos\nus-cs2103-AY2021S1\cs2103-website\programming\monty\monty.mbdf
2021-01-01T17:07:26.414Z - info: Rebuilding 1 pages
2021-01-01T17:07:27.249Z - warn: You might have an invalid intra-link! Ignore this warning if it was intended.
'/2021/admin/ip-overview.html' found in file 'C:\repos\nus-cs2103-AY2021S1\cs2103-website\_markbind\headers\header.md'
2021-01-01T17:07:27.251Z - warn: You might have an invalid intra-link! Ignore this warning if it was intended.
'/2021/admin/tp-expectations.html' found in file 'C:\repos\nus-cs2103-AY2021S1\cs2103-website\_markbind\headers\header.md'
2021-01-01T17:07:27.253Z - warn: You might have an invalid intra-link! Ignore this warning if it was intended.
'/2021/admin/teamList.html' found in file 'C:\repos\nus-cs2103-AY2021S1\cs2103-website\_markbind\headers\header.md'
2021-01-01T17:07:27.254Z - warn: You might have an invalid intra-link! Ignore this warning if it was intended.
'/2021/admin/tutorials.html' found in file 'C:\repos\nus-cs2103-AY2021S1\cs2103-website\_markbind\headers\header.md'
2021-01-01T17:07:28.124Z - info: Site data built
2021-01-01T17:07:28.124Z - info: Pages rebuilt
2021-01-01T17:07:28.124Z - info: Website regeneration complete! Total build time: 1.711s
2021-01-01T17:07:29.169Z - info: Building C:\repos\nus-cs2103-AY2021S1\cs2103-website\programming\chapters\monty as some of its dependencies were changed since the last visit
2021-01-01T17:07:29.361Z - warn: You might have an invalid intra-link! Ignore this warning if it was intended.
'/2021/admin/ip-overview.html' found in file 'C:\repos\nus-cs2103-AY2021S1\cs2103-website\_markbind\headers\header.md'
2021-01-01T17:07:29.363Z - warn: You might have an invalid intra-link! Ignore this warning if it was intended.
'/2021/admin/tp-expectations.html' found in file 'C:\repos\nus-cs2103-AY2021S1\cs2103-website\_markbind\headers\header.md'
2021-01-01T17:07:29.365Z - warn: You might have an invalid intra-link! Ignore this warning if it was intended.
'/2021/admin/teamList.html' found in file 'C:\repos\nus-cs2103-AY2021S1\cs2103-website\_markbind\headers\header.md'
2021-01-01T17:07:29.368Z - warn: You might have an invalid intra-link! Ignore this warning if it was intended.
'/2021/admin/tutorials.html' found in file 'C:\repos\nus-cs2103-AY2021S1\cs2103-website\_markbind\headers\header.md'
2021-01-01T17:07:29.727Z - info: Site data built
2021-01-01T17:07:29.728Z - info: Lazy website regeneration complete! Total build time: 0.559s
2021-01-01T17:07:53.602Z - info: [1:07:53 AM] Reload for file change: C:\repos\nus-cs2103-AY2021S1\cs2103-website\programming\monty\monty.mbdf
2021-01-01T17:07:54.610Z - info: Rebuilding 1 pages
2021-01-01T17:07:55.573Z - warn: You might have an invalid intra-link! Ignore this warning if it was intended.
'/2021/admin/ip-overview.html' found in file 'C:\repos\nus-cs2103-AY2021S1\cs2103-website\_markbind\headers\header.md'
2021-01-01T17:07:55.575Z - warn: You might have an invalid intra-link! Ignore this warning if it was intended.
'/2021/admin/tp-expectations.html' found in file 'C:\repos\nus-cs2103-AY2021S1\cs2103-website\_markbind\headers\header.md'
2021-01-01T17:07:55.576Z - warn: You might have an invalid intra-link! Ignore this warning if it was intended.
'/2021/admin/teamList.html' found in file 'C:\repos\nus-cs2103-AY2021S1\cs2103-website\_markbind\headers\header.md'
2021-01-01T17:07:55.578Z - warn: You might have an invalid intra-link! Ignore this warning if it was intended.
'/2021/admin/tutorials.html' found in file 'C:\repos\nus-cs2103-AY2021S1\cs2103-website\_markbind\headers\header.md'
2021-01-01T17:07:56.180Z - info: Site data built
2021-01-01T17:07:56.181Z - info: Pages rebuilt
2021-01-01T17:07:56.182Z - info: Website regeneration complete! Total build time: 1.572s
2021-01-01T17:07:57.224Z - info: Building C:\repos\nus-cs2103-AY2021S1\cs2103-website\programming\chapters\monty as some of its dependencies were changed since the last visit
2021-01-01T17:07:57.436Z - warn: You might have an invalid intra-link! Ignore this warning if it was intended.
'/2021/admin/ip-overview.html' found in file 'C:\repos\nus-cs2103-AY2021S1\cs2103-website\_markbind\headers\header.md'
2021-01-01T17:07:57.438Z - warn: You might have an invalid intra-link! Ignore this warning if it was intended.
'/2021/admin/tp-expectations.html' found in file 'C:\repos\nus-cs2103-AY2021S1\cs2103-website\_markbind\headers\header.md'
2021-01-01T17:07:57.440Z - warn: You might have an invalid intra-link! Ignore this warning if it was intended.
'/2021/admin/teamList.html' found in file 'C:\repos\nus-cs2103-AY2021S1\cs2103-website\_markbind\headers\header.md'
2021-01-01T17:07:57.443Z - warn: You might have an invalid intra-link! Ignore this warning if it was intended.
'/2021/admin/tutorials.html' found in file 'C:\repos\nus-cs2103-AY2021S1\cs2103-website\_markbind\headers\header.md'
2021-01-01T17:07:57.805Z - info: Site data built
2021-01-01T17:07:57.805Z - info: Lazy website regeneration complete! Total build time: 0.581s
2021-01-01T17:08:18.117Z - info: [1:08:18 AM] Reload for file change: C:\repos\nus-cs2103-AY2021S1\cs2103-website\programming\monty\monty.mbdf
2021-01-01T17:08:19.123Z - info: Rebuilding 1 pages
2021-01-01T17:08:19.989Z - warn: You might have an invalid intra-link! Ignore this warning if it was intended.
'/2021/admin/ip-overview.html' found in file 'C:\repos\nus-cs2103-AY2021S1\cs2103-website\_markbind\headers\header.md'
2021-01-01T17:08:19.991Z - warn: You might have an invalid intra-link! Ignore this warning if it was intended.
'/2021/admin/tp-expectations.html' found in file 'C:\repos\nus-cs2103-AY2021S1\cs2103-website\_markbind\headers\header.md'
2021-01-01T17:08:19.992Z - warn: You might have an invalid intra-link! Ignore this warning if it was intended.
'/2021/admin/teamList.html' found in file 'C:\repos\nus-cs2103-AY2021S1\cs2103-website\_markbind\headers\header.md'
2021-01-01T17:08:19.994Z - warn: You might have an invalid intra-link! Ignore this warning if it was intended.
'/2021/admin/tutorials.html' found in file 'C:\repos\nus-cs2103-AY2021S1\cs2103-website\_markbind\headers\header.md'
2021-01-01T17:08:20.578Z - info: Site data built
2021-01-01T17:08:20.579Z - info: Pages rebuilt
2021-01-01T17:08:20.579Z - info: Website regeneration complete! Total build time: 1.457s
2021-01-01T17:08:21.594Z - info: Building C:\repos\nus-cs2103-AY2021S1\cs2103-website\programming\chapters\monty as some of its dependencies were changed since the last visit
2021-01-01T17:08:21.796Z - warn: You might have an invalid intra-link! Ignore this warning if it was intended.
'/2021/admin/ip-overview.html' found in file 'C:\repos\nus-cs2103-AY2021S1\cs2103-website\_markbind\headers\header.md'
2021-01-01T17:08:21.799Z - warn: You might have an invalid intra-link! Ignore this warning if it was intended.
'/2021/admin/tp-expectations.html' found in file 'C:\repos\nus-cs2103-AY2021S1\cs2103-website\_markbind\headers\header.md'
2021-01-01T17:08:21.801Z - warn: You might have an invalid intra-link! Ignore this warning if it was intended.
'/2021/admin/teamList.html' found in file 'C:\repos\nus-cs2103-AY2021S1\cs2103-website\_markbind\headers\header.md'
2021-01-01T17:08:21.803Z - warn: You might have an invalid intra-link! Ignore this warning if it was intended.
'/2021/admin/tutorials.html' found in file 'C:\repos\nus-cs2103-AY2021S1\cs2103-website\_markbind\headers\header.md'
2021-01-01T17:08:22.154Z - info: Site data built
2021-01-01T17:08:22.154Z - info: Lazy website regeneration complete! Total build time: 0.56s
2021-01-01T17:08:53.664Z - info: [1:08:53 AM] Reload for file change: C:\repos\nus-cs2103-AY2021S1\cs2103-website\programming\monty\monty.mbdf
2021-01-01T17:08:54.677Z - info: Rebuilding 1 pages
2021-01-01T17:08:55.594Z - warn: You might have an invalid intra-link! Ignore this warning if it was intended.
'/2021/admin/ip-overview.html' found in file 'C:\repos\nus-cs2103-AY2021S1\cs2103-website\_markbind\headers\header.md'
2021-01-01T17:08:55.596Z - warn: You might have an invalid intra-link! Ignore this warning if it was intended.
'/2021/admin/tp-expectations.html' found in file 'C:\repos\nus-cs2103-AY2021S1\cs2103-website\_markbind\headers\header.md'
2021-01-01T17:08:55.597Z - warn: You might have an invalid intra-link! Ignore this warning if it was intended.
'/2021/admin/teamList.html' found in file 'C:\repos\nus-cs2103-AY2021S1\cs2103-website\_markbind\headers\header.md'
2021-01-01T17:08:55.599Z - warn: You might have an invalid intra-link! Ignore this warning if it was intended.
'/2021/admin/tutorials.html' found in file 'C:\repos\nus-cs2103-AY2021S1\cs2103-website\_markbind\headers\header.md'
2021-01-01T17:08:56.300Z - info: Site data built
2021-01-01T17:08:56.300Z - info: Pages rebuilt
2021-01-01T17:08:56.301Z - info: Website regeneration complete! Total build time: 1.628s
2021-01-01T17:08:57.332Z - info: Building C:\repos\nus-cs2103-AY2021S1\cs2103-website\programming\chapters\monty as some of its dependencies were changed since the last visit
2021-01-01T17:08:57.511Z - warn: You might have an invalid intra-link! Ignore this warning if it was intended.
'/2021/admin/ip-overview.html' found in file 'C:\repos\nus-cs2103-AY2021S1\cs2103-website\_markbind\headers\header.md'
2021-01-01T17:08:57.513Z - warn: You might have an invalid intra-link! Ignore this warning if it was intended.
'/2021/admin/tp-expectations.html' found in file 'C:\repos\nus-cs2103-AY2021S1\cs2103-website\_markbind\headers\header.md'
2021-01-01T17:08:57.514Z - warn: You might have an invalid intra-link! Ignore this warning if it was intended.
'/2021/admin/teamList.html' found in file 'C:\repos\nus-cs2103-AY2021S1\cs2103-website\_markbind\headers\header.md'
2021-01-01T17:08:57.516Z - warn: You might have an invalid intra-link! Ignore this warning if it was intended.
'/2021/admin/tutorials.html' found in file 'C:\repos\nus-cs2103-AY2021S1\cs2103-website\_markbind\headers\header.md'
2021-01-01T17:08:57.856Z - info: Site data built
2021-01-01T17:08:57.856Z - info: Lazy website regeneration complete! Total build time: 0.524s
2021-01-01T17:10:33.891Z - info: [1:10:33 AM] Reload for file change: C:\repos\nus-cs2103-AY2021S1\cs2103-website\programming\monty\monty.mbdf
2021-01-01T17:10:34.901Z - info: Rebuilding 1 pages
2021-01-01T17:10:35.808Z - warn: You might have an invalid intra-link! Ignore this warning if it was intended.
'/2021/admin/ip-overview.html' found in file 'C:\repos\nus-cs2103-AY2021S1\cs2103-website\_markbind\headers\header.md'
2021-01-01T17:10:35.810Z - warn: You might have an invalid intra-link! Ignore this warning if it was intended.
'/2021/admin/tp-expectations.html' found in file 'C:\repos\nus-cs2103-AY2021S1\cs2103-website\_markbind\headers\header.md'
2021-01-01T17:10:35.811Z - warn: You might have an invalid intra-link! Ignore this warning if it was intended.
'/2021/admin/teamList.html' found in file 'C:\repos\nus-cs2103-AY2021S1\cs2103-website\_markbind\headers\header.md'
2021-01-01T17:10:35.813Z - warn: You might have an invalid intra-link! Ignore this warning if it was intended.
'/2021/admin/tutorials.html' found in file 'C:\repos\nus-cs2103-AY2021S1\cs2103-website\_markbind\headers\header.md'
2021-01-01T17:10:36.407Z - info: Site data built
2021-01-01T17:10:36.407Z - info: Pages rebuilt
2021-01-01T17:10:36.407Z - info: Website regeneration complete! Total build time: 1.507s
2021-01-01T17:10:37.568Z - info: Building C:\repos\nus-cs2103-AY2021S1\cs2103-website\programming\chapters\monty as some of its dependencies were changed since the last visit
2021-01-01T17:10:37.783Z - warn: You might have an invalid intra-link! Ignore this warning if it was intended.
'/2021/admin/ip-overview.html' found in file 'C:\repos\nus-cs2103-AY2021S1\cs2103-website\_markbind\headers\header.md'
2021-01-01T17:10:37.786Z - warn: You might have an invalid intra-link! Ignore this warning if it was intended.
'/2021/admin/tp-expectations.html' found in file 'C:\repos\nus-cs2103-AY2021S1\cs2103-website\_markbind\headers\header.md'
2021-01-01T17:10:37.788Z - warn: You might have an invalid intra-link! Ignore this warning if it was intended.
'/2021/admin/teamList.html' found in file 'C:\repos\nus-cs2103-AY2021S1\cs2103-website\_markbind\headers\header.md'
2021-01-01T17:10:37.791Z - warn: You might have an invalid intra-link! Ignore this warning if it was intended.
'/2021/admin/tutorials.html' found in file 'C:\repos\nus-cs2103-AY2021S1\cs2103-website\_markbind\headers\header.md'
2021-01-01T17:10:38.199Z - info: Site data built
2021-01-01T17:10:38.199Z - info: Lazy website regeneration complete! Total build time: 0.632s
2021-01-01T17:12:15.496Z - info: [1:12:15 AM] Reload for file change: C:\repos\nus-cs2103-AY2021S1\cs2103-website\programming\monty\extensions.mbdf
2021-01-01T17:12:16.517Z - info: No pages needed to be rebuilt
2021-01-01T17:12:36.659Z - info: [1:12:36 AM] Reload for file change: C:\repos\nus-cs2103-AY2021S1\cs2103-website\programming\monty\extensions.mbdf
2021-01-01T17:12:37.670Z - info: No pages needed to be rebuilt
2021-01-01T17:12:49.301Z - info: Building C:\repos\nus-cs2103-AY2021S1\cs2103-website\programming\chapters\monty as some of its dependencies were changed since the last visit
2021-01-01T17:12:50.077Z - warn: You might have an invalid intra-link! Ignore this warning if it was intended.
'/2021/admin/ip-overview.html' found in file 'C:\repos\nus-cs2103-AY2021S1\cs2103-website\_markbind\headers\header.md'
2021-01-01T17:12:50.078Z - warn: You might have an invalid intra-link! Ignore this warning if it was intended.
'/2021/admin/tp-expectations.html' found in file 'C:\repos\nus-cs2103-AY2021S1\cs2103-website\_markbind\headers\header.md'
2021-01-01T17:12:50.080Z - warn: You might have an invalid intra-link! Ignore this warning if it was intended.
'/2021/admin/teamList.html' found in file 'C:\repos\nus-cs2103-AY2021S1\cs2103-website\_markbind\headers\header.md'
2021-01-01T17:12:50.082Z - warn: You might have an invalid intra-link! Ignore this warning if it was intended.
'/2021/admin/tutorials.html' found in file 'C:\repos\nus-cs2103-AY2021S1\cs2103-website\_markbind\headers\header.md'
2021-01-01T17:12:50.599Z - info: Site data built
2021-01-01T17:12:50.599Z - info: Lazy website regeneration complete! Total build time: 1.299s
2021-01-01T17:13:38.373Z - info: [1:13:38 AM] Reload for file change: C:\repos\nus-cs2103-AY2021S1\cs2103-website\programming\monty\extensions.mbdf
2021-01-01T17:13:39.375Z - info: No pages needed to be rebuilt
2021-01-01T17:13:44.944Z - info: Building C:\repos\nus-cs2103-AY2021S1\cs2103-website\programming\chapters\monty as some of its dependencies were changed since the last visit
2021-01-01T17:13:45.300Z - warn: You might have an invalid intra-link! Ignore this warning if it was intended.
'/2021/admin/ip-overview.html' found in file 'C:\repos\nus-cs2103-AY2021S1\cs2103-website\_markbind\headers\header.md'
2021-01-01T17:13:45.301Z - warn: You might have an invalid intra-link! Ignore this warning if it was intended.
'/2021/admin/tp-expectations.html' found in file 'C:\repos\nus-cs2103-AY2021S1\cs2103-website\_markbind\headers\header.md'
2021-01-01T17:13:45.303Z - warn: You might have an invalid intra-link! Ignore this warning if it was intended.
'/2021/admin/teamList.html' found in file 'C:\repos\nus-cs2103-AY2021S1\cs2103-website\_markbind\headers\header.md'
2021-01-01T17:13:45.305Z - warn: You might have an invalid intra-link! Ignore this warning if it was intended.
'/2021/admin/tutorials.html' found in file 'C:\repos\nus-cs2103-AY2021S1\cs2103-website\_markbind\headers\header.md'
2021-01-01T17:13:45.649Z - info: Site data built
2021-01-01T17:13:45.650Z - info: Lazy website regeneration complete! Total build time: 0.706s
2021-01-01T17:14:38.421Z - info: [1:14:38 AM] Reload for file change: C:\repos\nus-cs2103-AY2021S1\cs2103-website\programming\monty\extensions.mbdf
2021-01-01T17:14:39.431Z - info: No pages needed to be rebuilt
2021-01-01T17:14:42.518Z - info: Building C:\repos\nus-cs2103-AY2021S1\cs2103-website\programming\chapters\monty as some of its dependencies were changed since the last visit
2021-01-01T17:14:42.952Z - warn: You might have an invalid intra-link! Ignore this warning if it was intended.
'/2021/admin/ip-overview.html' found in file 'C:\repos\nus-cs2103-AY2021S1\cs2103-website\_markbind\headers\header.md'
2021-01-01T17:14:42.955Z - warn: You might have an invalid intra-link! Ignore this warning if it was intended.
'/2021/admin/tp-expectations.html' found in file 'C:\repos\nus-cs2103-AY2021S1\cs2103-website\_markbind\headers\header.md'
2021-01-01T17:14:42.956Z - warn: You might have an invalid intra-link! Ignore this warning if it was intended.
'/2021/admin/teamList.html' found in file 'C:\repos\nus-cs2103-AY2021S1\cs2103-website\_markbind\headers\header.md'
2021-01-01T17:14:42.963Z - warn: You might have an invalid intra-link! Ignore this warning if it was intended.
'/2021/admin/tutorials.html' found in file 'C:\repos\nus-cs2103-AY2021S1\cs2103-website\_markbind\headers\header.md'
2021-01-01T17:14:43.310Z - info: Site data built
2021-01-01T17:14:43.311Z - info: Lazy website regeneration complete! Total build time: 0.794s
2021-01-01T17:15:06.707Z - info: [1:15:06 AM] Reload for file change: C:\repos\nus-cs2103-AY2021S1\cs2103-website\programming\monty\extensions.mbdf
2021-01-01T17:15:07.710Z - info: No pages needed to be rebuilt
2021-01-01T17:15:10.506Z - info: Building C:\repos\nus-cs2103-AY2021S1\cs2103-website\programming\chapters\monty as some of its dependencies were changed since the last visit
2021-01-01T17:15:11.127Z - warn: You might have an invalid intra-link! Ignore this warning if it was intended.
'/2021/admin/ip-overview.html' found in file 'C:\repos\nus-cs2103-AY2021S1\cs2103-website\_markbind\headers\header.md'
2021-01-01T17:15:11.130Z - warn: You might have an invalid intra-link! Ignore this warning if it was intended.
'/2021/admin/tp-expectations.html' found in file 'C:\repos\nus-cs2103-AY2021S1\cs2103-website\_markbind\headers\header.md'
2021-01-01T17:15:11.134Z - warn: You might have an invalid intra-link! Ignore this warning if it was intended.
'/2021/admin/teamList.html' found in file 'C:\repos\nus-cs2103-AY2021S1\cs2103-website\_markbind\headers\header.md'
2021-01-01T17:15:11.139Z - warn: You might have an invalid intra-link! Ignore this warning if it was intended.
'/2021/admin/tutorials.html' found in file 'C:\repos\nus-cs2103-AY2021S1\cs2103-website\_markbind\headers\header.md'
2021-01-01T17:15:11.738Z - info: Site data built
2021-01-01T17:15:11.739Z - info: Lazy website regeneration complete! Total build time: 1.233s
2021-01-01T17:15:34.125Z - info: [1:15:34 AM] Reload for file change: C:\repos\nus-cs2103-AY2021S1\cs2103-website\programming\monty\monty.mbdf
2021-01-01T17:15:35.134Z - info: No pages needed to be rebuilt
2021-01-01T17:15:45.115Z - info: Building C:\repos\nus-cs2103-AY2021S1\cs2103-website\programming\chapters\monty as some of its dependencies were changed since the last visit
2021-01-01T17:15:45.589Z - warn: You might have an invalid intra-link! Ignore this warning if it was intended.
'/2021/admin/ip-overview.html' found in file 'C:\repos\nus-cs2103-AY2021S1\cs2103-website\_markbind\headers\header.md'
2021-01-01T17:15:45.592Z - warn: You might have an invalid intra-link! Ignore this warning if it was intended.
'/2021/admin/tp-expectations.html' found in file 'C:\repos\nus-cs2103-AY2021S1\cs2103-website\_markbind\headers\header.md'
2021-01-01T17:15:45.594Z - warn: You might have an invalid intra-link! Ignore this warning if it was intended.
'/2021/admin/teamList.html' found in file 'C:\repos\nus-cs2103-AY2021S1\cs2103-website\_markbind\headers\header.md'
2021-01-01T17:15:45.603Z - warn: You might have an invalid intra-link! Ignore this warning if it was intended.
'/2021/admin/tutorials.html' found in file 'C:\repos\nus-cs2103-AY2021S1\cs2103-website\_markbind\headers\header.md'
2021-01-01T17:15:46.044Z - info: Site data built
2021-01-01T17:15:46.044Z - info: Lazy website regeneration complete! Total build time: 0.93s
2021-01-01T17:15:47.128Z - info: Building C:\repos\nus-cs2103-AY2021S1\cs2103-website\index as some of its dependencies were changed since the last visit
2021-01-01T17:15:47.884Z - warn: You might have an invalid intra-link! Ignore this warning if it was intended.
'/2021/admin/ip-overview.html' found in file 'C:\repos\nus-cs2103-AY2021S1\cs2103-website\_markbind\headers\header.md'
2021-01-01T17:15:47.886Z - warn: You might have an invalid intra-link! Ignore this warning if it was intended.
'/2021/admin/tp-expectations.html' found in file 'C:\repos\nus-cs2103-AY2021S1\cs2103-website\_markbind\headers\header.md'
2021-01-01T17:15:47.888Z - warn: You might have an invalid intra-link! Ignore this warning if it was intended.
'/2021/admin/teamList.html' found in file 'C:\repos\nus-cs2103-AY2021S1\cs2103-website\_markbind\headers\header.md'
2021-01-01T17:15:47.891Z - warn: You might have an invalid intra-link! Ignore this warning if it was intended.
'/2021/admin/tutorials.html' found in file 'C:\repos\nus-cs2103-AY2021S1\cs2103-website\_markbind\headers\header.md'
2021-01-01T17:15:48.697Z - info: Site data built
2021-01-01T17:15:48.698Z - info: Lazy website regeneration complete! Total build time: 1.57s
2021-01-01T17:24:53.520Z - info: [1:24:53 AM] Reload for file change: C:\repos\nus-cs2103-AY2021S1\cs2103-website\admin\index-te3201.mbdf
2021-01-01T17:24:54.557Z - info: No pages needed to be rebuilt
2021-01-01T17:25:02.697Z - info: Building C:\repos\nus-cs2103-AY2021S1\cs2103-website\index as some of its dependencies were changed since the last visit
2021-01-01T17:25:03.833Z - warn: You might have an invalid intra-link! Ignore this warning if it was intended.
'/2021/admin/ip-overview.html' found in file 'C:\repos\nus-cs2103-AY2021S1\cs2103-website\_markbind\headers\header.md'
2021-01-01T17:25:03.834Z - warn: You might have an invalid intra-link! Ignore this warning if it was intended.
'/2021/admin/tp-expectations.html' found in file 'C:\repos\nus-cs2103-AY2021S1\cs2103-website\_markbind\headers\header.md'
2021-01-01T17:25:03.837Z - warn: You might have an invalid intra-link! Ignore this warning if it was intended.
'/2021/admin/teamList.html' found in file 'C:\repos\nus-cs2103-AY2021S1\cs2103-website\_markbind\headers\header.md'
2021-01-01T17:25:03.839Z - warn: You might have an invalid intra-link! Ignore this warning if it was intended.
'/2021/admin/tutorials.html' found in file 'C:\repos\nus-cs2103-AY2021S1\cs2103-website\_markbind\headers\header.md'
2021-01-01T17:25:04.929Z - info: Site data built
2021-01-01T17:25:04.930Z - info: Lazy website regeneration complete! Total build time: 2.232s
2021-01-01T17:29:40.835Z - info: [1:29:40 AM] Reload for file change: C:\repos\nus-cs2103-AY2021S1\cs2103-website\admin\index-te3201.mbdf
2021-01-01T17:29:41.849Z - info: No pages needed to be rebuilt
2021-01-01T17:29:46.412Z - info: Building C:\repos\nus-cs2103-AY2021S1\cs2103-website\index as some of its dependencies were changed since the last visit
2021-01-01T17:29:47.306Z - warn: You might have an invalid intra-link! Ignore this warning if it was intended.
'/2021/admin/ip-overview.html' found in file 'C:\repos\nus-cs2103-AY2021S1\cs2103-website\_markbind\headers\header.md'
2021-01-01T17:29:47.310Z - warn: You might have an invalid intra-link! Ignore this warning if it was intended.
'/2021/admin/tp-expectations.html' found in file 'C:\repos\nus-cs2103-AY2021S1\cs2103-website\_markbind\headers\header.md'
2021-01-01T17:29:47.311Z - warn: You might have an invalid intra-link! Ignore this warning if it was intended.
'/2021/admin/teamList.html' found in file 'C:\repos\nus-cs2103-AY2021S1\cs2103-website\_markbind\headers\header.md'
2021-01-01T17:29:47.313Z - warn: You might have an invalid intra-link! Ignore this warning if it was intended.
'/2021/admin/tutorials.html' found in file 'C:\repos\nus-cs2103-AY2021S1\cs2103-website\_markbind\headers\header.md'
2021-01-01T17:29:47.980Z - info: Site data built
2021-01-01T17:29:47.980Z - info: Lazy website regeneration complete! Total build time: 1.568s
2021-01-01T17:32:31.027Z - info: [1:32:31 AM] Reload for file change: C:\repos\nus-cs2103-AY2021S1\cs2103-website\admin\index-te3201.mbdf
2021-01-01T17:32:32.037Z - info: No pages needed to be rebuilt
2021-01-01T17:32:36.883Z - info: Building C:\repos\nus-cs2103-AY2021S1\cs2103-website\index as some of its dependencies were changed since the last visit
2021-01-01T17:32:37.790Z - warn: You might have an invalid intra-link! Ignore this warning if it was intended.
'/2021/admin/ip-overview.html' found in file 'C:\repos\nus-cs2103-AY2021S1\cs2103-website\_markbind\headers\header.md'
2021-01-01T17:32:37.792Z - warn: You might have an invalid intra-link! Ignore this warning if it was intended.
'/2021/admin/tp-expectations.html' found in file 'C:\repos\nus-cs2103-AY2021S1\cs2103-website\_markbind\headers\header.md'
2021-01-01T17:32:37.794Z - warn: You might have an invalid intra-link! Ignore this warning if it was intended.
'/2021/admin/teamList.html' found in file 'C:\repos\nus-cs2103-AY2021S1\cs2103-website\_markbind\headers\header.md'
2021-01-01T17:32:37.796Z - warn: You might have an invalid intra-link! Ignore this warning if it was intended.
'/2021/admin/tutorials.html' found in file 'C:\repos\nus-cs2103-AY2021S1\cs2103-website\_markbind\headers\header.md'
2021-01-01T17:32:38.570Z - info: Site data built
2021-01-01T17:32:38.570Z - info: Lazy website regeneration complete! Total build time: 1.687s
2021-01-01T17:32:53.914Z - info: Building C:\repos\nus-cs2103-AY2021S1\cs2103-website\schedule\timeline as some of its dependencies were changed since the last visit
2021-01-01T17:32:55.704Z - warn: You might have an invalid intra-link! Ignore this warning if it was intended.
'/2021/admin/ip-overview.html' found in file 'C:\repos\nus-cs2103-AY2021S1\cs2103-website\_markbind\headers\header.md'
2021-01-01T17:32:55.707Z - warn: You might have an invalid intra-link! Ignore this warning if it was intended.
'/2021/admin/tp-expectations.html' found in file 'C:\repos\nus-cs2103-AY2021S1\cs2103-website\_markbind\headers\header.md'
2021-01-01T17:32:55.708Z - warn: You might have an invalid intra-link! Ignore this warning if it was intended.
'/2021/admin/teamList.html' found in file 'C:\repos\nus-cs2103-AY2021S1\cs2103-website\_markbind\headers\header.md'
2021-01-01T17:32:55.710Z - warn: You might have an invalid intra-link! Ignore this warning if it was intended.
'/2021/admin/tutorials.html' found in file 'C:\repos\nus-cs2103-AY2021S1\cs2103-website\_markbind\headers\header.md'
2021-01-01T17:32:55.729Z - warn: You might have an invalid intra-link! Ignore this warning if it was intended.
'/2021/schedule/week1/project.html' found in file 'C:\repos\nus-cs2103-AY2021S1\cs2103-website\schedule\timeline.md'
2021-01-01T17:32:55.730Z - warn: You might have an invalid intra-link! Ignore this warning if it was intended.
'/2021/schedule/week1/tutorial.html' found in file 'C:\repos\nus-cs2103-AY2021S1\cs2103-website\schedule\timeline.md'
2021-01-01T17:32:55.735Z - warn: You might have an invalid intra-link! Ignore this warning if it was intended.
'/2021/schedule/week2/project.html' found in file 'C:\repos\nus-cs2103-AY2021S1\cs2103-website\schedule\timeline.md'
2021-01-01T17:32:55.736Z - warn: You might have an invalid intra-link! Ignore this warning if it was intended.
'/2021/schedule/week2/tutorial.html' found in file 'C:\repos\nus-cs2103-AY2021S1\cs2103-website\schedule\timeline.md'
2021-01-01T17:32:55.744Z - warn: You might have an invalid intra-link! Ignore this warning if it was intended.
'/2021/schedule/week3/project.html' found in file 'C:\repos\nus-cs2103-AY2021S1\cs2103-website\schedule\timeline.md'
2021-01-01T17:32:55.744Z - warn: You might have an invalid intra-link! Ignore this warning if it was intended.
'/2021/schedule/week3/tutorial.html' found in file 'C:\repos\nus-cs2103-AY2021S1\cs2103-website\schedule\timeline.md'
2021-01-01T17:32:55.754Z - warn: You might have an invalid intra-link! Ignore this warning if it was intended.
'/2021/schedule/week4/project.html' found in file 'C:\repos\nus-cs2103-AY2021S1\cs2103-website\schedule\timeline.md'
2021-01-01T17:32:55.755Z - warn: You might have an invalid intra-link! Ignore this warning if it was intended.
'/2021/schedule/week4/tutorial.html' found in file 'C:\repos\nus-cs2103-AY2021S1\cs2103-website\schedule\timeline.md'
2021-01-01T17:32:55.763Z - warn: You might have an invalid intra-link! Ignore this warning if it was intended.
'/2021/schedule/week5/project.html' found in file 'C:\repos\nus-cs2103-AY2021S1\cs2103-website\schedule\timeline.md'
2021-01-01T17:32:55.764Z - warn: You might have an invalid intra-link! Ignore this warning if it was intended.
'/2021/schedule/week5/tutorial.html' found in file 'C:\repos\nus-cs2103-AY2021S1\cs2103-website\schedule\timeline.md'
2021-01-01T17:32:55.769Z - warn: You might have an invalid intra-link! Ignore this warning if it was intended.
'/2021/schedule/week6/project.html' found in file 'C:\repos\nus-cs2103-AY2021S1\cs2103-website\schedule\timeline.md'
2021-01-01T17:32:55.770Z - warn: You might have an invalid intra-link! Ignore this warning if it was intended.
'/2021/schedule/week6/tutorial.html' found in file 'C:\repos\nus-cs2103-AY2021S1\cs2103-website\schedule\timeline.md'
2021-01-01T17:32:55.775Z - warn: You might have an invalid intra-link! Ignore this warning if it was intended.
'/2021/schedule/week7/project.html' found in file 'C:\repos\nus-cs2103-AY2021S1\cs2103-website\schedule\timeline.md'
2021-01-01T17:32:55.776Z - warn: You might have an invalid intra-link! Ignore this warning if it was intended.
'/2021/schedule/week7/tutorial.html' found in file 'C:\repos\nus-cs2103-AY2021S1\cs2103-website\schedule\timeline.md'
2021-01-01T17:32:55.781Z - warn: You might have an invalid intra-link! Ignore this warning if it was intended.
'/2021/schedule/week8/project.html' found in file 'C:\repos\nus-cs2103-AY2021S1\cs2103-website\schedule\timeline.md'
2021-01-01T17:32:55.782Z - warn: You might have an invalid intra-link! Ignore this warning if it was intended.
'/2021/schedule/week8/tutorial.html' found in file 'C:\repos\nus-cs2103-AY2021S1\cs2103-website\schedule\timeline.md'
2021-01-01T17:32:55.787Z - warn: You might have an invalid intra-link! Ignore this warning if it was intended.
'/2021/schedule/week9/project.html' found in file 'C:\repos\nus-cs2103-AY2021S1\cs2103-website\schedule\timeline.md'
2021-01-01T17:32:55.787Z - warn: You might have an invalid intra-link! Ignore this warning if it was intended.
'/2021/schedule/week9/tutorial.html' found in file 'C:\repos\nus-cs2103-AY2021S1\cs2103-website\schedule\timeline.md'
2021-01-01T17:32:55.793Z - warn: You might have an invalid intra-link! Ignore this warning if it was intended.
'/2021/schedule/week10/project.html' found in file 'C:\repos\nus-cs2103-AY2021S1\cs2103-website\schedule\timeline.md'
2021-01-01T17:32:55.794Z - warn: You might have an invalid intra-link! Ignore this warning if it was intended.
'/2021/schedule/week10/tutorial.html' found in file 'C:\repos\nus-cs2103-AY2021S1\cs2103-website\schedule\timeline.md'
2021-01-01T17:32:55.798Z - warn: You might have an invalid intra-link! Ignore this warning if it was intended.
'/2021/schedule/week11/project.html' found in file 'C:\repos\nus-cs2103-AY2021S1\cs2103-website\schedule\timeline.md'
2021-01-01T17:32:55.799Z - warn: You might have an invalid intra-link! Ignore this warning if it was intended.
'/2021/schedule/week11/tutorial.html' found in file 'C:\repos\nus-cs2103-AY2021S1\cs2103-website\schedule\timeline.md'
2021-01-01T17:32:55.803Z - warn: You might have an invalid intra-link! Ignore this warning if it was intended.
'/2021/schedule/week12/project.html' found in file 'C:\repos\nus-cs2103-AY2021S1\cs2103-website\schedule\timeline.md'
2021-01-01T17:32:55.805Z - warn: You might have an invalid intra-link! Ignore this warning if it was intended.
'/2021/schedule/week12/tutorial.html' found in file 'C:\repos\nus-cs2103-AY2021S1\cs2103-website\schedule\timeline.md'
2021-01-01T17:32:55.810Z - warn: You might have an invalid intra-link! Ignore this warning if it was intended.
'/2021/schedule/week13/project.html' found in file 'C:\repos\nus-cs2103-AY2021S1\cs2103-website\schedule\timeline.md'
2021-01-01T17:32:55.813Z - warn: You might have an invalid intra-link! Ignore this warning if it was intended.
'/2021/schedule/week13/tutorial.html' found in file 'C:\repos\nus-cs2103-AY2021S1\cs2103-website\schedule\timeline.md'
2021-01-01T17:32:56.996Z - info: Site data built
2021-01-01T17:32:56.996Z - info: Lazy website regeneration complete! Total build time: 3.083s
2021-01-01T17:33:27.132Z - info: Building C:\repos\nus-cs2103-AY2021S1\cs2103-website\schedule\week1\topics as some of its dependencies were changed since the last visit
2021-01-01T17:33:27.384Z - warn: You might have an invalid intra-link! Ignore this warning if it was intended.
'/2021/admin/ip-overview.html' found in file 'C:\repos\nus-cs2103-AY2021S1\cs2103-website\_markbind\headers\header.md'
2021-01-01T17:33:27.386Z - warn: You might have an invalid intra-link! Ignore this warning if it was intended.
'/2021/admin/tp-expectations.html' found in file 'C:\repos\nus-cs2103-AY2021S1\cs2103-website\_markbind\headers\header.md'
2021-01-01T17:33:27.391Z - warn: You might have an invalid intra-link! Ignore this warning if it was intended.
'/2021/admin/teamList.html' found in file 'C:\repos\nus-cs2103-AY2021S1\cs2103-website\_markbind\headers\header.md'
2021-01-01T17:33:27.393Z - warn: You might have an invalid intra-link! Ignore this warning if it was intended.
'/2021/admin/tutorials.html' found in file 'C:\repos\nus-cs2103-AY2021S1\cs2103-website\_markbind\headers\header.md'
2021-01-01T17:33:27.683Z - info: Site data built
2021-01-01T17:33:27.683Z - info: Lazy website regeneration complete! Total build time: 0.552s
2021-01-01T17:33:54.126Z - info: Building C:\repos\nus-cs2103-AY2021S1\cs2103-website\schedule\week1\index as some of its dependencies were changed since the last visit
2021-01-01T17:33:54.274Z - warn: You might have an invalid intra-link! Ignore this warning if it was intended.
'/2021/admin/ip-overview.html' found in file 'C:\repos\nus-cs2103-AY2021S1\cs2103-website\_markbind\headers\header.md'
2021-01-01T17:33:54.276Z - warn: You might have an invalid intra-link! Ignore this warning if it was intended.
'/2021/admin/tp-expectations.html' found in file 'C:\repos\nus-cs2103-AY2021S1\cs2103-website\_markbind\headers\header.md'
2021-01-01T17:33:54.278Z - warn: You might have an invalid intra-link! Ignore this warning if it was intended.
'/2021/admin/teamList.html' found in file 'C:\repos\nus-cs2103-AY2021S1\cs2103-website\_markbind\headers\header.md'
2021-01-01T17:33:54.281Z - warn: You might have an invalid intra-link! Ignore this warning if it was intended.
'/2021/admin/tutorials.html' found in file 'C:\repos\nus-cs2103-AY2021S1\cs2103-website\_markbind\headers\header.md'
2021-01-01T17:33:54.362Z - info: Site data built
2021-01-01T17:33:54.362Z - info: Lazy website regeneration complete! Total build time: 0.237s
2021-01-01T17:35:29.661Z - info: [1:35:29 AM] Reload for file change: C:\repos\nus-cs2103-AY2021S1\cs2103-website\schedule\week1\notices-te3201.mbdf
2021-01-01T17:35:30.671Z - info: No pages needed to be rebuilt
2021-01-01T17:35:34.730Z - info: Building C:\repos\nus-cs2103-AY2021S1\cs2103-website\schedule\week1\index as some of its dependencies were changed since the last visit
2021-01-01T17:35:35.069Z - warn: You might have an invalid intra-link! Ignore this warning if it was intended.
'/2021/admin/ip-overview.html' found in file 'C:\repos\nus-cs2103-AY2021S1\cs2103-website\_markbind\headers\header.md'
2021-01-01T17:35:35.073Z - warn: You might have an invalid intra-link! Ignore this warning if it was intended.
'/2021/admin/tp-expectations.html' found in file 'C:\repos\nus-cs2103-AY2021S1\cs2103-website\_markbind\headers\header.md'
2021-01-01T17:35:35.074Z - warn: You might have an invalid intra-link! Ignore this warning if it was intended.
'/2021/admin/teamList.html' found in file 'C:\repos\nus-cs2103-AY2021S1\cs2103-website\_markbind\headers\header.md'
2021-01-01T17:35:35.077Z - warn: You might have an invalid intra-link! Ignore this warning if it was intended.
'/2021/admin/tutorials.html' found in file 'C:\repos\nus-cs2103-AY2021S1\cs2103-website\_markbind\headers\header.md'
2021-01-01T17:35:35.133Z - info: Site data built
2021-01-01T17:35:35.133Z - info: Lazy website regeneration complete! Total build time: 0.403s
2021-01-01T17:35:41.810Z - info: Building C:\repos\nus-cs2103-AY2021S1\cs2103-website\schedule\week1\topics-py as some of its dependencies were changed since the last visit
2021-01-01T17:35:41.980Z - warn: You might have an invalid intra-link! Ignore this warning if it was intended.
'/2021/admin/ip-overview.html' found in file 'C:\repos\nus-cs2103-AY2021S1\cs2103-website\_markbind\headers\header.md'
2021-01-01T17:35:41.982Z - warn: You might have an invalid intra-link! Ignore this warning if it was intended.
'/2021/admin/tp-expectations.html' found in file 'C:\repos\nus-cs2103-AY2021S1\cs2103-website\_markbind\headers\header.md'
2021-01-01T17:35:41.983Z - warn: You might have an invalid intra-link! Ignore this warning if it was intended.
'/2021/admin/teamList.html' found in file 'C:\repos\nus-cs2103-AY2021S1\cs2103-website\_markbind\headers\header.md'
2021-01-01T17:35:41.985Z - warn: You might have an invalid intra-link! Ignore this warning if it was intended.
'/2021/admin/tutorials.html' found in file 'C:\repos\nus-cs2103-AY2021S1\cs2103-website\_markbind\headers\header.md'
2021-01-01T17:35:42.217Z - info: Site data built
2021-01-01T17:35:42.218Z - info: Lazy website regeneration complete! Total build time: 0.408s
2021-01-01T17:36:12.899Z - info: Building C:\repos\nus-cs2103-AY2021S1\cs2103-website\schedule\week1\admin as some of its dependencies were changed since the last visit
2021-01-01T17:36:13.431Z - warn: You might have an invalid intra-link! Ignore this warning if it was intended.
'/2021/admin/ip-overview.html' found in file 'C:\repos\nus-cs2103-AY2021S1\cs2103-website\_markbind\headers\header.md'
2021-01-01T17:36:13.433Z - warn: You might have an invalid intra-link! Ignore this warning if it was intended.
'/2021/admin/tp-expectations.html' found in file 'C:\repos\nus-cs2103-AY2021S1\cs2103-website\_markbind\headers\header.md'
2021-01-01T17:36:13.436Z - warn: You might have an invalid intra-link! Ignore this warning if it was intended.
'/2021/admin/teamList.html' found in file 'C:\repos\nus-cs2103-AY2021S1\cs2103-website\_markbind\headers\header.md'
2021-01-01T17:36:13.439Z - warn: You might have an invalid intra-link! Ignore this warning if it was intended.
'/2021/admin/tutorials.html' found in file 'C:\repos\nus-cs2103-AY2021S1\cs2103-website\_markbind\headers\header.md'
2021-01-01T17:36:13.766Z - info: Site data built
2021-01-01T17:36:13.766Z - info: Lazy website regeneration complete! Total build time: 0.868s
2021-01-01T17:37:41.184Z - info: Building C:\repos\nus-cs2103-AY2021S1\cs2103-website\schedule\week2\index as some of its dependencies were changed since the last visit
2021-01-01T17:37:41.382Z - warn: You might have an invalid intra-link! Ignore this warning if it was intended.
'/2021/admin/ip-overview.html' found in file 'C:\repos\nus-cs2103-AY2021S1\cs2103-website\_markbind\headers\header.md'
2021-01-01T17:37:41.385Z - warn: You might have an invalid intra-link! Ignore this warning if it was intended.
'/2021/admin/tp-expectations.html' found in file 'C:\repos\nus-cs2103-AY2021S1\cs2103-website\_markbind\headers\header.md'
2021-01-01T17:37:41.387Z - warn: You might have an invalid intra-link! Ignore this warning if it was intended.
'/2021/admin/teamList.html' found in file 'C:\repos\nus-cs2103-AY2021S1\cs2103-website\_markbind\headers\header.md'
2021-01-01T17:37:41.390Z - warn: You might have an invalid intra-link! Ignore this warning if it was intended.
'/2021/admin/tutorials.html' found in file 'C:\repos\nus-cs2103-AY2021S1\cs2103-website\_markbind\headers\header.md'
2021-01-01T17:37:41.456Z - info: Site data built
2021-01-01T17:37:41.456Z - info: Lazy website regeneration complete! Total build time: 0.272s
2021-01-01T17:37:50.387Z - info: Building C:\repos\nus-cs2103-AY2021S1\cs2103-website\schedule\week2\topics-py as some of its dependencies were changed since the last visit
2021-01-01T17:37:50.617Z - warn: You might have an invalid intra-link! Ignore this warning if it was intended.
'/2021/admin/ip-overview.html' found in file 'C:\repos\nus-cs2103-AY2021S1\cs2103-website\_markbind\headers\header.md'
2021-01-01T17:37:50.619Z - warn: You might have an invalid intra-link! Ignore this warning if it was intended.
'/2021/admin/tp-expectations.html' found in file 'C:\repos\nus-cs2103-AY2021S1\cs2103-website\_markbind\headers\header.md'
2021-01-01T17:37:50.620Z - warn: You might have an invalid intra-link! Ignore this warning if it was intended.
'/2021/admin/teamList.html' found in file 'C:\repos\nus-cs2103-AY2021S1\cs2103-website\_markbind\headers\header.md'
2021-01-01T17:37:50.623Z - warn: You might have an invalid intra-link! Ignore this warning if it was intended.
'/2021/admin/tutorials.html' found in file 'C:\repos\nus-cs2103-AY2021S1\cs2103-website\_markbind\headers\header.md'
2021-01-01T17:37:51.040Z - info: Site data built
2021-01-01T17:37:51.041Z - info: Lazy website regeneration complete! Total build time: 0.654s
2021-01-01T17:44:04.410Z - info: Website generation started at 1:44:01 AM
2021-01-01T17:44:13.307Z - info: Building assets...
