2021-03-17T16:01:28.347Z - info: [12:01:28 AM] Reload for file change: C:\repos\nus-cs2103-AY2021S1\cs2103-website\admin\appendixE-gitHub.md
2021-03-17T16:01:29.379Z - info: Rebuilding 1 pages
2021-03-17T16:01:30.842Z - info: Site data built
2021-03-17T16:01:30.843Z - info: Pages rebuilt
2021-03-17T16:01:30.843Z - info: Website regeneration complete! Total build time: 1.465s
2021-03-17T16:03:11.619Z - info: [12:03:11 AM] Reload for file change: C:\repos\nus-cs2103-AY2021S1\cs2103-website\admin\tp-tasks.mbdf
2021-03-17T16:03:12.624Z - info: Rebuilding 1 pages
2021-03-17T16:03:14.034Z - info: Site data built
2021-03-17T16:03:14.034Z - info: Pages rebuilt
2021-03-17T16:03:14.035Z - info: Website regeneration complete! Total build time: 1.412s
2021-03-17T16:04:03.309Z - info: [12:04:03 AM] Reload for file change: C:\repos\nus-cs2103-AY2021S1\cs2103-website\admin\tp-tasks.mbdf
2021-03-17T16:04:04.316Z - info: Rebuilding 1 pages
2021-03-17T16:04:05.746Z - info: Site data built
2021-03-17T16:04:05.747Z - info: Pages rebuilt
2021-03-17T16:04:05.747Z - info: Website regeneration complete! Total build time: 1.435s
2021-03-17T16:06:18.887Z - info: [12:06:18 AM] Reload for file change: C:\repos\nus-cs2103-AY2021S1\cs2103-website\admin\tp-tasks.mbdf
2021-03-17T16:06:19.898Z - info: Rebuilding 1 pages
2021-03-17T16:06:21.638Z - info: Site data built
2021-03-17T16:06:21.639Z - info: Pages rebuilt
2021-03-17T16:06:21.639Z - info: Website regeneration complete! Total build time: 1.745s
2021-03-17T16:07:32.770Z - info: [12:07:32 AM] Reload for file change: C:\repos\nus-cs2103-AY2021S1\cs2103-website\admin\tp-tasks.mbdf
2021-03-17T16:07:33.775Z - info: Rebuilding 1 pages
2021-03-17T16:07:35.647Z - info: Site data built
2021-03-17T16:07:35.648Z - info: Pages rebuilt
2021-03-17T16:07:35.648Z - info: Website regeneration complete! Total build time: 1.874s
2021-03-17T16:14:45.595Z - info: [12:14:45 AM] Reload for file change: C:\repos\nus-cs2103-AY2021S1\cs2103-website\admin\tp-tasks.mbdf
2021-03-17T16:14:46.616Z - info: Rebuilding 1 pages
2021-03-17T16:14:48.193Z - info: Site data built
2021-03-17T16:14:48.194Z - info: Pages rebuilt
2021-03-17T16:14:48.194Z - info: Website regeneration complete! Total build time: 1.581s
2021-03-17T16:30:56.829Z - info: [12:30:56 AM] Reload for file change: C:\repos\nus-cs2103-AY2021S1\cs2103-website\admin\tp-tasks.mbdf
2021-03-17T16:30:56.871Z - info: [12:30:56 AM] Reload for file change: C:\repos\nus-cs2103-AY2021S1\cs2103-website\admin\tp-tasks.mbdf
2021-03-17T16:30:57.872Z - info: Rebuilding 1 pages
2021-03-17T16:31:01.550Z - info: Site data built
2021-03-17T16:31:01.550Z - info: Pages rebuilt
2021-03-17T16:31:01.551Z - info: Website regeneration complete! Total build time: 3.695s
2021-03-17T16:33:47.886Z - info: [12:33:47 AM] Reload for file change: C:\repos\nus-cs2103-AY2021S1\cs2103-website\admin\tp-tasks.mbdf
2021-03-17T16:33:48.889Z - info: Rebuilding 1 pages
2021-03-17T16:33:50.856Z - info: Site data built
2021-03-17T16:33:50.857Z - info: Pages rebuilt
2021-03-17T16:33:50.857Z - info: Website regeneration complete! Total build time: 1.969s
2021-03-17T16:34:21.239Z - info: [12:34:21 AM] Reload for file change: C:\repos\nus-cs2103-AY2021S1\cs2103-website\admin\tp-tasks.mbdf
2021-03-17T16:34:22.243Z - info: Rebuilding 1 pages
2021-03-17T16:34:23.456Z - info: Site data built
2021-03-17T16:34:23.457Z - info: Pages rebuilt
2021-03-17T16:34:23.457Z - info: Website regeneration complete! Total build time: 1.217s
2021-03-17T16:36:37.306Z - info: [12:36:37 AM] Reload for file change: C:\repos\nus-cs2103-AY2021S1\cs2103-website\admin\tp-tasks.mbdf
2021-03-17T16:36:38.315Z - info: Rebuilding 1 pages
2021-03-17T16:36:40.714Z - info: Site data built
2021-03-17T16:36:40.714Z - info: Pages rebuilt
2021-03-17T16:36:40.715Z - info: Website regeneration complete! Total build time: 2.401s
2021-03-17T16:37:05.897Z - info: [12:37:05 AM] Reload for file change: C:\repos\nus-cs2103-AY2021S1\cs2103-website\admin\tp-tasks.mbdf
2021-03-17T16:37:06.904Z - info: Rebuilding 1 pages
2021-03-17T16:37:07.983Z - info: Site data built
2021-03-17T16:37:07.983Z - info: Pages rebuilt
2021-03-17T16:37:07.983Z - info: Website regeneration complete! Total build time: 1.082s
2021-03-17T16:38:36.211Z - info: [12:38:36 AM] Reload for file change: C:\repos\nus-cs2103-AY2021S1\cs2103-website\admin\tp-tasks.mbdf
2021-03-17T16:38:37.226Z - info: Rebuilding 1 pages
2021-03-17T16:38:38.736Z - info: Site data built
2021-03-17T16:38:38.737Z - info: Pages rebuilt
2021-03-17T16:38:38.737Z - info: Website regeneration complete! Total build time: 1.515s
2021-03-17T16:39:25.218Z - info: [12:39:25 AM] Reload for file change: C:\repos\nus-cs2103-AY2021S1\cs2103-website\admin\tp-tasks.mbdf
2021-03-17T16:39:26.231Z - info: Rebuilding 1 pages
2021-03-17T16:39:27.902Z - info: Site data built
2021-03-17T16:39:27.902Z - info: Pages rebuilt
2021-03-17T16:39:27.903Z - info: Website regeneration complete! Total build time: 1.672s
2021-03-17T16:40:55.901Z - info: [12:40:55 AM] Reload for file change: C:\repos\nus-cs2103-AY2021S1\cs2103-website\admin\tp-tasks.mbdf
2021-03-17T16:40:56.916Z - info: Rebuilding 1 pages
2021-03-17T16:40:58.515Z - info: Site data built
2021-03-17T16:40:58.517Z - info: Pages rebuilt
2021-03-17T16:40:58.517Z - info: Website regeneration complete! Total build time: 1.606s
2021-03-17T16:41:21.935Z - info: [12:41:21 AM] Reload for file change: C:\repos\nus-cs2103-AY2021S1\cs2103-website\admin\tp-tasks.mbdf
2021-03-17T16:41:22.948Z - info: Rebuilding 1 pages
2021-03-17T16:41:24.279Z - info: Site data built
2021-03-17T16:41:24.279Z - info: Pages rebuilt
2021-03-17T16:41:24.279Z - info: Website regeneration complete! Total build time: 1.332s
2021-03-17T16:41:33.542Z - info: [12:41:33 AM] Reload for file change: C:\repos\nus-cs2103-AY2021S1\cs2103-website\admin\tp-tasks.mbdf
2021-03-17T16:41:34.550Z - info: Rebuilding 1 pages
2021-03-17T16:41:35.494Z - info: Site data built
2021-03-17T16:41:35.494Z - info: Pages rebuilt
2021-03-17T16:41:35.494Z - info: Website regeneration complete! Total build time: 0.947s
2021-03-17T16:41:51.516Z - info: [12:41:51 AM] Reload for file change: C:\repos\nus-cs2103-AY2021S1\cs2103-website\admin\tp-tasks.mbdf
2021-03-17T16:41:52.524Z - info: Rebuilding 1 pages
2021-03-17T16:41:53.585Z - info: Site data built
2021-03-17T16:41:53.585Z - info: Pages rebuilt
2021-03-17T16:41:53.586Z - info: Website regeneration complete! Total build time: 1.061s
2021-03-17T16:42:02.817Z - info: [12:42:02 AM] Reload for file change: C:\repos\nus-cs2103-AY2021S1\cs2103-website\admin\tp-tasks.mbdf
2021-03-17T16:42:03.825Z - info: Rebuilding 1 pages
2021-03-17T16:42:04.716Z - info: Site data built
2021-03-17T16:42:04.716Z - info: Pages rebuilt
2021-03-17T16:42:04.716Z - info: Website regeneration complete! Total build time: 0.892s
2021-03-17T16:42:12.087Z - info: [12:42:12 AM] Reload for file change: C:\repos\nus-cs2103-AY2021S1\cs2103-website\admin\tp-tasks.mbdf
2021-03-17T16:42:13.094Z - info: Rebuilding 1 pages
2021-03-17T16:42:13.942Z - info: Site data built
2021-03-17T16:42:13.942Z - info: Pages rebuilt
2021-03-17T16:42:13.942Z - info: Website regeneration complete! Total build time: 0.85s
2021-03-17T16:42:27.030Z - info: [12:42:27 AM] Reload for file change: C:\repos\nus-cs2103-AY2021S1\cs2103-website\admin\tp-tasks.mbdf
2021-03-17T16:42:28.038Z - info: Rebuilding 1 pages
2021-03-17T16:42:28.945Z - info: Site data built
2021-03-17T16:42:28.946Z - info: Pages rebuilt
2021-03-17T16:42:28.946Z - info: Website regeneration complete! Total build time: 0.91s
2021-03-17T16:45:46.213Z - info: [12:45:46 AM] Reload for file change: C:\repos\nus-cs2103-AY2021S1\cs2103-website\admin\tp-tasks.mbdf
2021-03-17T16:45:47.225Z - info: Rebuilding 1 pages
2021-03-17T16:45:48.703Z - info: Site data built
2021-03-17T16:45:48.704Z - info: Pages rebuilt
2021-03-17T16:45:48.704Z - info: Website regeneration complete! Total build time: 1.482s
2021-03-17T16:47:47.732Z - info: [12:47:47 AM] Reload for file change: C:\repos\nus-cs2103-AY2021S1\cs2103-website\admin\tp-tasks.mbdf
2021-03-17T16:47:48.736Z - info: Rebuilding 1 pages
2021-03-17T16:47:49.838Z - info: Site data built
2021-03-17T16:47:49.838Z - info: Pages rebuilt
2021-03-17T16:47:49.838Z - info: Website regeneration complete! Total build time: 1.103s
2021-03-17T16:48:20.094Z - info: [12:48:20 AM] Reload for file change: C:\repos\nus-cs2103-AY2021S1\cs2103-website\admin\tp-tasks.mbdf
2021-03-17T16:48:21.102Z - info: Rebuilding 1 pages
2021-03-17T16:48:22.709Z - info: Site data built
2021-03-17T16:48:22.710Z - info: Pages rebuilt
2021-03-17T16:48:22.710Z - info: Website regeneration complete! Total build time: 1.612s
2021-03-17T16:49:12.522Z - info: [12:49:12 AM] Reload for file change: C:\repos\nus-cs2103-AY2021S1\cs2103-website\admin\tp-tasks.mbdf
2021-03-17T16:49:13.529Z - info: Rebuilding 1 pages
2021-03-17T16:49:14.783Z - warn: You might have an invalid intra-link! Ignore this warning if it was intended.
'/website/admin/usage-notes.html' found in file 'C:\repos\nus-cs2103-AY2021S1\cs2103-website\admin\tp-tasks.mbdf'
2021-03-17T16:49:14.940Z - info: Site data built
2021-03-17T16:49:14.941Z - info: Pages rebuilt
2021-03-17T16:49:14.941Z - info: Website regeneration complete! Total build time: 1.413s
2021-03-17T16:54:33.947Z - info: [12:54:33 AM] Reload for file change: C:\repos\nus-cs2103-AY2021S1\cs2103-website\admin\tp-tasks.mbdf
2021-03-17T16:54:34.956Z - info: Rebuilding 1 pages
2021-03-17T16:54:36.463Z - info: Site data built
2021-03-17T16:54:36.464Z - info: Pages rebuilt
2021-03-17T16:54:36.464Z - info: Website regeneration complete! Total build time: 1.511s
2021-03-17T16:54:47.489Z - info: [12:54:47 AM] Reload for file change: C:\repos\nus-cs2103-AY2021S1\cs2103-website\admin\tp-tasks.mbdf
2021-03-17T16:54:48.498Z - info: Rebuilding 1 pages
2021-03-17T16:54:49.523Z - info: Site data built
2021-03-17T16:54:49.523Z - info: Pages rebuilt
2021-03-17T16:54:49.523Z - info: Website regeneration complete! Total build time: 1.027s
2021-03-17T16:55:51.720Z - info: [12:55:51 AM] Reload for file change: C:\repos\nus-cs2103-AY2021S1\cs2103-website\admin\tp-tasks.mbdf
2021-03-17T16:55:52.728Z - info: Rebuilding 1 pages
2021-03-17T16:55:54.551Z - info: Site data built
2021-03-17T16:55:54.553Z - info: Pages rebuilt
2021-03-17T16:55:54.553Z - info: Website regeneration complete! Total build time: 1.826s
2021-03-17T16:57:11.212Z - info: [12:57:11 AM] Reload for file change: C:\repos\nus-cs2103-AY2021S1\cs2103-website\admin\tp-tasks.mbdf
2021-03-17T16:57:12.216Z - info: Rebuilding 1 pages
2021-03-17T16:57:13.652Z - info: Site data built
2021-03-17T16:57:13.652Z - info: Pages rebuilt
2021-03-17T16:57:13.653Z - info: Website regeneration complete! Total build time: 1.438s
2021-03-17T16:57:46.730Z - info: [12:57:46 AM] Reload for file change: C:\repos\nus-cs2103-AY2021S1\cs2103-website\admin\tp-tasks.mbdf
2021-03-17T16:57:47.735Z - info: Rebuilding 1 pages
2021-03-17T16:57:49.177Z - info: Site data built
2021-03-17T16:57:49.178Z - info: Pages rebuilt
2021-03-17T16:57:49.178Z - info: Website regeneration complete! Total build time: 1.444s
2021-03-17T16:59:39.931Z - info: [12:59:39 AM] Reload for file change: C:\repos\nus-cs2103-AY2021S1\cs2103-website\admin\tp-tasks.mbdf
2021-03-17T16:59:40.945Z - info: Rebuilding 1 pages
2021-03-17T16:59:42.450Z - info: Site data built
2021-03-17T16:59:42.451Z - info: Pages rebuilt
2021-03-17T16:59:42.451Z - info: Website regeneration complete! Total build time: 1.51s
2021-03-17T17:04:19.477Z - info: [1:04:19 AM] Reload for file change: C:\repos\nus-cs2103-AY2021S1\cs2103-website\admin\tp-tasks.mbdf
2021-03-17T17:04:20.489Z - info: Rebuilding 1 pages
2021-03-17T17:04:21.912Z - info: Site data built
2021-03-17T17:04:21.913Z - info: Pages rebuilt
2021-03-17T17:04:21.913Z - info: Website regeneration complete! Total build time: 1.428s
2021-03-17T17:06:09.131Z - info: [1:06:09 AM] Reload for file change: C:\repos\nus-cs2103-AY2021S1\cs2103-website\admin\tp-tasks.mbdf
2021-03-17T17:06:10.138Z - info: Rebuilding 1 pages
2021-03-17T17:06:11.640Z - info: Site data built
2021-03-17T17:06:11.640Z - info: Pages rebuilt
2021-03-17T17:06:11.641Z - info: Website regeneration complete! Total build time: 1.505s
2021-03-17T17:06:42.380Z - info: [1:06:42 AM] Reload for file change: C:\repos\nus-cs2103-AY2021S1\cs2103-website\admin\tp-tasks.mbdf
2021-03-17T17:06:43.384Z - info: Rebuilding 1 pages
2021-03-17T17:06:45.140Z - info: Site data built
2021-03-17T17:06:45.141Z - info: Pages rebuilt
2021-03-17T17:06:45.141Z - info: Website regeneration complete! Total build time: 1.758s
2021-03-17T17:14:18.739Z - info: Website generation started at 1:14:15 AM
2021-03-17T17:14:27.932Z - info: Building assets...
2021-03-17T17:14:33.351Z - info: Assets built
2021-03-17T17:14:33.352Z - info: Generating pages...
2021-03-17T17:14:46.026Z - debug:  
2021-03-17T17:14:46.027Z - debug:  
2021-03-17T17:14:46.027Z - debug:  
2021-03-17T17:14:46.027Z - debug:  
2021-03-17T17:14:47.422Z - debug:  
2021-03-17T17:14:47.423Z - debug:  
2021-03-17T17:15:19.113Z - warn: You might have an invalid intra-link! Ignore this warning if it was intended.
'/website/book/about/usage.html' found in file 'C:\repos\nus-cs2103-AY2021S1\cs2103-website\book\index.md'
2021-03-17T17:15:19.115Z - warn: You might have an invalid intra-link! Ignore this warning if it was intended.
'/website/book/softwareEngineering/print.html' found in file 'C:\repos\nus-cs2103-AY2021S1\cs2103-website\book\index.md'
2021-03-17T17:15:19.117Z - warn: You might have an invalid intra-link! Ignore this warning if it was intended.
'/website/book/oop/print.html' found in file 'C:\repos\nus-cs2103-AY2021S1\cs2103-website\book\index.md'
2021-03-17T17:15:19.118Z - warn: You might have an invalid intra-link! Ignore this warning if it was intended.
'/website/book/requirements/print.html' found in file 'C:\repos\nus-cs2103-AY2021S1\cs2103-website\book\index.md'
2021-03-17T17:15:19.118Z - warn: You might have an invalid intra-link! Ignore this warning if it was intended.
'/website/book/gatheringRequirements/print.html' found in file 'C:\repos\nus-cs2103-AY2021S1\cs2103-website\book\index.md'
2021-03-17T17:15:19.119Z - warn: You might have an invalid intra-link! Ignore this warning if it was intended.
'/website/book/specifyingRequirements/print.html' found in file 'C:\repos\nus-cs2103-AY2021S1\cs2103-website\book\index.md'
2021-03-17T17:15:19.120Z - warn: You might have an invalid intra-link! Ignore this warning if it was intended.
'/website/book/design/print.html' found in file 'C:\repos\nus-cs2103-AY2021S1\cs2103-website\book\index.md'
2021-03-17T17:15:19.120Z - warn: You might have an invalid intra-link! Ignore this warning if it was intended.
'/website/book/designFundamentals/print.html' found in file 'C:\repos\nus-cs2103-AY2021S1\cs2103-website\book\index.md'
2021-03-17T17:15:19.121Z - warn: You might have an invalid intra-link! Ignore this warning if it was intended.
'/website/book/modeling/print.html' found in file 'C:\repos\nus-cs2103-AY2021S1\cs2103-website\book\index.md'
2021-03-17T17:15:19.122Z - warn: You might have an invalid intra-link! Ignore this warning if it was intended.
'/website/book/architecture/print.html' found in file 'C:\repos\nus-cs2103-AY2021S1\cs2103-website\book\index.md'
2021-03-17T17:15:19.122Z - warn: You might have an invalid intra-link! Ignore this warning if it was intended.
'/website/book/designPatterns/print.html' found in file 'C:\repos\nus-cs2103-AY2021S1\cs2103-website\book\index.md'
2021-03-17T17:15:19.123Z - warn: You might have an invalid intra-link! Ignore this warning if it was intended.
'/website/book/designApproaches/print.html' found in file 'C:\repos\nus-cs2103-AY2021S1\cs2103-website\book\index.md'
2021-03-17T17:15:19.124Z - warn: You might have an invalid intra-link! Ignore this warning if it was intended.
'/website/book/ides/print.html' found in file 'C:\repos\nus-cs2103-AY2021S1\cs2103-website\book\index.md'
2021-03-17T17:15:19.124Z - warn: You might have an invalid intra-link! Ignore this warning if it was intended.
'/website/book/codeQuality/print.html' found in file 'C:\repos\nus-cs2103-AY2021S1\cs2103-website\book\index.md'
2021-03-17T17:15:19.125Z - warn: You might have an invalid intra-link! Ignore this warning if it was intended.
'/website/book/refactoring/print.html' found in file 'C:\repos\nus-cs2103-AY2021S1\cs2103-website\book\index.md'
2021-03-17T17:15:19.125Z - warn: You might have an invalid intra-link! Ignore this warning if it was intended.
'/website/book/documentation/print.html' found in file 'C:\repos\nus-cs2103-AY2021S1\cs2103-website\book\index.md'
2021-03-17T17:15:19.126Z - warn: You might have an invalid intra-link! Ignore this warning if it was intended.
'/website/book/errorHandling/print.html' found in file 'C:\repos\nus-cs2103-AY2021S1\cs2103-website\book\index.md'
2021-03-17T17:15:19.126Z - warn: You might have an invalid intra-link! Ignore this warning if it was intended.
'/website/book/integration/print.html' found in file 'C:\repos\nus-cs2103-AY2021S1\cs2103-website\book\index.md'
2021-03-17T17:15:19.127Z - warn: You might have an invalid intra-link! Ignore this warning if it was intended.
'/website/book/reuse/print.html' found in file 'C:\repos\nus-cs2103-AY2021S1\cs2103-website\book\index.md'
2021-03-17T17:15:19.128Z - warn: You might have an invalid intra-link! Ignore this warning if it was intended.
'/website/book/qualityAssurance/print.html' found in file 'C:\repos\nus-cs2103-AY2021S1\cs2103-website\book\index.md'
2021-03-17T17:15:19.128Z - warn: You might have an invalid intra-link! Ignore this warning if it was intended.
'/website/book/testing/print.html' found in file 'C:\repos\nus-cs2103-AY2021S1\cs2103-website\book\index.md'
2021-03-17T17:15:19.129Z - warn: You might have an invalid intra-link! Ignore this warning if it was intended.
'/website/book/testCaseDesign/print.html' found in file 'C:\repos\nus-cs2103-AY2021S1\cs2103-website\book\index.md'
2021-03-17T17:15:19.130Z - warn: You might have an invalid intra-link! Ignore this warning if it was intended.
'/website/book/revisionControl/print.html' found in file 'C:\repos\nus-cs2103-AY2021S1\cs2103-website\book\index.md'
2021-03-17T17:15:19.130Z - warn: You might have an invalid intra-link! Ignore this warning if it was intended.
'/website/book/projectPlanning/print.html' found in file 'C:\repos\nus-cs2103-AY2021S1\cs2103-website\book\index.md'
2021-03-17T17:15:19.131Z - warn: You might have an invalid intra-link! Ignore this warning if it was intended.
'/website/book/teamwork/print.html' found in file 'C:\repos\nus-cs2103-AY2021S1\cs2103-website\book\index.md'
2021-03-17T17:15:19.132Z - warn: You might have an invalid intra-link! Ignore this warning if it was intended.
'/website/book/processModels/print.html' found in file 'C:\repos\nus-cs2103-AY2021S1\cs2103-website\book\index.md'
2021-03-17T17:15:19.132Z - warn: You might have an invalid intra-link! Ignore this warning if it was intended.
'/website/book/uml/print.html' found in file 'C:\repos\nus-cs2103-AY2021S1\cs2103-website\book\index.md'
2021-03-17T17:15:19.133Z - warn: You might have an invalid intra-link! Ignore this warning if it was intended.
'/website/book/intellij/print.html' found in file 'C:\repos\nus-cs2103-AY2021S1\cs2103-website\book\index.md'
2021-03-17T17:15:19.134Z - warn: You might have an invalid intra-link! Ignore this warning if it was intended.
'/website/book/gitAndGithub/print.html' found in file 'C:\repos\nus-cs2103-AY2021S1\cs2103-website\book\index.md'
2021-03-17T17:15:19.135Z - warn: You might have an invalid intra-link! Ignore this warning if it was intended.
'/website/book/principles/print.html' found in file 'C:\repos\nus-cs2103-AY2021S1\cs2103-website\book\index.md'
2021-03-17T17:15:19.136Z - warn: You might have an invalid intra-link! Ignore this warning if it was intended.
'/website/book/cppToJava/print.html' found in file 'C:\repos\nus-cs2103-AY2021S1\cs2103-website\book\index.md'
2021-03-17T17:15:19.136Z - warn: You might have an invalid intra-link! Ignore this warning if it was intended.
'/website/book/common/definitions.html' found in file 'C:\repos\nus-cs2103-AY2021S1\cs2103-website\book\index.md'
2021-03-17T17:15:19.137Z - warn: You might have an invalid intra-link! Ignore this warning if it was intended.
'/website/book/common/references.html' found in file 'C:\repos\nus-cs2103-AY2021S1\cs2103-website\book\index.md'
2021-03-17T17:15:19.137Z - warn: You might have an invalid intra-link! Ignore this warning if it was intended.
'/website/book/common/outcomes.html' found in file 'C:\repos\nus-cs2103-AY2021S1\cs2103-website\book\index.md'
2021-03-17T17:15:19.137Z - warn: You might have an invalid intra-link! Ignore this warning if it was intended.
'/website/book/common/print.html' found in file 'C:\repos\nus-cs2103-AY2021S1\cs2103-website\book\index.md'
2021-03-17T17:17:04.317Z - debug:  
2021-03-17T17:17:19.090Z - debug:  
2021-03-17T17:17:19.091Z - debug:  
2021-03-17T17:17:28.989Z - info: Pages built
2021-03-17T17:17:29.604Z - info: Site data built
2021-03-17T17:17:29.604Z - info: Website generation complete! Total build time: 194.426s
2021-03-17T17:17:29.604Z - info: Build success!
2021-03-17T17:17:34.410Z - info: Deployed at https://nus-cs2103-ay2021s2.github.io/website!
2021-03-17T17:25:49.076Z - info: Website generation started at 1:25:41 AM
2021-03-17T17:26:01.310Z - info: Building assets...
2021-03-17T17:26:07.824Z - info: Assets built
2021-03-17T17:26:07.824Z - info: Generating pages...
2021-03-17T17:26:22.257Z - debug:  
2021-03-17T17:26:22.257Z - debug:  
2021-03-17T17:26:22.257Z - debug:  
2021-03-17T17:26:22.257Z - debug:  
2021-03-17T17:26:22.257Z - debug:  
2021-03-17T17:26:22.273Z - debug:  
2021-03-17T17:27:00.879Z - warn: You might have an invalid intra-link! Ignore this warning if it was intended.
'/website/book/about/usage.html' found in file 'C:\repos\nus-cs2103-AY2021S1\cs2103-website\book\index.md'
2021-03-17T17:27:00.882Z - warn: You might have an invalid intra-link! Ignore this warning if it was intended.
'/website/book/softwareEngineering/print.html' found in file 'C:\repos\nus-cs2103-AY2021S1\cs2103-website\book\index.md'
2021-03-17T17:27:00.883Z - warn: You might have an invalid intra-link! Ignore this warning if it was intended.
'/website/book/oop/print.html' found in file 'C:\repos\nus-cs2103-AY2021S1\cs2103-website\book\index.md'
2021-03-17T17:27:00.884Z - warn: You might have an invalid intra-link! Ignore this warning if it was intended.
'/website/book/requirements/print.html' found in file 'C:\repos\nus-cs2103-AY2021S1\cs2103-website\book\index.md'
2021-03-17T17:27:00.884Z - warn: You might have an invalid intra-link! Ignore this warning if it was intended.
'/website/book/gatheringRequirements/print.html' found in file 'C:\repos\nus-cs2103-AY2021S1\cs2103-website\book\index.md'
2021-03-17T17:27:00.885Z - warn: You might have an invalid intra-link! Ignore this warning if it was intended.
'/website/book/specifyingRequirements/print.html' found in file 'C:\repos\nus-cs2103-AY2021S1\cs2103-website\book\index.md'
2021-03-17T17:27:00.886Z - warn: You might have an invalid intra-link! Ignore this warning if it was intended.
'/website/book/design/print.html' found in file 'C:\repos\nus-cs2103-AY2021S1\cs2103-website\book\index.md'
2021-03-17T17:27:00.886Z - warn: You might have an invalid intra-link! Ignore this warning if it was intended.
'/website/book/designFundamentals/print.html' found in file 'C:\repos\nus-cs2103-AY2021S1\cs2103-website\book\index.md'
2021-03-17T17:27:00.887Z - warn: You might have an invalid intra-link! Ignore this warning if it was intended.
'/website/book/modeling/print.html' found in file 'C:\repos\nus-cs2103-AY2021S1\cs2103-website\book\index.md'
2021-03-17T17:27:00.889Z - warn: You might have an invalid intra-link! Ignore this warning if it was intended.
'/website/book/architecture/print.html' found in file 'C:\repos\nus-cs2103-AY2021S1\cs2103-website\book\index.md'
2021-03-17T17:27:00.890Z - warn: You might have an invalid intra-link! Ignore this warning if it was intended.
'/website/book/designPatterns/print.html' found in file 'C:\repos\nus-cs2103-AY2021S1\cs2103-website\book\index.md'
2021-03-17T17:27:00.891Z - warn: You might have an invalid intra-link! Ignore this warning if it was intended.
'/website/book/designApproaches/print.html' found in file 'C:\repos\nus-cs2103-AY2021S1\cs2103-website\book\index.md'
2021-03-17T17:27:00.892Z - warn: You might have an invalid intra-link! Ignore this warning if it was intended.
'/website/book/ides/print.html' found in file 'C:\repos\nus-cs2103-AY2021S1\cs2103-website\book\index.md'
2021-03-17T17:27:00.892Z - warn: You might have an invalid intra-link! Ignore this warning if it was intended.
'/website/book/codeQuality/print.html' found in file 'C:\repos\nus-cs2103-AY2021S1\cs2103-website\book\index.md'
2021-03-17T17:27:00.894Z - warn: You might have an invalid intra-link! Ignore this warning if it was intended.
'/website/book/refactoring/print.html' found in file 'C:\repos\nus-cs2103-AY2021S1\cs2103-website\book\index.md'
2021-03-17T17:27:00.895Z - warn: You might have an invalid intra-link! Ignore this warning if it was intended.
'/website/book/documentation/print.html' found in file 'C:\repos\nus-cs2103-AY2021S1\cs2103-website\book\index.md'
2021-03-17T17:27:00.895Z - warn: You might have an invalid intra-link! Ignore this warning if it was intended.
'/website/book/errorHandling/print.html' found in file 'C:\repos\nus-cs2103-AY2021S1\cs2103-website\book\index.md'
2021-03-17T17:27:00.896Z - warn: You might have an invalid intra-link! Ignore this warning if it was intended.
'/website/book/integration/print.html' found in file 'C:\repos\nus-cs2103-AY2021S1\cs2103-website\book\index.md'
2021-03-17T17:27:00.897Z - warn: You might have an invalid intra-link! Ignore this warning if it was intended.
'/website/book/reuse/print.html' found in file 'C:\repos\nus-cs2103-AY2021S1\cs2103-website\book\index.md'
2021-03-17T17:27:00.897Z - warn: You might have an invalid intra-link! Ignore this warning if it was intended.
'/website/book/qualityAssurance/print.html' found in file 'C:\repos\nus-cs2103-AY2021S1\cs2103-website\book\index.md'
2021-03-17T17:27:00.898Z - warn: You might have an invalid intra-link! Ignore this warning if it was intended.
'/website/book/testing/print.html' found in file 'C:\repos\nus-cs2103-AY2021S1\cs2103-website\book\index.md'
2021-03-17T17:27:00.898Z - warn: You might have an invalid intra-link! Ignore this warning if it was intended.
'/website/book/testCaseDesign/print.html' found in file 'C:\repos\nus-cs2103-AY2021S1\cs2103-website\book\index.md'
2021-03-17T17:27:00.899Z - warn: You might have an invalid intra-link! Ignore this warning if it was intended.
'/website/book/revisionControl/print.html' found in file 'C:\repos\nus-cs2103-AY2021S1\cs2103-website\book\index.md'
2021-03-17T17:27:00.900Z - warn: You might have an invalid intra-link! Ignore this warning if it was intended.
'/website/book/projectPlanning/print.html' found in file 'C:\repos\nus-cs2103-AY2021S1\cs2103-website\book\index.md'
2021-03-17T17:27:00.900Z - warn: You might have an invalid intra-link! Ignore this warning if it was intended.
'/website/book/teamwork/print.html' found in file 'C:\repos\nus-cs2103-AY2021S1\cs2103-website\book\index.md'
2021-03-17T17:27:00.901Z - warn: You might have an invalid intra-link! Ignore this warning if it was intended.
'/website/book/processModels/print.html' found in file 'C:\repos\nus-cs2103-AY2021S1\cs2103-website\book\index.md'
2021-03-17T17:27:00.902Z - warn: You might have an invalid intra-link! Ignore this warning if it was intended.
'/website/book/uml/print.html' found in file 'C:\repos\nus-cs2103-AY2021S1\cs2103-website\book\index.md'
2021-03-17T17:27:00.902Z - warn: You might have an invalid intra-link! Ignore this warning if it was intended.
'/website/book/intellij/print.html' found in file 'C:\repos\nus-cs2103-AY2021S1\cs2103-website\book\index.md'
2021-03-17T17:27:00.903Z - warn: You might have an invalid intra-link! Ignore this warning if it was intended.
'/website/book/gitAndGithub/print.html' found in file 'C:\repos\nus-cs2103-AY2021S1\cs2103-website\book\index.md'
2021-03-17T17:27:00.904Z - warn: You might have an invalid intra-link! Ignore this warning if it was intended.
'/website/book/principles/print.html' found in file 'C:\repos\nus-cs2103-AY2021S1\cs2103-website\book\index.md'
2021-03-17T17:27:00.905Z - warn: You might have an invalid intra-link! Ignore this warning if it was intended.
'/website/book/cppToJava/print.html' found in file 'C:\repos\nus-cs2103-AY2021S1\cs2103-website\book\index.md'
2021-03-17T17:27:00.906Z - warn: You might have an invalid intra-link! Ignore this warning if it was intended.
'/website/book/common/definitions.html' found in file 'C:\repos\nus-cs2103-AY2021S1\cs2103-website\book\index.md'
2021-03-17T17:27:00.907Z - warn: You might have an invalid intra-link! Ignore this warning if it was intended.
'/website/book/common/references.html' found in file 'C:\repos\nus-cs2103-AY2021S1\cs2103-website\book\index.md'
2021-03-17T17:27:00.907Z - warn: You might have an invalid intra-link! Ignore this warning if it was intended.
'/website/book/common/outcomes.html' found in file 'C:\repos\nus-cs2103-AY2021S1\cs2103-website\book\index.md'
2021-03-17T17:27:00.908Z - warn: You might have an invalid intra-link! Ignore this warning if it was intended.
'/website/book/common/print.html' found in file 'C:\repos\nus-cs2103-AY2021S1\cs2103-website\book\index.md'
2021-03-17T17:28:32.549Z - debug:  
2021-03-17T17:28:47.632Z - debug:  
2021-03-17T17:28:47.633Z - debug:  
2021-03-17T17:28:54.168Z - info: Pages built
2021-03-17T17:28:54.693Z - info: Site data built
2021-03-17T17:28:54.693Z - info: Website generation complete! Total build time: 193.102s
2021-03-17T17:28:54.693Z - info: Build success!
2021-03-17T17:29:02.587Z - info: Deployed at https://nus-tic4002-ay2021s2.github.io/website!
2021-03-18T09:19:48.206Z - info: Website generation (lazy) started at 5:19:41 PM
2021-03-18T09:19:57.134Z - info: Building assets...
2021-03-18T09:20:03.391Z - info: Assets built
2021-03-18T09:20:03.392Z - info: Generating landing page...
2021-03-18T09:20:04.926Z - info: Landing page built, other pages will be built as you navigate to them!
2021-03-18T09:20:05.394Z - info: Site data built
2021-03-18T09:20:05.394Z - info: Website generation (lazy) complete! Total build time: 23.668s
2021-03-18T09:20:06.241Z - info: Serving "C:\repos\nus-cs2103-AY2021S1\cs2103-website\_site" at http://127.0.0.1:8080
2021-03-18T09:20:06.242Z - info: Press CTRL+C to stop ...
2021-03-18T09:22:25.270Z - info: Building C:\repos\nus-cs2103-AY2021S1\cs2103-website\se-book-adapted\index as some of its dependencies were changed since the last visit
2021-03-18T09:22:25.641Z - info: Site data built
2021-03-18T09:22:25.642Z - info: Lazy website regeneration complete! Total build time: 0.375s
2021-03-18T09:22:32.311Z - info: Building C:\repos\nus-cs2103-AY2021S1\cs2103-website\se-book-adapted\chapters\uml as some of its dependencies were changed since the last visit
2021-03-18T09:22:38.496Z - debug:  
2021-03-18T09:22:38.497Z - debug:  
2021-03-18T09:22:38.497Z - debug:  
2021-03-18T09:22:38.497Z - debug:  
2021-03-18T09:22:38.504Z - info: Site data built
2021-03-18T09:22:38.504Z - info: Lazy website regeneration complete! Total build time: 6.193s
2021-03-18T09:25:28.361Z - info: [5:25:28 PM] Reload for file change: C:\repos\nus-cs2103-AY2021S1\cs2103-website\book\uml\classDiagrams\associations\navigability\text.md
2021-03-18T09:25:29.368Z - info: Rebuilding 1 pages
2021-03-18T09:25:35.501Z - debug:  
2021-03-18T09:25:35.504Z - debug:  
2021-03-18T09:25:35.504Z - debug:  
2021-03-18T09:25:35.505Z - debug:  
2021-03-18T09:25:35.531Z - info: Site data built
2021-03-18T09:25:35.533Z - info: Pages rebuilt
2021-03-18T09:25:35.533Z - info: Website regeneration complete! Total build time: 6.169s
2021-03-18T09:25:44.657Z - info: [5:25:44 PM] Reload for file change: C:\repos\nus-cs2103-AY2021S1\cs2103-website\book\uml\classDiagrams\associations\navigability\text.md
2021-03-18T09:25:45.662Z - info: Rebuilding 1 pages
2021-03-18T09:25:50.890Z - debug:  
2021-03-18T09:25:50.892Z - debug:  
2021-03-18T09:25:50.893Z - debug:  
2021-03-18T09:25:50.894Z - debug:  
2021-03-18T09:25:50.958Z - info: Site data built
2021-03-18T09:25:50.959Z - info: Pages rebuilt
2021-03-18T09:25:50.960Z - info: Website regeneration complete! Total build time: 5.301s
2021-03-18T09:26:17.845Z - info: [5:26:17 PM] Reload for file change: C:\repos\nus-cs2103-AY2021S1\cs2103-website\book\uml\classDiagrams\associations\navigability\text.md
2021-03-18T09:26:18.850Z - info: Rebuilding 1 pages
2021-03-18T09:26:23.857Z - debug:  
2021-03-18T09:26:23.858Z - debug:  
2021-03-18T09:26:23.859Z - debug:  
2021-03-18T09:26:23.859Z - debug:  
2021-03-18T09:26:23.867Z - info: Site data built
2021-03-18T09:26:23.867Z - info: Pages rebuilt
2021-03-18T09:26:23.867Z - info: Website regeneration complete! Total build time: 5.02s
2021-03-18T09:27:11.227Z - info: [5:27:11 PM] Reload for file change: C:\repos\nus-cs2103-AY2021S1\cs2103-website\book\uml\classDiagrams\associations\navigability\text.md
2021-03-18T09:27:12.237Z - info: Rebuilding 1 pages
2021-03-18T09:27:17.498Z - debug:  
2021-03-18T09:27:17.512Z - info: Site data built
2021-03-18T09:27:17.512Z - info: Pages rebuilt
2021-03-18T09:27:17.513Z - info: Website regeneration complete! Total build time: 5.278s
2021-03-18T09:27:17.597Z - debug:  
2021-03-18T09:27:17.597Z - debug:  
2021-03-18T09:27:17.597Z - debug:  
2021-03-18T09:27:25.194Z - info: Building C:\repos\nus-cs2103-AY2021S1\cs2103-website\se-book-adapted\chapters\oop as some of its dependencies were changed since the last visit
2021-03-18T09:27:27.219Z - info: Site data built
2021-03-18T09:27:27.220Z - info: Lazy website regeneration complete! Total build time: 2.026s
2021-03-18T09:27:27.363Z - debug:  
2021-03-18T09:30:47.725Z - info: [5:30:47 PM] Reload for file change: C:\repos\nus-cs2103-AY2021S1\cs2103-website\book\oop\associations\navigability\text.md
2021-03-18T09:30:48.731Z - info: Rebuilding 1 pages
2021-03-18T09:30:51.847Z - debug:  
2021-03-18T09:30:52.145Z - info: Site data built
2021-03-18T09:30:52.146Z - info: Pages rebuilt
2021-03-18T09:30:52.146Z - info: Website regeneration complete! Total build time: 3.416s
2021-03-18T09:34:32.690Z - info: [5:34:32 PM] Reload for file change: C:\repos\nus-cs2103-AY2021S1\cs2103-website\book\oop\associations\navigability\text.md
2021-03-18T09:34:33.705Z - info: Rebuilding 1 pages
2021-03-18T09:34:36.330Z - debug:  
2021-03-18T09:34:36.345Z - info: Site data built
2021-03-18T09:34:36.349Z - info: Pages rebuilt
2021-03-18T09:34:36.349Z - info: Website regeneration complete! Total build time: 2.649s
2021-03-18T09:35:13.469Z - info: [5:35:13 PM] Reload for file change: C:\repos\nus-cs2103-AY2021S1\cs2103-website\book\oop\associations\navigability\text.md
2021-03-18T09:35:14.484Z - info: Rebuilding 1 pages
2021-03-18T09:35:17.016Z - debug:  
2021-03-18T09:35:17.029Z - info: Site data built
2021-03-18T09:35:17.033Z - info: Pages rebuilt
2021-03-18T09:35:17.033Z - info: Website regeneration complete! Total build time: 2.553s
2021-03-18T09:36:20.529Z - info: [5:36:20 PM] Reload for file change: C:\repos\nus-cs2103-AY2021S1\cs2103-website\book\oop\associations\navigability\text.md
2021-03-18T09:36:21.533Z - info: Rebuilding 1 pages
2021-03-18T09:36:23.986Z - debug:  
2021-03-18T09:36:24.012Z - info: Site data built
2021-03-18T09:36:24.013Z - info: Pages rebuilt
2021-03-18T09:36:24.013Z - info: Website regeneration complete! Total build time: 2.481s
2021-03-18T09:36:34.749Z - info: [5:36:34 PM] Reload for file change: C:\repos\nus-cs2103-AY2021S1\cs2103-website\book\oop\associations\navigability\text.md
2021-03-18T09:36:35.751Z - info: Rebuilding 1 pages
2021-03-18T09:36:37.850Z - info: Site data built
2021-03-18T09:36:37.850Z - info: Pages rebuilt
2021-03-18T09:36:37.850Z - info: Website regeneration complete! Total build time: 2.1s
2021-03-18T09:36:37.961Z - debug:  
2021-03-18T09:37:16.336Z - info: [5:37:16 PM] Reload for file change: C:\repos\nus-cs2103-AY2021S1\cs2103-website\book\oop\associations\navigability\text.md
2021-03-18T09:37:17.348Z - info: Rebuilding 1 pages
2021-03-18T09:37:20.007Z - info: Site data built
2021-03-18T09:37:20.010Z - info: Pages rebuilt
2021-03-18T09:37:20.011Z - info: Website regeneration complete! Total build time: 2.669s
2021-03-18T09:37:20.036Z - debug:  
2021-03-18T09:38:55.564Z - info: [5:38:55 PM] Reload for file change: C:\repos\nus-cs2103-AY2021S1\cs2103-website\book\uml\classDiagrams\associations\navigability\text.md
2021-03-18T09:38:56.569Z - info: No pages needed to be rebuilt
2021-03-18T09:39:12.164Z - info: Building C:\repos\nus-cs2103-AY2021S1\cs2103-website\se-book-adapted\chapters\uml as some of its dependencies were changed since the last visit
2021-03-18T09:39:17.405Z - debug:  
2021-03-18T09:39:17.405Z - debug:  
2021-03-18T09:39:17.405Z - debug:  
2021-03-18T09:39:17.405Z - debug:  
2021-03-18T09:39:17.417Z - info: Site data built
2021-03-18T09:39:17.418Z - info: Lazy website regeneration complete! Total build time: 5.254s
2021-03-18T09:47:45.211Z - info: [5:47:45 PM] Reload for file change: C:\repos\nus-cs2103-AY2021S1\cs2103-website\book\uml\classDiagrams\associations\navigability\text.md
2021-03-18T09:47:46.214Z - info: Rebuilding 1 pages
2021-03-18T09:47:52.781Z - debug:  
2021-03-18T09:47:52.797Z - info: Site data built
2021-03-18T09:47:52.797Z - info: Pages rebuilt
2021-03-18T09:47:52.798Z - info: Website regeneration complete! Total build time: 6.584s
2021-03-18T09:47:52.924Z - debug:  
2021-03-18T09:47:52.924Z - debug:  
2021-03-18T09:47:53.144Z - debug:  
2021-03-18T09:48:26.966Z - info: [5:48:26 PM] Reload for file change: C:\repos\nus-cs2103-AY2021S1\cs2103-website\book\uml\classDiagrams\associations\navigability\text.md
2021-03-18T09:48:27.971Z - info: Rebuilding 1 pages
2021-03-18T09:48:34.760Z - debug:  
2021-03-18T09:48:34.768Z - debug:  
2021-03-18T09:48:34.768Z - debug:  
2021-03-18T09:48:34.768Z - debug:  
2021-03-18T09:48:34.783Z - info: Site data built
2021-03-18T09:48:34.784Z - info: Pages rebuilt
2021-03-18T09:48:34.784Z - info: Website regeneration complete! Total build time: 6.814s
2021-03-18T09:49:38.233Z - info: [5:49:38 PM] Reload for file change: C:\repos\nus-cs2103-AY2021S1\cs2103-website\book\oop\associations\navigability\text.md
2021-03-18T09:49:38.234Z - info: [5:49:38 PM] Reload for file change: C:\repos\nus-cs2103-AY2021S1\cs2103-website\book\uml\classDiagrams\associations\navigability\text.md
2021-03-18T09:49:38.234Z - info: [5:49:38 PM] Reload for file change: C:\repos\nus-cs2103-AY2021S1\cs2103-website\book\oop\associations\multiplicity\text.md
2021-03-18T09:49:38.255Z - info: [5:49:38 PM] Reload for file change: C:\repos\nus-cs2103-AY2021S1\cs2103-website\book\architecture\architectureDiagrams\drawing\text.md
2021-03-18T09:49:39.242Z - info: Rebuilding 1 pages
2021-03-18T09:49:44.772Z - info: Site data built
2021-03-18T09:49:44.775Z - info: Pages rebuilt
2021-03-18T09:49:44.776Z - info: Website regeneration complete! Total build time: 5.535s
2021-03-18T09:49:44.891Z - debug:  
2021-03-18T09:49:44.892Z - debug:  
2021-03-18T09:49:44.892Z - debug:  
2021-03-18T09:49:44.892Z - debug:  
2021-03-18T09:50:09.069Z - info: [5:50:09 PM] Reload for file add: C:\repos\nus-cs2103-AY2021S1\cs2103-website\book\uml\classDiagrams\associations\navigability\dog-man.md
2021-03-18T09:50:14.869Z - info: Assets built
2021-03-18T09:51:56.103Z - info: [5:51:56 PM] Reload for file change: C:\repos\nus-cs2103-AY2021S1\cs2103-website\book\uml\classDiagrams\associations\navigability\dog-man.md
2021-03-18T09:51:57.107Z - info: Assets built
2021-03-18T09:52:26.688Z - info: [5:52:26 PM] Reload for file change: C:\repos\nus-cs2103-AY2021S1\cs2103-website\book\uml\classDiagrams\associations\navigability\text.md
2021-03-18T09:52:27.690Z - info: Rebuilding 1 pages
2021-03-18T09:52:33.180Z - debug:  
2021-03-18T09:52:33.183Z - debug:  
2021-03-18T09:52:33.184Z - debug:  
2021-03-18T09:52:33.184Z - debug:  
2021-03-18T09:52:33.209Z - info: Site data built
2021-03-18T09:52:33.211Z - info: Pages rebuilt
2021-03-18T09:52:33.211Z - info: Website regeneration complete! Total build time: 5.522s
2021-03-18T09:53:39.477Z - info: [5:53:39 PM] Reload for file change: C:\repos\nus-cs2103-AY2021S1\cs2103-website\book\uml\classDiagrams\associations\navigability\dog-man.md
2021-03-18T09:53:39.478Z - info: [5:53:39 PM] Reload for file change: C:\repos\nus-cs2103-AY2021S1\cs2103-website\book\uml\classDiagrams\associations\navigability\logic-minefield.md
2021-03-18T09:53:40.482Z - info: Rebuilding 1 pages
2021-03-18T09:53:45.699Z - debug:  
2021-03-18T09:53:45.700Z - debug:  
2021-03-18T09:53:45.700Z - debug:  
2021-03-18T09:53:45.702Z - debug:  
2021-03-18T09:53:45.718Z - info: Site data built
2021-03-18T09:53:45.719Z - info: Pages rebuilt
2021-03-18T09:53:45.719Z - info: Website regeneration complete! Total build time: 5.241s
2021-03-18T09:54:47.115Z - info: Building C:\repos\nus-cs2103-AY2021S1\cs2103-website\index as some of its dependencies were changed since the last visit
2021-03-18T09:54:48.033Z - info: Site data built
2021-03-18T09:54:48.033Z - info: Lazy website regeneration complete! Total build time: 0.919s
2021-03-18T09:55:05.727Z - info: Website generation started at 5:55:02 PM
2021-03-18T09:55:14.351Z - info: Building assets...
2021-03-18T09:55:19.776Z - info: Assets built
2021-03-18T09:55:19.777Z - info: Generating pages...
2021-03-18T09:55:33.846Z - debug:  
2021-03-18T09:55:33.847Z - debug:  
2021-03-18T09:55:33.847Z - debug:  
2021-03-18T09:55:33.847Z - debug:  
2021-03-18T09:55:33.847Z - debug:  
2021-03-18T09:55:33.848Z - debug:  
2021-03-18T09:56:04.639Z - warn: You might have an invalid intra-link! Ignore this warning if it was intended.
'/website/book/about/usage.html' found in file 'C:\repos\nus-cs2103-AY2021S1\cs2103-website\book\index.md'
2021-03-18T09:56:04.641Z - warn: You might have an invalid intra-link! Ignore this warning if it was intended.
'/website/book/softwareEngineering/print.html' found in file 'C:\repos\nus-cs2103-AY2021S1\cs2103-website\book\index.md'
2021-03-18T09:56:04.642Z - warn: You might have an invalid intra-link! Ignore this warning if it was intended.
'/website/book/oop/print.html' found in file 'C:\repos\nus-cs2103-AY2021S1\cs2103-website\book\index.md'
2021-03-18T09:56:04.644Z - warn: You might have an invalid intra-link! Ignore this warning if it was intended.
'/website/book/requirements/print.html' found in file 'C:\repos\nus-cs2103-AY2021S1\cs2103-website\book\index.md'
2021-03-18T09:56:04.644Z - warn: You might have an invalid intra-link! Ignore this warning if it was intended.
'/website/book/gatheringRequirements/print.html' found in file 'C:\repos\nus-cs2103-AY2021S1\cs2103-website\book\index.md'
2021-03-18T09:56:04.645Z - warn: You might have an invalid intra-link! Ignore this warning if it was intended.
'/website/book/specifyingRequirements/print.html' found in file 'C:\repos\nus-cs2103-AY2021S1\cs2103-website\book\index.md'
2021-03-18T09:56:04.646Z - warn: You might have an invalid intra-link! Ignore this warning if it was intended.
'/website/book/design/print.html' found in file 'C:\repos\nus-cs2103-AY2021S1\cs2103-website\book\index.md'
2021-03-18T09:56:04.646Z - warn: You might have an invalid intra-link! Ignore this warning if it was intended.
'/website/book/designFundamentals/print.html' found in file 'C:\repos\nus-cs2103-AY2021S1\cs2103-website\book\index.md'
2021-03-18T09:56:04.647Z - warn: You might have an invalid intra-link! Ignore this warning if it was intended.
'/website/book/modeling/print.html' found in file 'C:\repos\nus-cs2103-AY2021S1\cs2103-website\book\index.md'
2021-03-18T09:56:04.648Z - warn: You might have an invalid intra-link! Ignore this warning if it was intended.
'/website/book/architecture/print.html' found in file 'C:\repos\nus-cs2103-AY2021S1\cs2103-website\book\index.md'
2021-03-18T09:56:04.648Z - warn: You might have an invalid intra-link! Ignore this warning if it was intended.
'/website/book/designPatterns/print.html' found in file 'C:\repos\nus-cs2103-AY2021S1\cs2103-website\book\index.md'
2021-03-18T09:56:04.654Z - warn: You might have an invalid intra-link! Ignore this warning if it was intended.
'/website/book/designApproaches/print.html' found in file 'C:\repos\nus-cs2103-AY2021S1\cs2103-website\book\index.md'
2021-03-18T09:56:04.655Z - warn: You might have an invalid intra-link! Ignore this warning if it was intended.
'/website/book/ides/print.html' found in file 'C:\repos\nus-cs2103-AY2021S1\cs2103-website\book\index.md'
2021-03-18T09:56:04.656Z - warn: You might have an invalid intra-link! Ignore this warning if it was intended.
'/website/book/codeQuality/print.html' found in file 'C:\repos\nus-cs2103-AY2021S1\cs2103-website\book\index.md'
2021-03-18T09:56:04.657Z - warn: You might have an invalid intra-link! Ignore this warning if it was intended.
'/website/book/refactoring/print.html' found in file 'C:\repos\nus-cs2103-AY2021S1\cs2103-website\book\index.md'
2021-03-18T09:56:04.657Z - warn: You might have an invalid intra-link! Ignore this warning if it was intended.
'/website/book/documentation/print.html' found in file 'C:\repos\nus-cs2103-AY2021S1\cs2103-website\book\index.md'
2021-03-18T09:56:04.658Z - warn: You might have an invalid intra-link! Ignore this warning if it was intended.
'/website/book/errorHandling/print.html' found in file 'C:\repos\nus-cs2103-AY2021S1\cs2103-website\book\index.md'
2021-03-18T09:56:04.659Z - warn: You might have an invalid intra-link! Ignore this warning if it was intended.
'/website/book/integration/print.html' found in file 'C:\repos\nus-cs2103-AY2021S1\cs2103-website\book\index.md'
2021-03-18T09:56:04.660Z - warn: You might have an invalid intra-link! Ignore this warning if it was intended.
'/website/book/reuse/print.html' found in file 'C:\repos\nus-cs2103-AY2021S1\cs2103-website\book\index.md'
2021-03-18T09:56:04.661Z - warn: You might have an invalid intra-link! Ignore this warning if it was intended.
'/website/book/qualityAssurance/print.html' found in file 'C:\repos\nus-cs2103-AY2021S1\cs2103-website\book\index.md'
2021-03-18T09:56:04.661Z - warn: You might have an invalid intra-link! Ignore this warning if it was intended.
'/website/book/testing/print.html' found in file 'C:\repos\nus-cs2103-AY2021S1\cs2103-website\book\index.md'
2021-03-18T09:56:04.662Z - warn: You might have an invalid intra-link! Ignore this warning if it was intended.
'/website/book/testCaseDesign/print.html' found in file 'C:\repos\nus-cs2103-AY2021S1\cs2103-website\book\index.md'
2021-03-18T09:56:04.663Z - warn: You might have an invalid intra-link! Ignore this warning if it was intended.
'/website/book/revisionControl/print.html' found in file 'C:\repos\nus-cs2103-AY2021S1\cs2103-website\book\index.md'
2021-03-18T09:56:04.663Z - warn: You might have an invalid intra-link! Ignore this warning if it was intended.
'/website/book/projectPlanning/print.html' found in file 'C:\repos\nus-cs2103-AY2021S1\cs2103-website\book\index.md'
2021-03-18T09:56:04.664Z - warn: You might have an invalid intra-link! Ignore this warning if it was intended.
'/website/book/teamwork/print.html' found in file 'C:\repos\nus-cs2103-AY2021S1\cs2103-website\book\index.md'
2021-03-18T09:56:04.664Z - warn: You might have an invalid intra-link! Ignore this warning if it was intended.
'/website/book/processModels/print.html' found in file 'C:\repos\nus-cs2103-AY2021S1\cs2103-website\book\index.md'
2021-03-18T09:56:04.665Z - warn: You might have an invalid intra-link! Ignore this warning if it was intended.
'/website/book/uml/print.html' found in file 'C:\repos\nus-cs2103-AY2021S1\cs2103-website\book\index.md'
2021-03-18T09:56:04.666Z - warn: You might have an invalid intra-link! Ignore this warning if it was intended.
'/website/book/intellij/print.html' found in file 'C:\repos\nus-cs2103-AY2021S1\cs2103-website\book\index.md'
2021-03-18T09:56:04.667Z - warn: You might have an invalid intra-link! Ignore this warning if it was intended.
'/website/book/gitAndGithub/print.html' found in file 'C:\repos\nus-cs2103-AY2021S1\cs2103-website\book\index.md'
2021-03-18T09:56:04.668Z - warn: You might have an invalid intra-link! Ignore this warning if it was intended.
'/website/book/principles/print.html' found in file 'C:\repos\nus-cs2103-AY2021S1\cs2103-website\book\index.md'
2021-03-18T09:56:04.669Z - warn: You might have an invalid intra-link! Ignore this warning if it was intended.
'/website/book/cppToJava/print.html' found in file 'C:\repos\nus-cs2103-AY2021S1\cs2103-website\book\index.md'
2021-03-18T09:56:04.670Z - warn: You might have an invalid intra-link! Ignore this warning if it was intended.
'/website/book/common/definitions.html' found in file 'C:\repos\nus-cs2103-AY2021S1\cs2103-website\book\index.md'
2021-03-18T09:56:04.670Z - warn: You might have an invalid intra-link! Ignore this warning if it was intended.
'/website/book/common/references.html' found in file 'C:\repos\nus-cs2103-AY2021S1\cs2103-website\book\index.md'
2021-03-18T09:56:04.671Z - warn: You might have an invalid intra-link! Ignore this warning if it was intended.
'/website/book/common/outcomes.html' found in file 'C:\repos\nus-cs2103-AY2021S1\cs2103-website\book\index.md'
2021-03-18T09:56:04.671Z - warn: You might have an invalid intra-link! Ignore this warning if it was intended.
'/website/book/common/print.html' found in file 'C:\repos\nus-cs2103-AY2021S1\cs2103-website\book\index.md'
2021-03-18T09:57:49.368Z - debug:  
2021-03-18T09:58:03.425Z - debug:  
2021-03-18T09:58:03.425Z - debug:  
2021-03-18T09:58:13.031Z - info: Pages built
2021-03-18T09:58:13.608Z - info: Site data built
2021-03-18T09:58:13.608Z - info: Website generation complete! Total build time: 190.968s
2021-03-18T09:58:13.608Z - info: Build success!
2021-03-18T09:58:18.156Z - info: Deployed at https://nus-cs2103-ay2021s2.github.io/website!
2021-03-18T10:02:04.306Z - info: Website generation started at 6:01:59 PM
2021-03-18T10:02:12.469Z - info: Building assets...
