2021-01-09T16:24:32.577Z - info: Website generation (lazy) started at 12:24:25 AM
2021-01-09T16:24:46.685Z - info: Building assets...
2021-01-09T16:24:52.845Z - info: Assets built
2021-01-09T16:24:52.846Z - info: Generating landing page...
2021-01-09T16:24:53.929Z - warn: You might have an invalid intra-link! Ignore this warning if it was intended.
'/2021/admin/ip-overview.html' found in file 'C:\repos\nus-cs2103-AY2021S1\cs2103-website\_markbind\headers\header.md'
2021-01-09T16:24:53.932Z - warn: You might have an invalid intra-link! Ignore this warning if it was intended.
'/2021/admin/tp-expectations.html' found in file 'C:\repos\nus-cs2103-AY2021S1\cs2103-website\_markbind\headers\header.md'
2021-01-09T16:24:53.935Z - warn: You might have an invalid intra-link! Ignore this warning if it was intended.
'/2021/admin/teamList.html' found in file 'C:\repos\nus-cs2103-AY2021S1\cs2103-website\_markbind\headers\header.md'
2021-01-09T16:24:53.938Z - warn: You might have an invalid intra-link! Ignore this warning if it was intended.
'/2021/admin/tutorials.html' found in file 'C:\repos\nus-cs2103-AY2021S1\cs2103-website\_markbind\headers\header.md'
2021-01-09T16:24:54.669Z - info: Landing page built, other pages will be built as you navigate to them!
2021-01-09T16:24:55.272Z - info: Site data built
2021-01-09T16:24:55.273Z - info: Website generation (lazy) complete! Total build time: 29.386s
2021-01-09T16:24:56.108Z - info: Serving "C:\repos\nus-cs2103-AY2021S1\cs2103-website\_site" at http://127.0.0.1:8080
2021-01-09T16:24:56.108Z - info: Press CTRL+C to stop ...
2021-01-09T16:26:15.737Z - info: [12:26:15 AM] Reload for file change: C:\repos\nus-cs2103-AY2021S1\cs2103-website\admin\index-te3201.mbdf
2021-01-09T16:26:16.743Z - info: Rebuilding 1 pages
2021-01-09T16:26:17.698Z - warn: You might have an invalid intra-link! Ignore this warning if it was intended.
'/2021/admin/ip-overview.html' found in file 'C:\repos\nus-cs2103-AY2021S1\cs2103-website\_markbind\headers\header.md'
2021-01-09T16:26:17.700Z - warn: You might have an invalid intra-link! Ignore this warning if it was intended.
'/2021/admin/tp-expectations.html' found in file 'C:\repos\nus-cs2103-AY2021S1\cs2103-website\_markbind\headers\header.md'
2021-01-09T16:26:17.702Z - warn: You might have an invalid intra-link! Ignore this warning if it was intended.
'/2021/admin/teamList.html' found in file 'C:\repos\nus-cs2103-AY2021S1\cs2103-website\_markbind\headers\header.md'
2021-01-09T16:26:17.704Z - warn: You might have an invalid intra-link! Ignore this warning if it was intended.
'/2021/admin/tutorials.html' found in file 'C:\repos\nus-cs2103-AY2021S1\cs2103-website\_markbind\headers\header.md'
2021-01-09T16:26:18.394Z - info: Site data built
2021-01-09T16:26:18.395Z - info: Pages rebuilt
2021-01-09T16:26:18.395Z - info: Website regeneration complete! Total build time: 1.653s
2021-01-09T16:27:01.348Z - info: [12:27:01 AM] Reload for file change: C:\repos\nus-cs2103-AY2021S1\cs2103-website\admin\index-te3201.mbdf
2021-01-09T16:27:02.361Z - info: Rebuilding 1 pages
2021-01-09T16:27:03.313Z - warn: You might have an invalid intra-link! Ignore this warning if it was intended.
'/2021/admin/ip-overview.html' found in file 'C:\repos\nus-cs2103-AY2021S1\cs2103-website\_markbind\headers\header.md'
2021-01-09T16:27:03.315Z - warn: You might have an invalid intra-link! Ignore this warning if it was intended.
'/2021/admin/tp-expectations.html' found in file 'C:\repos\nus-cs2103-AY2021S1\cs2103-website\_markbind\headers\header.md'
2021-01-09T16:27:03.317Z - warn: You might have an invalid intra-link! Ignore this warning if it was intended.
'/2021/admin/teamList.html' found in file 'C:\repos\nus-cs2103-AY2021S1\cs2103-website\_markbind\headers\header.md'
2021-01-09T16:27:03.319Z - warn: You might have an invalid intra-link! Ignore this warning if it was intended.
'/2021/admin/tutorials.html' found in file 'C:\repos\nus-cs2103-AY2021S1\cs2103-website\_markbind\headers\header.md'
2021-01-09T16:27:03.985Z - info: Site data built
2021-01-09T16:27:03.992Z - info: Pages rebuilt
2021-01-09T16:27:03.992Z - info: Website regeneration complete! Total build time: 1.633s
2021-01-09T16:27:14.168Z - info: [12:27:14 AM] Reload for file change: C:\repos\nus-cs2103-AY2021S1\cs2103-website\admin\index-te3201.mbdf
2021-01-09T16:27:15.172Z - info: Rebuilding 1 pages
2021-01-09T16:27:15.790Z - warn: You might have an invalid intra-link! Ignore this warning if it was intended.
'/2021/admin/ip-overview.html' found in file 'C:\repos\nus-cs2103-AY2021S1\cs2103-website\_markbind\headers\header.md'
2021-01-09T16:27:15.792Z - warn: You might have an invalid intra-link! Ignore this warning if it was intended.
'/2021/admin/tp-expectations.html' found in file 'C:\repos\nus-cs2103-AY2021S1\cs2103-website\_markbind\headers\header.md'
2021-01-09T16:27:15.794Z - warn: You might have an invalid intra-link! Ignore this warning if it was intended.
'/2021/admin/teamList.html' found in file 'C:\repos\nus-cs2103-AY2021S1\cs2103-website\_markbind\headers\header.md'
2021-01-09T16:27:15.796Z - warn: You might have an invalid intra-link! Ignore this warning if it was intended.
'/2021/admin/tutorials.html' found in file 'C:\repos\nus-cs2103-AY2021S1\cs2103-website\_markbind\headers\header.md'
2021-01-09T16:27:16.362Z - info: Site data built
2021-01-09T16:27:16.363Z - info: Pages rebuilt
2021-01-09T16:27:16.363Z - info: Website regeneration complete! Total build time: 1.192s
2021-01-09T16:27:23.786Z - info: [12:27:23 AM] Reload for file change: C:\repos\nus-cs2103-AY2021S1\cs2103-website\admin\index-te3201.mbdf
2021-01-09T16:27:24.790Z - info: Rebuilding 1 pages
2021-01-09T16:27:25.416Z - warn: You might have an invalid intra-link! Ignore this warning if it was intended.
'/2021/admin/ip-overview.html' found in file 'C:\repos\nus-cs2103-AY2021S1\cs2103-website\_markbind\headers\header.md'
2021-01-09T16:27:25.419Z - warn: You might have an invalid intra-link! Ignore this warning if it was intended.
'/2021/admin/tp-expectations.html' found in file 'C:\repos\nus-cs2103-AY2021S1\cs2103-website\_markbind\headers\header.md'
2021-01-09T16:27:25.422Z - warn: You might have an invalid intra-link! Ignore this warning if it was intended.
'/2021/admin/teamList.html' found in file 'C:\repos\nus-cs2103-AY2021S1\cs2103-website\_markbind\headers\header.md'
2021-01-09T16:27:25.425Z - warn: You might have an invalid intra-link! Ignore this warning if it was intended.
'/2021/admin/tutorials.html' found in file 'C:\repos\nus-cs2103-AY2021S1\cs2103-website\_markbind\headers\header.md'
2021-01-09T16:27:25.939Z - info: Site data built
2021-01-09T16:27:25.940Z - info: Pages rebuilt
2021-01-09T16:27:25.940Z - info: Website regeneration complete! Total build time: 1.151s
2021-01-09T16:27:44.651Z - info: [12:27:44 AM] Reload for file change: C:\repos\nus-cs2103-AY2021S1\cs2103-website\admin\index-te3201.mbdf
2021-01-09T16:27:45.656Z - info: Rebuilding 1 pages
2021-01-09T16:27:46.777Z - warn: You might have an invalid intra-link! Ignore this warning if it was intended.
'/2021/admin/ip-overview.html' found in file 'C:\repos\nus-cs2103-AY2021S1\cs2103-website\_markbind\headers\header.md'
2021-01-09T16:27:46.780Z - warn: You might have an invalid intra-link! Ignore this warning if it was intended.
'/2021/admin/tp-expectations.html' found in file 'C:\repos\nus-cs2103-AY2021S1\cs2103-website\_markbind\headers\header.md'
2021-01-09T16:27:46.781Z - warn: You might have an invalid intra-link! Ignore this warning if it was intended.
'/2021/admin/teamList.html' found in file 'C:\repos\nus-cs2103-AY2021S1\cs2103-website\_markbind\headers\header.md'
2021-01-09T16:27:46.784Z - warn: You might have an invalid intra-link! Ignore this warning if it was intended.
'/2021/admin/tutorials.html' found in file 'C:\repos\nus-cs2103-AY2021S1\cs2103-website\_markbind\headers\header.md'
2021-01-09T16:27:47.494Z - info: Site data built
2021-01-09T16:27:47.495Z - info: Pages rebuilt
2021-01-09T16:27:47.495Z - info: Website regeneration complete! Total build time: 1.84s
2021-01-09T16:27:58.695Z - info: [12:27:58 AM] Reload for file change: C:\repos\nus-cs2103-AY2021S1\cs2103-website\admin\index-te3201.mbdf
2021-01-09T16:27:59.706Z - info: Rebuilding 1 pages
2021-01-09T16:28:00.482Z - warn: You might have an invalid intra-link! Ignore this warning if it was intended.
'/2021/admin/ip-overview.html' found in file 'C:\repos\nus-cs2103-AY2021S1\cs2103-website\_markbind\headers\header.md'
2021-01-09T16:28:00.484Z - warn: You might have an invalid intra-link! Ignore this warning if it was intended.
'/2021/admin/tp-expectations.html' found in file 'C:\repos\nus-cs2103-AY2021S1\cs2103-website\_markbind\headers\header.md'
2021-01-09T16:28:00.485Z - warn: You might have an invalid intra-link! Ignore this warning if it was intended.
'/2021/admin/teamList.html' found in file 'C:\repos\nus-cs2103-AY2021S1\cs2103-website\_markbind\headers\header.md'
2021-01-09T16:28:00.487Z - warn: You might have an invalid intra-link! Ignore this warning if it was intended.
'/2021/admin/tutorials.html' found in file 'C:\repos\nus-cs2103-AY2021S1\cs2103-website\_markbind\headers\header.md'
2021-01-09T16:28:01.118Z - info: Site data built
2021-01-09T16:28:01.118Z - info: Pages rebuilt
2021-01-09T16:28:01.118Z - info: Website regeneration complete! Total build time: 1.413s
2021-01-09T16:28:34.886Z - info: [12:28:34 AM] Reload for file change: C:\repos\nus-cs2103-AY2021S1\cs2103-website\admin\index-te3201.mbdf
2021-01-09T16:28:35.899Z - info: Rebuilding 1 pages
2021-01-09T16:28:36.846Z - warn: You might have an invalid intra-link! Ignore this warning if it was intended.
'/2021/admin/ip-overview.html' found in file 'C:\repos\nus-cs2103-AY2021S1\cs2103-website\_markbind\headers\header.md'
2021-01-09T16:28:36.848Z - warn: You might have an invalid intra-link! Ignore this warning if it was intended.
'/2021/admin/tp-expectations.html' found in file 'C:\repos\nus-cs2103-AY2021S1\cs2103-website\_markbind\headers\header.md'
2021-01-09T16:28:36.850Z - warn: You might have an invalid intra-link! Ignore this warning if it was intended.
'/2021/admin/teamList.html' found in file 'C:\repos\nus-cs2103-AY2021S1\cs2103-website\_markbind\headers\header.md'
2021-01-09T16:28:36.852Z - warn: You might have an invalid intra-link! Ignore this warning if it was intended.
'/2021/admin/tutorials.html' found in file 'C:\repos\nus-cs2103-AY2021S1\cs2103-website\_markbind\headers\header.md'
2021-01-09T16:28:37.512Z - info: Site data built
2021-01-09T16:28:37.516Z - info: Pages rebuilt
2021-01-09T16:28:37.516Z - info: Website regeneration complete! Total build time: 1.62s
2021-01-09T16:28:42.140Z - info: [12:28:42 AM] Reload for file change: C:\repos\nus-cs2103-AY2021S1\cs2103-website\admin\index-te3201.mbdf
2021-01-09T16:28:43.158Z - info: Rebuilding 1 pages
2021-01-09T16:28:43.759Z - warn: You might have an invalid intra-link! Ignore this warning if it was intended.
'/2021/admin/ip-overview.html' found in file 'C:\repos\nus-cs2103-AY2021S1\cs2103-website\_markbind\headers\header.md'
2021-01-09T16:28:43.761Z - warn: You might have an invalid intra-link! Ignore this warning if it was intended.
'/2021/admin/tp-expectations.html' found in file 'C:\repos\nus-cs2103-AY2021S1\cs2103-website\_markbind\headers\header.md'
2021-01-09T16:28:43.762Z - warn: You might have an invalid intra-link! Ignore this warning if it was intended.
'/2021/admin/teamList.html' found in file 'C:\repos\nus-cs2103-AY2021S1\cs2103-website\_markbind\headers\header.md'
2021-01-09T16:28:43.765Z - warn: You might have an invalid intra-link! Ignore this warning if it was intended.
'/2021/admin/tutorials.html' found in file 'C:\repos\nus-cs2103-AY2021S1\cs2103-website\_markbind\headers\header.md'
2021-01-09T16:28:44.296Z - info: Site data built
2021-01-09T16:28:44.296Z - info: Pages rebuilt
2021-01-09T16:28:44.296Z - info: Website regeneration complete! Total build time: 1.14s
2021-01-09T16:29:33.056Z - info: [12:29:33 AM] Reload for file change: C:\repos\nus-cs2103-AY2021S1\cs2103-website\admin\index-te3201.mbdf
2021-01-09T16:29:34.067Z - info: Rebuilding 1 pages
2021-01-09T16:29:35.001Z - warn: You might have an invalid intra-link! Ignore this warning if it was intended.
'/2021/admin/ip-overview.html' found in file 'C:\repos\nus-cs2103-AY2021S1\cs2103-website\_markbind\headers\header.md'
2021-01-09T16:29:35.003Z - warn: You might have an invalid intra-link! Ignore this warning if it was intended.
'/2021/admin/tp-expectations.html' found in file 'C:\repos\nus-cs2103-AY2021S1\cs2103-website\_markbind\headers\header.md'
2021-01-09T16:29:35.004Z - warn: You might have an invalid intra-link! Ignore this warning if it was intended.
'/2021/admin/teamList.html' found in file 'C:\repos\nus-cs2103-AY2021S1\cs2103-website\_markbind\headers\header.md'
2021-01-09T16:29:35.006Z - warn: You might have an invalid intra-link! Ignore this warning if it was intended.
'/2021/admin/tutorials.html' found in file 'C:\repos\nus-cs2103-AY2021S1\cs2103-website\_markbind\headers\header.md'
2021-01-09T16:29:35.705Z - info: Site data built
2021-01-09T16:29:35.707Z - info: Pages rebuilt
2021-01-09T16:29:35.707Z - info: Website regeneration complete! Total build time: 1.642s
2021-01-09T16:29:59.761Z - info: [12:29:59 AM] Reload for file change: C:\repos\nus-cs2103-AY2021S1\cs2103-website\admin\index-te3201.mbdf
2021-01-09T16:30:00.772Z - info: Rebuilding 1 pages
2021-01-09T16:30:01.451Z - warn: You might have an invalid intra-link! Ignore this warning if it was intended.
'/2021/admin/ip-overview.html' found in file 'C:\repos\nus-cs2103-AY2021S1\cs2103-website\_markbind\headers\header.md'
2021-01-09T16:30:01.453Z - warn: You might have an invalid intra-link! Ignore this warning if it was intended.
'/2021/admin/tp-expectations.html' found in file 'C:\repos\nus-cs2103-AY2021S1\cs2103-website\_markbind\headers\header.md'
2021-01-09T16:30:01.454Z - warn: You might have an invalid intra-link! Ignore this warning if it was intended.
'/2021/admin/teamList.html' found in file 'C:\repos\nus-cs2103-AY2021S1\cs2103-website\_markbind\headers\header.md'
2021-01-09T16:30:01.456Z - warn: You might have an invalid intra-link! Ignore this warning if it was intended.
'/2021/admin/tutorials.html' found in file 'C:\repos\nus-cs2103-AY2021S1\cs2103-website\_markbind\headers\header.md'
2021-01-09T16:30:01.996Z - info: Site data built
2021-01-09T16:30:02.000Z - info: Pages rebuilt
2021-01-09T16:30:02.000Z - info: Website regeneration complete! Total build time: 1.231s
2021-01-09T16:30:06.465Z - info: [12:30:06 AM] Reload for file change: C:\repos\nus-cs2103-AY2021S1\cs2103-website\admin\index-te3201.mbdf
2021-01-09T16:30:07.472Z - info: Rebuilding 1 pages
2021-01-09T16:30:08.057Z - warn: You might have an invalid intra-link! Ignore this warning if it was intended.
'/2021/admin/ip-overview.html' found in file 'C:\repos\nus-cs2103-AY2021S1\cs2103-website\_markbind\headers\header.md'
2021-01-09T16:30:08.061Z - warn: You might have an invalid intra-link! Ignore this warning if it was intended.
'/2021/admin/tp-expectations.html' found in file 'C:\repos\nus-cs2103-AY2021S1\cs2103-website\_markbind\headers\header.md'
2021-01-09T16:30:08.064Z - warn: You might have an invalid intra-link! Ignore this warning if it was intended.
'/2021/admin/teamList.html' found in file 'C:\repos\nus-cs2103-AY2021S1\cs2103-website\_markbind\headers\header.md'
2021-01-09T16:30:08.067Z - warn: You might have an invalid intra-link! Ignore this warning if it was intended.
'/2021/admin/tutorials.html' found in file 'C:\repos\nus-cs2103-AY2021S1\cs2103-website\_markbind\headers\header.md'
2021-01-09T16:30:08.553Z - info: Site data built
2021-01-09T16:30:08.554Z - info: Pages rebuilt
2021-01-09T16:30:08.554Z - info: Website regeneration complete! Total build time: 1.083s
2021-01-09T16:30:29.843Z - info: [12:30:29 AM] Reload for file change: C:\repos\nus-cs2103-AY2021S1\cs2103-website\admin\index-te3201.mbdf
2021-01-09T16:30:30.858Z - info: Rebuilding 1 pages
2021-01-09T16:30:31.725Z - warn: You might have an invalid intra-link! Ignore this warning if it was intended.
'/2021/admin/ip-overview.html' found in file 'C:\repos\nus-cs2103-AY2021S1\cs2103-website\_markbind\headers\header.md'
2021-01-09T16:30:31.728Z - warn: You might have an invalid intra-link! Ignore this warning if it was intended.
'/2021/admin/tp-expectations.html' found in file 'C:\repos\nus-cs2103-AY2021S1\cs2103-website\_markbind\headers\header.md'
2021-01-09T16:30:31.729Z - warn: You might have an invalid intra-link! Ignore this warning if it was intended.
'/2021/admin/teamList.html' found in file 'C:\repos\nus-cs2103-AY2021S1\cs2103-website\_markbind\headers\header.md'
2021-01-09T16:30:31.731Z - warn: You might have an invalid intra-link! Ignore this warning if it was intended.
'/2021/admin/tutorials.html' found in file 'C:\repos\nus-cs2103-AY2021S1\cs2103-website\_markbind\headers\header.md'
2021-01-09T16:30:32.350Z - info: Site data built
2021-01-09T16:30:32.351Z - info: Pages rebuilt
2021-01-09T16:30:32.351Z - info: Website regeneration complete! Total build time: 1.498s
2021-01-09T16:30:48.164Z - info: [12:30:48 AM] Reload for file change: C:\repos\nus-cs2103-AY2021S1\cs2103-website\admin\index-te3201.mbdf
2021-01-09T16:30:49.168Z - info: Rebuilding 1 pages
2021-01-09T16:30:49.769Z - warn: You might have an invalid intra-link! Ignore this warning if it was intended.
'/2021/admin/ip-overview.html' found in file 'C:\repos\nus-cs2103-AY2021S1\cs2103-website\_markbind\headers\header.md'
2021-01-09T16:30:49.771Z - warn: You might have an invalid intra-link! Ignore this warning if it was intended.
'/2021/admin/tp-expectations.html' found in file 'C:\repos\nus-cs2103-AY2021S1\cs2103-website\_markbind\headers\header.md'
2021-01-09T16:30:49.773Z - warn: You might have an invalid intra-link! Ignore this warning if it was intended.
'/2021/admin/teamList.html' found in file 'C:\repos\nus-cs2103-AY2021S1\cs2103-website\_markbind\headers\header.md'
2021-01-09T16:30:49.774Z - warn: You might have an invalid intra-link! Ignore this warning if it was intended.
'/2021/admin/tutorials.html' found in file 'C:\repos\nus-cs2103-AY2021S1\cs2103-website\_markbind\headers\header.md'
2021-01-09T16:30:50.297Z - info: Site data built
2021-01-09T16:30:50.297Z - info: Pages rebuilt
2021-01-09T16:30:50.298Z - info: Website regeneration complete! Total build time: 1.132s
2021-01-09T16:31:06.156Z - info: [12:31:06 AM] Reload for file change: C:\repos\nus-cs2103-AY2021S1\cs2103-website\admin\index-te3201.mbdf
2021-01-09T16:31:07.162Z - info: Rebuilding 1 pages
2021-01-09T16:31:07.725Z - warn: You might have an invalid intra-link! Ignore this warning if it was intended.
'/2021/admin/ip-overview.html' found in file 'C:\repos\nus-cs2103-AY2021S1\cs2103-website\_markbind\headers\header.md'
2021-01-09T16:31:07.728Z - warn: You might have an invalid intra-link! Ignore this warning if it was intended.
'/2021/admin/tp-expectations.html' found in file 'C:\repos\nus-cs2103-AY2021S1\cs2103-website\_markbind\headers\header.md'
2021-01-09T16:31:07.731Z - warn: You might have an invalid intra-link! Ignore this warning if it was intended.
'/2021/admin/teamList.html' found in file 'C:\repos\nus-cs2103-AY2021S1\cs2103-website\_markbind\headers\header.md'
2021-01-09T16:31:07.734Z - warn: You might have an invalid intra-link! Ignore this warning if it was intended.
'/2021/admin/tutorials.html' found in file 'C:\repos\nus-cs2103-AY2021S1\cs2103-website\_markbind\headers\header.md'
2021-01-09T16:31:08.291Z - info: Site data built
2021-01-09T16:31:08.291Z - info: Pages rebuilt
2021-01-09T16:31:08.291Z - info: Website regeneration complete! Total build time: 1.13s
2021-01-09T16:31:39.129Z - info: [12:31:39 AM] Reload for file change: C:\repos\nus-cs2103-AY2021S1\cs2103-website\admin\index-te3201.mbdf
2021-01-09T16:31:40.142Z - info: Rebuilding 1 pages
2021-01-09T16:31:41.100Z - warn: You might have an invalid intra-link! Ignore this warning if it was intended.
'/2021/admin/ip-overview.html' found in file 'C:\repos\nus-cs2103-AY2021S1\cs2103-website\_markbind\headers\header.md'
2021-01-09T16:31:41.102Z - warn: You might have an invalid intra-link! Ignore this warning if it was intended.
'/2021/admin/tp-expectations.html' found in file 'C:\repos\nus-cs2103-AY2021S1\cs2103-website\_markbind\headers\header.md'
2021-01-09T16:31:41.103Z - warn: You might have an invalid intra-link! Ignore this warning if it was intended.
'/2021/admin/teamList.html' found in file 'C:\repos\nus-cs2103-AY2021S1\cs2103-website\_markbind\headers\header.md'
2021-01-09T16:31:41.105Z - warn: You might have an invalid intra-link! Ignore this warning if it was intended.
'/2021/admin/tutorials.html' found in file 'C:\repos\nus-cs2103-AY2021S1\cs2103-website\_markbind\headers\header.md'
2021-01-09T16:31:41.730Z - info: Site data built
2021-01-09T16:31:41.734Z - info: Pages rebuilt
2021-01-09T16:31:41.734Z - info: Website regeneration complete! Total build time: 1.597s
2021-01-09T16:32:17.079Z - info: [12:32:17 AM] Reload for file change: C:\repos\nus-cs2103-AY2021S1\cs2103-website\admin\index-te3201.mbdf
2021-01-09T16:32:18.091Z - info: Rebuilding 1 pages
2021-01-09T16:32:18.823Z - warn: You might have an invalid intra-link! Ignore this warning if it was intended.
'/2021/admin/ip-overview.html' found in file 'C:\repos\nus-cs2103-AY2021S1\cs2103-website\_markbind\headers\header.md'
2021-01-09T16:32:18.825Z - warn: You might have an invalid intra-link! Ignore this warning if it was intended.
'/2021/admin/tp-expectations.html' found in file 'C:\repos\nus-cs2103-AY2021S1\cs2103-website\_markbind\headers\header.md'
2021-01-09T16:32:18.827Z - warn: You might have an invalid intra-link! Ignore this warning if it was intended.
'/2021/admin/teamList.html' found in file 'C:\repos\nus-cs2103-AY2021S1\cs2103-website\_markbind\headers\header.md'
2021-01-09T16:32:18.829Z - warn: You might have an invalid intra-link! Ignore this warning if it was intended.
'/2021/admin/tutorials.html' found in file 'C:\repos\nus-cs2103-AY2021S1\cs2103-website\_markbind\headers\header.md'
2021-01-09T16:32:19.471Z - info: Site data built
2021-01-09T16:32:19.472Z - info: Pages rebuilt
2021-01-09T16:32:19.473Z - info: Website regeneration complete! Total build time: 1.384s
2021-01-09T16:36:28.763Z - info: [12:36:28 AM] Reload for file change: C:\repos\nus-cs2103-AY2021S1\cs2103-website\programming\for\text.md
2021-01-09T16:36:28.786Z - info: [12:36:28 AM] Reload for file change: C:\repos\nus-cs2103-AY2021S1\cs2103-website\programming\for\text.md
2021-01-09T16:36:29.802Z - info: Assets built
2021-01-09T16:36:34.144Z - info: Building C:\repos\nus-cs2103-AY2021S1\cs2103-website\schedule\week2\index as some of its dependencies were changed since the last visit
2021-01-09T16:36:34.617Z - warn: You might have an invalid intra-link! Ignore this warning if it was intended.
'/2021/admin/ip-overview.html' found in file 'C:\repos\nus-cs2103-AY2021S1\cs2103-website\_markbind\headers\header.md'
2021-01-09T16:36:34.619Z - warn: You might have an invalid intra-link! Ignore this warning if it was intended.
'/2021/admin/tp-expectations.html' found in file 'C:\repos\nus-cs2103-AY2021S1\cs2103-website\_markbind\headers\header.md'
2021-01-09T16:36:34.621Z - warn: You might have an invalid intra-link! Ignore this warning if it was intended.
'/2021/admin/teamList.html' found in file 'C:\repos\nus-cs2103-AY2021S1\cs2103-website\_markbind\headers\header.md'
2021-01-09T16:36:34.623Z - warn: You might have an invalid intra-link! Ignore this warning if it was intended.
'/2021/admin/tutorials.html' found in file 'C:\repos\nus-cs2103-AY2021S1\cs2103-website\_markbind\headers\header.md'
2021-01-09T16:36:34.868Z - info: Site data built
2021-01-09T16:36:34.869Z - info: Lazy website regeneration complete! Total build time: 0.724s
2021-01-09T16:36:39.115Z - info: Building C:\repos\nus-cs2103-AY2021S1\cs2103-website\schedule\week2\topics-py as some of its dependencies were changed since the last visit
2021-01-09T16:36:39.319Z - warn: You might have an invalid intra-link! Ignore this warning if it was intended.
'/2021/admin/ip-overview.html' found in file 'C:\repos\nus-cs2103-AY2021S1\cs2103-website\_markbind\headers\header.md'
2021-01-09T16:36:39.321Z - warn: You might have an invalid intra-link! Ignore this warning if it was intended.
'/2021/admin/tp-expectations.html' found in file 'C:\repos\nus-cs2103-AY2021S1\cs2103-website\_markbind\headers\header.md'
2021-01-09T16:36:39.322Z - warn: You might have an invalid intra-link! Ignore this warning if it was intended.
'/2021/admin/teamList.html' found in file 'C:\repos\nus-cs2103-AY2021S1\cs2103-website\_markbind\headers\header.md'
2021-01-09T16:36:39.325Z - warn: You might have an invalid intra-link! Ignore this warning if it was intended.
'/2021/admin/tutorials.html' found in file 'C:\repos\nus-cs2103-AY2021S1\cs2103-website\_markbind\headers\header.md'
2021-01-09T16:36:39.776Z - info: Site data built
2021-01-09T16:36:39.776Z - info: Lazy website regeneration complete! Total build time: 0.661s
2021-01-09T16:38:21.576Z - info: [12:38:21 AM] Reload for file change: C:\repos\nus-cs2103-AY2021S1\cs2103-website\programming\for\text.md
2021-01-09T16:38:22.584Z - info: Rebuilding 1 pages
2021-01-09T16:38:22.961Z - warn: You might have an invalid intra-link! Ignore this warning if it was intended.
'/2021/admin/ip-overview.html' found in file 'C:\repos\nus-cs2103-AY2021S1\cs2103-website\_markbind\headers\header.md'
2021-01-09T16:38:22.963Z - warn: You might have an invalid intra-link! Ignore this warning if it was intended.
'/2021/admin/tp-expectations.html' found in file 'C:\repos\nus-cs2103-AY2021S1\cs2103-website\_markbind\headers\header.md'
2021-01-09T16:38:22.967Z - warn: You might have an invalid intra-link! Ignore this warning if it was intended.
'/2021/admin/teamList.html' found in file 'C:\repos\nus-cs2103-AY2021S1\cs2103-website\_markbind\headers\header.md'
2021-01-09T16:38:22.969Z - warn: You might have an invalid intra-link! Ignore this warning if it was intended.
'/2021/admin/tutorials.html' found in file 'C:\repos\nus-cs2103-AY2021S1\cs2103-website\_markbind\headers\header.md'
2021-01-09T16:38:23.348Z - info: Site data built
2021-01-09T16:38:23.349Z - info: Pages rebuilt
2021-01-09T16:38:23.349Z - info: Website regeneration complete! Total build time: 0.766s
2021-01-09T16:38:34.856Z - info: [12:38:34 AM] Reload for file change: C:\repos\nus-cs2103-AY2021S1\cs2103-website\programming\for\text.md
2021-01-09T16:38:35.863Z - info: Rebuilding 1 pages
2021-01-09T16:38:36.150Z - warn: You might have an invalid intra-link! Ignore this warning if it was intended.
'/2021/admin/ip-overview.html' found in file 'C:\repos\nus-cs2103-AY2021S1\cs2103-website\_markbind\headers\header.md'
2021-01-09T16:38:36.151Z - warn: You might have an invalid intra-link! Ignore this warning if it was intended.
'/2021/admin/tp-expectations.html' found in file 'C:\repos\nus-cs2103-AY2021S1\cs2103-website\_markbind\headers\header.md'
2021-01-09T16:38:36.152Z - warn: You might have an invalid intra-link! Ignore this warning if it was intended.
'/2021/admin/teamList.html' found in file 'C:\repos\nus-cs2103-AY2021S1\cs2103-website\_markbind\headers\header.md'
2021-01-09T16:38:36.154Z - warn: You might have an invalid intra-link! Ignore this warning if it was intended.
'/2021/admin/tutorials.html' found in file 'C:\repos\nus-cs2103-AY2021S1\cs2103-website\_markbind\headers\header.md'
2021-01-09T16:38:36.520Z - info: Site data built
2021-01-09T16:38:36.521Z - info: Pages rebuilt
2021-01-09T16:38:36.521Z - info: Website regeneration complete! Total build time: 0.659s
2021-01-09T16:40:21.969Z - info: [12:40:21 AM] Reload for file change: C:\repos\nus-cs2103-AY2021S1\cs2103-website\programming\for\text.md
2021-01-09T16:40:22.979Z - info: Rebuilding 1 pages
2021-01-09T16:40:23.454Z - warn: You might have an invalid intra-link! Ignore this warning if it was intended.
'/2021/admin/ip-overview.html' found in file 'C:\repos\nus-cs2103-AY2021S1\cs2103-website\_markbind\headers\header.md'
2021-01-09T16:40:23.456Z - warn: You might have an invalid intra-link! Ignore this warning if it was intended.
'/2021/admin/tp-expectations.html' found in file 'C:\repos\nus-cs2103-AY2021S1\cs2103-website\_markbind\headers\header.md'
2021-01-09T16:40:23.458Z - warn: You might have an invalid intra-link! Ignore this warning if it was intended.
'/2021/admin/teamList.html' found in file 'C:\repos\nus-cs2103-AY2021S1\cs2103-website\_markbind\headers\header.md'
2021-01-09T16:40:23.460Z - warn: You might have an invalid intra-link! Ignore this warning if it was intended.
'/2021/admin/tutorials.html' found in file 'C:\repos\nus-cs2103-AY2021S1\cs2103-website\_markbind\headers\header.md'
2021-01-09T16:40:23.914Z - info: Site data built
2021-01-09T16:40:23.915Z - info: Pages rebuilt
2021-01-09T16:40:23.915Z - info: Website regeneration complete! Total build time: 0.94s
2021-01-09T16:41:44.308Z - info: [12:41:44 AM] Reload for file change: C:\repos\nus-cs2103-AY2021S1\cs2103-website\programming\for\text.md
2021-01-09T16:41:45.315Z - info: Rebuilding 1 pages
2021-01-09T16:41:45.722Z - warn: You might have an invalid intra-link! Ignore this warning if it was intended.
'/2021/admin/ip-overview.html' found in file 'C:\repos\nus-cs2103-AY2021S1\cs2103-website\_markbind\headers\header.md'
2021-01-09T16:41:45.723Z - warn: You might have an invalid intra-link! Ignore this warning if it was intended.
'/2021/admin/tp-expectations.html' found in file 'C:\repos\nus-cs2103-AY2021S1\cs2103-website\_markbind\headers\header.md'
2021-01-09T16:41:45.725Z - warn: You might have an invalid intra-link! Ignore this warning if it was intended.
'/2021/admin/teamList.html' found in file 'C:\repos\nus-cs2103-AY2021S1\cs2103-website\_markbind\headers\header.md'
2021-01-09T16:41:45.727Z - warn: You might have an invalid intra-link! Ignore this warning if it was intended.
'/2021/admin/tutorials.html' found in file 'C:\repos\nus-cs2103-AY2021S1\cs2103-website\_markbind\headers\header.md'
2021-01-09T16:41:46.071Z - info: Site data built
2021-01-09T16:41:46.072Z - info: Pages rebuilt
2021-01-09T16:41:46.072Z - info: Website regeneration complete! Total build time: 0.761s
2021-01-09T16:45:12.254Z - info: Website generation started at 12:45:08 AM
2021-01-09T16:45:25.934Z - info: Building assets...
