2021-04-21T13:06:47.836Z - info: Website generation (lazy) started at 9:06:43 PM
2021-04-21T13:06:56.942Z - info: Building assets...
2021-04-21T13:07:02.226Z - info: Assets built
2021-04-21T13:07:02.227Z - info: Generating landing page...
2021-04-21T13:07:03.648Z - info: Landing page built, other pages will be built as you navigate to them!
2021-04-21T13:07:04.206Z - info: Site data built
2021-04-21T13:07:04.206Z - info: Website generation (lazy) complete! Total build time: 21.012s
2021-04-21T13:07:05.350Z - info: Serving "C:\repos\nus-cs2103-AY2021S1\cs2103-website\_site" at http://127.0.0.1:8080
2021-04-21T13:07:05.351Z - info: Press CTRL+C to stop ...
2021-04-21T13:08:43.346Z - info: Building C:\repos\nus-cs2103-AY2021S1\cs2103-website\admin\index as some of its dependencies were changed since the last visit
2021-04-21T13:08:44.057Z - info: Site data built
2021-04-21T13:08:44.057Z - info: Lazy website regeneration complete! Total build time: 0.712s
2021-04-21T13:08:48.448Z - info: Building C:\repos\nus-cs2103-AY2021S1\cs2103-website\admin\exams as some of its dependencies were changed since the last visit
2021-04-21T13:08:48.703Z - info: Site data built
2021-04-21T13:08:48.703Z - info: Lazy website regeneration complete! Total build time: 0.256s
2021-04-21T13:11:12.947Z - info: [9:11:12 PM] Reload for file change: C:\repos\nus-cs2103-AY2021S1\cs2103-website\admin\exams.md
2021-04-21T13:11:13.958Z - info: Rebuilding 1 pages
2021-04-21T13:11:14.432Z - info: Site data built
2021-04-21T13:11:14.434Z - info: Pages rebuilt
2021-04-21T13:11:14.434Z - info: Website regeneration complete! Total build time: 0.48s
2021-04-21T13:11:49.764Z - info: [9:11:49 PM] Reload for file change: C:\repos\nus-cs2103-AY2021S1\cs2103-website\admin\exams.md
2021-04-21T13:11:50.775Z - info: Rebuilding 1 pages
2021-04-21T13:11:51.307Z - info: Site data built
2021-04-21T13:11:51.307Z - info: Pages rebuilt
2021-04-21T13:11:51.307Z - info: Website regeneration complete! Total build time: 0.537s
2021-04-21T13:12:39.493Z - info: Website generation started at 9:12:36 PM
2021-04-21T13:12:47.863Z - info: Building assets...
2021-04-21T13:12:53.439Z - info: Assets built
2021-04-21T13:12:53.440Z - info: Generating pages...
2021-04-21T13:13:06.175Z - debug:  
2021-04-21T13:13:06.176Z - debug:  
2021-04-21T13:13:06.176Z - debug:  
2021-04-21T13:13:06.176Z - debug:  
2021-04-21T13:13:06.182Z - debug:  
2021-04-21T13:13:07.723Z - debug:  
2021-04-21T13:13:42.050Z - warn: You might have an invalid intra-link! Ignore this warning if it was intended.
'/website/book/about/usage.html' found in file 'C:\repos\nus-cs2103-AY2021S1\cs2103-website\book\index.md'
2021-04-21T13:13:42.052Z - warn: You might have an invalid intra-link! Ignore this warning if it was intended.
'/website/book/softwareEngineering/print.html' found in file 'C:\repos\nus-cs2103-AY2021S1\cs2103-website\book\index.md'
2021-04-21T13:13:42.053Z - warn: You might have an invalid intra-link! Ignore this warning if it was intended.
'/website/book/oop/print.html' found in file 'C:\repos\nus-cs2103-AY2021S1\cs2103-website\book\index.md'
2021-04-21T13:13:42.054Z - warn: You might have an invalid intra-link! Ignore this warning if it was intended.
'/website/book/requirements/print.html' found in file 'C:\repos\nus-cs2103-AY2021S1\cs2103-website\book\index.md'
2021-04-21T13:13:42.054Z - warn: You might have an invalid intra-link! Ignore this warning if it was intended.
'/website/book/gatheringRequirements/print.html' found in file 'C:\repos\nus-cs2103-AY2021S1\cs2103-website\book\index.md'
2021-04-21T13:13:42.055Z - warn: You might have an invalid intra-link! Ignore this warning if it was intended.
'/website/book/specifyingRequirements/print.html' found in file 'C:\repos\nus-cs2103-AY2021S1\cs2103-website\book\index.md'
2021-04-21T13:13:42.056Z - warn: You might have an invalid intra-link! Ignore this warning if it was intended.
'/website/book/design/print.html' found in file 'C:\repos\nus-cs2103-AY2021S1\cs2103-website\book\index.md'
2021-04-21T13:13:42.057Z - warn: You might have an invalid intra-link! Ignore this warning if it was intended.
'/website/book/designFundamentals/print.html' found in file 'C:\repos\nus-cs2103-AY2021S1\cs2103-website\book\index.md'
2021-04-21T13:13:42.057Z - warn: You might have an invalid intra-link! Ignore this warning if it was intended.
'/website/book/modeling/print.html' found in file 'C:\repos\nus-cs2103-AY2021S1\cs2103-website\book\index.md'
2021-04-21T13:13:42.058Z - warn: You might have an invalid intra-link! Ignore this warning if it was intended.
'/website/book/architecture/print.html' found in file 'C:\repos\nus-cs2103-AY2021S1\cs2103-website\book\index.md'
2021-04-21T13:13:42.059Z - warn: You might have an invalid intra-link! Ignore this warning if it was intended.
'/website/book/designPatterns/print.html' found in file 'C:\repos\nus-cs2103-AY2021S1\cs2103-website\book\index.md'
2021-04-21T13:13:42.059Z - warn: You might have an invalid intra-link! Ignore this warning if it was intended.
'/website/book/designApproaches/print.html' found in file 'C:\repos\nus-cs2103-AY2021S1\cs2103-website\book\index.md'
2021-04-21T13:13:42.060Z - warn: You might have an invalid intra-link! Ignore this warning if it was intended.
'/website/book/ides/print.html' found in file 'C:\repos\nus-cs2103-AY2021S1\cs2103-website\book\index.md'
2021-04-21T13:13:42.061Z - warn: You might have an invalid intra-link! Ignore this warning if it was intended.
'/website/book/codeQuality/print.html' found in file 'C:\repos\nus-cs2103-AY2021S1\cs2103-website\book\index.md'
2021-04-21T13:13:42.062Z - warn: You might have an invalid intra-link! Ignore this warning if it was intended.
'/website/book/refactoring/print.html' found in file 'C:\repos\nus-cs2103-AY2021S1\cs2103-website\book\index.md'
2021-04-21T13:13:42.062Z - warn: You might have an invalid intra-link! Ignore this warning if it was intended.
'/website/book/documentation/print.html' found in file 'C:\repos\nus-cs2103-AY2021S1\cs2103-website\book\index.md'
2021-04-21T13:13:42.063Z - warn: You might have an invalid intra-link! Ignore this warning if it was intended.
'/website/book/errorHandling/print.html' found in file 'C:\repos\nus-cs2103-AY2021S1\cs2103-website\book\index.md'
2021-04-21T13:13:42.063Z - warn: You might have an invalid intra-link! Ignore this warning if it was intended.
'/website/book/integration/print.html' found in file 'C:\repos\nus-cs2103-AY2021S1\cs2103-website\book\index.md'
2021-04-21T13:13:42.064Z - warn: You might have an invalid intra-link! Ignore this warning if it was intended.
'/website/book/reuse/print.html' found in file 'C:\repos\nus-cs2103-AY2021S1\cs2103-website\book\index.md'
2021-04-21T13:13:42.065Z - warn: You might have an invalid intra-link! Ignore this warning if it was intended.
'/website/book/qualityAssurance/print.html' found in file 'C:\repos\nus-cs2103-AY2021S1\cs2103-website\book\index.md'
2021-04-21T13:13:42.065Z - warn: You might have an invalid intra-link! Ignore this warning if it was intended.
'/website/book/testing/print.html' found in file 'C:\repos\nus-cs2103-AY2021S1\cs2103-website\book\index.md'
2021-04-21T13:13:42.066Z - warn: You might have an invalid intra-link! Ignore this warning if it was intended.
'/website/book/testCaseDesign/print.html' found in file 'C:\repos\nus-cs2103-AY2021S1\cs2103-website\book\index.md'
2021-04-21T13:13:42.067Z - warn: You might have an invalid intra-link! Ignore this warning if it was intended.
'/website/book/revisionControl/print.html' found in file 'C:\repos\nus-cs2103-AY2021S1\cs2103-website\book\index.md'
2021-04-21T13:13:42.067Z - warn: You might have an invalid intra-link! Ignore this warning if it was intended.
'/website/book/projectPlanning/print.html' found in file 'C:\repos\nus-cs2103-AY2021S1\cs2103-website\book\index.md'
2021-04-21T13:13:42.068Z - warn: You might have an invalid intra-link! Ignore this warning if it was intended.
'/website/book/teamwork/print.html' found in file 'C:\repos\nus-cs2103-AY2021S1\cs2103-website\book\index.md'
2021-04-21T13:13:42.069Z - warn: You might have an invalid intra-link! Ignore this warning if it was intended.
'/website/book/processModels/print.html' found in file 'C:\repos\nus-cs2103-AY2021S1\cs2103-website\book\index.md'
2021-04-21T13:13:42.069Z - warn: You might have an invalid intra-link! Ignore this warning if it was intended.
'/website/book/uml/print.html' found in file 'C:\repos\nus-cs2103-AY2021S1\cs2103-website\book\index.md'
2021-04-21T13:13:42.070Z - warn: You might have an invalid intra-link! Ignore this warning if it was intended.
'/website/book/intellij/print.html' found in file 'C:\repos\nus-cs2103-AY2021S1\cs2103-website\book\index.md'
2021-04-21T13:13:42.071Z - warn: You might have an invalid intra-link! Ignore this warning if it was intended.
'/website/book/gitAndGithub/print.html' found in file 'C:\repos\nus-cs2103-AY2021S1\cs2103-website\book\index.md'
2021-04-21T13:13:42.071Z - warn: You might have an invalid intra-link! Ignore this warning if it was intended.
'/website/book/principles/print.html' found in file 'C:\repos\nus-cs2103-AY2021S1\cs2103-website\book\index.md'
2021-04-21T13:13:42.072Z - warn: You might have an invalid intra-link! Ignore this warning if it was intended.
'/website/book/cppToJava/print.html' found in file 'C:\repos\nus-cs2103-AY2021S1\cs2103-website\book\index.md'
2021-04-21T13:13:42.073Z - warn: You might have an invalid intra-link! Ignore this warning if it was intended.
'/website/book/common/definitions.html' found in file 'C:\repos\nus-cs2103-AY2021S1\cs2103-website\book\index.md'
2021-04-21T13:13:42.073Z - warn: You might have an invalid intra-link! Ignore this warning if it was intended.
'/website/book/common/references.html' found in file 'C:\repos\nus-cs2103-AY2021S1\cs2103-website\book\index.md'
2021-04-21T13:13:42.074Z - warn: You might have an invalid intra-link! Ignore this warning if it was intended.
'/website/book/common/outcomes.html' found in file 'C:\repos\nus-cs2103-AY2021S1\cs2103-website\book\index.md'
2021-04-21T13:13:42.074Z - warn: You might have an invalid intra-link! Ignore this warning if it was intended.
'/website/book/common/print.html' found in file 'C:\repos\nus-cs2103-AY2021S1\cs2103-website\book\index.md'
2021-04-21T13:15:31.229Z - debug:  
2021-04-21T13:15:48.159Z - debug:  
2021-04-21T13:15:48.160Z - debug:  
2021-04-21T13:16:05.846Z - info: Pages built
2021-04-21T13:16:06.488Z - info: Site data built
2021-04-21T13:16:06.489Z - info: Website generation complete! Total build time: 210.256s
2021-04-21T13:16:06.489Z - info: Build success!
2021-04-21T13:16:14.432Z - info: Deployed at https://nus-cs2103-ay2021s2.github.io/website!
