2021-01-05T16:05:30.819Z - info: [12:05:30 AM] Reload for file change: C:\repos\nus-cs2103-AY2021S1\cs2103-website\_module-CS2103\timetables.mbdf
2021-01-05T16:05:31.858Z - info: Assets built
2021-01-05T16:05:45.672Z - info: [12:05:45 AM] Reload for file change: C:\repos\nus-cs2103-AY2021S1\cs2103-website\_module-CS2103\timetables.mbdf
2021-01-05T16:05:46.698Z - info: Assets built
2021-01-05T16:34:53.285Z - info: [12:34:53 AM] Reload for file change: C:\repos\nus-cs2103-AY2021S1\cs2103-website\admin\lectures.md
2021-01-05T16:34:54.313Z - info: No pages needed to be rebuilt
2021-01-05T16:34:57.102Z - info: Building C:\repos\nus-cs2103-AY2021S1\cs2103-website\admin\lectures as some of its dependencies were changed since the last visit
2021-01-05T16:34:57.908Z - info: Site data built
2021-01-05T16:34:57.908Z - info: Lazy website regeneration complete! Total build time: 0.807s
2021-01-05T16:35:30.300Z - info: [12:35:30 AM] Reload for file change: C:\repos\nus-cs2103-AY2021S1\cs2103-website\_module-CS2103\timetables.mbdf
2021-01-05T16:35:31.302Z - info: Rebuilding 1 pages
2021-01-05T16:35:31.719Z - info: Site data built
2021-01-05T16:35:31.721Z - info: Pages rebuilt
2021-01-05T16:35:31.721Z - info: Website regeneration complete! Total build time: 0.42s
2021-01-05T16:35:35.292Z - info: [12:35:35 AM] Reload for file change: C:\repos\nus-cs2103-AY2021S1\cs2103-website\_module-CS2103\timetables.mbdf
2021-01-05T16:35:36.294Z - info: Rebuilding 1 pages
2021-01-05T16:35:36.785Z - info: Site data built
2021-01-05T16:35:36.786Z - info: Pages rebuilt
2021-01-05T16:35:36.786Z - info: Website regeneration complete! Total build time: 0.493s
2021-01-05T16:36:09.467Z - info: [12:36:09 AM] Reload for file change: C:\repos\nus-cs2103-AY2021S1\cs2103-website\admin\tutorials.md
2021-01-05T16:36:10.469Z - info: No pages needed to be rebuilt
2021-01-05T16:41:15.625Z - info: [12:41:15 AM] Reload for file change: C:\repos\nus-cs2103-AY2021S1\cs2103-website\_markbind\variables.md
2021-01-05T16:41:16.638Z - info: Assets built
2021-01-06T05:30:48.240Z - info: Website generation (lazy) started at 1:30:43 PM
2021-01-06T05:31:03.399Z - info: Building assets...
2021-01-06T05:31:10.719Z - info: Assets built
2021-01-06T05:31:10.719Z - info: Generating landing page...
2021-01-06T05:31:11.588Z - info: Landing page built, other pages will be built as you navigate to them!
2021-01-06T05:31:12.188Z - info: Site data built
2021-01-06T05:31:12.188Z - info: Website generation (lazy) complete! Total build time: 29.102s
2021-01-06T05:31:16.270Z - info: Serving "C:\repos\nus-cs2103-AY2021S1\cs2103-website\_site" at http://127.0.0.1:8080
2021-01-06T05:31:16.271Z - info: Press CTRL+C to stop ...
2021-01-06T05:39:54.131Z - info: [1:39:54 PM] Reload for file change: C:\repos\nus-cs2103-AY2021S1\cs2103-website\common\topics.njk
2021-01-06T05:39:55.224Z - info: Assets built
2021-01-06T05:40:20.209Z - info: [1:40:20 PM] Reload for file change: C:\repos\nus-cs2103-AY2021S1\cs2103-website\_markbind\variables.md
2021-01-06T05:40:21.213Z - info: Assets built
2021-01-06T05:40:38.759Z - info: Website generation (lazy) started at 1:40:35 PM
2021-01-06T05:40:51.427Z - info: Building assets...
2021-01-06T05:40:57.490Z - info: Assets built
2021-01-06T05:40:57.492Z - info: Generating landing page...
2021-01-06T05:40:58.963Z - info: Landing page built, other pages will be built as you navigate to them!
2021-01-06T05:40:59.447Z - info: Site data built
2021-01-06T05:40:59.448Z - info: Website generation (lazy) complete! Total build time: 23.98s
2021-01-06T05:41:00.399Z - info: Serving "C:\repos\nus-cs2103-AY2021S1\cs2103-website\_site" at http://127.0.0.1:8080
2021-01-06T05:41:00.400Z - info: Press CTRL+C to stop ...
2021-01-06T05:42:39.128Z - info: Building C:\repos\nus-cs2103-AY2021S1\cs2103-website\schedule\week3\topics as some of its dependencies were changed since the last visit
2021-01-06T05:42:41.640Z - info: Site data built
2021-01-06T05:42:41.641Z - info: Lazy website regeneration complete! Total build time: 2.515s
2021-01-06T05:43:12.610Z - info: [1:43:12 PM] Reload for file change: C:\repos\nus-cs2103-AY2021S1\cs2103-website\common\topics.njk
2021-01-06T05:43:13.622Z - info: Rebuilding 1 pages
2021-01-06T05:43:16.644Z - info: Site data built
2021-01-06T05:43:16.645Z - info: Pages rebuilt
2021-01-06T05:43:16.645Z - info: Website regeneration complete! Total build time: 3.028s
2021-01-06T05:43:39.899Z - info: [1:43:39 PM] Reload for file change: C:\repos\nus-cs2103-AY2021S1\cs2103-website\common\topics.njk
2021-01-06T05:43:40.905Z - info: Rebuilding 1 pages
2021-01-06T05:43:43.510Z - info: Site data built
2021-01-06T05:43:43.513Z - info: Pages rebuilt
2021-01-06T05:43:43.513Z - info: Website regeneration complete! Total build time: 2.609s
2021-01-06T05:45:10.940Z - info: [1:45:10 PM] Reload for file change: C:\repos\nus-cs2103-AY2021S1\cs2103-website\common\topics.njk
2021-01-06T05:45:11.948Z - info: Rebuilding 1 pages
2021-01-06T05:45:14.435Z - info: Site data built
2021-01-06T05:45:14.437Z - info: Pages rebuilt
2021-01-06T05:45:14.437Z - info: Website regeneration complete! Total build time: 2.491s
2021-01-06T05:45:22.088Z - info: [1:45:22 PM] Reload for file change: C:\repos\nus-cs2103-AY2021S1\cs2103-website\common\topics.njk
2021-01-06T05:45:23.092Z - info: Rebuilding 1 pages
2021-01-06T05:45:26.156Z - info: Site data built
2021-01-06T05:45:26.160Z - info: Pages rebuilt
2021-01-06T05:45:26.160Z - info: Website regeneration complete! Total build time: 3.071s
2021-01-06T05:45:30.078Z - info: [1:45:30 PM] Reload for file change: C:\repos\nus-cs2103-AY2021S1\cs2103-website\common\topics.njk
2021-01-06T05:45:31.085Z - info: Rebuilding 1 pages
2021-01-06T05:45:33.166Z - info: Site data built
2021-01-06T05:45:33.167Z - info: Pages rebuilt
2021-01-06T05:45:33.167Z - info: Website regeneration complete! Total build time: 2.085s
2021-01-06T07:03:04.596Z - info: [3:03:04 PM] Reload for file change: C:\repos\nus-cs2103-AY2021S1\cs2103-website\common\topics.njk
2021-01-06T07:03:05.624Z - info: Rebuilding 1 pages
2021-01-06T07:03:08.290Z - info: Site data built
2021-01-06T07:03:08.291Z - info: Pages rebuilt
2021-01-06T07:03:08.292Z - info: Website regeneration complete! Total build time: 2.675s
2021-01-06T07:04:01.913Z - info: [3:04:01 PM] Reload for file change: C:\repos\nus-cs2103-AY2021S1\cs2103-website\common\topics.njk
2021-01-06T07:04:02.931Z - info: Rebuilding 1 pages
2021-01-06T07:04:05.384Z - info: Site data built
2021-01-06T07:04:05.385Z - info: Pages rebuilt
2021-01-06T07:04:05.385Z - info: Website regeneration complete! Total build time: 2.461s
2021-01-06T07:05:28.058Z - info: [3:05:28 PM] Reload for file change: C:\repos\nus-cs2103-AY2021S1\cs2103-website\_module-CS2103\weeklyTextbookTopics.mbdf
2021-01-06T07:05:29.076Z - info: Rebuilding 1 pages
2021-01-06T07:05:29.403Z - error:  Template render error: (unknown path)
  Template render error: (unknown path)
  Template render error: (unknown path)
  Template render error: (unknown path)
  Template render error: (unknown path)
  Template render error: (unknown path)
  Template render error: (unknown path)
  Template render error: (unknown path)
  Template render error: (unknown path) [Line 88, Column 7]
  parseAggregate: expected colon after dict key
    at Object._prettifyError (C:\Users\damithch\AppData\Roaming\npm\node_modules\markbind-cli\node_modules\nunjucks\src\lib.js:36:11)
    at C:\Users\damithch\AppData\Roaming\npm\node_modules\markbind-cli\node_modules\@markbind\core\src\patches\nunjucks\context-overrides-frame.js:383:17
    at Template.root [as rootRenderFunc] (eval at _compile (C:\Users\damithch\AppData\Roaming\npm\node_modules\markbind-cli\node_modules\nunjucks\src\environment.js:631:18), <anonymous>:35:3)
    at Template.render (C:\Users\damithch\AppData\Roaming\npm\node_modules\markbind-cli\node_modules\@markbind\core\src\patches\nunjucks\context-overrides-frame.js:372:8)
    at Environment.renderString (C:\Users\damithch\AppData\Roaming\npm\node_modules\markbind-cli\node_modules\@markbind\core\src\patches\nunjucks\context-overrides-frame.js:77:15)
    at VariableRenderer.render (C:\Users\damithch\AppData\Roaming\npm\node_modules\markbind-cli\node_modules\@markbind\core\src\variables\VariableRenderer.js:96:17)
    at VariableProcessor.renderSiteVariables (C:\Users\damithch\AppData\Roaming\npm\node_modules\markbind-cli\node_modules\@markbind\core\src\variables\VariableProcessor.js:163:53)
    at VariableProcessor.renderPage (C:\Users\damithch\AppData\Roaming\npm\node_modules\markbind-cli\node_modules\@markbind\core\src\variables\VariableProcessor.js:448:17)
    at C:\Users\damithch\AppData\Roaming\npm\node_modules\markbind-cli\node_modules\@markbind\core\src\Page\index.js:878:57
2021-01-06T07:05:29.404Z - warn:  Error: Error while generating undefined
    at C:\Users\damithch\AppData\Roaming\npm\node_modules\markbind-cli\node_modules\@markbind\core\src\Site\index.js:1043:18
2021-01-06T07:06:08.373Z - info: [3:06:08 PM] Reload for file change: C:\repos\nus-cs2103-AY2021S1\cs2103-website\_module-CS2103\weeklyTextbookTopics.mbdf
2021-01-06T07:06:09.380Z - info: No pages needed to be rebuilt
2021-01-06T07:06:52.904Z - info: [3:06:52 PM] Reload for file change: C:\repos\nus-cs2103-AY2021S1\cs2103-website\_module-CS2103\weeklyTextbookTopics.mbdf
2021-01-06T07:06:53.913Z - info: No pages needed to be rebuilt
2021-01-06T07:07:00.486Z - info: [3:07:00 PM] Reload for file change: C:\repos\nus-cs2103-AY2021S1\cs2103-website\_module-CS2103\weeklyTextbookTopics.mbdf
2021-01-06T07:07:01.490Z - info: No pages needed to be rebuilt
2021-01-06T07:07:14.425Z - info: [3:07:14 PM] Reload for file change: C:\repos\nus-cs2103-AY2021S1\cs2103-website\_module-CS2103\weeklyTextbookTopics.mbdf
2021-01-06T07:07:15.445Z - info: No pages needed to be rebuilt
2021-01-06T07:07:34.725Z - info: Website generation (lazy) started at 3:07:30 PM
2021-01-06T07:07:46.847Z - info: Building assets...
2021-01-06T07:07:52.406Z - info: Assets built
2021-01-06T07:07:52.406Z - info: Generating landing page...
2021-01-06T07:07:52.664Z - error:  Template render error: (unknown path)
  Template render error: (unknown path)
  Template render error: (unknown path)
  Template render error: (unknown path)
  Template render error: (unknown path)
  Template render error: (unknown path)
  Template render error: (unknown path)
  Template render error: (unknown path) [Line 88, Column 7]
  parseAggregate: expected colon after dict key
Error while preprocessing 'C:\repos\nus-cs2103-AY2021S1\cs2103-website\index.md'
    at Object._prettifyError (C:\Users\damithch\AppData\Roaming\npm\node_modules\markbind-cli\node_modules\nunjucks\src\lib.js:36:11)
    at C:\Users\damithch\AppData\Roaming\npm\node_modules\markbind-cli\node_modules\@markbind\core\src\patches\nunjucks\context-overrides-frame.js:383:17
    at Template.root [as rootRenderFunc] (eval at _compile (C:\Users\damithch\AppData\Roaming\npm\node_modules\markbind-cli\node_modules\nunjucks\src\environment.js:631:18), <anonymous>:619:3)
    at Template.render (C:\Users\damithch\AppData\Roaming\npm\node_modules\markbind-cli\node_modules\@markbind\core\src\patches\nunjucks\context-overrides-frame.js:372:8)
    at Environment.renderString (C:\Users\damithch\AppData\Roaming\npm\node_modules\markbind-cli\node_modules\@markbind\core\src\patches\nunjucks\context-overrides-frame.js:77:15)
    at VariableRenderer.render (C:\Users\damithch\AppData\Roaming\npm\node_modules\markbind-cli\node_modules\@markbind\core\src\variables\VariableRenderer.js:96:17)
    at VariableProcessor.renderSiteVariables (C:\Users\damithch\AppData\Roaming\npm\node_modules\markbind-cli\node_modules\@markbind\core\src\variables\VariableProcessor.js:163:53)
    at VariableProcessor.renderIncludeFile (C:\Users\damithch\AppData\Roaming\npm\node_modules\markbind-cli\node_modules\@markbind\core\src\variables\VariableProcessor.js:411:34)
    at NodePreprocessor._preProcessInclude (C:\Users\damithch\AppData\Roaming\npm\node_modules\markbind-cli\node_modules\@markbind\core\src\html\NodePreprocessor.js:261:32)
    at NodePreprocessor.preProcessNode (C:\Users\damithch\AppData\Roaming\npm\node_modules\markbind-cli\node_modules\@markbind\core\src\html\NodePreprocessor.js:350:19)
    at C:\Users\damithch\AppData\Roaming\npm\node_modules\markbind-cli\node_modules\@markbind\core\src\html\NodePreprocessor.js:377:30
    at Array.map (<anonymous>)
    at DomHandler._callback (C:\Users\damithch\AppData\Roaming\npm\node_modules\markbind-cli\node_modules\@markbind\core\src\html\NodePreprocessor.js:374:27)
    at DomHandler._handleCallback.DomHandler.onerror (C:\Users\damithch\AppData\Roaming\npm\node_modules\markbind-cli\node_modules\domhandler\index.js:52:8)
    at DomHandler.onend (C:\Users\damithch\AppData\Roaming\npm\node_modules\markbind-cli\node_modules\domhandler\index.js:46:7)
    at Parser.onend (C:\Users\damithch\AppData\Roaming\npm\node_modules\markbind-cli\node_modules\htmlparser2\lib\Parser.js:340:36)
2021-01-06T07:07:52.728Z - info: Landing page built, other pages will be built as you navigate to them!
2021-01-06T07:07:53.271Z - info: Site data built
2021-01-06T07:07:53.271Z - info: Website generation (lazy) complete! Total build time: 23.256s
2021-01-06T07:07:54.078Z - info: Serving "C:\repos\nus-cs2103-AY2021S1\cs2103-website\_site" at http://127.0.0.1:8080
2021-01-06T07:07:54.078Z - info: Press CTRL+C to stop ...
2021-01-06T07:08:16.676Z - info: [3:08:16 PM] Reload for file change: C:\repos\nus-cs2103-AY2021S1\cs2103-website\_module-CS2103\weeklyTextbookTopics.mbdf
2021-01-06T07:08:17.686Z - info: Rebuilding 1 pages
2021-01-06T07:08:26.058Z - info: Website generation (lazy) started at 3:08:23 PM
2021-01-06T07:08:34.280Z - info: Building assets...
2021-01-06T07:08:40.319Z - info: Assets built
2021-01-06T07:08:40.320Z - info: Generating landing page...
2021-01-06T07:08:42.098Z - info: Landing page built, other pages will be built as you navigate to them!
2021-01-06T07:08:42.525Z - info: Site data built
2021-01-06T07:08:42.525Z - info: Website generation (lazy) complete! Total build time: 19.18s
2021-01-06T07:08:43.421Z - info: Serving "C:\repos\nus-cs2103-AY2021S1\cs2103-website\_site" at http://127.0.0.1:8080
2021-01-06T07:08:43.422Z - info: Press CTRL+C to stop ...
2021-01-06T07:14:08.456Z - info: Building C:\repos\nus-cs2103-AY2021S1\cs2103-website\schedule\week3\topics as some of its dependencies were changed since the last visit
2021-01-06T07:14:11.505Z - info: Site data built
2021-01-06T07:14:11.506Z - info: Lazy website regeneration complete! Total build time: 3.049s
2021-01-06T07:14:22.510Z - info: [3:14:22 PM] Reload for file change: C:\repos\nus-cs2103-AY2021S1\cs2103-website\_module-CS2103\weeklyTextbookTopics.mbdf
2021-01-06T07:14:23.515Z - info: Rebuilding 1 pages
2021-01-06T07:14:25.965Z - info: Site data built
2021-01-06T07:14:25.966Z - info: Pages rebuilt
2021-01-06T07:14:25.966Z - info: Website regeneration complete! Total build time: 2.453s
2021-01-06T07:14:58.303Z - info: [3:14:58 PM] Reload for file change: C:\repos\nus-cs2103-AY2021S1\cs2103-website\_module-CS2103\weeklyTextbookTopics.mbdf
2021-01-06T07:14:59.306Z - info: Rebuilding 1 pages
2021-01-06T07:15:02.130Z - info: Site data built
2021-01-06T07:15:02.131Z - info: Pages rebuilt
2021-01-06T07:15:02.132Z - info: Website regeneration complete! Total build time: 2.827s
2021-01-06T07:18:35.794Z - info: [3:18:35 PM] Reload for file change: C:\repos\nus-cs2103-AY2021S1\cs2103-website\_module-CS2103\weeklyTextbookTopics.mbdf
2021-01-06T07:18:36.798Z - info: Rebuilding 1 pages
2021-01-06T07:18:39.660Z - info: Site data built
2021-01-06T07:18:39.662Z - info: Pages rebuilt
2021-01-06T07:18:39.662Z - info: Website regeneration complete! Total build time: 2.865s
2021-01-06T07:20:16.599Z - info: Building C:\repos\nus-cs2103-AY2021S1\cs2103-website\schedule\week3\index as some of its dependencies were changed since the last visit
2021-01-06T07:20:17.719Z - info: Site data built
2021-01-06T07:20:17.720Z - info: Lazy website regeneration complete! Total build time: 1.123s
2021-01-06T07:21:58.159Z - info: [3:21:58 PM] Reload for file change: C:\repos\nus-cs2103-AY2021S1\cs2103-website\schedule\week3\notices-cs2103.mbdf
2021-01-06T07:21:59.162Z - info: No pages needed to be rebuilt
2021-01-06T07:22:16.549Z - info: Building C:\repos\nus-cs2103-AY2021S1\cs2103-website\schedule\week3\index as some of its dependencies were changed since the last visit
2021-01-06T07:22:17.440Z - info: Site data built
2021-01-06T07:22:17.440Z - info: Lazy website regeneration complete! Total build time: 0.892s
2021-01-06T07:22:32.459Z - info: [3:22:32 PM] Reload for file change: C:\repos\nus-cs2103-AY2021S1\cs2103-website\schedule\week3\notices-cs2103.mbdf
2021-01-06T07:22:33.466Z - info: No pages needed to be rebuilt
2021-01-06T07:22:47.278Z - info: Building C:\repos\nus-cs2103-AY2021S1\cs2103-website\schedule\week3\index as some of its dependencies were changed since the last visit
2021-01-06T07:22:48.366Z - info: Site data built
2021-01-06T07:22:48.367Z - info: Lazy website regeneration complete! Total build time: 1.09s
2021-01-06T07:26:33.008Z - info: [3:26:33 PM] Reload for file change: C:\repos\nus-cs2103-AY2021S1\cs2103-website\schedule\week3\notices-cs2103.mbdf
2021-01-06T07:26:34.012Z - info: No pages needed to be rebuilt
2021-01-06T07:26:37.040Z - info: Building C:\repos\nus-cs2103-AY2021S1\cs2103-website\schedule\week3\index as some of its dependencies were changed since the last visit
2021-01-06T07:26:37.744Z - info: Site data built
2021-01-06T07:26:37.745Z - info: Lazy website regeneration complete! Total build time: 0.705s
2021-01-06T07:27:17.191Z - info: [3:27:17 PM] Reload for file change: C:\repos\nus-cs2103-AY2021S1\cs2103-website\schedule\week3\notices-cs2103.mbdf
2021-01-06T07:27:18.197Z - info: No pages needed to be rebuilt
2021-01-06T07:27:22.035Z - info: Building C:\repos\nus-cs2103-AY2021S1\cs2103-website\schedule\week3\index as some of its dependencies were changed since the last visit
2021-01-06T07:27:23.113Z - info: Site data built
2021-01-06T07:27:23.113Z - info: Lazy website regeneration complete! Total build time: 1.078s
2021-01-06T07:27:40.001Z - info: [3:27:40 PM] Reload for file change: C:\repos\nus-cs2103-AY2021S1\cs2103-website\schedule\week3\notices-cs2103.mbdf
2021-01-06T07:27:41.006Z - info: No pages needed to be rebuilt
2021-01-06T07:27:45.939Z - info: Building C:\repos\nus-cs2103-AY2021S1\cs2103-website\schedule\week3\index as some of its dependencies were changed since the last visit
2021-01-06T07:27:46.742Z - info: Site data built
2021-01-06T07:27:46.742Z - info: Lazy website regeneration complete! Total build time: 0.804s
2021-01-06T07:29:23.807Z - info: [3:29:23 PM] Reload for file change: C:\repos\nus-cs2103-AY2021S1\cs2103-website\schedule\week3\notices-cs2103.mbdf
2021-01-06T07:29:24.818Z - info: No pages needed to be rebuilt
2021-01-06T07:29:28.503Z - info: Building C:\repos\nus-cs2103-AY2021S1\cs2103-website\schedule\week3\index as some of its dependencies were changed since the last visit
2021-01-06T07:29:29.625Z - info: Site data built
2021-01-06T07:29:29.625Z - info: Lazy website regeneration complete! Total build time: 1.122s
2021-01-06T07:29:48.547Z - info: [3:29:48 PM] Reload for file change: C:\repos\nus-cs2103-AY2021S1\cs2103-website\schedule\week3\notices-cs2103.mbdf
2021-01-06T07:29:49.552Z - info: No pages needed to be rebuilt
2021-01-06T07:30:04.356Z - info: [3:30:04 PM] Reload for file change: C:\repos\nus-cs2103-AY2021S1\cs2103-website\schedule\week3\notices-cs2103.mbdf
2021-01-06T07:30:05.361Z - info: No pages needed to be rebuilt
2021-01-06T07:30:07.729Z - info: Building C:\repos\nus-cs2103-AY2021S1\cs2103-website\schedule\week3\index as some of its dependencies were changed since the last visit
2021-01-06T07:30:08.409Z - info: Site data built
2021-01-06T07:30:08.409Z - info: Lazy website regeneration complete! Total build time: 0.681s
2021-01-06T07:31:29.495Z - info: Building C:\repos\nus-cs2103-AY2021S1\cs2103-website\admin\index as some of its dependencies were changed since the last visit
2021-01-06T07:31:30.120Z - info: Site data built
2021-01-06T07:31:30.120Z - info: Lazy website regeneration complete! Total build time: 0.626s
2021-01-06T07:31:34.797Z - info: Building C:\repos\nus-cs2103-AY2021S1\cs2103-website\admin\participation as some of its dependencies were changed since the last visit
2021-01-06T07:31:35.066Z - info: Site data built
2021-01-06T07:31:35.066Z - info: Lazy website regeneration complete! Total build time: 0.269s
2021-01-06T07:34:11.488Z - info: [3:34:11 PM] Reload for file change: C:\repos\nus-cs2103-AY2021S1\cs2103-website\admin\participation.md
2021-01-06T07:34:12.496Z - info: No pages needed to be rebuilt
2021-01-06T07:34:22.312Z - info: Building C:\repos\nus-cs2103-AY2021S1\cs2103-website\admin\participation as some of its dependencies were changed since the last visit
2021-01-06T07:34:22.660Z - info: Site data built
2021-01-06T07:34:22.660Z - info: Lazy website regeneration complete! Total build time: 0.348s
2021-01-06T07:36:05.628Z - info: [3:36:05 PM] Reload for file change: C:\repos\nus-cs2103-AY2021S1\cs2103-website\schedule\week3\notices-cs2103.mbdf
2021-01-06T07:36:06.630Z - info: No pages needed to be rebuilt
2021-01-06T07:37:16.533Z - info: [3:37:16 PM] Reload for file change: C:\repos\nus-cs2103-AY2021S1\cs2103-website\admin\participation.md
2021-01-06T07:37:17.535Z - info: No pages needed to be rebuilt
2021-01-06T07:37:19.576Z - info: Building C:\repos\nus-cs2103-AY2021S1\cs2103-website\admin\participation as some of its dependencies were changed since the last visit
2021-01-06T07:37:19.719Z - warn:  Template render error: (unknown path) [Line 83, Column 108]
  Template render error: (unknown path)
  Template render error: (unknown path)
  Template render error: (unknown path)
  Template render error: (unknown path) [Line 122, Column 9]
  Template render error: (unknown path) [Line 35, Column 52]
  Template render error: (unknown path)
  Template render error: (unknown path)
  Template render error: (unknown path)
  Template render error: (unknown path) [Line 70, Column 65]
  Template render error: (unknown path)
  Template render error: (unknown path)
  Template render error: (unknown path)
  Error: Unable to call `show_as_tab`, which is undefined or falsey
    at Object._prettifyError (C:\Users\damithch\AppData\Roaming\npm\node_modules\markbind-cli\node_modules\nunjucks\src\lib.js:36:11)
    at C:\Users\damithch\AppData\Roaming\npm\node_modules\markbind-cli\node_modules\@markbind\core\src\patches\nunjucks\context-overrides-frame.js:383:17
    at Template.root [as rootRenderFunc] (eval at _compile (C:\Users\damithch\AppData\Roaming\npm\node_modules\markbind-cli\node_modules\nunjucks\src\environment.js:631:18), <anonymous>:107:3)
    at Template.render (C:\Users\damithch\AppData\Roaming\npm\node_modules\markbind-cli\node_modules\@markbind\core\src\patches\nunjucks\context-overrides-frame.js:372:8)
    at Environment.renderString (C:\Users\damithch\AppData\Roaming\npm\node_modules\markbind-cli\node_modules\@markbind\core\src\patches\nunjucks\context-overrides-frame.js:77:15)
    at VariableRenderer.render (C:\Users\damithch\AppData\Roaming\npm\node_modules\markbind-cli\node_modules\@markbind\core\src\variables\VariableRenderer.js:96:17)
    at VariableProcessor.renderSiteVariables (C:\Users\damithch\AppData\Roaming\npm\node_modules\markbind-cli\node_modules\@markbind\core\src\variables\VariableProcessor.js:163:53)
    at VariableProcessor.renderPage (C:\Users\damithch\AppData\Roaming\npm\node_modules\markbind-cli\node_modules\@markbind\core\src\variables\VariableProcessor.js:448:17)
    at C:\Users\damithch\AppData\Roaming\npm\node_modules\markbind-cli\node_modules\@markbind\core\src\Page\index.js:878:57
2021-01-06T07:37:54.135Z - info: [3:37:54 PM] Reload for file change: C:\repos\nus-cs2103-AY2021S1\cs2103-website\admin\participation.md
2021-01-06T07:37:55.142Z - info: No pages needed to be rebuilt
2021-01-06T07:38:00.504Z - info: Building C:\repos\nus-cs2103-AY2021S1\cs2103-website\admin\participation as some of its dependencies were changed since the last visit
2021-01-06T07:38:00.868Z - info: Site data built
2021-01-06T07:38:00.868Z - info: Lazy website regeneration complete! Total build time: 0.365s
2021-01-06T07:38:16.006Z - info: [3:38:16 PM] Reload for file change: C:\repos\nus-cs2103-AY2021S1\cs2103-website\admin\participation.md
2021-01-06T07:38:17.021Z - info: Rebuilding 1 pages
2021-01-06T07:38:17.590Z - info: Site data built
2021-01-06T07:38:17.590Z - info: Pages rebuilt
2021-01-06T07:38:17.590Z - info: Website regeneration complete! Total build time: 0.575s
2021-01-06T07:38:22.702Z - info: [3:38:22 PM] Reload for file change: C:\repos\nus-cs2103-AY2021S1\cs2103-website\admin\participation.md
2021-01-06T07:38:23.706Z - info: Rebuilding 1 pages
2021-01-06T07:38:23.988Z - info: Site data built
2021-01-06T07:38:23.988Z - info: Pages rebuilt
2021-01-06T07:38:23.988Z - info: Website regeneration complete! Total build time: 0.284s
2021-01-06T07:38:34.008Z - info: Website generation (lazy) started at 3:38:33 PM
2021-01-06T07:38:43.020Z - info: Building assets...
2021-01-06T07:38:48.578Z - info: Assets built
2021-01-06T07:38:48.579Z - info: Generating landing page...
2021-01-06T07:38:49.885Z - info: Landing page built, other pages will be built as you navigate to them!
2021-01-06T07:38:50.424Z - info: Site data built
2021-01-06T07:38:50.424Z - info: Website generation (lazy) complete! Total build time: 16.453s
2021-01-06T07:38:51.451Z - info: Serving "C:\repos\nus-cs2103-AY2021S1\cs2103-website\_site" at http://127.0.0.1:8080
2021-01-06T07:38:51.451Z - info: Press CTRL+C to stop ...
2021-01-06T07:39:30.446Z - info: Building C:\repos\nus-cs2103-AY2021S1\cs2103-website\admin\participation as some of its dependencies were changed since the last visit
2021-01-06T07:39:30.935Z - info: Site data built
2021-01-06T07:39:30.935Z - info: Lazy website regeneration complete! Total build time: 0.49s
2021-01-06T07:41:09.370Z - info: [3:41:09 PM] Reload for file change: C:\repos\nus-cs2103-AY2021S1\cs2103-website\schedule\week3\notices-cs2103.mbdf
2021-01-06T07:41:09.371Z - info: [3:41:09 PM] Reload for file change: C:\repos\nus-cs2103-AY2021S1\cs2103-website\admin\participation.md
2021-01-06T07:41:10.390Z - info: Rebuilding 1 pages
2021-01-06T07:41:11.400Z - info: Site data built
2021-01-06T07:41:11.400Z - info: Pages rebuilt
2021-01-06T07:41:11.401Z - info: Website regeneration complete! Total build time: 1.017s
2021-01-06T07:41:12.545Z - info: Building C:\repos\nus-cs2103-AY2021S1\cs2103-website\admin\participation as some of its dependencies were changed since the last visit
2021-01-06T07:41:12.800Z - info: Site data built
2021-01-06T07:41:12.801Z - info: Lazy website regeneration complete! Total build time: 0.257s
2021-01-06T07:41:43.080Z - info: [3:41:43 PM] Reload for file change: C:\repos\nus-cs2103-AY2021S1\cs2103-website\admin\participation.md
2021-01-06T07:41:44.086Z - info: Rebuilding 1 pages
2021-01-06T07:41:45.297Z - info: Site data built
2021-01-06T07:41:45.298Z - info: Pages rebuilt
2021-01-06T07:41:45.298Z - info: Website regeneration complete! Total build time: 1.213s
2021-01-06T07:41:46.453Z - info: Building C:\repos\nus-cs2103-AY2021S1\cs2103-website\admin\participation as some of its dependencies were changed since the last visit
2021-01-06T07:41:46.702Z - info: Site data built
2021-01-06T07:41:46.702Z - info: Lazy website regeneration complete! Total build time: 0.249s
2021-01-06T07:41:49.820Z - info: [3:41:49 PM] Reload for file change: C:\repos\nus-cs2103-AY2021S1\cs2103-website\admin\participation.md
2021-01-06T07:41:50.824Z - info: Rebuilding 1 pages
2021-01-06T07:41:51.509Z - info: Site data built
2021-01-06T07:41:51.510Z - info: Pages rebuilt
2021-01-06T07:41:51.510Z - info: Website regeneration complete! Total build time: 0.689s
2021-01-06T07:41:52.647Z - info: Building C:\repos\nus-cs2103-AY2021S1\cs2103-website\admin\participation as some of its dependencies were changed since the last visit
2021-01-06T07:41:52.873Z - info: Site data built
2021-01-06T07:41:52.873Z - info: Lazy website regeneration complete! Total build time: 0.227s
2021-01-06T07:42:15.442Z - info: [3:42:15 PM] Reload for file change: C:\repos\nus-cs2103-AY2021S1\cs2103-website\admin\participation.md
2021-01-06T07:42:16.459Z - info: Rebuilding 1 pages
2021-01-06T07:42:17.498Z - info: Site data built
2021-01-06T07:42:17.499Z - info: Pages rebuilt
2021-01-06T07:42:17.499Z - info: Website regeneration complete! Total build time: 1.043s
2021-01-06T07:42:18.638Z - info: Building C:\repos\nus-cs2103-AY2021S1\cs2103-website\admin\participation as some of its dependencies were changed since the last visit
2021-01-06T07:42:18.847Z - info: Site data built
2021-01-06T07:42:18.847Z - info: Lazy website regeneration complete! Total build time: 0.209s
2021-01-06T07:42:45.214Z - info: [3:42:45 PM] Reload for file change: C:\repos\nus-cs2103-AY2021S1\cs2103-website\admin\participation.md
2021-01-06T07:42:46.223Z - info: Rebuilding 1 pages
2021-01-06T07:42:47.514Z - info: Site data built
2021-01-06T07:42:47.515Z - info: Pages rebuilt
2021-01-06T07:42:47.515Z - info: Website regeneration complete! Total build time: 1.297s
2021-01-06T07:42:48.628Z - info: Building C:\repos\nus-cs2103-AY2021S1\cs2103-website\admin\participation as some of its dependencies were changed since the last visit
2021-01-06T07:42:48.873Z - info: Site data built
2021-01-06T07:42:48.873Z - info: Lazy website regeneration complete! Total build time: 0.245s
2021-01-06T07:43:14.543Z - info: [3:43:14 PM] Reload for file change: C:\repos\nus-cs2103-AY2021S1\cs2103-website\schedule\week3\notices-cs2103.mbdf
2021-01-06T07:43:15.467Z - info: No pages needed to be rebuilt
2021-01-06T07:43:23.598Z - info: Building C:\repos\nus-cs2103-AY2021S1\cs2103-website\index as some of its dependencies were changed since the last visit
2021-01-06T07:43:24.388Z - info: Site data built
2021-01-06T07:43:24.388Z - info: Lazy website regeneration complete! Total build time: 0.791s
2021-01-06T07:43:36.110Z - info: [3:43:36 PM] Reload for file change: C:\repos\nus-cs2103-AY2021S1\cs2103-website\schedule\week3\notices-cs2103.mbdf
2021-01-06T07:43:37.113Z - info: No pages needed to be rebuilt
2021-01-06T07:43:45.881Z - info: Building C:\repos\nus-cs2103-AY2021S1\cs2103-website\index as some of its dependencies were changed since the last visit
2021-01-06T07:43:47.095Z - info: Site data built
2021-01-06T07:43:47.096Z - info: Lazy website regeneration complete! Total build time: 1.216s
2021-01-06T07:50:12.600Z - info: [3:50:12 PM] Reload for file change: C:\repos\nus-cs2103-AY2021S1\cs2103-website\schedule\week3\notices-cs2103.mbdf
2021-01-06T07:50:13.607Z - info: No pages needed to be rebuilt
2021-01-06T07:50:18.866Z - info: Building C:\repos\nus-cs2103-AY2021S1\cs2103-website\index as some of its dependencies were changed since the last visit
2021-01-06T07:50:19.748Z - info: Site data built
2021-01-06T07:50:19.748Z - info: Lazy website regeneration complete! Total build time: 0.882s
2021-01-06T07:51:28.249Z - info: [3:51:28 PM] Reload for file change: C:\repos\nus-cs2103-AY2021S1\cs2103-website\_markbind\variables.md
2021-01-06T07:51:29.254Z - info: Assets built
2021-01-06T07:54:31.353Z - info: Website generation started at 3:54:28 PM
2021-01-06T07:54:40.329Z - info: Building assets...
2021-01-06T07:54:46.307Z - info: Assets built
2021-01-06T07:54:46.308Z - info: Generating pages...
2021-01-06T07:54:59.460Z - debug:  
2021-01-06T07:54:59.461Z - debug:  
2021-01-06T07:54:59.461Z - debug:  
2021-01-06T07:54:59.462Z - debug:  
2021-01-06T07:55:01.004Z - debug:  
2021-01-06T07:55:01.006Z - debug:  
2021-01-06T07:55:34.815Z - warn: You might have an invalid intra-link! Ignore this warning if it was intended.
'/website/book/about/usage.html' found in file 'C:\repos\nus-cs2103-AY2021S1\cs2103-website\book\index.md'
2021-01-06T07:55:34.817Z - warn: You might have an invalid intra-link! Ignore this warning if it was intended.
'/website/book/softwareEngineering/print.html' found in file 'C:\repos\nus-cs2103-AY2021S1\cs2103-website\book\index.md'
2021-01-06T07:55:34.819Z - warn: You might have an invalid intra-link! Ignore this warning if it was intended.
'/website/book/oop/print.html' found in file 'C:\repos\nus-cs2103-AY2021S1\cs2103-website\book\index.md'
2021-01-06T07:55:34.820Z - warn: You might have an invalid intra-link! Ignore this warning if it was intended.
'/website/book/requirements/print.html' found in file 'C:\repos\nus-cs2103-AY2021S1\cs2103-website\book\index.md'
2021-01-06T07:55:34.820Z - warn: You might have an invalid intra-link! Ignore this warning if it was intended.
'/website/book/gatheringRequirements/print.html' found in file 'C:\repos\nus-cs2103-AY2021S1\cs2103-website\book\index.md'
2021-01-06T07:55:34.821Z - warn: You might have an invalid intra-link! Ignore this warning if it was intended.
'/website/book/specifyingRequirements/print.html' found in file 'C:\repos\nus-cs2103-AY2021S1\cs2103-website\book\index.md'
2021-01-06T07:55:34.822Z - warn: You might have an invalid intra-link! Ignore this warning if it was intended.
'/website/book/design/print.html' found in file 'C:\repos\nus-cs2103-AY2021S1\cs2103-website\book\index.md'
2021-01-06T07:55:34.822Z - warn: You might have an invalid intra-link! Ignore this warning if it was intended.
'/website/book/designFundamentals/print.html' found in file 'C:\repos\nus-cs2103-AY2021S1\cs2103-website\book\index.md'
2021-01-06T07:55:34.823Z - warn: You might have an invalid intra-link! Ignore this warning if it was intended.
'/website/book/modeling/print.html' found in file 'C:\repos\nus-cs2103-AY2021S1\cs2103-website\book\index.md'
2021-01-06T07:55:34.823Z - warn: You might have an invalid intra-link! Ignore this warning if it was intended.
'/website/book/architecture/print.html' found in file 'C:\repos\nus-cs2103-AY2021S1\cs2103-website\book\index.md'
2021-01-06T07:55:34.824Z - warn: You might have an invalid intra-link! Ignore this warning if it was intended.
'/website/book/designPatterns/print.html' found in file 'C:\repos\nus-cs2103-AY2021S1\cs2103-website\book\index.md'
2021-01-06T07:55:34.825Z - warn: You might have an invalid intra-link! Ignore this warning if it was intended.
'/website/book/designApproaches/print.html' found in file 'C:\repos\nus-cs2103-AY2021S1\cs2103-website\book\index.md'
2021-01-06T07:55:34.826Z - warn: You might have an invalid intra-link! Ignore this warning if it was intended.
'/website/book/ides/print.html' found in file 'C:\repos\nus-cs2103-AY2021S1\cs2103-website\book\index.md'
2021-01-06T07:55:34.826Z - warn: You might have an invalid intra-link! Ignore this warning if it was intended.
'/website/book/codeQuality/print.html' found in file 'C:\repos\nus-cs2103-AY2021S1\cs2103-website\book\index.md'
2021-01-06T07:55:34.827Z - warn: You might have an invalid intra-link! Ignore this warning if it was intended.
'/website/book/refactoring/print.html' found in file 'C:\repos\nus-cs2103-AY2021S1\cs2103-website\book\index.md'
2021-01-06T07:55:34.828Z - warn: You might have an invalid intra-link! Ignore this warning if it was intended.
'/website/book/documentation/print.html' found in file 'C:\repos\nus-cs2103-AY2021S1\cs2103-website\book\index.md'
2021-01-06T07:55:34.828Z - warn: You might have an invalid intra-link! Ignore this warning if it was intended.
'/website/book/errorHandling/print.html' found in file 'C:\repos\nus-cs2103-AY2021S1\cs2103-website\book\index.md'
2021-01-06T07:55:34.829Z - warn: You might have an invalid intra-link! Ignore this warning if it was intended.
'/website/book/integration/print.html' found in file 'C:\repos\nus-cs2103-AY2021S1\cs2103-website\book\index.md'
2021-01-06T07:55:34.829Z - warn: You might have an invalid intra-link! Ignore this warning if it was intended.
'/website/book/reuse/print.html' found in file 'C:\repos\nus-cs2103-AY2021S1\cs2103-website\book\index.md'
2021-01-06T07:55:34.830Z - warn: You might have an invalid intra-link! Ignore this warning if it was intended.
'/website/book/qualityAssurance/print.html' found in file 'C:\repos\nus-cs2103-AY2021S1\cs2103-website\book\index.md'
2021-01-06T07:55:34.831Z - warn: You might have an invalid intra-link! Ignore this warning if it was intended.
'/website/book/testing/print.html' found in file 'C:\repos\nus-cs2103-AY2021S1\cs2103-website\book\index.md'
2021-01-06T07:55:34.832Z - warn: You might have an invalid intra-link! Ignore this warning if it was intended.
'/website/book/testCaseDesign/print.html' found in file 'C:\repos\nus-cs2103-AY2021S1\cs2103-website\book\index.md'
2021-01-06T07:55:34.833Z - warn: You might have an invalid intra-link! Ignore this warning if it was intended.
'/website/book/revisionControl/print.html' found in file 'C:\repos\nus-cs2103-AY2021S1\cs2103-website\book\index.md'
2021-01-06T07:55:34.833Z - warn: You might have an invalid intra-link! Ignore this warning if it was intended.
'/website/book/projectPlanning/print.html' found in file 'C:\repos\nus-cs2103-AY2021S1\cs2103-website\book\index.md'
2021-01-06T07:55:34.834Z - warn: You might have an invalid intra-link! Ignore this warning if it was intended.
'/website/book/teamwork/print.html' found in file 'C:\repos\nus-cs2103-AY2021S1\cs2103-website\book\index.md'
2021-01-06T07:55:34.834Z - warn: You might have an invalid intra-link! Ignore this warning if it was intended.
'/website/book/processModels/print.html' found in file 'C:\repos\nus-cs2103-AY2021S1\cs2103-website\book\index.md'
2021-01-06T07:55:34.835Z - warn: You might have an invalid intra-link! Ignore this warning if it was intended.
'/website/book/uml/print.html' found in file 'C:\repos\nus-cs2103-AY2021S1\cs2103-website\book\index.md'
2021-01-06T07:55:34.836Z - warn: You might have an invalid intra-link! Ignore this warning if it was intended.
'/website/book/intellij/print.html' found in file 'C:\repos\nus-cs2103-AY2021S1\cs2103-website\book\index.md'
2021-01-06T07:55:34.836Z - warn: You might have an invalid intra-link! Ignore this warning if it was intended.
'/website/book/gitAndGithub/print.html' found in file 'C:\repos\nus-cs2103-AY2021S1\cs2103-website\book\index.md'
2021-01-06T07:55:34.837Z - warn: You might have an invalid intra-link! Ignore this warning if it was intended.
'/website/book/principles/print.html' found in file 'C:\repos\nus-cs2103-AY2021S1\cs2103-website\book\index.md'
2021-01-06T07:55:34.838Z - warn: You might have an invalid intra-link! Ignore this warning if it was intended.
'/website/book/cppToJava/print.html' found in file 'C:\repos\nus-cs2103-AY2021S1\cs2103-website\book\index.md'
2021-01-06T07:55:34.838Z - warn: You might have an invalid intra-link! Ignore this warning if it was intended.
'/website/book/common/definitions.html' found in file 'C:\repos\nus-cs2103-AY2021S1\cs2103-website\book\index.md'
2021-01-06T07:55:34.839Z - warn: You might have an invalid intra-link! Ignore this warning if it was intended.
'/website/book/common/references.html' found in file 'C:\repos\nus-cs2103-AY2021S1\cs2103-website\book\index.md'
2021-01-06T07:55:34.839Z - warn: You might have an invalid intra-link! Ignore this warning if it was intended.
'/website/book/common/outcomes.html' found in file 'C:\repos\nus-cs2103-AY2021S1\cs2103-website\book\index.md'
2021-01-06T07:55:34.839Z - warn: You might have an invalid intra-link! Ignore this warning if it was intended.
'/website/book/common/print.html' found in file 'C:\repos\nus-cs2103-AY2021S1\cs2103-website\book\index.md'
2021-01-06T07:57:12.406Z - warn: You might have an invalid intra-link! Ignore this warning if it was intended.
'/website/admin/x' found in file 'C:\repos\nus-cs2103-AY2021S1\cs2103-website\admin\tools.md'
2021-01-06T07:57:13.899Z - warn: You might have an invalid intra-link! Ignore this warning if it was intended.
'/website/admin/x' found in file 'C:\repos\nus-cs2103-AY2021S1\cs2103-website\admin\tools.md'
2021-01-06T07:57:20.393Z - debug:  
2021-01-06T07:57:34.692Z - debug:  
2021-01-06T07:57:34.701Z - debug:  
2021-01-06T07:57:35.917Z - warn: You might have an invalid intra-link! Ignore this warning if it was intended.
'/website/admin/x' found in file 'C:\repos\nus-cs2103-AY2021S1\cs2103-website\admin\tools.md'
2021-01-06T07:57:46.247Z - info: Pages built
2021-01-06T07:57:46.796Z - info: Site data built
2021-01-06T07:57:46.796Z - info: Website generation complete! Total build time: 198.255s
2021-01-06T07:57:46.796Z - info: Build success!
2021-01-06T07:57:51.743Z - info: Deployed at https://nus-cs2103-ay2021s2.github.io/website!
2021-01-06T08:22:47.249Z - info: Website generation (lazy) started at 4:22:41 PM
2021-01-06T08:22:57.805Z - info: Building assets...
2021-01-06T08:23:03.937Z - info: Assets built
2021-01-06T08:23:03.938Z - info: Generating landing page...
2021-01-06T08:23:05.009Z - warn: You might have an invalid intra-link! Ignore this warning if it was intended.
'/2021/admin/ip-overview.html' found in file 'C:\repos\nus-cs2103-AY2021S1\cs2103-website\_markbind\headers\header.md'
2021-01-06T08:23:05.012Z - warn: You might have an invalid intra-link! Ignore this warning if it was intended.
'/2021/admin/tp-expectations.html' found in file 'C:\repos\nus-cs2103-AY2021S1\cs2103-website\_markbind\headers\header.md'
2021-01-06T08:23:05.013Z - warn: You might have an invalid intra-link! Ignore this warning if it was intended.
'/2021/admin/teamList.html' found in file 'C:\repos\nus-cs2103-AY2021S1\cs2103-website\_markbind\headers\header.md'
2021-01-06T08:23:05.016Z - warn: You might have an invalid intra-link! Ignore this warning if it was intended.
'/2021/admin/tutorials.html' found in file 'C:\repos\nus-cs2103-AY2021S1\cs2103-website\_markbind\headers\header.md'
2021-01-06T08:23:05.750Z - info: Landing page built, other pages will be built as you navigate to them!
2021-01-06T08:23:06.250Z - info: Site data built
2021-01-06T08:23:06.251Z - info: Website generation (lazy) complete! Total build time: 24.609s
2021-01-06T08:23:07.158Z - info: Serving "C:\repos\nus-cs2103-AY2021S1\cs2103-website\_site" at http://127.0.0.1:8080
2021-01-06T08:23:07.158Z - info: Press CTRL+C to stop ...
2021-01-06T08:34:27.063Z - info: Building C:\repos\nus-cs2103-AY2021S1\cs2103-website\schedule\timeline as some of its dependencies were changed since the last visit
2021-01-06T08:34:29.099Z - warn: You might have an invalid intra-link! Ignore this warning if it was intended.
'/2021/admin/ip-overview.html' found in file 'C:\repos\nus-cs2103-AY2021S1\cs2103-website\_markbind\headers\header.md'
2021-01-06T08:34:29.101Z - warn: You might have an invalid intra-link! Ignore this warning if it was intended.
'/2021/admin/tp-expectations.html' found in file 'C:\repos\nus-cs2103-AY2021S1\cs2103-website\_markbind\headers\header.md'
2021-01-06T08:34:29.103Z - warn: You might have an invalid intra-link! Ignore this warning if it was intended.
'/2021/admin/teamList.html' found in file 'C:\repos\nus-cs2103-AY2021S1\cs2103-website\_markbind\headers\header.md'
2021-01-06T08:34:29.105Z - warn: You might have an invalid intra-link! Ignore this warning if it was intended.
'/2021/admin/tutorials.html' found in file 'C:\repos\nus-cs2103-AY2021S1\cs2103-website\_markbind\headers\header.md'
2021-01-06T08:34:29.113Z - warn: You might have an invalid intra-link! Ignore this warning if it was intended.
'/2021/schedule/week1/project.html' found in file 'C:\repos\nus-cs2103-AY2021S1\cs2103-website\schedule\timeline.md'
2021-01-06T08:34:29.113Z - warn: You might have an invalid intra-link! Ignore this warning if it was intended.
'/2021/schedule/week1/tutorial.html' found in file 'C:\repos\nus-cs2103-AY2021S1\cs2103-website\schedule\timeline.md'
2021-01-06T08:34:29.119Z - warn: You might have an invalid intra-link! Ignore this warning if it was intended.
'/2021/schedule/week2/project.html' found in file 'C:\repos\nus-cs2103-AY2021S1\cs2103-website\schedule\timeline.md'
2021-01-06T08:34:29.120Z - warn: You might have an invalid intra-link! Ignore this warning if it was intended.
'/2021/schedule/week2/tutorial.html' found in file 'C:\repos\nus-cs2103-AY2021S1\cs2103-website\schedule\timeline.md'
2021-01-06T08:34:29.125Z - warn: You might have an invalid intra-link! Ignore this warning if it was intended.
'/2021/schedule/week3/project.html' found in file 'C:\repos\nus-cs2103-AY2021S1\cs2103-website\schedule\timeline.md'
2021-01-06T08:34:29.126Z - warn: You might have an invalid intra-link! Ignore this warning if it was intended.
'/2021/schedule/week3/tutorial.html' found in file 'C:\repos\nus-cs2103-AY2021S1\cs2103-website\schedule\timeline.md'
2021-01-06T08:34:29.131Z - warn: You might have an invalid intra-link! Ignore this warning if it was intended.
'/2021/schedule/week4/project.html' found in file 'C:\repos\nus-cs2103-AY2021S1\cs2103-website\schedule\timeline.md'
2021-01-06T08:34:29.132Z - warn: You might have an invalid intra-link! Ignore this warning if it was intended.
'/2021/schedule/week4/tutorial.html' found in file 'C:\repos\nus-cs2103-AY2021S1\cs2103-website\schedule\timeline.md'
2021-01-06T08:34:29.138Z - warn: You might have an invalid intra-link! Ignore this warning if it was intended.
'/2021/schedule/week5/project.html' found in file 'C:\repos\nus-cs2103-AY2021S1\cs2103-website\schedule\timeline.md'
2021-01-06T08:34:29.139Z - warn: You might have an invalid intra-link! Ignore this warning if it was intended.
'/2021/schedule/week5/tutorial.html' found in file 'C:\repos\nus-cs2103-AY2021S1\cs2103-website\schedule\timeline.md'
2021-01-06T08:34:29.143Z - warn: You might have an invalid intra-link! Ignore this warning if it was intended.
'/2021/schedule/week6/project.html' found in file 'C:\repos\nus-cs2103-AY2021S1\cs2103-website\schedule\timeline.md'
2021-01-06T08:34:29.144Z - warn: You might have an invalid intra-link! Ignore this warning if it was intended.
'/2021/schedule/week6/tutorial.html' found in file 'C:\repos\nus-cs2103-AY2021S1\cs2103-website\schedule\timeline.md'
2021-01-06T08:34:29.149Z - warn: You might have an invalid intra-link! Ignore this warning if it was intended.
'/2021/schedule/week7/project.html' found in file 'C:\repos\nus-cs2103-AY2021S1\cs2103-website\schedule\timeline.md'
2021-01-06T08:34:29.149Z - warn: You might have an invalid intra-link! Ignore this warning if it was intended.
'/2021/schedule/week7/tutorial.html' found in file 'C:\repos\nus-cs2103-AY2021S1\cs2103-website\schedule\timeline.md'
2021-01-06T08:34:29.160Z - warn: You might have an invalid intra-link! Ignore this warning if it was intended.
'/2021/schedule/week8/project.html' found in file 'C:\repos\nus-cs2103-AY2021S1\cs2103-website\schedule\timeline.md'
2021-01-06T08:34:29.161Z - warn: You might have an invalid intra-link! Ignore this warning if it was intended.
'/2021/schedule/week8/tutorial.html' found in file 'C:\repos\nus-cs2103-AY2021S1\cs2103-website\schedule\timeline.md'
2021-01-06T08:34:29.168Z - warn: You might have an invalid intra-link! Ignore this warning if it was intended.
'/2021/schedule/week9/project.html' found in file 'C:\repos\nus-cs2103-AY2021S1\cs2103-website\schedule\timeline.md'
2021-01-06T08:34:29.169Z - warn: You might have an invalid intra-link! Ignore this warning if it was intended.
'/2021/schedule/week9/tutorial.html' found in file 'C:\repos\nus-cs2103-AY2021S1\cs2103-website\schedule\timeline.md'
2021-01-06T08:34:29.176Z - warn: You might have an invalid intra-link! Ignore this warning if it was intended.
'/2021/schedule/week10/project.html' found in file 'C:\repos\nus-cs2103-AY2021S1\cs2103-website\schedule\timeline.md'
2021-01-06T08:34:29.177Z - warn: You might have an invalid intra-link! Ignore this warning if it was intended.
'/2021/schedule/week10/tutorial.html' found in file 'C:\repos\nus-cs2103-AY2021S1\cs2103-website\schedule\timeline.md'
2021-01-06T08:34:29.183Z - warn: You might have an invalid intra-link! Ignore this warning if it was intended.
'/2021/schedule/week11/project.html' found in file 'C:\repos\nus-cs2103-AY2021S1\cs2103-website\schedule\timeline.md'
2021-01-06T08:34:29.184Z - warn: You might have an invalid intra-link! Ignore this warning if it was intended.
'/2021/schedule/week11/tutorial.html' found in file 'C:\repos\nus-cs2103-AY2021S1\cs2103-website\schedule\timeline.md'
2021-01-06T08:34:29.196Z - warn: You might have an invalid intra-link! Ignore this warning if it was intended.
'/2021/schedule/week12/project.html' found in file 'C:\repos\nus-cs2103-AY2021S1\cs2103-website\schedule\timeline.md'
2021-01-06T08:34:29.197Z - warn: You might have an invalid intra-link! Ignore this warning if it was intended.
'/2021/schedule/week12/tutorial.html' found in file 'C:\repos\nus-cs2103-AY2021S1\cs2103-website\schedule\timeline.md'
2021-01-06T08:34:29.202Z - warn: You might have an invalid intra-link! Ignore this warning if it was intended.
'/2021/schedule/week13/project.html' found in file 'C:\repos\nus-cs2103-AY2021S1\cs2103-website\schedule\timeline.md'
2021-01-06T08:34:29.203Z - warn: You might have an invalid intra-link! Ignore this warning if it was intended.
'/2021/schedule/week13/tutorial.html' found in file 'C:\repos\nus-cs2103-AY2021S1\cs2103-website\schedule\timeline.md'
2021-01-06T08:34:29.702Z - info: Site data built
2021-01-06T08:34:29.702Z - info: Lazy website regeneration complete! Total build time: 2.649s
2021-01-06T08:35:33.291Z - info: Building C:\repos\nus-cs2103-AY2021S1\cs2103-website\schedule\week1\index as some of its dependencies were changed since the last visit
2021-01-06T08:35:33.545Z - warn: You might have an invalid intra-link! Ignore this warning if it was intended.
'/2021/admin/ip-overview.html' found in file 'C:\repos\nus-cs2103-AY2021S1\cs2103-website\_markbind\headers\header.md'
2021-01-06T08:35:33.548Z - warn: You might have an invalid intra-link! Ignore this warning if it was intended.
'/2021/admin/tp-expectations.html' found in file 'C:\repos\nus-cs2103-AY2021S1\cs2103-website\_markbind\headers\header.md'
2021-01-06T08:35:33.549Z - warn: You might have an invalid intra-link! Ignore this warning if it was intended.
'/2021/admin/teamList.html' found in file 'C:\repos\nus-cs2103-AY2021S1\cs2103-website\_markbind\headers\header.md'
2021-01-06T08:35:33.553Z - warn: You might have an invalid intra-link! Ignore this warning if it was intended.
'/2021/admin/tutorials.html' found in file 'C:\repos\nus-cs2103-AY2021S1\cs2103-website\_markbind\headers\header.md'
2021-01-06T08:35:33.709Z - info: Site data built
2021-01-06T08:35:33.709Z - info: Lazy website regeneration complete! Total build time: 0.419s
2021-01-06T08:39:39.865Z - info: [4:39:39 PM] Reload for file change: C:\repos\nus-cs2103-AY2021S1\cs2103-website\schedule\week1\notices-te3201.mbdf
2021-01-06T08:39:40.873Z - info: Rebuilding 1 pages
2021-01-06T08:39:41.234Z - warn: You might have an invalid intra-link! Ignore this warning if it was intended.
'/2021/admin/ip-overview.html' found in file 'C:\repos\nus-cs2103-AY2021S1\cs2103-website\_markbind\headers\header.md'
2021-01-06T08:39:41.236Z - warn: You might have an invalid intra-link! Ignore this warning if it was intended.
'/2021/admin/tp-expectations.html' found in file 'C:\repos\nus-cs2103-AY2021S1\cs2103-website\_markbind\headers\header.md'
2021-01-06T08:39:41.237Z - warn: You might have an invalid intra-link! Ignore this warning if it was intended.
'/2021/admin/teamList.html' found in file 'C:\repos\nus-cs2103-AY2021S1\cs2103-website\_markbind\headers\header.md'
2021-01-06T08:39:41.239Z - warn: You might have an invalid intra-link! Ignore this warning if it was intended.
'/2021/admin/tutorials.html' found in file 'C:\repos\nus-cs2103-AY2021S1\cs2103-website\_markbind\headers\header.md'
2021-01-06T08:39:41.329Z - info: Site data built
2021-01-06T08:39:41.333Z - info: Pages rebuilt
2021-01-06T08:39:41.334Z - info: Website regeneration complete! Total build time: 0.465s
2021-01-06T08:39:51.142Z - info: [4:39:51 PM] Reload for file change: C:\repos\nus-cs2103-AY2021S1\cs2103-website\schedule\week1\notices-te3201.mbdf
2021-01-06T08:39:52.146Z - info: Rebuilding 1 pages
2021-01-06T08:39:52.447Z - warn: You might have an invalid intra-link! Ignore this warning if it was intended.
'/2021/admin/ip-overview.html' found in file 'C:\repos\nus-cs2103-AY2021S1\cs2103-website\_markbind\headers\header.md'
2021-01-06T08:39:52.448Z - warn: You might have an invalid intra-link! Ignore this warning if it was intended.
'/2021/admin/tp-expectations.html' found in file 'C:\repos\nus-cs2103-AY2021S1\cs2103-website\_markbind\headers\header.md'
2021-01-06T08:39:52.450Z - warn: You might have an invalid intra-link! Ignore this warning if it was intended.
'/2021/admin/teamList.html' found in file 'C:\repos\nus-cs2103-AY2021S1\cs2103-website\_markbind\headers\header.md'
2021-01-06T08:39:52.452Z - warn: You might have an invalid intra-link! Ignore this warning if it was intended.
'/2021/admin/tutorials.html' found in file 'C:\repos\nus-cs2103-AY2021S1\cs2103-website\_markbind\headers\header.md'
2021-01-06T08:39:52.540Z - info: Site data built
2021-01-06T08:39:52.540Z - info: Pages rebuilt
2021-01-06T08:39:52.540Z - info: Website regeneration complete! Total build time: 0.397s
2021-01-06T08:42:12.360Z - info: [4:42:12 PM] Reload for file change: C:\repos\nus-cs2103-AY2021S1\cs2103-website\_markbind\variables.md
2021-01-06T08:42:13.364Z - info: Assets built
2021-01-06T08:42:27.913Z - info: Website generation (lazy) started at 4:42:24 PM
2021-01-06T08:42:37.329Z - info: Building assets...
2021-01-06T08:42:42.967Z - info: Assets built
2021-01-06T08:42:42.969Z - info: Generating landing page...
2021-01-06T08:42:44.189Z - warn: You might have an invalid intra-link! Ignore this warning if it was intended.
'/2021/admin/ip-overview.html' found in file 'C:\repos\nus-cs2103-AY2021S1\cs2103-website\_markbind\headers\header.md'
2021-01-06T08:42:44.191Z - warn: You might have an invalid intra-link! Ignore this warning if it was intended.
'/2021/admin/tp-expectations.html' found in file 'C:\repos\nus-cs2103-AY2021S1\cs2103-website\_markbind\headers\header.md'
2021-01-06T08:42:44.192Z - warn: You might have an invalid intra-link! Ignore this warning if it was intended.
'/2021/admin/teamList.html' found in file 'C:\repos\nus-cs2103-AY2021S1\cs2103-website\_markbind\headers\header.md'
2021-01-06T08:42:44.198Z - warn: You might have an invalid intra-link! Ignore this warning if it was intended.
'/2021/admin/tutorials.html' found in file 'C:\repos\nus-cs2103-AY2021S1\cs2103-website\_markbind\headers\header.md'
2021-01-06T08:42:45.364Z - info: Landing page built, other pages will be built as you navigate to them!
2021-01-06T08:42:45.917Z - info: Site data built
2021-01-06T08:42:45.917Z - info: Website generation (lazy) complete! Total build time: 20.961s
2021-01-06T08:42:46.834Z - info: Serving "C:\repos\nus-cs2103-AY2021S1\cs2103-website\_site" at http://127.0.0.1:8080
2021-01-06T08:42:46.834Z - info: Press CTRL+C to stop ...
2021-01-06T08:43:12.017Z - info: Building C:\repos\nus-cs2103-AY2021S1\cs2103-website\schedule\week1\index as some of its dependencies were changed since the last visit
2021-01-06T08:43:12.279Z - warn: You might have an invalid intra-link! Ignore this warning if it was intended.
'/2021/admin/ip-overview.html' found in file 'C:\repos\nus-cs2103-AY2021S1\cs2103-website\_markbind\headers\header.md'
2021-01-06T08:43:12.282Z - warn: You might have an invalid intra-link! Ignore this warning if it was intended.
'/2021/admin/tp-expectations.html' found in file 'C:\repos\nus-cs2103-AY2021S1\cs2103-website\_markbind\headers\header.md'
2021-01-06T08:43:12.284Z - warn: You might have an invalid intra-link! Ignore this warning if it was intended.
'/2021/admin/teamList.html' found in file 'C:\repos\nus-cs2103-AY2021S1\cs2103-website\_markbind\headers\header.md'
2021-01-06T08:43:12.288Z - warn: You might have an invalid intra-link! Ignore this warning if it was intended.
'/2021/admin/tutorials.html' found in file 'C:\repos\nus-cs2103-AY2021S1\cs2103-website\_markbind\headers\header.md'
2021-01-06T08:43:12.388Z - info: Site data built
2021-01-06T08:43:12.388Z - info: Lazy website regeneration complete! Total build time: 0.372s
2021-01-06T08:43:20.249Z - info: Building C:\repos\nus-cs2103-AY2021S1\cs2103-website\schedule\week1\topics-py as some of its dependencies were changed since the last visit
2021-01-06T08:43:20.382Z - warn: You might have an invalid intra-link! Ignore this warning if it was intended.
'/2021/admin/ip-overview.html' found in file 'C:\repos\nus-cs2103-AY2021S1\cs2103-website\_markbind\headers\header.md'
2021-01-06T08:43:20.384Z - warn: You might have an invalid intra-link! Ignore this warning if it was intended.
'/2021/admin/tp-expectations.html' found in file 'C:\repos\nus-cs2103-AY2021S1\cs2103-website\_markbind\headers\header.md'
2021-01-06T08:43:20.385Z - warn: You might have an invalid intra-link! Ignore this warning if it was intended.
'/2021/admin/teamList.html' found in file 'C:\repos\nus-cs2103-AY2021S1\cs2103-website\_markbind\headers\header.md'
2021-01-06T08:43:20.392Z - warn: You might have an invalid intra-link! Ignore this warning if it was intended.
'/2021/admin/tutorials.html' found in file 'C:\repos\nus-cs2103-AY2021S1\cs2103-website\_markbind\headers\header.md'
2021-01-06T08:43:20.702Z - info: Site data built
2021-01-06T08:43:20.702Z - info: Lazy website regeneration complete! Total build time: 0.453s
2021-01-06T08:46:25.406Z - info: Building C:\repos\nus-cs2103-AY2021S1\cs2103-website\schedule\week1\topics as some of its dependencies were changed since the last visit
2021-01-06T08:46:25.649Z - warn: You might have an invalid intra-link! Ignore this warning if it was intended.
'/2021/admin/ip-overview.html' found in file 'C:\repos\nus-cs2103-AY2021S1\cs2103-website\_markbind\headers\header.md'
2021-01-06T08:46:25.652Z - warn: You might have an invalid intra-link! Ignore this warning if it was intended.
'/2021/admin/tp-expectations.html' found in file 'C:\repos\nus-cs2103-AY2021S1\cs2103-website\_markbind\headers\header.md'
2021-01-06T08:46:25.653Z - warn: You might have an invalid intra-link! Ignore this warning if it was intended.
'/2021/admin/teamList.html' found in file 'C:\repos\nus-cs2103-AY2021S1\cs2103-website\_markbind\headers\header.md'
2021-01-06T08:46:25.655Z - warn: You might have an invalid intra-link! Ignore this warning if it was intended.
'/2021/admin/tutorials.html' found in file 'C:\repos\nus-cs2103-AY2021S1\cs2103-website\_markbind\headers\header.md'
2021-01-06T08:46:25.984Z - info: Site data built
2021-01-06T08:46:25.985Z - info: Lazy website regeneration complete! Total build time: 0.58s
2021-01-06T08:46:32.632Z - info: Building C:\repos\nus-cs2103-AY2021S1\cs2103-website\schedule\week1\admin as some of its dependencies were changed since the last visit
2021-01-06T08:46:33.337Z - warn: You might have an invalid intra-link! Ignore this warning if it was intended.
'/2021/admin/ip-overview.html' found in file 'C:\repos\nus-cs2103-AY2021S1\cs2103-website\_markbind\headers\header.md'
2021-01-06T08:46:33.339Z - warn: You might have an invalid intra-link! Ignore this warning if it was intended.
'/2021/admin/tp-expectations.html' found in file 'C:\repos\nus-cs2103-AY2021S1\cs2103-website\_markbind\headers\header.md'
2021-01-06T08:46:33.341Z - warn: You might have an invalid intra-link! Ignore this warning if it was intended.
'/2021/admin/teamList.html' found in file 'C:\repos\nus-cs2103-AY2021S1\cs2103-website\_markbind\headers\header.md'
2021-01-06T08:46:33.344Z - warn: You might have an invalid intra-link! Ignore this warning if it was intended.
'/2021/admin/tutorials.html' found in file 'C:\repos\nus-cs2103-AY2021S1\cs2103-website\_markbind\headers\header.md'
2021-01-06T08:46:33.596Z - info: Site data built
2021-01-06T08:46:33.596Z - info: Lazy website regeneration complete! Total build time: 0.964s
2021-01-06T09:29:11.113Z - info: [5:29:11 PM] Reload for file change: C:\repos\nus-cs2103-AY2021S1\cs2103-website\_markbind\variables.md
2021-01-06T09:29:12.144Z - info: Assets built
2021-01-06T09:29:23.376Z - info: Website generation (lazy) started at 5:29:18 PM
2021-01-06T09:29:37.587Z - info: Building assets...
2021-01-06T09:29:47.462Z - info: Assets built
2021-01-06T09:29:47.463Z - info: Generating landing page...
2021-01-06T09:29:48.581Z - warn: You might have an invalid intra-link! Ignore this warning if it was intended.
'/2021/admin/ip-overview.html' found in file 'C:\repos\nus-cs2103-AY2021S1\cs2103-website\_markbind\headers\header.md'
2021-01-06T09:29:48.583Z - warn: You might have an invalid intra-link! Ignore this warning if it was intended.
'/2021/admin/tp-expectations.html' found in file 'C:\repos\nus-cs2103-AY2021S1\cs2103-website\_markbind\headers\header.md'
2021-01-06T09:29:48.584Z - warn: You might have an invalid intra-link! Ignore this warning if it was intended.
'/2021/admin/teamList.html' found in file 'C:\repos\nus-cs2103-AY2021S1\cs2103-website\_markbind\headers\header.md'
2021-01-06T09:29:48.587Z - warn: You might have an invalid intra-link! Ignore this warning if it was intended.
'/2021/admin/tutorials.html' found in file 'C:\repos\nus-cs2103-AY2021S1\cs2103-website\_markbind\headers\header.md'
2021-01-06T09:29:49.277Z - info: Landing page built, other pages will be built as you navigate to them!
2021-01-06T09:29:49.769Z - info: Site data built
2021-01-06T09:29:49.769Z - info: Website generation (lazy) complete! Total build time: 31.021s
2021-01-06T09:29:50.887Z - info: Serving "C:\repos\nus-cs2103-AY2021S1\cs2103-website\_site" at http://127.0.0.1:8080
2021-01-06T09:29:50.887Z - info: Press CTRL+C to stop ...
